{"/Users/outsource/Documents/001_wOC/qa-web-system/src/middleware.ts": {"path":"/Users/outsource/Documents/001_wOC/qa-web-system/src/middleware.ts","statementMap":{"0":{"start":{"line":6,"column":28},"end":{"line":17,"column":2}},"1":{"start":{"line":20,"column":21},"end":{"line":25,"column":2}},"2":{"start":{"line":28,"column":24},"end":{"line":31,"column":4}},"3":{"start":{"line":29,"column":18},"end":{"line":29,"column":79}},"4":{"start":{"line":30,"column":2},"end":{"line":30,"column":66}},"5":{"start":{"line":32,"column":24},"end":{"line":32,"column":76}},"6":{"start":{"line":33,"column":24},"end":{"line":33,"column":73}},"7":{"start":{"line":36,"column":21},"end":{"line":36,"column":76}},"8":{"start":{"line":37,"column":31},"end":{"line":37,"column":36}},"9":{"start":{"line":38,"column":26},"end":{"line":38,"column":101}},"10":{"start":{"line":39,"column":32},"end":{"line":39,"column":106}},"11":{"start":{"line":42,"column":21},"end":{"line":42,"column":55}},"12":{"start":{"line":45,"column":25},"end":{"line":69,"column":1}},"13":{"start":{"line":46,"column":24},"end":{"line":46,"column":62}},"14":{"start":{"line":49,"column":21},"end":{"line":61,"column":4}},"15":{"start":{"line":64,"column":2},"end":{"line":66,"column":3}},"16":{"start":{"line":65,"column":4},"end":{"line":65,"column":62}},"17":{"start":{"line":68,"column":2},"end":{"line":68,"column":47}},"18":{"start":{"line":73,"column":14},"end":{"line":73,"column":24}},"19":{"start":{"line":76,"column":2},"end":{"line":78,"column":3}},"20":{"start":{"line":77,"column":4},"end":{"line":77,"column":26}},"21":{"start":{"line":80,"column":20},"end":{"line":80,"column":48}},"22":{"start":{"line":82,"column":2},"end":{"line":85,"column":3}},"23":{"start":{"line":83,"column":4},"end":{"line":83,"column":83}},"24":{"start":{"line":84,"column":4},"end":{"line":84,"column":16}},"25":{"start":{"line":87,"column":2},"end":{"line":89,"column":3}},"26":{"start":{"line":88,"column":4},"end":{"line":88,"column":17}},"27":{"start":{"line":91,"column":2},"end":{"line":91,"column":20}},"28":{"start":{"line":92,"column":2},"end":{"line":92,"column":14}},"29":{"start":{"line":97,"column":14},"end":{"line":97,"column":24}},"30":{"start":{"line":100,"column":2},"end":{"line":109,"column":3}},"31":{"start":{"line":101,"column":20},"end":{"line":102,"column":54}},"32":{"start":{"line":102,"column":22},"end":{"line":102,"column":53}},"33":{"start":{"line":105,"column":24},"end":{"line":105,"column":84}},"34":{"start":{"line":106,"column":4},"end":{"line":108,"column":5}},"35":{"start":{"line":106,"column":17},"end":{"line":106,"column":18}},"36":{"start":{"line":107,"column":6},"end":{"line":107,"column":41}},"37":{"start":{"line":112,"column":32},"end":{"line":112,"column":34}},"38":{"start":{"line":113,"column":2},"end":{"line":117,"column":3}},"39":{"start":{"line":114,"column":4},"end":{"line":116,"column":5}},"40":{"start":{"line":115,"column":6},"end":{"line":115,"column":28}},"41":{"start":{"line":120,"column":2},"end":{"line":120,"column":55}},"42":{"start":{"line":120,"column":29},"end":{"line":120,"column":53}},"43":{"start":{"line":124,"column":23},"end":{"line":124,"column":38}},"44":{"start":{"line":125,"column":17},"end":{"line":125,"column":46}},"45":{"start":{"line":126,"column":17},"end":{"line":126,"column":31}},"46":{"start":{"line":128,"column":2},"end":{"line":128,"column":66}},"47":{"start":{"line":131,"column":26},"end":{"line":131,"column":39}},"48":{"start":{"line":134,"column":2},"end":{"line":139,"column":3}},"49":{"start":{"line":135,"column":4},"end":{"line":135,"column":63}},"50":{"start":{"line":136,"column":4},"end":{"line":136,"column":84}},"51":{"start":{"line":137,"column":4},"end":{"line":137,"column":84}},"52":{"start":{"line":138,"column":4},"end":{"line":138,"column":68}},"53":{"start":{"line":142,"column":2},"end":{"line":144,"column":3}},"54":{"start":{"line":143,"column":4},"end":{"line":143,"column":77}},"55":{"start":{"line":147,"column":2},"end":{"line":147,"column":69}},"56":{"start":{"line":148,"column":2},"end":{"line":148,"column":59}},"57":{"start":{"line":149,"column":2},"end":{"line":149,"column":49}},"58":{"start":{"line":150,"column":2},"end":{"line":150,"column":59}},"59":{"start":{"line":153,"column":2},"end":{"line":158,"column":3}},"60":{"start":{"line":154,"column":4},"end":{"line":154,"column":65}},"61":{"start":{"line":155,"column":4},"end":{"line":157,"column":7}},"62":{"start":{"line":161,"column":19},"end":{"line":161,"column":106}},"63":{"start":{"line":162,"column":30},"end":{"line":162,"column":55}},"64":{"start":{"line":164,"column":2},"end":{"line":177,"column":3}},"65":{"start":{"line":165,"column":4},"end":{"line":165,"column":80}},"66":{"start":{"line":166,"column":4},"end":{"line":176,"column":6}},"67":{"start":{"line":180,"column":2},"end":{"line":197,"column":3}},"68":{"start":{"line":180,"column":66},"end":{"line":180,"column":118}},"69":{"start":{"line":181,"column":22},"end":{"line":181,"column":57}},"70":{"start":{"line":182,"column":29},"end":{"line":182,"column":77}},"71":{"start":{"line":184,"column":4},"end":{"line":196,"column":5}},"72":{"start":{"line":185,"column":6},"end":{"line":185,"column":80}},"73":{"start":{"line":186,"column":6},"end":{"line":195,"column":8}},"74":{"start":{"line":200,"column":2},"end":{"line":208,"column":3}},"75":{"start":{"line":202,"column":4},"end":{"line":202,"column":64}},"76":{"start":{"line":204,"column":4},"end":{"line":204,"column":82}},"77":{"start":{"line":205,"column":4},"end":{"line":207,"column":7}},"78":{"start":{"line":211,"column":24},"end":{"line":211,"column":60}},"79":{"start":{"line":212,"column":2},"end":{"line":212,"column":93}},"80":{"start":{"line":213,"column":16},"end":{"line":213,"column":59}},"81":{"start":{"line":214,"column":2},"end":{"line":214,"column":103}},"82":{"start":{"line":217,"column":2},"end":{"line":264,"column":3}},"83":{"start":{"line":218,"column":4},"end":{"line":218,"column":62}},"84":{"start":{"line":220,"column":4},"end":{"line":229,"column":5}},"85":{"start":{"line":221,"column":6},"end":{"line":221,"column":84}},"86":{"start":{"line":222,"column":6},"end":{"line":228,"column":9}},"87":{"start":{"line":232,"column":20},"end":{"line":232,"column":48}},"88":{"start":{"line":233,"column":4},"end":{"line":233,"column":98}},"89":{"start":{"line":235,"column":4},"end":{"line":245,"column":5}},"90":{"start":{"line":237,"column":6},"end":{"line":237,"column":77}},"91":{"start":{"line":238,"column":6},"end":{"line":244,"column":9}},"92":{"start":{"line":248,"column":27},"end":{"line":248,"column":55}},"93":{"start":{"line":249,"column":4},"end":{"line":249,"column":52}},"94":{"start":{"line":250,"column":4},"end":{"line":250,"column":54}},"95":{"start":{"line":251,"column":4},"end":{"line":251,"column":52}},"96":{"start":{"line":252,"column":4},"end":{"line":252,"column":73}},"97":{"start":{"line":255,"column":4},"end":{"line":257,"column":7}},"98":{"start":{"line":256,"column":6},"end":{"line":256,"column":37}},"99":{"start":{"line":259,"column":4},"end":{"line":263,"column":7}},"100":{"start":{"line":267,"column":2},"end":{"line":320,"column":3}},"101":{"start":{"line":267,"column":39},"end":{"line":267,"column":64}},"102":{"start":{"line":268,"column":4},"end":{"line":268,"column":69}},"103":{"start":{"line":270,"column":4},"end":{"line":282,"column":5}},"104":{"start":{"line":271,"column":6},"end":{"line":271,"column":98}},"105":{"start":{"line":272,"column":6},"end":{"line":281,"column":8}},"106":{"start":{"line":285,"column":20},"end":{"line":285,"column":48}},"107":{"start":{"line":286,"column":4},"end":{"line":286,"column":101}},"108":{"start":{"line":288,"column":4},"end":{"line":301,"column":5}},"109":{"start":{"line":290,"column":6},"end":{"line":290,"column":80}},"110":{"start":{"line":291,"column":6},"end":{"line":300,"column":8}},"111":{"start":{"line":304,"column":27},"end":{"line":304,"column":55}},"112":{"start":{"line":305,"column":4},"end":{"line":305,"column":52}},"113":{"start":{"line":306,"column":4},"end":{"line":306,"column":54}},"114":{"start":{"line":307,"column":4},"end":{"line":307,"column":52}},"115":{"start":{"line":308,"column":4},"end":{"line":308,"column":80}},"116":{"start":{"line":311,"column":4},"end":{"line":313,"column":7}},"117":{"start":{"line":312,"column":6},"end":{"line":312,"column":37}},"118":{"start":{"line":315,"column":4},"end":{"line":319,"column":7}},"119":{"start":{"line":323,"column":2},"end":{"line":323,"column":101}},"120":{"start":{"line":324,"column":2},"end":{"line":326,"column":5}},"121":{"start":{"line":329,"column":22},"end":{"line":331,"column":2}}},"fnMap":{"0":{"name":"(anonymous_0)","decl":{"start":{"line":28,"column":25},"end":{"line":28,"column":28}},"loc":{"start":{"line":28,"column":30},"end":{"line":31,"column":1}}},"1":{"name":"(anonymous_1)","decl":{"start":{"line":45,"column":25},"end":{"line":45,"column":28}},"loc":{"start":{"line":45,"column":30},"end":{"line":69,"column":1}}},"2":{"name":"checkRateLimit","decl":{"start":{"line":72,"column":9},"end":{"line":72,"column":23}},"loc":{"start":{"line":72,"column":42},"end":{"line":93,"column":1}}},"3":{"name":"cleanupRateLimitMap","decl":{"start":{"line":96,"column":9},"end":{"line":96,"column":28}},"loc":{"start":{"line":96,"column":28},"end":{"line":121,"column":1}}},"4":{"name":"(anonymous_4)","decl":{"start":{"line":102,"column":12},"end":{"line":102,"column":13}},"loc":{"start":{"line":102,"column":22},"end":{"line":102,"column":53}}},"5":{"name":"(anonymous_5)","decl":{"start":{"line":120,"column":22},"end":{"line":120,"column":25}},"loc":{"start":{"line":120,"column":29},"end":{"line":120,"column":53}}},"6":{"name":"middleware","decl":{"start":{"line":123,"column":22},"end":{"line":123,"column":32}},"loc":{"start":{"line":123,"column":53},"end":{"line":327,"column":1}}},"7":{"name":"(anonymous_7)","decl":{"start":{"line":180,"column":58},"end":{"line":180,"column":62}},"loc":{"start":{"line":180,"column":66},"end":{"line":180,"column":118}}},"8":{"name":"(anonymous_8)","decl":{"start":{"line":200,"column":24},"end":{"line":200,"column":28}},"loc":{"start":{"line":200,"column":31},"end":{"line":203,"column":3}}},"9":{"name":"(anonymous_9)","decl":{"start":{"line":255,"column":74},"end":{"line":255,"column":75}},"loc":{"start":{"line":255,"column":91},"end":{"line":257,"column":5}}},"10":{"name":"(anonymous_10)","decl":{"start":{"line":267,"column":31},"end":{"line":267,"column":35}},"loc":{"start":{"line":267,"column":39},"end":{"line":267,"column":64}}},"11":{"name":"(anonymous_11)","decl":{"start":{"line":311,"column":74},"end":{"line":311,"column":75}},"loc":{"start":{"line":311,"column":91},"end":{"line":313,"column":5}}}},"branchMap":{"0":{"loc":{"start":{"line":29,"column":18},"end":{"line":29,"column":79}},"type":"binary-expr","locations":[{"start":{"line":29,"column":18},"end":{"line":29,"column":73}},{"start":{"line":29,"column":77},"end":{"line":29,"column":79}}]},"1":{"loc":{"start":{"line":30,"column":9},"end":{"line":30,"column":65}},"type":"cond-expr","locations":[{"start":{"line":30,"column":30},"end":{"line":30,"column":37}},{"start":{"line":30,"column":40},"end":{"line":30,"column":65}}]},"2":{"loc":{"start":{"line":38,"column":41},"end":{"line":38,"column":100}},"type":"binary-expr","locations":[{"start":{"line":38,"column":41},"end":{"line":38,"column":91}},{"start":{"line":38,"column":95},"end":{"line":38,"column":100}}]},"3":{"loc":{"start":{"line":38,"column":50},"end":{"line":38,"column":90}},"type":"binary-expr","locations":[{"start":{"line":38,"column":50},"end":{"line":38,"column":79}},{"start":{"line":38,"column":83},"end":{"line":38,"column":90}}]},"4":{"loc":{"start":{"line":39,"column":44},"end":{"line":39,"column":105}},"type":"binary-expr","locations":[{"start":{"line":39,"column":44},"end":{"line":39,"column":98}},{"start":{"line":39,"column":102},"end":{"line":39,"column":105}}]},"5":{"loc":{"start":{"line":39,"column":53},"end":{"line":39,"column":97}},"type":"binary-expr","locations":[{"start":{"line":39,"column":53},"end":{"line":39,"column":88}},{"start":{"line":39,"column":92},"end":{"line":39,"column":97}}]},"6":{"loc":{"start":{"line":51,"column":25},"end":{"line":51,"column":77}},"type":"cond-expr","locations":[{"start":{"line":51,"column":41},"end":{"line":51,"column":72}},{"start":{"line":51,"column":75},"end":{"line":51,"column":77}}]},"7":{"loc":{"start":{"line":52,"column":24},"end":{"line":52,"column":62}},"type":"cond-expr","locations":[{"start":{"line":52,"column":40},"end":{"line":52,"column":57}},{"start":{"line":52,"column":60},"end":{"line":52,"column":62}}]},"8":{"loc":{"start":{"line":55,"column":26},"end":{"line":55,"column":84}},"type":"cond-expr","locations":[{"start":{"line":55,"column":42},"end":{"line":55,"column":79}},{"start":{"line":55,"column":82},"end":{"line":55,"column":84}}]},"9":{"loc":{"start":{"line":64,"column":2},"end":{"line":66,"column":3}},"type":"if","locations":[{"start":{"line":64,"column":2},"end":{"line":66,"column":3}}]},"10":{"loc":{"start":{"line":76,"column":2},"end":{"line":78,"column":3}},"type":"if","locations":[{"start":{"line":76,"column":2},"end":{"line":78,"column":3}}]},"11":{"loc":{"start":{"line":82,"column":2},"end":{"line":85,"column":3}},"type":"if","locations":[{"start":{"line":82,"column":2},"end":{"line":85,"column":3}}]},"12":{"loc":{"start":{"line":82,"column":6},"end":{"line":82,"column":45}},"type":"binary-expr","locations":[{"start":{"line":82,"column":6},"end":{"line":82,"column":16}},{"start":{"line":82,"column":20},"end":{"line":82,"column":45}}]},"13":{"loc":{"start":{"line":87,"column":2},"end":{"line":89,"column":3}},"type":"if","locations":[{"start":{"line":87,"column":2},"end":{"line":89,"column":3}}]},"14":{"loc":{"start":{"line":100,"column":2},"end":{"line":109,"column":3}},"type":"if","locations":[{"start":{"line":100,"column":2},"end":{"line":109,"column":3}}]},"15":{"loc":{"start":{"line":106,"column":20},"end":{"line":106,"column":57}},"type":"binary-expr","locations":[{"start":{"line":106,"column":20},"end":{"line":106,"column":35}},{"start":{"line":106,"column":39},"end":{"line":106,"column":57}}]},"16":{"loc":{"start":{"line":114,"column":4},"end":{"line":116,"column":5}},"type":"if","locations":[{"start":{"line":114,"column":4},"end":{"line":116,"column":5}}]},"17":{"loc":{"start":{"line":134,"column":2},"end":{"line":139,"column":3}},"type":"if","locations":[{"start":{"line":134,"column":2},"end":{"line":139,"column":3}}]},"18":{"loc":{"start":{"line":134,"column":6},"end":{"line":134,"column":48}},"type":"binary-expr","locations":[{"start":{"line":134,"column":6},"end":{"line":134,"column":12}},{"start":{"line":134,"column":16},"end":{"line":134,"column":48}}]},"19":{"loc":{"start":{"line":142,"column":2},"end":{"line":144,"column":3}},"type":"if","locations":[{"start":{"line":142,"column":2},"end":{"line":144,"column":3}}]},"20":{"loc":{"start":{"line":153,"column":2},"end":{"line":158,"column":3}},"type":"if","locations":[{"start":{"line":153,"column":2},"end":{"line":158,"column":3}}]},"21":{"loc":{"start":{"line":161,"column":19},"end":{"line":161,"column":106}},"type":"binary-expr","locations":[{"start":{"line":161,"column":19},"end":{"line":161,"column":57}},{"start":{"line":161,"column":61},"end":{"line":161,"column":93}},{"start":{"line":161,"column":97},"end":{"line":161,"column":106}}]},"22":{"loc":{"start":{"line":164,"column":2},"end":{"line":177,"column":3}},"type":"if","locations":[{"start":{"line":164,"column":2},"end":{"line":177,"column":3}}]},"23":{"loc":{"start":{"line":180,"column":2},"end":{"line":197,"column":3}},"type":"if","locations":[{"start":{"line":180,"column":2},"end":{"line":197,"column":3}}]},"24":{"loc":{"start":{"line":180,"column":6},"end":{"line":180,"column":119}},"type":"binary-expr","locations":[{"start":{"line":180,"column":6},"end":{"line":180,"column":35}},{"start":{"line":180,"column":39},"end":{"line":180,"column":119}}]},"25":{"loc":{"start":{"line":180,"column":66},"end":{"line":180,"column":118}},"type":"binary-expr","locations":[{"start":{"line":180,"column":66},"end":{"line":180,"column":83}},{"start":{"line":180,"column":87},"end":{"line":180,"column":118}}]},"26":{"loc":{"start":{"line":184,"column":4},"end":{"line":196,"column":5}},"type":"if","locations":[{"start":{"line":184,"column":4},"end":{"line":196,"column":5}}]},"27":{"loc":{"start":{"line":184,"column":8},"end":{"line":184,"column":73}},"type":"binary-expr","locations":[{"start":{"line":184,"column":8},"end":{"line":184,"column":18}},{"start":{"line":184,"column":22},"end":{"line":184,"column":39}},{"start":{"line":184,"column":43},"end":{"line":184,"column":73}}]},"28":{"loc":{"start":{"line":200,"column":2},"end":{"line":208,"column":3}},"type":"if","locations":[{"start":{"line":200,"column":2},"end":{"line":208,"column":3}}]},"29":{"loc":{"start":{"line":202,"column":11},"end":{"line":202,"column":63}},"type":"binary-expr","locations":[{"start":{"line":202,"column":11},"end":{"line":202,"column":28}},{"start":{"line":202,"column":32},"end":{"line":202,"column":63}}]},"30":{"loc":{"start":{"line":212,"column":52},"end":{"line":212,"column":89}},"type":"cond-expr","locations":[{"start":{"line":212,"column":68},"end":{"line":212,"column":77}},{"start":{"line":212,"column":80},"end":{"line":212,"column":89}}]},"31":{"loc":{"start":{"line":213,"column":39},"end":{"line":213,"column":58}},"type":"binary-expr","locations":[{"start":{"line":213,"column":39},"end":{"line":213,"column":52}},{"start":{"line":213,"column":56},"end":{"line":213,"column":58}}]},"32":{"loc":{"start":{"line":214,"column":47},"end":{"line":214,"column":99}},"type":"cond-expr","locations":[{"start":{"line":214,"column":55},"end":{"line":214,"column":69}},{"start":{"line":214,"column":72},"end":{"line":214,"column":99}}]},"33":{"loc":{"start":{"line":217,"column":2},"end":{"line":264,"column":3}},"type":"if","locations":[{"start":{"line":217,"column":2},"end":{"line":264,"column":3}}]},"34":{"loc":{"start":{"line":220,"column":4},"end":{"line":229,"column":5}},"type":"if","locations":[{"start":{"line":220,"column":4},"end":{"line":229,"column":5}}]},"35":{"loc":{"start":{"line":233,"column":65},"end":{"line":233,"column":94}},"type":"cond-expr","locations":[{"start":{"line":233,"column":75},"end":{"line":233,"column":82}},{"start":{"line":233,"column":85},"end":{"line":233,"column":94}}]},"36":{"loc":{"start":{"line":235,"column":4},"end":{"line":245,"column":5}},"type":"if","locations":[{"start":{"line":235,"column":4},"end":{"line":245,"column":5}}]},"37":{"loc":{"start":{"line":267,"column":2},"end":{"line":320,"column":3}},"type":"if","locations":[{"start":{"line":267,"column":2},"end":{"line":320,"column":3}}]},"38":{"loc":{"start":{"line":270,"column":4},"end":{"line":282,"column":5}},"type":"if","locations":[{"start":{"line":270,"column":4},"end":{"line":282,"column":5}}]},"39":{"loc":{"start":{"line":286,"column":68},"end":{"line":286,"column":97}},"type":"cond-expr","locations":[{"start":{"line":286,"column":78},"end":{"line":286,"column":85}},{"start":{"line":286,"column":88},"end":{"line":286,"column":97}}]},"40":{"loc":{"start":{"line":288,"column":4},"end":{"line":301,"column":5}},"type":"if","locations":[{"start":{"line":288,"column":4},"end":{"line":301,"column":5}}]}},"s":{"0":0,"1":0,"2":0,"3":0,"4":0,"5":0,"6":0,"7":0,"8":0,"9":0,"10":0,"11":0,"12":0,"13":0,"14":0,"15":0,"16":0,"17":0,"18":0,"19":0,"20":0,"21":0,"22":0,"23":0,"24":0,"25":0,"26":0,"27":0,"28":0,"29":0,"30":0,"31":0,"32":0,"33":0,"34":0,"35":0,"36":0,"37":0,"38":0,"39":0,"40":0,"41":0,"42":0,"43":0,"44":0,"45":0,"46":0,"47":0,"48":0,"49":0,"50":0,"51":0,"52":0,"53":0,"54":0,"55":0,"56":0,"57":0,"58":0,"59":0,"60":0,"61":0,"62":0,"63":0,"64":0,"65":0,"66":0,"67":0,"68":0,"69":0,"70":0,"71":0,"72":0,"73":0,"74":0,"75":0,"76":0,"77":0,"78":0,"79":0,"80":0,"81":0,"82":0,"83":0,"84":0,"85":0,"86":0,"87":0,"88":0,"89":0,"90":0,"91":0,"92":0,"93":0,"94":0,"95":0,"96":0,"97":0,"98":0,"99":0,"100":0,"101":0,"102":0,"103":0,"104":0,"105":0,"106":0,"107":0,"108":0,"109":0,"110":0,"111":0,"112":0,"113":0,"114":0,"115":0,"116":0,"117":0,"118":0,"119":0,"120":0,"121":0},"f":{"0":0,"1":0,"2":0,"3":0,"4":0,"5":0,"6":0,"7":0,"8":0,"9":0,"10":0,"11":0},"b":{"0":[0,0],"1":[0,0],"2":[0,0],"3":[0,0],"4":[0,0],"5":[0,0],"6":[0,0],"7":[0,0],"8":[0,0],"9":[0],"10":[0],"11":[0],"12":[0,0],"13":[0],"14":[0],"15":[0,0],"16":[0],"17":[0],"18":[0,0],"19":[0],"20":[0],"21":[0,0,0],"22":[0],"23":[0],"24":[0,0],"25":[0,0],"26":[0],"27":[0,0,0],"28":[0],"29":[0,0],"30":[0,0],"31":[0,0],"32":[0,0],"33":[0],"34":[0],"35":[0,0],"36":[0],"37":[0],"38":[0],"39":[0,0],"40":[0]}}
,"/Users/outsource/Documents/001_wOC/qa-web-system/src/__tests__/utils/test-helpers.ts": {"path":"/Users/outsource/Documents/001_wOC/qa-web-system/src/__tests__/utils/test-helpers.ts","statementMap":{"0":{"start":{"line":12,"column":18},"end":{"line":16,"column":4}},"1":{"start":{"line":18,"column":2},"end":{"line":18,"column":86}},"2":{"start":{"line":32,"column":22},"end":{"line":36,"column":4}},"3":{"start":{"line":38,"column":2},"end":{"line":38,"column":21}},"4":{"start":{"line":52,"column":16},"end":{"line":52,"column":54}},"5":{"start":{"line":54,"column":2},"end":{"line":64,"column":4}},"6":{"start":{"line":71,"column":23},"end":{"line":77,"column":4}},"7":{"start":{"line":79,"column":2},"end":{"line":79,"column":22}},"8":{"start":{"line":86,"column":2},"end":{"line":86,"column":47}},"9":{"start":{"line":89,"column":2},"end":{"line":93,"column":3}},"10":{"start":{"line":90,"column":4},"end":{"line":90,"column":60}},"11":{"start":{"line":92,"column":4},"end":{"line":92,"column":48}},"12":{"start":{"line":100,"column":2},"end":{"line":100,"column":25}}},"fnMap":{"0":{"name":"generateTestToken","decl":{"start":{"line":7,"column":16},"end":{"line":7,"column":33}},"loc":{"start":{"line":10,"column":26},"end":{"line":19,"column":1}}},"1":{"name":"createMockRequest","decl":{"start":{"line":25,"column":16},"end":{"line":25,"column":33}},"loc":{"start":{"line":29,"column":12},"end":{"line":39,"column":1}}},"2":{"name":"createAuthenticatedRequest","decl":{"start":{"line":44,"column":16},"end":{"line":44,"column":42}},"loc":{"start":{"line":50,"column":12},"end":{"line":65,"column":1}}},"3":{"name":"createMockResponse","decl":{"start":{"line":70,"column":16},"end":{"line":70,"column":34}},"loc":{"start":{"line":70,"column":104},"end":{"line":80,"column":1}}},"4":{"name":"expectJsonResponse","decl":{"start":{"line":85,"column":16},"end":{"line":85,"column":34}},"loc":{"start":{"line":85,"column":97},"end":{"line":94,"column":1}}},"5":{"name":"resetMocks","decl":{"start":{"line":99,"column":16},"end":{"line":99,"column":26}},"loc":{"start":{"line":99,"column":26},"end":{"line":101,"column":1}}}},"branchMap":{"0":{"loc":{"start":{"line":8,"column":2},"end":{"line":8,"column":33}},"type":"default-arg","locations":[{"start":{"line":8,"column":19},"end":{"line":8,"column":33}}]},"1":{"loc":{"start":{"line":9,"column":2},"end":{"line":9,"column":36}},"type":"default-arg","locations":[{"start":{"line":9,"column":18},"end":{"line":9,"column":36}}]},"2":{"loc":{"start":{"line":10,"column":2},"end":{"line":10,"column":26}},"type":"default-arg","locations":[{"start":{"line":10,"column":17},"end":{"line":10,"column":26}}]},"3":{"loc":{"start":{"line":26,"column":2},"end":{"line":26,"column":24}},"type":"default-arg","locations":[{"start":{"line":26,"column":19},"end":{"line":26,"column":24}}]},"4":{"loc":{"start":{"line":27,"column":2},"end":{"line":27,"column":46}},"type":"default-arg","locations":[{"start":{"line":27,"column":16},"end":{"line":27,"column":46}}]},"5":{"loc":{"start":{"line":28,"column":2},"end":{"line":28,"column":38}},"type":"default-arg","locations":[{"start":{"line":28,"column":36},"end":{"line":28,"column":38}}]},"6":{"loc":{"start":{"line":35,"column":10},"end":{"line":35,"column":49}},"type":"cond-expr","locations":[{"start":{"line":35,"column":17},"end":{"line":35,"column":37}},{"start":{"line":35,"column":40},"end":{"line":35,"column":49}}]},"7":{"loc":{"start":{"line":45,"column":2},"end":{"line":45,"column":24}},"type":"default-arg","locations":[{"start":{"line":45,"column":19},"end":{"line":45,"column":24}}]},"8":{"loc":{"start":{"line":46,"column":2},"end":{"line":46,"column":46}},"type":"default-arg","locations":[{"start":{"line":46,"column":16},"end":{"line":46,"column":46}}]},"9":{"loc":{"start":{"line":47,"column":2},"end":{"line":47,"column":33}},"type":"default-arg","locations":[{"start":{"line":47,"column":19},"end":{"line":47,"column":33}}]},"10":{"loc":{"start":{"line":48,"column":2},"end":{"line":48,"column":36}},"type":"default-arg","locations":[{"start":{"line":48,"column":18},"end":{"line":48,"column":36}}]},"11":{"loc":{"start":{"line":49,"column":2},"end":{"line":49,"column":26}},"type":"default-arg","locations":[{"start":{"line":49,"column":17},"end":{"line":49,"column":26}}]},"12":{"loc":{"start":{"line":70,"column":46},"end":{"line":70,"column":66}},"type":"default-arg","locations":[{"start":{"line":70,"column":63},"end":{"line":70,"column":66}}]},"13":{"loc":{"start":{"line":70,"column":68},"end":{"line":70,"column":104}},"type":"default-arg","locations":[{"start":{"line":70,"column":102},"end":{"line":70,"column":104}}]},"14":{"loc":{"start":{"line":85,"column":69},"end":{"line":85,"column":97}},"type":"default-arg","locations":[{"start":{"line":85,"column":94},"end":{"line":85,"column":97}}]},"15":{"loc":{"start":{"line":89,"column":2},"end":{"line":93,"column":3}},"type":"if","locations":[{"start":{"line":89,"column":2},"end":{"line":93,"column":3}},{"start":{"line":91,"column":9},"end":{"line":93,"column":3}}]}},"s":{"0":0,"1":0,"2":0,"3":0,"4":0,"5":0,"6":0,"7":0,"8":0,"9":0,"10":0,"11":0,"12":0},"f":{"0":0,"1":0,"2":0,"3":0,"4":0,"5":0},"b":{"0":[0],"1":[0],"2":[0],"3":[0],"4":[0],"5":[0],"6":[0,0],"7":[0],"8":[0],"9":[0],"10":[0],"11":[0],"12":[0],"13":[0],"14":[0],"15":[0,0]}}
,"/Users/outsource/Documents/001_wOC/qa-web-system/src/app/api/answer-form-templates/route.ts": {"path":"/Users/outsource/Documents/001_wOC/qa-web-system/src/app/api/answer-form-templates/route.ts","statementMap":{"0":{"start":{"line":8,"column":24},"end":{"line":14,"column":2}},"1":{"start":{"line":17,"column":29},"end":{"line":21,"column":2}},"2":{"start":{"line":25,"column":2},"end":{"line":63,"column":3}},"3":{"start":{"line":26,"column":17},"end":{"line":26,"column":40}},"4":{"start":{"line":27,"column":4},"end":{"line":29,"column":5}},"5":{"start":{"line":28,"column":6},"end":{"line":28,"column":70}},"6":{"start":{"line":31,"column":29},"end":{"line":31,"column":45}},"7":{"start":{"line":32,"column":19},"end":{"line":32,"column":45}},"8":{"start":{"line":35,"column":22},"end":{"line":48,"column":6}},"9":{"start":{"line":51,"column":38},"end":{"line":54,"column":7}},"10":{"start":{"line":51,"column":65},"end":{"line":54,"column":6}},"11":{"start":{"line":56,"column":4},"end":{"line":56,"column":56}},"12":{"start":{"line":58,"column":4},"end":{"line":58,"column":43}},"13":{"start":{"line":59,"column":4},"end":{"line":62,"column":6}},"14":{"start":{"line":68,"column":2},"end":{"line":111,"column":3}},"15":{"start":{"line":69,"column":17},"end":{"line":69,"column":40}},"16":{"start":{"line":70,"column":4},"end":{"line":72,"column":5}},"17":{"start":{"line":71,"column":6},"end":{"line":71,"column":70}},"18":{"start":{"line":75,"column":23},"end":{"line":75,"column":71}},"19":{"start":{"line":76,"column":4},"end":{"line":78,"column":5}},"20":{"start":{"line":77,"column":6},"end":{"line":77,"column":30}},"21":{"start":{"line":80,"column":42},"end":{"line":80,"column":57}},"22":{"start":{"line":83,"column":28},"end":{"line":86,"column":7}},"23":{"start":{"line":83,"column":58},"end":{"line":86,"column":6}},"24":{"start":{"line":89,"column":21},"end":{"line":96,"column":6}},"25":{"start":{"line":98,"column":4},"end":{"line":104,"column":6}},"26":{"start":{"line":106,"column":4},"end":{"line":106,"column":41}},"27":{"start":{"line":107,"column":4},"end":{"line":110,"column":6}}},"fnMap":{"0":{"name":"GET","decl":{"start":{"line":24,"column":22},"end":{"line":24,"column":25}},"loc":{"start":{"line":24,"column":42},"end":{"line":64,"column":1}}},"1":{"name":"(anonymous_1)","decl":{"start":{"line":51,"column":52},"end":{"line":51,"column":60}},"loc":{"start":{"line":51,"column":65},"end":{"line":54,"column":6}}},"2":{"name":"POST","decl":{"start":{"line":67,"column":22},"end":{"line":67,"column":26}},"loc":{"start":{"line":67,"column":43},"end":{"line":112,"column":1}}},"3":{"name":"(anonymous_3)","decl":{"start":{"line":83,"column":39},"end":{"line":83,"column":40}},"loc":{"start":{"line":83,"column":58},"end":{"line":86,"column":6}}}},"branchMap":{"0":{"loc":{"start":{"line":27,"column":4},"end":{"line":29,"column":5}},"type":"if","locations":[{"start":{"line":27,"column":4},"end":{"line":29,"column":5}}]},"1":{"loc":{"start":{"line":38,"column":12},"end":{"line":43,"column":10}},"type":"binary-expr","locations":[{"start":{"line":38,"column":12},"end":{"line":38,"column":18}},{"start":{"line":38,"column":22},"end":{"line":43,"column":10}}]},"2":{"loc":{"start":{"line":70,"column":4},"end":{"line":72,"column":5}},"type":"if","locations":[{"start":{"line":70,"column":4},"end":{"line":72,"column":5}}]},"3":{"loc":{"start":{"line":76,"column":4},"end":{"line":78,"column":5}},"type":"if","locations":[{"start":{"line":76,"column":4},"end":{"line":78,"column":5}}]},"4":{"loc":{"start":{"line":85,"column":13},"end":{"line":85,"column":60}},"type":"cond-expr","locations":[{"start":{"line":85,"column":41},"end":{"line":85,"column":52}},{"start":{"line":85,"column":55},"end":{"line":85,"column":60}}]}},"s":{"0":0,"1":0,"2":0,"3":0,"4":0,"5":0,"6":0,"7":0,"8":0,"9":0,"10":0,"11":0,"12":0,"13":0,"14":0,"15":0,"16":0,"17":0,"18":0,"19":0,"20":0,"21":0,"22":0,"23":0,"24":0,"25":0,"26":0,"27":0},"f":{"0":0,"1":0,"2":0,"3":0},"b":{"0":[0],"1":[0,0],"2":[0],"3":[0],"4":[0,0]}}
,"/Users/outsource/Documents/001_wOC/qa-web-system/src/app/api/answer-form-templates/[templateId]/route.ts": {"path":"/Users/outsource/Documents/001_wOC/qa-web-system/src/app/api/answer-form-templates/[templateId]/route.ts","statementMap":{"0":{"start":{"line":8,"column":24},"end":{"line":14,"column":2}},"1":{"start":{"line":17,"column":29},"end":{"line":21,"column":2}},"2":{"start":{"line":28,"column":2},"end":{"line":66,"column":3}},"3":{"start":{"line":29,"column":17},"end":{"line":29,"column":40}},"4":{"start":{"line":30,"column":4},"end":{"line":32,"column":5}},"5":{"start":{"line":31,"column":6},"end":{"line":31,"column":70}},"6":{"start":{"line":34,"column":27},"end":{"line":34,"column":39}},"7":{"start":{"line":37,"column":21},"end":{"line":39,"column":6}},"8":{"start":{"line":41,"column":4},"end":{"line":46,"column":5}},"9":{"start":{"line":42,"column":6},"end":{"line":45,"column":8}},"10":{"start":{"line":49,"column":4},"end":{"line":54,"column":5}},"11":{"start":{"line":50,"column":6},"end":{"line":53,"column":8}},"12":{"start":{"line":56,"column":4},"end":{"line":59,"column":7}},"13":{"start":{"line":61,"column":4},"end":{"line":61,"column":43}},"14":{"start":{"line":62,"column":4},"end":{"line":65,"column":6}},"15":{"start":{"line":74,"column":2},"end":{"line":139,"column":3}},"16":{"start":{"line":75,"column":17},"end":{"line":75,"column":40}},"17":{"start":{"line":76,"column":4},"end":{"line":78,"column":5}},"18":{"start":{"line":77,"column":6},"end":{"line":77,"column":70}},"19":{"start":{"line":80,"column":27},"end":{"line":80,"column":39}},"20":{"start":{"line":83,"column":21},"end":{"line":85,"column":6}},"21":{"start":{"line":87,"column":4},"end":{"line":92,"column":5}},"22":{"start":{"line":88,"column":6},"end":{"line":91,"column":8}},"23":{"start":{"line":95,"column":4},"end":{"line":100,"column":5}},"24":{"start":{"line":96,"column":6},"end":{"line":99,"column":8}},"25":{"start":{"line":103,"column":23},"end":{"line":103,"column":71}},"26":{"start":{"line":104,"column":4},"end":{"line":106,"column":5}},"27":{"start":{"line":105,"column":6},"end":{"line":105,"column":30}},"28":{"start":{"line":108,"column":42},"end":{"line":108,"column":57}},"29":{"start":{"line":111,"column":28},"end":{"line":111,"column":30}},"30":{"start":{"line":112,"column":4},"end":{"line":112,"column":51}},"31":{"start":{"line":112,"column":28},"end":{"line":112,"column":51}},"32":{"start":{"line":113,"column":4},"end":{"line":113,"column":72}},"33":{"start":{"line":113,"column":35},"end":{"line":113,"column":72}},"34":{"start":{"line":114,"column":4},"end":{"line":121,"column":5}},"35":{"start":{"line":116,"column":30},"end":{"line":119,"column":9}},"36":{"start":{"line":116,"column":60},"end":{"line":119,"column":8}},"37":{"start":{"line":120,"column":6},"end":{"line":120,"column":46}},"38":{"start":{"line":124,"column":28},"end":{"line":127,"column":6}},"39":{"start":{"line":129,"column":4},"end":{"line":132,"column":7}},"40":{"start":{"line":134,"column":4},"end":{"line":134,"column":41}},"41":{"start":{"line":135,"column":4},"end":{"line":138,"column":6}},"42":{"start":{"line":147,"column":2},"end":{"line":187,"column":3}},"43":{"start":{"line":148,"column":17},"end":{"line":148,"column":40}},"44":{"start":{"line":149,"column":4},"end":{"line":151,"column":5}},"45":{"start":{"line":150,"column":6},"end":{"line":150,"column":70}},"46":{"start":{"line":153,"column":27},"end":{"line":153,"column":39}},"47":{"start":{"line":156,"column":21},"end":{"line":158,"column":6}},"48":{"start":{"line":160,"column":4},"end":{"line":165,"column":5}},"49":{"start":{"line":161,"column":6},"end":{"line":164,"column":8}},"50":{"start":{"line":168,"column":4},"end":{"line":173,"column":5}},"51":{"start":{"line":169,"column":6},"end":{"line":172,"column":8}},"52":{"start":{"line":176,"column":4},"end":{"line":178,"column":7}},"53":{"start":{"line":180,"column":4},"end":{"line":180,"column":52}},"54":{"start":{"line":182,"column":4},"end":{"line":182,"column":41}},"55":{"start":{"line":183,"column":4},"end":{"line":186,"column":6}}},"fnMap":{"0":{"name":"GET","decl":{"start":{"line":24,"column":22},"end":{"line":24,"column":25}},"loc":{"start":{"line":26,"column":57},"end":{"line":67,"column":1}}},"1":{"name":"PATCH","decl":{"start":{"line":70,"column":22},"end":{"line":70,"column":27}},"loc":{"start":{"line":72,"column":57},"end":{"line":140,"column":1}}},"2":{"name":"(anonymous_2)","decl":{"start":{"line":116,"column":41},"end":{"line":116,"column":42}},"loc":{"start":{"line":116,"column":60},"end":{"line":119,"column":8}}},"3":{"name":"DELETE","decl":{"start":{"line":143,"column":22},"end":{"line":143,"column":28}},"loc":{"start":{"line":145,"column":57},"end":{"line":188,"column":1}}}},"branchMap":{"0":{"loc":{"start":{"line":30,"column":4},"end":{"line":32,"column":5}},"type":"if","locations":[{"start":{"line":30,"column":4},"end":{"line":32,"column":5}}]},"1":{"loc":{"start":{"line":41,"column":4},"end":{"line":46,"column":5}},"type":"if","locations":[{"start":{"line":41,"column":4},"end":{"line":46,"column":5}}]},"2":{"loc":{"start":{"line":49,"column":4},"end":{"line":54,"column":5}},"type":"if","locations":[{"start":{"line":49,"column":4},"end":{"line":54,"column":5}}]},"3":{"loc":{"start":{"line":76,"column":4},"end":{"line":78,"column":5}},"type":"if","locations":[{"start":{"line":76,"column":4},"end":{"line":78,"column":5}}]},"4":{"loc":{"start":{"line":87,"column":4},"end":{"line":92,"column":5}},"type":"if","locations":[{"start":{"line":87,"column":4},"end":{"line":92,"column":5}}]},"5":{"loc":{"start":{"line":95,"column":4},"end":{"line":100,"column":5}},"type":"if","locations":[{"start":{"line":95,"column":4},"end":{"line":100,"column":5}}]},"6":{"loc":{"start":{"line":104,"column":4},"end":{"line":106,"column":5}},"type":"if","locations":[{"start":{"line":104,"column":4},"end":{"line":106,"column":5}}]},"7":{"loc":{"start":{"line":112,"column":4},"end":{"line":112,"column":51}},"type":"if","locations":[{"start":{"line":112,"column":4},"end":{"line":112,"column":51}}]},"8":{"loc":{"start":{"line":113,"column":4},"end":{"line":113,"column":72}},"type":"if","locations":[{"start":{"line":113,"column":4},"end":{"line":113,"column":72}}]},"9":{"loc":{"start":{"line":114,"column":4},"end":{"line":121,"column":5}},"type":"if","locations":[{"start":{"line":114,"column":4},"end":{"line":121,"column":5}}]},"10":{"loc":{"start":{"line":118,"column":15},"end":{"line":118,"column":62}},"type":"cond-expr","locations":[{"start":{"line":118,"column":43},"end":{"line":118,"column":54}},{"start":{"line":118,"column":57},"end":{"line":118,"column":62}}]},"11":{"loc":{"start":{"line":149,"column":4},"end":{"line":151,"column":5}},"type":"if","locations":[{"start":{"line":149,"column":4},"end":{"line":151,"column":5}}]},"12":{"loc":{"start":{"line":160,"column":4},"end":{"line":165,"column":5}},"type":"if","locations":[{"start":{"line":160,"column":4},"end":{"line":165,"column":5}}]},"13":{"loc":{"start":{"line":168,"column":4},"end":{"line":173,"column":5}},"type":"if","locations":[{"start":{"line":168,"column":4},"end":{"line":173,"column":5}}]}},"s":{"0":0,"1":0,"2":0,"3":0,"4":0,"5":0,"6":0,"7":0,"8":0,"9":0,"10":0,"11":0,"12":0,"13":0,"14":0,"15":0,"16":0,"17":0,"18":0,"19":0,"20":0,"21":0,"22":0,"23":0,"24":0,"25":0,"26":0,"27":0,"28":0,"29":0,"30":0,"31":0,"32":0,"33":0,"34":0,"35":0,"36":0,"37":0,"38":0,"39":0,"40":0,"41":0,"42":0,"43":0,"44":0,"45":0,"46":0,"47":0,"48":0,"49":0,"50":0,"51":0,"52":0,"53":0,"54":0,"55":0},"f":{"0":0,"1":0,"2":0,"3":0},"b":{"0":[0],"1":[0],"2":[0],"3":[0],"4":[0],"5":[0],"6":[0],"7":[0],"8":[0],"9":[0],"10":[0,0],"11":[0],"12":[0],"13":[0]}}
,"/Users/outsource/Documents/001_wOC/qa-web-system/src/app/api/attachments/[fileId]/route.ts": {"path":"/Users/outsource/Documents/001_wOC/qa-web-system/src/app/api/attachments/[fileId]/route.ts","statementMap":{"0":{"start":{"line":8,"column":13},"end":{"line":134,"column":1}},"1":{"start":{"line":12,"column":2},"end":{"line":133,"column":3}},"2":{"start":{"line":13,"column":17},"end":{"line":13,"column":40}},"3":{"start":{"line":14,"column":4},"end":{"line":16,"column":5}},"4":{"start":{"line":15,"column":6},"end":{"line":15,"column":70}},"5":{"start":{"line":18,"column":23},"end":{"line":18,"column":29}},"6":{"start":{"line":21,"column":22},"end":{"line":32,"column":6}},"7":{"start":{"line":34,"column":4},"end":{"line":39,"column":5}},"8":{"start":{"line":35,"column":6},"end":{"line":38,"column":8}},"9":{"start":{"line":43,"column":4},"end":{"line":97,"column":5}},"10":{"start":{"line":45,"column":31},"end":{"line":64,"column":8}},"11":{"start":{"line":66,"column":28},"end":{"line":85,"column":8}},"12":{"start":{"line":88,"column":8},"end":{"line":89,"column":83}},"13":{"start":{"line":91,"column":6},"end":{"line":96,"column":7}},"14":{"start":{"line":92,"column":8},"end":{"line":95,"column":10}},"15":{"start":{"line":100,"column":27},"end":{"line":100,"column":78}},"16":{"start":{"line":102,"column":4},"end":{"line":117,"column":5}},"17":{"start":{"line":104,"column":6},"end":{"line":104,"column":72}},"18":{"start":{"line":107,"column":6},"end":{"line":116,"column":9}},"19":{"start":{"line":120,"column":4},"end":{"line":123,"column":7}},"20":{"start":{"line":126,"column":4},"end":{"line":126,"column":55}},"21":{"start":{"line":128,"column":4},"end":{"line":128,"column":70}},"22":{"start":{"line":129,"column":4},"end":{"line":132,"column":6}},"23":{"start":{"line":136,"column":19},"end":{"line":136,"column":36}},"24":{"start":{"line":139,"column":16},"end":{"line":227,"column":1}},"25":{"start":{"line":143,"column":2},"end":{"line":226,"column":3}},"26":{"start":{"line":144,"column":17},"end":{"line":144,"column":40}},"27":{"start":{"line":145,"column":4},"end":{"line":147,"column":5}},"28":{"start":{"line":146,"column":6},"end":{"line":146,"column":70}},"29":{"start":{"line":149,"column":23},"end":{"line":149,"column":29}},"30":{"start":{"line":152,"column":22},"end":{"line":154,"column":6}},"31":{"start":{"line":156,"column":4},"end":{"line":161,"column":5}},"32":{"start":{"line":157,"column":6},"end":{"line":160,"column":8}},"33":{"start":{"line":164,"column":4},"end":{"line":169,"column":5}},"34":{"start":{"line":165,"column":6},"end":{"line":168,"column":8}},"35":{"start":{"line":172,"column":61},"end":{"line":176,"column":6}},"36":{"start":{"line":178,"column":19},"end":{"line":178,"column":81}},"37":{"start":{"line":180,"column":4},"end":{"line":192,"column":5}},"38":{"start":{"line":181,"column":6},"end":{"line":191,"column":8}},"39":{"start":{"line":195,"column":4},"end":{"line":203,"column":5}},"40":{"start":{"line":196,"column":22},"end":{"line":196,"column":60}},"41":{"start":{"line":197,"column":6},"end":{"line":199,"column":7}},"42":{"start":{"line":198,"column":8},"end":{"line":198,"column":88}},"43":{"start":{"line":201,"column":6},"end":{"line":201,"column":96}},"44":{"start":{"line":206,"column":4},"end":{"line":208,"column":7}},"45":{"start":{"line":211,"column":4},"end":{"line":214,"column":7}},"46":{"start":{"line":216,"column":4},"end":{"line":219,"column":7}},"47":{"start":{"line":221,"column":4},"end":{"line":221,"column":73}},"48":{"start":{"line":222,"column":4},"end":{"line":225,"column":6}},"49":{"start":{"line":229,"column":22},"end":{"line":229,"column":42}}},"fnMap":{"0":{"name":"(anonymous_0)","decl":{"start":{"line":8,"column":13},"end":{"line":8,"column":18}},"loc":{"start":{"line":11,"column":4},"end":{"line":134,"column":1}}},"1":{"name":"(anonymous_1)","decl":{"start":{"line":139,"column":16},"end":{"line":139,"column":21}},"loc":{"start":{"line":142,"column":4},"end":{"line":227,"column":1}}}},"branchMap":{"0":{"loc":{"start":{"line":14,"column":4},"end":{"line":16,"column":5}},"type":"if","locations":[{"start":{"line":14,"column":4},"end":{"line":16,"column":5}}]},"1":{"loc":{"start":{"line":34,"column":4},"end":{"line":39,"column":5}},"type":"if","locations":[{"start":{"line":34,"column":4},"end":{"line":39,"column":5}}]},"2":{"loc":{"start":{"line":43,"column":4},"end":{"line":97,"column":5}},"type":"if","locations":[{"start":{"line":43,"column":4},"end":{"line":97,"column":5}}]},"3":{"loc":{"start":{"line":43,"column":8},"end":{"line":43,"column":65}},"type":"binary-expr","locations":[{"start":{"line":43,"column":8},"end":{"line":43,"column":29}},{"start":{"line":43,"column":33},"end":{"line":43,"column":65}}]},"4":{"loc":{"start":{"line":88,"column":8},"end":{"line":89,"column":83}},"type":"binary-expr","locations":[{"start":{"line":88,"column":9},"end":{"line":88,"column":25}},{"start":{"line":88,"column":29},"end":{"line":88,"column":88}},{"start":{"line":89,"column":9},"end":{"line":89,"column":22}},{"start":{"line":89,"column":26},"end":{"line":89,"column":82}}]},"5":{"loc":{"start":{"line":91,"column":6},"end":{"line":96,"column":7}},"type":"if","locations":[{"start":{"line":91,"column":6},"end":{"line":96,"column":7}}]},"6":{"loc":{"start":{"line":102,"column":4},"end":{"line":117,"column":5}},"type":"if","locations":[{"start":{"line":102,"column":4},"end":{"line":117,"column":5}}]},"7":{"loc":{"start":{"line":145,"column":4},"end":{"line":147,"column":5}},"type":"if","locations":[{"start":{"line":145,"column":4},"end":{"line":147,"column":5}}]},"8":{"loc":{"start":{"line":156,"column":4},"end":{"line":161,"column":5}},"type":"if","locations":[{"start":{"line":156,"column":4},"end":{"line":161,"column":5}}]},"9":{"loc":{"start":{"line":164,"column":4},"end":{"line":169,"column":5}},"type":"if","locations":[{"start":{"line":164,"column":4},"end":{"line":169,"column":5}}]},"10":{"loc":{"start":{"line":164,"column":8},"end":{"line":164,"column":65}},"type":"binary-expr","locations":[{"start":{"line":164,"column":8},"end":{"line":164,"column":29}},{"start":{"line":164,"column":33},"end":{"line":164,"column":65}}]},"11":{"loc":{"start":{"line":178,"column":19},"end":{"line":178,"column":81}},"type":"binary-expr","locations":[{"start":{"line":178,"column":19},"end":{"line":178,"column":35}},{"start":{"line":178,"column":39},"end":{"line":178,"column":56}},{"start":{"line":178,"column":60},"end":{"line":178,"column":81}}]},"12":{"loc":{"start":{"line":180,"column":4},"end":{"line":192,"column":5}},"type":"if","locations":[{"start":{"line":180,"column":4},"end":{"line":192,"column":5}}]},"13":{"loc":{"start":{"line":197,"column":6},"end":{"line":199,"column":7}},"type":"if","locations":[{"start":{"line":197,"column":6},"end":{"line":199,"column":7}}]}},"s":{"0":0,"1":0,"2":0,"3":0,"4":0,"5":0,"6":0,"7":0,"8":0,"9":0,"10":0,"11":0,"12":0,"13":0,"14":0,"15":0,"16":0,"17":0,"18":0,"19":0,"20":0,"21":0,"22":0,"23":0,"24":0,"25":0,"26":0,"27":0,"28":0,"29":0,"30":0,"31":0,"32":0,"33":0,"34":0,"35":0,"36":0,"37":0,"38":0,"39":0,"40":0,"41":0,"42":0,"43":0,"44":0,"45":0,"46":0,"47":0,"48":0,"49":0},"f":{"0":0,"1":0},"b":{"0":[0],"1":[0],"2":[0],"3":[0,0],"4":[0,0,0,0],"5":[0],"6":[0],"7":[0],"8":[0],"9":[0],"10":[0,0],"11":[0,0,0],"12":[0],"13":[0]}}
,"/Users/outsource/Documents/001_wOC/qa-web-system/src/app/api/attachments/upload-url/route.ts": {"path":"/Users/outsource/Documents/001_wOC/qa-web-system/src/app/api/attachments/upload-url/route.ts","statementMap":{"0":{"start":{"line":10,"column":24},"end":{"line":14,"column":2}},"1":{"start":{"line":17,"column":2},"end":{"line":87,"column":3}},"2":{"start":{"line":18,"column":17},"end":{"line":18,"column":40}},"3":{"start":{"line":19,"column":4},"end":{"line":21,"column":5}},"4":{"start":{"line":20,"column":6},"end":{"line":20,"column":70}},"5":{"start":{"line":24,"column":23},"end":{"line":24,"column":66}},"6":{"start":{"line":25,"column":4},"end":{"line":27,"column":5}},"7":{"start":{"line":26,"column":6},"end":{"line":26,"column":30}},"8":{"start":{"line":29,"column":48},"end":{"line":29,"column":63}},"9":{"start":{"line":32,"column":27},"end":{"line":35,"column":6}},"10":{"start":{"line":37,"column":4},"end":{"line":42,"column":5}},"11":{"start":{"line":38,"column":6},"end":{"line":41,"column":8}},"12":{"start":{"line":45,"column":22},"end":{"line":45,"column":32}},"13":{"start":{"line":46,"column":25},"end":{"line":46,"column":62}},"14":{"start":{"line":47,"column":30},"end":{"line":47,"column":92}},"15":{"start":{"line":48,"column":27},"end":{"line":48,"column":89}},"16":{"start":{"line":51,"column":20},"end":{"line":51,"column":49}},"17":{"start":{"line":57,"column":4},"end":{"line":80,"column":5}},"18":{"start":{"line":60,"column":24},"end":{"line":60,"column":43}},"19":{"start":{"line":63,"column":22},"end":{"line":63,"column":90}},"20":{"start":{"line":65,"column":6},"end":{"line":73,"column":9}},"21":{"start":{"line":75,"column":6},"end":{"line":75,"column":45}},"22":{"start":{"line":76,"column":6},"end":{"line":79,"column":8}},"23":{"start":{"line":82,"column":4},"end":{"line":82,"column":44}},"24":{"start":{"line":83,"column":4},"end":{"line":86,"column":6}}},"fnMap":{"0":{"name":"POST","decl":{"start":{"line":16,"column":22},"end":{"line":16,"column":26}},"loc":{"start":{"line":16,"column":43},"end":{"line":88,"column":1}}}},"branchMap":{"0":{"loc":{"start":{"line":19,"column":4},"end":{"line":21,"column":5}},"type":"if","locations":[{"start":{"line":19,"column":4},"end":{"line":21,"column":5}}]},"1":{"loc":{"start":{"line":25,"column":4},"end":{"line":27,"column":5}},"type":"if","locations":[{"start":{"line":25,"column":4},"end":{"line":27,"column":5}}]},"2":{"loc":{"start":{"line":37,"column":4},"end":{"line":42,"column":5}},"type":"if","locations":[{"start":{"line":37,"column":4},"end":{"line":42,"column":5}}]},"3":{"loc":{"start":{"line":47,"column":30},"end":{"line":47,"column":92}},"type":"binary-expr","locations":[{"start":{"line":47,"column":30},"end":{"line":47,"column":62}},{"start":{"line":47,"column":66},"end":{"line":47,"column":92}}]},"4":{"loc":{"start":{"line":63,"column":25},"end":{"line":63,"column":70}},"type":"binary-expr","locations":[{"start":{"line":63,"column":25},"end":{"line":63,"column":64}},{"start":{"line":63,"column":68},"end":{"line":63,"column":70}}]}},"s":{"0":0,"1":0,"2":0,"3":0,"4":0,"5":0,"6":0,"7":0,"8":0,"9":0,"10":0,"11":0,"12":0,"13":0,"14":0,"15":0,"16":0,"17":0,"18":0,"19":0,"20":0,"21":0,"22":0,"23":0,"24":0},"f":{"0":0},"b":{"0":[0],"1":[0],"2":[0],"3":[0,0],"4":[0,0]}}
,"/Users/outsource/Documents/001_wOC/qa-web-system/src/app/api/auth/csrf-token/route.ts": {"path":"/Users/outsource/Documents/001_wOC/qa-web-system/src/app/api/auth/csrf-token/route.ts","statementMap":{"0":{"start":{"line":5,"column":2},"end":{"line":38,"column":3}},"1":{"start":{"line":7,"column":18},"end":{"line":7,"column":37}},"2":{"start":{"line":10,"column":21},"end":{"line":10,"column":66}},"3":{"start":{"line":14,"column":4},"end":{"line":20,"column":7}},"4":{"start":{"line":23,"column":4},"end":{"line":29,"column":7}},"5":{"start":{"line":31,"column":4},"end":{"line":31,"column":20}},"6":{"start":{"line":33,"column":4},"end":{"line":33,"column":57}},"7":{"start":{"line":34,"column":4},"end":{"line":37,"column":6}}},"fnMap":{"0":{"name":"GET","decl":{"start":{"line":4,"column":22},"end":{"line":4,"column":25}},"loc":{"start":{"line":4,"column":46},"end":{"line":39,"column":1}}}},"branchMap":{},"s":{"0":0,"1":0,"2":0,"3":0,"4":0,"5":0,"6":0,"7":0},"f":{"0":0},"b":{}}
,"/Users/outsource/Documents/001_wOC/qa-web-system/src/app/api/auth/login/route.ts": {"path":"/Users/outsource/Documents/001_wOC/qa-web-system/src/app/api/auth/login/route.ts","statementMap":{"0":{"start":{"line":5,"column":0},"end":{"line":5,"column":7}},"1":{"start":{"line":1,"column":0},"end":{"line":1,"column":43}},"2":{"start":{"line":2,"column":0},"end":{"line":2,"column":59}},"3":{"start":{"line":3,"column":0},"end":{"line":3,"column":30}},"4":{"start":{"line":6,"column":2},"end":{"line":52,"column":3}},"5":{"start":{"line":7,"column":17},"end":{"line":7,"column":37}},"6":{"start":{"line":8,"column":32},"end":{"line":8,"column":36}},"7":{"start":{"line":11,"column":4},"end":{"line":13,"column":5}},"8":{"start":{"line":12,"column":6},"end":{"line":12,"column":81}},"9":{"start":{"line":16,"column":17},"end":{"line":18,"column":6}},"10":{"start":{"line":20,"column":4},"end":{"line":22,"column":5}},"11":{"start":{"line":21,"column":6},"end":{"line":21,"column":87}},"12":{"start":{"line":25,"column":28},"end":{"line":25,"column":77}},"13":{"start":{"line":26,"column":4},"end":{"line":28,"column":5}},"14":{"start":{"line":27,"column":6},"end":{"line":27,"column":87}},"15":{"start":{"line":31,"column":18},"end":{"line":31,"column":37}},"16":{"start":{"line":34,"column":21},"end":{"line":39,"column":6}},"17":{"start":{"line":41,"column":4},"end":{"line":45,"column":7}},"18":{"start":{"line":47,"column":4},"end":{"line":47,"column":37}},"19":{"start":{"line":48,"column":4},"end":{"line":51,"column":6}}},"fnMap":{"0":{"name":"POST","decl":{"start":{"line":5,"column":22},"end":{"line":5,"column":26}},"loc":{"start":{"line":5,"column":43},"end":{"line":53,"column":1}}}},"branchMap":{"0":{"loc":{"start":{"line":11,"column":4},"end":{"line":13,"column":5}},"type":"if","locations":[{"start":{"line":11,"column":4},"end":{"line":13,"column":5}}]},"1":{"loc":{"start":{"line":11,"column":8},"end":{"line":11,"column":27}},"type":"binary-expr","locations":[{"start":{"line":11,"column":8},"end":{"line":11,"column":14}},{"start":{"line":11,"column":18},"end":{"line":11,"column":27}}]},"2":{"loc":{"start":{"line":20,"column":4},"end":{"line":22,"column":5}},"type":"if","locations":[{"start":{"line":20,"column":4},"end":{"line":22,"column":5}}]},"3":{"loc":{"start":{"line":26,"column":4},"end":{"line":28,"column":5}},"type":"if","locations":[{"start":{"line":26,"column":4},"end":{"line":28,"column":5}}]}},"s":{"0":1,"1":1,"2":1,"3":1,"4":0,"5":0,"6":0,"7":0,"8":0,"9":0,"10":0,"11":0,"12":0,"13":0,"14":0,"15":0,"16":0,"17":0,"18":0,"19":0},"f":{"0":0},"b":{"0":[0],"1":[0,0],"2":[0],"3":[0]}}
,"/Users/outsource/Documents/001_wOC/qa-web-system/src/app/api/auth/logout/route.ts": {"path":"/Users/outsource/Documents/001_wOC/qa-web-system/src/app/api/auth/logout/route.ts","statementMap":{"0":{"start":{"line":5,"column":2},"end":{"line":27,"column":3}},"1":{"start":{"line":6,"column":17},"end":{"line":6,"column":40}},"2":{"start":{"line":8,"column":4},"end":{"line":10,"column":5}},"3":{"start":{"line":9,"column":6},"end":{"line":9,"column":70}},"4":{"start":{"line":18,"column":4},"end":{"line":20,"column":7}},"5":{"start":{"line":22,"column":4},"end":{"line":22,"column":38}},"6":{"start":{"line":23,"column":4},"end":{"line":26,"column":6}}},"fnMap":{"0":{"name":"POST","decl":{"start":{"line":4,"column":22},"end":{"line":4,"column":26}},"loc":{"start":{"line":4,"column":43},"end":{"line":28,"column":1}}}},"branchMap":{"0":{"loc":{"start":{"line":8,"column":4},"end":{"line":10,"column":5}},"type":"if","locations":[{"start":{"line":8,"column":4},"end":{"line":10,"column":5}}]}},"s":{"0":0,"1":0,"2":0,"3":0,"4":0,"5":0,"6":0},"f":{"0":0},"b":{"0":[0]}}
,"/Users/outsource/Documents/001_wOC/qa-web-system/src/app/api/auth/me/route.ts": {"path":"/Users/outsource/Documents/001_wOC/qa-web-system/src/app/api/auth/me/route.ts","statementMap":{"0":{"start":{"line":6,"column":2},"end":{"line":48,"column":3}},"1":{"start":{"line":8,"column":23},"end":{"line":8,"column":55}},"2":{"start":{"line":9,"column":4},"end":{"line":11,"column":5}},"3":{"start":{"line":10,"column":6},"end":{"line":10,"column":70}},"4":{"start":{"line":13,"column":18},"end":{"line":13,"column":42}},"5":{"start":{"line":16,"column":20},"end":{"line":16,"column":104}},"6":{"start":{"line":18,"column":4},"end":{"line":20,"column":5}},"7":{"start":{"line":19,"column":6},"end":{"line":19,"column":72}},"8":{"start":{"line":23,"column":17},"end":{"line":37,"column":6}},"9":{"start":{"line":39,"column":4},"end":{"line":41,"column":5}},"10":{"start":{"line":40,"column":6},"end":{"line":40,"column":75}},"11":{"start":{"line":44,"column":4},"end":{"line":44,"column":35}},"12":{"start":{"line":46,"column":4},"end":{"line":46,"column":41}},"13":{"start":{"line":47,"column":4},"end":{"line":47,"column":70}}},"fnMap":{"0":{"name":"GET","decl":{"start":{"line":5,"column":22},"end":{"line":5,"column":25}},"loc":{"start":{"line":5,"column":42},"end":{"line":49,"column":1}}}},"branchMap":{"0":{"loc":{"start":{"line":9,"column":4},"end":{"line":11,"column":5}},"type":"if","locations":[{"start":{"line":9,"column":4},"end":{"line":11,"column":5}}]},"1":{"loc":{"start":{"line":9,"column":8},"end":{"line":9,"column":56}},"type":"binary-expr","locations":[{"start":{"line":9,"column":8},"end":{"line":9,"column":19}},{"start":{"line":9,"column":23},"end":{"line":9,"column":56}}]},"2":{"loc":{"start":{"line":16,"column":38},"end":{"line":16,"column":81}},"type":"binary-expr","locations":[{"start":{"line":16,"column":38},"end":{"line":16,"column":60}},{"start":{"line":16,"column":64},"end":{"line":16,"column":81}}]},"3":{"loc":{"start":{"line":18,"column":4},"end":{"line":20,"column":5}},"type":"if","locations":[{"start":{"line":18,"column":4},"end":{"line":20,"column":5}}]},"4":{"loc":{"start":{"line":18,"column":8},"end":{"line":18,"column":35}},"type":"binary-expr","locations":[{"start":{"line":18,"column":8},"end":{"line":18,"column":16}},{"start":{"line":18,"column":20},"end":{"line":18,"column":35}}]},"5":{"loc":{"start":{"line":39,"column":4},"end":{"line":41,"column":5}},"type":"if","locations":[{"start":{"line":39,"column":4},"end":{"line":41,"column":5}}]}},"s":{"0":0,"1":0,"2":0,"3":0,"4":0,"5":0,"6":0,"7":0,"8":0,"9":0,"10":0,"11":0,"12":0,"13":0},"f":{"0":0},"b":{"0":[0],"1":[0,0],"2":[0,0],"3":[0],"4":[0,0],"5":[0]}}
,"/Users/outsource/Documents/001_wOC/qa-web-system/src/app/api/auth/register/route.ts": {"path":"/Users/outsource/Documents/001_wOC/qa-web-system/src/app/api/auth/register/route.ts","statementMap":{"0":{"start":{"line":6,"column":2},"end":{"line":64,"column":3}},"1":{"start":{"line":7,"column":17},"end":{"line":7,"column":37}},"2":{"start":{"line":8,"column":38},"end":{"line":8,"column":42}},"3":{"start":{"line":11,"column":4},"end":{"line":13,"column":5}},"4":{"start":{"line":12,"column":6},"end":{"line":12,"column":81}},"5":{"start":{"line":16,"column":23},"end":{"line":16,"column":51}},"6":{"start":{"line":17,"column":4},"end":{"line":19,"column":5}},"7":{"start":{"line":18,"column":6},"end":{"line":18,"column":82}},"8":{"start":{"line":22,"column":4},"end":{"line":24,"column":5}},"9":{"start":{"line":23,"column":6},"end":{"line":23,"column":84}},"10":{"start":{"line":27,"column":25},"end":{"line":29,"column":6}},"11":{"start":{"line":31,"column":4},"end":{"line":33,"column":5}},"12":{"start":{"line":32,"column":6},"end":{"line":32,"column":83}},"13":{"start":{"line":36,"column":27},"end":{"line":36,"column":55}},"14":{"start":{"line":39,"column":20},"end":{"line":52,"column":6}},"15":{"start":{"line":54,"column":4},"end":{"line":57,"column":6}},"16":{"start":{"line":59,"column":4},"end":{"line":59,"column":39}},"17":{"start":{"line":60,"column":4},"end":{"line":63,"column":6}}},"fnMap":{"0":{"name":"POST","decl":{"start":{"line":5,"column":22},"end":{"line":5,"column":26}},"loc":{"start":{"line":5,"column":43},"end":{"line":65,"column":1}}}},"branchMap":{"0":{"loc":{"start":{"line":11,"column":4},"end":{"line":13,"column":5}},"type":"if","locations":[{"start":{"line":11,"column":4},"end":{"line":13,"column":5}}]},"1":{"loc":{"start":{"line":11,"column":8},"end":{"line":11,"column":27}},"type":"binary-expr","locations":[{"start":{"line":11,"column":8},"end":{"line":11,"column":14}},{"start":{"line":11,"column":18},"end":{"line":11,"column":27}}]},"2":{"loc":{"start":{"line":17,"column":4},"end":{"line":19,"column":5}},"type":"if","locations":[{"start":{"line":17,"column":4},"end":{"line":19,"column":5}}]},"3":{"loc":{"start":{"line":22,"column":4},"end":{"line":24,"column":5}},"type":"if","locations":[{"start":{"line":22,"column":4},"end":{"line":24,"column":5}}]},"4":{"loc":{"start":{"line":31,"column":4},"end":{"line":33,"column":5}},"type":"if","locations":[{"start":{"line":31,"column":4},"end":{"line":33,"column":5}}]},"5":{"loc":{"start":{"line":43,"column":14},"end":{"line":43,"column":26}},"type":"binary-expr","locations":[{"start":{"line":43,"column":14},"end":{"line":43,"column":18}},{"start":{"line":43,"column":22},"end":{"line":43,"column":26}}]}},"s":{"0":0,"1":0,"2":0,"3":0,"4":0,"5":0,"6":0,"7":0,"8":0,"9":0,"10":0,"11":0,"12":0,"13":0,"14":0,"15":0,"16":0,"17":0},"f":{"0":0},"b":{"0":[0],"1":[0,0],"2":[0],"3":[0],"4":[0],"5":[0,0]}}
,"/Users/outsource/Documents/001_wOC/qa-web-system/src/app/api/auth/request-password-reset/route.ts": {"path":"/Users/outsource/Documents/001_wOC/qa-web-system/src/app/api/auth/request-password-reset/route.ts","statementMap":{"0":{"start":{"line":9,"column":35},"end":{"line":11,"column":2}},"1":{"start":{"line":14,"column":2},"end":{"line":75,"column":3}},"2":{"start":{"line":16,"column":23},"end":{"line":16,"column":77}},"3":{"start":{"line":17,"column":4},"end":{"line":19,"column":5}},"4":{"start":{"line":18,"column":6},"end":{"line":18,"column":30}},"5":{"start":{"line":21,"column":22},"end":{"line":21,"column":37}},"6":{"start":{"line":24,"column":17},"end":{"line":26,"column":6}},"7":{"start":{"line":29,"column":4},"end":{"line":33,"column":5}},"8":{"start":{"line":30,"column":6},"end":{"line":32,"column":9}},"9":{"start":{"line":36,"column":23},"end":{"line":36,"column":61}},"10":{"start":{"line":37,"column":22},"end":{"line":37,"column":82}},"11":{"start":{"line":40,"column":22},"end":{"line":40,"column":32}},"12":{"start":{"line":41,"column":4},"end":{"line":41,"column":49}},"13":{"start":{"line":44,"column":4},"end":{"line":49,"column":7}},"14":{"start":{"line":52,"column":4},"end":{"line":58,"column":7}},"15":{"start":{"line":61,"column":21},"end":{"line":61,"column":86}},"16":{"start":{"line":64,"column":4},"end":{"line":64,"column":50}},"17":{"start":{"line":66,"column":4},"end":{"line":68,"column":7}},"18":{"start":{"line":70,"column":4},"end":{"line":70,"column":44}},"19":{"start":{"line":71,"column":4},"end":{"line":74,"column":6}}},"fnMap":{"0":{"name":"POST","decl":{"start":{"line":13,"column":22},"end":{"line":13,"column":26}},"loc":{"start":{"line":13,"column":43},"end":{"line":76,"column":1}}}},"branchMap":{"0":{"loc":{"start":{"line":17,"column":4},"end":{"line":19,"column":5}},"type":"if","locations":[{"start":{"line":17,"column":4},"end":{"line":19,"column":5}}]},"1":{"loc":{"start":{"line":29,"column":4},"end":{"line":33,"column":5}},"type":"if","locations":[{"start":{"line":29,"column":4},"end":{"line":33,"column":5}}]}},"s":{"0":0,"1":0,"2":0,"3":0,"4":0,"5":0,"6":0,"7":0,"8":0,"9":0,"10":0,"11":0,"12":0,"13":0,"14":0,"15":0,"16":0,"17":0,"18":0,"19":0},"f":{"0":0},"b":{"0":[0],"1":[0]}}
,"/Users/outsource/Documents/001_wOC/qa-web-system/src/app/api/auth/reset-password/route.ts": {"path":"/Users/outsource/Documents/001_wOC/qa-web-system/src/app/api/auth/reset-password/route.ts","statementMap":{"0":{"start":{"line":9,"column":28},"end":{"line":12,"column":2}},"1":{"start":{"line":16,"column":2},"end":{"line":97,"column":3}},"2":{"start":{"line":18,"column":23},"end":{"line":18,"column":70}},"3":{"start":{"line":19,"column":4},"end":{"line":21,"column":5}},"4":{"start":{"line":20,"column":6},"end":{"line":20,"column":30}},"5":{"start":{"line":23,"column":35},"end":{"line":23,"column":50}},"6":{"start":{"line":26,"column":22},"end":{"line":26,"column":77}},"7":{"start":{"line":29,"column":31},"end":{"line":32,"column":6}},"8":{"start":{"line":34,"column":4},"end":{"line":39,"column":5}},"9":{"start":{"line":35,"column":6},"end":{"line":38,"column":8}},"10":{"start":{"line":42,"column":4},"end":{"line":47,"column":5}},"11":{"start":{"line":43,"column":6},"end":{"line":46,"column":8}},"12":{"start":{"line":50,"column":4},"end":{"line":55,"column":5}},"13":{"start":{"line":51,"column":6},"end":{"line":54,"column":8}},"14":{"start":{"line":58,"column":27},"end":{"line":58,"column":58}},"15":{"start":{"line":61,"column":4},"end":{"line":86,"column":7}},"16":{"start":{"line":63,"column":6},"end":{"line":68,"column":9}},"17":{"start":{"line":71,"column":6},"end":{"line":76,"column":9}},"18":{"start":{"line":79,"column":6},"end":{"line":85,"column":9}},"19":{"start":{"line":88,"column":4},"end":{"line":90,"column":7}},"20":{"start":{"line":92,"column":4},"end":{"line":92,"column":44}},"21":{"start":{"line":93,"column":4},"end":{"line":96,"column":6}},"22":{"start":{"line":102,"column":2},"end":{"line":143,"column":3}},"23":{"start":{"line":103,"column":17},"end":{"line":103,"column":37}},"24":{"start":{"line":104,"column":22},"end":{"line":104,"column":26}},"25":{"start":{"line":106,"column":4},"end":{"line":108,"column":5}},"26":{"start":{"line":107,"column":6},"end":{"line":107,"column":75}},"27":{"start":{"line":111,"column":17},"end":{"line":113,"column":6}},"28":{"start":{"line":115,"column":4},"end":{"line":118,"column":5}},"29":{"start":{"line":117,"column":6},"end":{"line":117,"column":71}},"30":{"start":{"line":121,"column":23},"end":{"line":121,"column":61}},"31":{"start":{"line":122,"column":24},"end":{"line":122,"column":34}},"32":{"start":{"line":123,"column":4},"end":{"line":123,"column":53}},"33":{"start":{"line":129,"column":4},"end":{"line":136,"column":7}},"34":{"start":{"line":138,"column":4},"end":{"line":138,"column":42}},"35":{"start":{"line":139,"column":4},"end":{"line":142,"column":6}}},"fnMap":{"0":{"name":"POST","decl":{"start":{"line":15,"column":22},"end":{"line":15,"column":26}},"loc":{"start":{"line":15,"column":43},"end":{"line":98,"column":1}}},"1":{"name":"(anonymous_1)","decl":{"start":{"line":61,"column":30},"end":{"line":61,"column":35}},"loc":{"start":{"line":61,"column":43},"end":{"line":86,"column":5}}},"2":{"name":"PATCH","decl":{"start":{"line":101,"column":22},"end":{"line":101,"column":27}},"loc":{"start":{"line":101,"column":44},"end":{"line":144,"column":1}}}},"branchMap":{"0":{"loc":{"start":{"line":19,"column":4},"end":{"line":21,"column":5}},"type":"if","locations":[{"start":{"line":19,"column":4},"end":{"line":21,"column":5}}]},"1":{"loc":{"start":{"line":34,"column":4},"end":{"line":39,"column":5}},"type":"if","locations":[{"start":{"line":34,"column":4},"end":{"line":39,"column":5}}]},"2":{"loc":{"start":{"line":42,"column":4},"end":{"line":47,"column":5}},"type":"if","locations":[{"start":{"line":42,"column":4},"end":{"line":47,"column":5}}]},"3":{"loc":{"start":{"line":50,"column":4},"end":{"line":55,"column":5}},"type":"if","locations":[{"start":{"line":50,"column":4},"end":{"line":55,"column":5}}]},"4":{"loc":{"start":{"line":106,"column":4},"end":{"line":108,"column":5}},"type":"if","locations":[{"start":{"line":106,"column":4},"end":{"line":108,"column":5}}]},"5":{"loc":{"start":{"line":115,"column":4},"end":{"line":118,"column":5}},"type":"if","locations":[{"start":{"line":115,"column":4},"end":{"line":118,"column":5}}]}},"s":{"0":0,"1":0,"2":0,"3":0,"4":0,"5":0,"6":0,"7":0,"8":0,"9":0,"10":0,"11":0,"12":0,"13":0,"14":0,"15":0,"16":0,"17":0,"18":0,"19":0,"20":0,"21":0,"22":0,"23":0,"24":0,"25":0,"26":0,"27":0,"28":0,"29":0,"30":0,"31":0,"32":0,"33":0,"34":0,"35":0},"f":{"0":0,"1":0,"2":0},"b":{"0":[0],"1":[0],"2":[0],"3":[0],"4":[0],"5":[0]}}
,"/Users/outsource/Documents/001_wOC/qa-web-system/src/app/api/cron/check-deadlines/route.ts": {"path":"/Users/outsource/Documents/001_wOC/qa-web-system/src/app/api/cron/check-deadlines/route.ts","statementMap":{"0":{"start":{"line":8,"column":2},"end":{"line":98,"column":3}},"1":{"start":{"line":10,"column":19},"end":{"line":10,"column":47}},"2":{"start":{"line":11,"column":27},"end":{"line":11,"column":51}},"3":{"start":{"line":13,"column":4},"end":{"line":18,"column":5}},"4":{"start":{"line":14,"column":6},"end":{"line":17,"column":8}},"5":{"start":{"line":22,"column":24},"end":{"line":30,"column":13}},"6":{"start":{"line":32,"column":29},"end":{"line":41,"column":6}},"7":{"start":{"line":43,"column":4},"end":{"line":48,"column":5}},"8":{"start":{"line":44,"column":6},"end":{"line":47,"column":9}},"9":{"start":{"line":51,"column":32},"end":{"line":84,"column":null}},"10":{"start":{"line":54,"column":8},"end":{"line":83,"column":11}},"11":{"start":{"line":56,"column":10},"end":{"line":63,"column":13}},"12":{"start":{"line":66,"column":10},"end":{"line":73,"column":13}},"13":{"start":{"line":77,"column":10},"end":{"line":80,"column":13}},"14":{"start":{"line":82,"column":10},"end":{"line":82,"column":29}},"15":{"start":{"line":87,"column":4},"end":{"line":91,"column":7}},"16":{"start":{"line":93,"column":4},"end":{"line":93,"column":44}},"17":{"start":{"line":94,"column":4},"end":{"line":97,"column":6}}},"fnMap":{"0":{"name":"POST","decl":{"start":{"line":7,"column":22},"end":{"line":7,"column":26}},"loc":{"start":{"line":7,"column":43},"end":{"line":99,"column":1}}},"1":{"name":"(anonymous_1)","decl":{"start":{"line":52,"column":27},"end":{"line":52,"column":32}},"loc":{"start":{"line":52,"column":51},"end":{"line":84,"column":7}}},"2":{"name":"(anonymous_2)","decl":{"start":{"line":54,"column":35},"end":{"line":54,"column":40}},"loc":{"start":{"line":54,"column":48},"end":{"line":83,"column":9}}}},"branchMap":{"0":{"loc":{"start":{"line":13,"column":4},"end":{"line":18,"column":5}},"type":"if","locations":[{"start":{"line":13,"column":4},"end":{"line":18,"column":5}}]},"1":{"loc":{"start":{"line":13,"column":8},"end":{"line":13,"column":44}},"type":"binary-expr","locations":[{"start":{"line":13,"column":8},"end":{"line":13,"column":15}},{"start":{"line":13,"column":19},"end":{"line":13,"column":44}}]},"2":{"loc":{"start":{"line":43,"column":4},"end":{"line":48,"column":5}},"type":"if","locations":[{"start":{"line":43,"column":4},"end":{"line":48,"column":5}}]}},"s":{"0":0,"1":0,"2":0,"3":0,"4":0,"5":0,"6":0,"7":0,"8":0,"9":0,"10":0,"11":0,"12":0,"13":0,"14":0,"15":0,"16":0,"17":0},"f":{"0":0,"1":0,"2":0},"b":{"0":[0],"1":[0,0],"2":[0]}}
,"/Users/outsource/Documents/001_wOC/qa-web-system/src/app/api/dashboard/route.ts": {"path":"/Users/outsource/Documents/001_wOC/qa-web-system/src/app/api/dashboard/route.ts","statementMap":{"0":{"start":{"line":7,"column":2},"end":{"line":197,"column":3}},"1":{"start":{"line":9,"column":23},"end":{"line":9,"column":55}},"2":{"start":{"line":10,"column":4},"end":{"line":12,"column":5}},"3":{"start":{"line":11,"column":6},"end":{"line":11,"column":70}},"4":{"start":{"line":14,"column":18},"end":{"line":14,"column":42}},"5":{"start":{"line":17,"column":20},"end":{"line":17,"column":104}},"6":{"start":{"line":19,"column":4},"end":{"line":21,"column":5}},"7":{"start":{"line":20,"column":6},"end":{"line":20,"column":72}},"8":{"start":{"line":23,"column":19},"end":{"line":23,"column":33}},"9":{"start":{"line":26,"column":16},"end":{"line":26,"column":26}},"10":{"start":{"line":27,"column":29},"end":{"line":27,"column":39}},"11":{"start":{"line":28,"column":4},"end":{"line":28,"column":48}},"12":{"start":{"line":31,"column":35},"end":{"line":38,"column":6}},"13":{"start":{"line":41,"column":36},"end":{"line":46,"column":6}},"14":{"start":{"line":49,"column":39},"end":{"line":60,"column":6}},"15":{"start":{"line":63,"column":34},"end":{"line":73,"column":6}},"16":{"start":{"line":76,"column":30},"end":{"line":98,"column":6}},"17":{"start":{"line":101,"column":29},"end":{"line":120,"column":6}},"18":{"start":{"line":123,"column":25},"end":{"line":151,"column":6}},"19":{"start":{"line":153,"column":27},"end":{"line":166,"column":6}},"20":{"start":{"line":154,"column":22},"end":{"line":154,"column":40}},"21":{"start":{"line":155,"column":29},"end":{"line":155,"column":53}},"22":{"start":{"line":156,"column":27},"end":{"line":158,"column":11}},"23":{"start":{"line":157,"column":8},"end":{"line":157,"column":47}},"24":{"start":{"line":160,"column":6},"end":{"line":165,"column":8}},"25":{"start":{"line":169,"column":26},"end":{"line":191,"column":6}},"26":{"start":{"line":176,"column":53},"end":{"line":182,"column":8}},"27":{"start":{"line":183,"column":51},"end":{"line":189,"column":8}},"28":{"start":{"line":193,"column":4},"end":{"line":193,"column":44}},"29":{"start":{"line":195,"column":4},"end":{"line":195,"column":45}},"30":{"start":{"line":196,"column":4},"end":{"line":196,"column":74}}},"fnMap":{"0":{"name":"GET","decl":{"start":{"line":6,"column":22},"end":{"line":6,"column":25}},"loc":{"start":{"line":6,"column":42},"end":{"line":198,"column":1}}},"1":{"name":"(anonymous_1)","decl":{"start":{"line":153,"column":44},"end":{"line":153,"column":54}},"loc":{"start":{"line":153,"column":57},"end":{"line":166,"column":5}}},"2":{"name":"(anonymous_2)","decl":{"start":{"line":156,"column":52},"end":{"line":156,"column":53}},"loc":{"start":{"line":156,"column":72},"end":{"line":158,"column":7}}},"3":{"name":"(anonymous_3)","decl":{"start":{"line":176,"column":47},"end":{"line":176,"column":48}},"loc":{"start":{"line":176,"column":53},"end":{"line":182,"column":8}}},"4":{"name":"(anonymous_4)","decl":{"start":{"line":183,"column":45},"end":{"line":183,"column":46}},"loc":{"start":{"line":183,"column":51},"end":{"line":189,"column":8}}}},"branchMap":{"0":{"loc":{"start":{"line":10,"column":4},"end":{"line":12,"column":5}},"type":"if","locations":[{"start":{"line":10,"column":4},"end":{"line":12,"column":5}}]},"1":{"loc":{"start":{"line":10,"column":8},"end":{"line":10,"column":56}},"type":"binary-expr","locations":[{"start":{"line":10,"column":8},"end":{"line":10,"column":19}},{"start":{"line":10,"column":23},"end":{"line":10,"column":56}}]},"2":{"loc":{"start":{"line":17,"column":38},"end":{"line":17,"column":81}},"type":"binary-expr","locations":[{"start":{"line":17,"column":38},"end":{"line":17,"column":60}},{"start":{"line":17,"column":64},"end":{"line":17,"column":81}}]},"3":{"loc":{"start":{"line":19,"column":4},"end":{"line":21,"column":5}},"type":"if","locations":[{"start":{"line":19,"column":4},"end":{"line":21,"column":5}}]},"4":{"loc":{"start":{"line":19,"column":8},"end":{"line":19,"column":35}},"type":"binary-expr","locations":[{"start":{"line":19,"column":8},"end":{"line":19,"column":16}},{"start":{"line":19,"column":20},"end":{"line":19,"column":35}}]},"5":{"loc":{"start":{"line":180,"column":18},"end":{"line":180,"column":49}},"type":"binary-expr","locations":[{"start":{"line":180,"column":18},"end":{"line":180,"column":43}},{"start":{"line":180,"column":47},"end":{"line":180,"column":49}}]}},"s":{"0":0,"1":0,"2":0,"3":0,"4":0,"5":0,"6":0,"7":0,"8":0,"9":0,"10":0,"11":0,"12":0,"13":0,"14":0,"15":0,"16":0,"17":0,"18":0,"19":0,"20":0,"21":0,"22":0,"23":0,"24":0,"25":0,"26":0,"27":0,"28":0,"29":0,"30":0},"f":{"0":0,"1":0,"2":0,"3":0,"4":0},"b":{"0":[0],"1":[0,0],"2":[0,0],"3":[0],"4":[0,0],"5":[0,0]}}
,"/Users/outsource/Documents/001_wOC/qa-web-system/src/app/api/invitations/[token]/route.ts": {"path":"/Users/outsource/Documents/001_wOC/qa-web-system/src/app/api/invitations/[token]/route.ts","statementMap":{"0":{"start":{"line":11,"column":2},"end":{"line":95,"column":3}},"1":{"start":{"line":14,"column":22},"end":{"line":14,"column":34}},"2":{"start":{"line":17,"column":23},"end":{"line":35,"column":6}},"3":{"start":{"line":37,"column":4},"end":{"line":42,"column":5}},"4":{"start":{"line":38,"column":6},"end":{"line":41,"column":8}},"5":{"start":{"line":45,"column":4},"end":{"line":50,"column":5}},"6":{"start":{"line":46,"column":6},"end":{"line":49,"column":8}},"7":{"start":{"line":53,"column":4},"end":{"line":58,"column":5}},"8":{"start":{"line":54,"column":6},"end":{"line":57,"column":8}},"9":{"start":{"line":61,"column":17},"end":{"line":61,"column":40}},"10":{"start":{"line":62,"column":4},"end":{"line":67,"column":5}},"11":{"start":{"line":63,"column":6},"end":{"line":66,"column":8}},"12":{"start":{"line":70,"column":4},"end":{"line":88,"column":7}},"13":{"start":{"line":90,"column":4},"end":{"line":90,"column":39}},"14":{"start":{"line":91,"column":4},"end":{"line":94,"column":6}},"15":{"start":{"line":103,"column":2},"end":{"line":231,"column":3}},"16":{"start":{"line":104,"column":17},"end":{"line":104,"column":40}},"17":{"start":{"line":105,"column":22},"end":{"line":105,"column":34}},"18":{"start":{"line":106,"column":23},"end":{"line":106,"column":39}},"19":{"start":{"line":109,"column":4},"end":{"line":114,"column":5}},"20":{"start":{"line":110,"column":6},"end":{"line":113,"column":8}},"21":{"start":{"line":117,"column":23},"end":{"line":122,"column":6}},"22":{"start":{"line":124,"column":4},"end":{"line":129,"column":5}},"23":{"start":{"line":125,"column":6},"end":{"line":128,"column":8}},"24":{"start":{"line":132,"column":4},"end":{"line":137,"column":5}},"25":{"start":{"line":133,"column":6},"end":{"line":136,"column":8}},"26":{"start":{"line":140,"column":4},"end":{"line":145,"column":5}},"27":{"start":{"line":141,"column":6},"end":{"line":144,"column":8}},"28":{"start":{"line":149,"column":4},"end":{"line":154,"column":5}},"29":{"start":{"line":150,"column":6},"end":{"line":153,"column":8}},"30":{"start":{"line":157,"column":4},"end":{"line":211,"column":5}},"31":{"start":{"line":159,"column":6},"end":{"line":164,"column":7}},"32":{"start":{"line":160,"column":8},"end":{"line":163,"column":10}},"33":{"start":{"line":167,"column":29},"end":{"line":174,"column":8}},"34":{"start":{"line":176,"column":6},"end":{"line":187,"column":7}},"35":{"start":{"line":178,"column":8},"end":{"line":181,"column":11}},"36":{"start":{"line":183,"column":8},"end":{"line":186,"column":10}},"37":{"start":{"line":190,"column":21},"end":{"line":204,"column":8}},"38":{"start":{"line":206,"column":6},"end":{"line":210,"column":9}},"39":{"start":{"line":214,"column":4},"end":{"line":224,"column":5}},"40":{"start":{"line":216,"column":6},"end":{"line":219,"column":9}},"41":{"start":{"line":221,"column":6},"end":{"line":223,"column":9}},"42":{"start":{"line":226,"column":4},"end":{"line":226,"column":37}},"43":{"start":{"line":227,"column":4},"end":{"line":230,"column":6}}},"fnMap":{"0":{"name":"GET","decl":{"start":{"line":7,"column":22},"end":{"line":7,"column":25}},"loc":{"start":{"line":9,"column":52},"end":{"line":96,"column":1}}},"1":{"name":"POST","decl":{"start":{"line":99,"column":22},"end":{"line":99,"column":26}},"loc":{"start":{"line":101,"column":52},"end":{"line":232,"column":1}}}},"branchMap":{"0":{"loc":{"start":{"line":37,"column":4},"end":{"line":42,"column":5}},"type":"if","locations":[{"start":{"line":37,"column":4},"end":{"line":42,"column":5}}]},"1":{"loc":{"start":{"line":45,"column":4},"end":{"line":50,"column":5}},"type":"if","locations":[{"start":{"line":45,"column":4},"end":{"line":50,"column":5}}]},"2":{"loc":{"start":{"line":53,"column":4},"end":{"line":58,"column":5}},"type":"if","locations":[{"start":{"line":53,"column":4},"end":{"line":58,"column":5}}]},"3":{"loc":{"start":{"line":62,"column":4},"end":{"line":67,"column":5}},"type":"if","locations":[{"start":{"line":62,"column":4},"end":{"line":67,"column":5}}]},"4":{"loc":{"start":{"line":62,"column":8},"end":{"line":62,"column":47}},"type":"binary-expr","locations":[{"start":{"line":62,"column":8},"end":{"line":62,"column":12}},{"start":{"line":62,"column":16},"end":{"line":62,"column":47}}]},"5":{"loc":{"start":{"line":109,"column":4},"end":{"line":114,"column":5}},"type":"if","locations":[{"start":{"line":109,"column":4},"end":{"line":114,"column":5}}]},"6":{"loc":{"start":{"line":109,"column":8},"end":{"line":109,"column":50}},"type":"binary-expr","locations":[{"start":{"line":109,"column":8},"end":{"line":109,"column":27}},{"start":{"line":109,"column":31},"end":{"line":109,"column":50}}]},"7":{"loc":{"start":{"line":124,"column":4},"end":{"line":129,"column":5}},"type":"if","locations":[{"start":{"line":124,"column":4},"end":{"line":129,"column":5}}]},"8":{"loc":{"start":{"line":132,"column":4},"end":{"line":137,"column":5}},"type":"if","locations":[{"start":{"line":132,"column":4},"end":{"line":137,"column":5}}]},"9":{"loc":{"start":{"line":140,"column":4},"end":{"line":145,"column":5}},"type":"if","locations":[{"start":{"line":140,"column":4},"end":{"line":145,"column":5}}]},"10":{"loc":{"start":{"line":149,"column":4},"end":{"line":154,"column":5}},"type":"if","locations":[{"start":{"line":149,"column":4},"end":{"line":154,"column":5}}]},"11":{"loc":{"start":{"line":149,"column":8},"end":{"line":149,"column":47}},"type":"binary-expr","locations":[{"start":{"line":149,"column":8},"end":{"line":149,"column":12}},{"start":{"line":149,"column":16},"end":{"line":149,"column":47}}]},"12":{"loc":{"start":{"line":157,"column":4},"end":{"line":211,"column":5}},"type":"if","locations":[{"start":{"line":157,"column":4},"end":{"line":211,"column":5}}]},"13":{"loc":{"start":{"line":159,"column":6},"end":{"line":164,"column":7}},"type":"if","locations":[{"start":{"line":159,"column":6},"end":{"line":164,"column":7}}]},"14":{"loc":{"start":{"line":176,"column":6},"end":{"line":187,"column":7}},"type":"if","locations":[{"start":{"line":176,"column":6},"end":{"line":187,"column":7}}]},"15":{"loc":{"start":{"line":214,"column":4},"end":{"line":224,"column":5}},"type":"if","locations":[{"start":{"line":214,"column":4},"end":{"line":224,"column":5}}]}},"s":{"0":0,"1":0,"2":0,"3":0,"4":0,"5":0,"6":0,"7":0,"8":0,"9":0,"10":0,"11":0,"12":0,"13":0,"14":0,"15":0,"16":0,"17":0,"18":0,"19":0,"20":0,"21":0,"22":0,"23":0,"24":0,"25":0,"26":0,"27":0,"28":0,"29":0,"30":0,"31":0,"32":0,"33":0,"34":0,"35":0,"36":0,"37":0,"38":0,"39":0,"40":0,"41":0,"42":0,"43":0},"f":{"0":0,"1":0},"b":{"0":[0],"1":[0],"2":[0],"3":[0],"4":[0,0],"5":[0],"6":[0,0],"7":[0],"8":[0],"9":[0],"10":[0],"11":[0,0],"12":[0],"13":[0],"14":[0],"15":[0]}}
[...]
:2},"end":{"line":32,"column":3}},"type":"switch","locations":[{"start":{"line":22,"column":4},"end":{"line":23,"column":18}},{"start":{"line":24,"column":4},"end":{"line":25,"column":17}},{"start":{"line":26,"column":4},"end":{"line":27,"column":17}},{"start":{"line":28,"column":4},"end":{"line":29,"column":17}},{"start":{"line":30,"column":4},"end":{"line":31,"column":22}}]},"2":{"loc":{"start":{"line":52,"column":20},"end":{"line":52,"column":46}},"type":"binary-expr","locations":[{"start":{"line":52,"column":20},"end":{"line":52,"column":28}},{"start":{"line":52,"column":32},"end":{"line":52,"column":46}}]},"3":{"loc":{"start":{"line":55,"column":2},"end":{"line":72,"column":3}},"type":"if","locations":[{"start":{"line":55,"column":2},"end":{"line":72,"column":3}},{"start":{"line":60,"column":7},"end":{"line":72,"column":3}}]},"4":{"loc":{"start":{"line":55,"column":6},"end":{"line":55,"column":50}},"type":"binary-expr","locations":[{"start":{"line":55,"column":6},"end":{"line":55,"column":15}},{"start":{"line":55,"column":19},"end":{"line":55,"column":35}},{"start":{"line":55,"column":39},"end":{"line":55,"column":50}}]},"5":{"loc":{"start":{"line":60,"column":7},"end":{"line":72,"column":3}},"type":"if","locations":[{"start":{"line":60,"column":7},"end":{"line":72,"column":3}},{"start":{"line":65,"column":7},"end":{"line":72,"column":3}}]},"6":{"loc":{"start":{"line":60,"column":11},"end":{"line":60,"column":53}},"type":"binary-expr","locations":[{"start":{"line":60,"column":11},"end":{"line":60,"column":20}},{"start":{"line":60,"column":24},"end":{"line":60,"column":53}}]},"7":{"loc":{"start":{"line":65,"column":7},"end":{"line":72,"column":3}},"type":"if","locations":[{"start":{"line":65,"column":7},"end":{"line":72,"column":3}}]},"8":{"loc":{"start":{"line":67,"column":4},"end":{"line":71,"column":5}},"type":"if","locations":[{"start":{"line":67,"column":4},"end":{"line":71,"column":5}}]},"9":{"loc":{"start":{"line":67,"column":8},"end":{"line":67,"column":56}},"type":"binary-expr","locations":[{"start":{"line":67,"column":8},"end":{"line":67,"column":30}},{"start":{"line":67,"column":34},"end":{"line":67,"column":56}}]},"10":{"loc":{"start":{"line":75,"column":2},"end":{"line":81,"column":3}},"type":"if","locations":[{"start":{"line":75,"column":2},"end":{"line":81,"column":3}},{"start":{"line":78,"column":9},"end":{"line":81,"column":3}}]},"11":{"loc":{"start":{"line":75,"column":6},"end":{"line":75,"column":47}},"type":"binary-expr","locations":[{"start":{"line":75,"column":6},"end":{"line":75,"column":28}},{"start":{"line":75,"column":32},"end":{"line":75,"column":47}}]},"12":{"loc":{"start":{"line":78,"column":9},"end":{"line":81,"column":3}},"type":"if","locations":[{"start":{"line":78,"column":9},"end":{"line":81,"column":3}}]},"13":{"loc":{"start":{"line":78,"column":13},"end":{"line":78,"column":51}},"type":"binary-expr","locations":[{"start":{"line":78,"column":13},"end":{"line":78,"column":32}},{"start":{"line":78,"column":36},"end":{"line":78,"column":51}}]},"14":{"loc":{"start":{"line":84,"column":2},"end":{"line":87,"column":3}},"type":"if","locations":[{"start":{"line":84,"column":2},"end":{"line":87,"column":3}}]},"15":{"loc":{"start":{"line":84,"column":6},"end":{"line":84,"column":54}},"type":"binary-expr","locations":[{"start":{"line":84,"column":6},"end":{"line":84,"column":35}},{"start":{"line":84,"column":39},"end":{"line":84,"column":54}}]},"16":{"loc":{"start":{"line":94,"column":2},"end":{"line":103,"column":3}},"type":"switch","locations":[{"start":{"line":95,"column":4},"end":{"line":96,"column":21}},{"start":{"line":97,"column":4},"end":{"line":98,"column":23}},{"start":{"line":99,"column":4},"end":{"line":100,"column":20}},{"start":{"line":101,"column":4},"end":{"line":102,"column":23}}]}},"s":{"0":0,"1":0,"2":0,"3":0,"4":0,"5":0,"6":0,"7":0,"8":0,"9":0,"10":0,"11":0,"12":0,"13":0,"14":0,"15":0,"16":0,"17":0,"18":0,"19":0,"20":0,"21":0,"22":0,"23":0,"24":0,"25":0,"26":0,"27":0,"28":0,"29":0,"30":0,"31":0,"32":0,"33":0,"34":0,"35":0,"36":0,"37":0,"38":0,"39":0,"40":0,"41":0,"42":0,"43":0,"44":0,"45":0},"f":{"0":0,"1":0,"2":0,"3":0},"b":{"0":[0,0,0,0,0],"1":[0,0,0,0,0],"2":[0,0],"3":[0,0],"4":[0,0,0],"5":[0,0],"6":[0,0],"7":[0],"8":[0],"9":[0,0],"10":[0,0],"11":[0,0],"12":[0],"13":[0,0],"14":[0],"15":[0,0],"16":[0,0,0,0]}}
,"/Users/outsource/Documents/001_wOC/qa-web-system/src/lib/validations/media.ts": {"path":"/Users/outsource/Documents/001_wOC/qa-web-system/src/lib/validations/media.ts","statementMap":{"0":{"start":{"line":4,"column":37},"end":{"line":9,"column":2}},"1":{"start":{"line":12,"column":34},"end":{"line":16,"column":2}}},"fnMap":{},"branchMap":{},"s":{"0":0,"1":0},"f":{},"b":{}}
,"/Users/outsource/Documents/001_wOC/qa-web-system/src/lib/validations/project.ts": {"path":"/Users/outsource/Documents/001_wOC/qa-web-system/src/lib/validations/project.ts","statementMap":{"0":{"start":{"line":5,"column":35},"end":{"line":8,"column":2}},"1":{"start":{"line":11,"column":35},"end":{"line":14,"column":2}},"2":{"start":{"line":17,"column":38},"end":{"line":22,"column":2}},"3":{"start":{"line":20,"column":21},"end":{"line":20,"column":74}},"4":{"start":{"line":25,"column":45},"end":{"line":29,"column":2}},"5":{"start":{"line":27,"column":21},"end":{"line":27,"column":74}},"6":{"start":{"line":32,"column":38},"end":{"line":34,"column":2}},"7":{"start":{"line":37,"column":37},"end":{"line":46,"column":2}}},"fnMap":{"0":{"name":"(anonymous_0)","decl":{"start":{"line":20,"column":14},"end":{"line":20,"column":17}},"loc":{"start":{"line":20,"column":21},"end":{"line":20,"column":74}}},"1":{"name":"(anonymous_1)","decl":{"start":{"line":27,"column":14},"end":{"line":27,"column":17}},"loc":{"start":{"line":27,"column":21},"end":{"line":27,"column":74}}}},"branchMap":{},"s":{"0":0,"1":0,"2":0,"3":0,"4":0,"5":0,"6":0,"7":0},"f":{"0":0,"1":0},"b":{}}
,"/Users/outsource/Documents/001_wOC/qa-web-system/src/lib/validations/question.ts": {"path":"/Users/outsource/Documents/001_wOC/qa-web-system/src/lib/validations/question.ts","statementMap":{"0":{"start":{"line":5,"column":24},"end":{"line":12,"column":2}},"1":{"start":{"line":15,"column":25},"end":{"line":17,"column":2}},"2":{"start":{"line":20,"column":36},"end":{"line":34,"column":16}},"3":{"start":{"line":26,"column":21},"end":{"line":26,"column":82}},"4":{"start":{"line":37,"column":36},"end":{"line":46,"column":2}},"5":{"start":{"line":43,"column":21},"end":{"line":43,"column":82}},"6":{"start":{"line":49,"column":42},"end":{"line":53,"column":2}},"7":{"start":{"line":51,"column":21},"end":{"line":51,"column":100}},"8":{"start":{"line":56,"column":34},"end":{"line":66,"column":2}},"9":{"start":{"line":69,"column":34},"end":{"line":79,"column":2}},"10":{"start":{"line":82,"column":37},"end":{"line":88,"column":2}},"11":{"start":{"line":91,"column":38},"end":{"line":93,"column":2}}},"fnMap":{"0":{"name":"(anonymous_0)","decl":{"start":{"line":26,"column":14},"end":{"line":26,"column":17}},"loc":{"start":{"line":26,"column":21},"end":{"line":26,"column":82}}},"1":{"name":"(anonymous_1)","decl":{"start":{"line":43,"column":14},"end":{"line":43,"column":17}},"loc":{"start":{"line":43,"column":21},"end":{"line":43,"column":82}}},"2":{"name":"(anonymous_2)","decl":{"start":{"line":51,"column":14},"end":{"line":51,"column":17}},"loc":{"start":{"line":51,"column":21},"end":{"line":51,"column":100}}}},"branchMap":{},"s":{"0":0,"1":0,"2":0,"3":0,"4":0,"5":0,"6":0,"7":0,"8":0,"9":0,"10":0,"11":0},"f":{"0":0,"1":0,"2":0},"b":{}}
,"/Users/outsource/Documents/001_wOC/qa-web-system/src/mocks/auth.ts": {"path":"/Users/outsource/Documents/001_wOC/qa-web-system/src/mocks/auth.ts","statementMap":{"0":{"start":{"line":12,"column":19},"end":{"line":12,"column":260}},"1":{"start":{"line":15,"column":25},"end":{"line":43,"column":1}},"2":{"start":{"line":17,"column":2},"end":{"line":19,"column":3}},"3":{"start":{"line":18,"column":4},"end":{"line":18,"column":44}},"4":{"start":{"line":22,"column":2},"end":{"line":24,"column":3}},"5":{"start":{"line":23,"column":4},"end":{"line":23,"column":44}},"6":{"start":{"line":27,"column":15},"end":{"line":27,"column":81}},"7":{"start":{"line":27,"column":35},"end":{"line":27,"column":80}},"8":{"start":{"line":29,"column":2},"end":{"line":31,"column":3}},"9":{"start":{"line":30,"column":4},"end":{"line":30,"column":49}},"10":{"start":{"line":35,"column":2},"end":{"line":37,"column":3}},"11":{"start":{"line":36,"column":4},"end":{"line":36,"column":49}},"12":{"start":{"line":39,"column":2},"end":{"line":42,"column":4}},"13":{"start":{"line":46,"column":28},"end":{"line":75,"column":1}},"14":{"start":{"line":48,"column":2},"end":{"line":50,"column":3}},"15":{"start":{"line":49,"column":4},"end":{"line":49,"column":44}},"16":{"start":{"line":53,"column":2},"end":{"line":55,"column":3}},"17":{"start":{"line":54,"column":4},"end":{"line":54,"column":44}},"18":{"start":{"line":58,"column":2},"end":{"line":60,"column":3}},"19":{"start":{"line":58,"column":26},"end":{"line":58,"column":71}},"20":{"start":{"line":59,"column":4},"end":{"line":59,"column":45}},"21":{"start":{"line":63,"column":28},"end":{"line":69,"column":4}},"22":{"start":{"line":71,"column":2},"end":{"line":74,"column":4}},"23":{"start":{"line":78,"column":40},"end":{"line":89,"column":1}},"24":{"start":{"line":80,"column":2},"end":{"line":82,"column":3}},"25":{"start":{"line":81,"column":4},"end":{"line":81,"column":44}},"26":{"start":{"line":85,"column":2},"end":{"line":88,"column":4}},"27":{"start":{"line":92,"column":33},"end":{"line":107,"column":1}},"28":{"start":{"line":94,"column":2},"end":{"line":96,"column":3}},"29":{"start":{"line":95,"column":4},"end":{"line":95,"column":34}},"30":{"start":{"line":99,"column":2},"end":{"line":101,"column":3}},"31":{"start":{"line":100,"column":4},"end":{"line":100,"column":44}},"32":{"start":{"line":103,"column":2},"end":{"line":106,"column":4}}},"fnMap":{"0":{"name":"(anonymous_0)","decl":{"start":{"line":15,"column":25},"end":{"line":15,"column":26}},"loc":{"start":{"line":15,"column":79},"end":{"line":43,"column":1}}},"1":{"name":"(anonymous_1)","decl":{"start":{"line":27,"column":30},"end":{"line":27,"column":31}},"loc":{"start":{"line":27,"column":35},"end":{"line":27,"column":80}}},"2":{"name":"(anonymous_2)","decl":{"start":{"line":46,"column":28},"end":{"line":46,"column":29}},"loc":{"start":{"line":46,"column":97},"end":{"line":75,"column":1}}},"3":{"name":"(anonymous_3)","decl":{"start":{"line":58,"column":21},"end":{"line":58,"column":22}},"loc":{"start":{"line":58,"column":26},"end":{"line":58,"column":71}}},"4":{"name":"(anonymous_4)","decl":{"start":{"line":78,"column":40},"end":{"line":78,"column":41}},"loc":{"start":{"line":78,"column":76},"end":{"line":89,"column":1}}},"5":{"name":"(anonymous_5)","decl":{"start":{"line":92,"column":33},"end":{"line":92,"column":34}},"loc":{"start":{"line":92,"column":90},"end":{"line":107,"column":1}}}},"branchMap":{"0":{"loc":{"start":{"line":17,"column":2},"end":{"line":19,"column":3}},"type":"if","locations":[{"start":{"line":17,"column":2},"end":{"line":19,"column":3}}]},"1":{"loc":{"start":{"line":17,"column":6},"end":{"line":17,"column":36}},"type":"binary-expr","locations":[{"start":{"line":17,"column":6},"end":{"line":17,"column":12}},{"start":{"line":17,"column":16},"end":{"line":17,"column":36}}]},"2":{"loc":{"start":{"line":22,"column":2},"end":{"line":24,"column":3}},"type":"if","locations":[{"start":{"line":22,"column":2},"end":{"line":24,"column":3}}]},"3":{"loc":{"start":{"line":22,"column":6},"end":{"line":22,"column":38}},"type":"binary-expr","locations":[{"start":{"line":22,"column":6},"end":{"line":22,"column":15}},{"start":{"line":22,"column":19},"end":{"line":22,"column":38}}]},"4":{"loc":{"start":{"line":29,"column":2},"end":{"line":31,"column":3}},"type":"if","locations":[{"start":{"line":29,"column":2},"end":{"line":31,"column":3}}]},"5":{"loc":{"start":{"line":35,"column":2},"end":{"line":37,"column":3}},"type":"if","locations":[{"start":{"line":35,"column":2},"end":{"line":37,"column":3}}]},"6":{"loc":{"start":{"line":48,"column":2},"end":{"line":50,"column":3}},"type":"if","locations":[{"start":{"line":48,"column":2},"end":{"line":50,"column":3}}]},"7":{"loc":{"start":{"line":48,"column":6},"end":{"line":48,"column":36}},"type":"binary-expr","locations":[{"start":{"line":48,"column":6},"end":{"line":48,"column":12}},{"start":{"line":48,"column":16},"end":{"line":48,"column":36}}]},"8":{"loc":{"start":{"line":53,"column":2},"end":{"line":55,"column":3}},"type":"if","locations":[{"start":{"line":53,"column":2},"end":{"line":55,"column":3}}]},"9":{"loc":{"start":{"line":53,"column":6},"end":{"line":53,"column":38}},"type":"binary-expr","locations":[{"start":{"line":53,"column":6},"end":{"line":53,"column":15}},{"start":{"line":53,"column":19},"end":{"line":53,"column":38}}]},"10":{"loc":{"start":{"line":58,"column":2},"end":{"line":60,"column":3}},"type":"if","locations":[{"start":{"line":58,"column":2},"end":{"line":60,"column":3}}]},"11":{"loc":{"start":{"line":66,"column":10},"end":{"line":66,"column":37}},"type":"binary-expr","locations":[{"start":{"line":66,"column":10},"end":{"line":66,"column":14}},{"start":{"line":66,"column":18},"end":{"line":66,"column":37}}]},"12":{"loc":{"start":{"line":80,"column":2},"end":{"line":82,"column":3}},"type":"if","locations":[{"start":{"line":80,"column":2},"end":{"line":82,"column":3}}]},"13":{"loc":{"start":{"line":80,"column":6},"end":{"line":80,"column":36}},"type":"binary-expr","locations":[{"start":{"line":80,"column":6},"end":{"line":80,"column":12}},{"start":{"line":80,"column":16},"end":{"line":80,"column":36}}]},"14":{"loc":{"start":{"line":94,"column":2},"end":{"line":96,"column":3}},"type":"if","locations":[{"start":{"line":94,"column":2},"end":{"line":96,"column":3}}]},"15":{"loc":{"start":{"line":94,"column":6},"end":{"line":94,"column":33}},"type":"binary-expr","locations":[{"start":{"line":94,"column":6},"end":{"line":94,"column":12}},{"start":{"line":94,"column":16},"end":{"line":94,"column":33}}]},"16":{"loc":{"start":{"line":99,"column":2},"end":{"line":101,"column":3}},"type":"if","locations":[{"start":{"line":99,"column":2},"end":{"line":101,"column":3}}]},"17":{"loc":{"start":{"line":99,"column":6},"end":{"line":99,"column":44}},"type":"binary-expr","locations":[{"start":{"line":99,"column":6},"end":{"line":99,"column":18}},{"start":{"line":99,"column":22},"end":{"line":99,"column":44}}]}},"s":{"0":0,"1":0,"2":0,"3":0,"4":0,"5":0,"6":0,"7":0,"8":0,"9":0,"10":0,"11":0,"12":0,"13":0,"14":0,"15":0,"16":0,"17":0,"18":0,"19":0,"20":0,"21":0,"22":0,"23":0,"24":0,"25":0,"26":0,"27":0,"28":0,"29":0,"30":0,"31":0,"32":0},"f":{"0":0,"1":0,"2":0,"3":0,"4":0,"5":0},"b":{"0":[0],"1":[0,0],"2":[0],"3":[0,0],"4":[0],"5":[0],"6":[0],"7":[0,0],"8":[0],"9":[0,0],"10":[0],"11":[0,0],"12":[0],"13":[0,0],"14":[0],"15":[0,0],"16":[0],"17":[0,0]}}
,"/Users/outsource/Documents/001_wOC/qa-web-system/src/mocks/dashboard.ts": {"path":"/Users/outsource/Documents/001_wOC/qa-web-system/src/mocks/dashboard.ts","statementMap":{"0":{"start":{"line":39,"column":52},"end":{"line":105,"column":2}}},"fnMap":{},"branchMap":{},"s":{"0":0},"f":{},"b":{}}
,"/Users/outsource/Documents/001_wOC/qa-web-system/src/mocks/notifications.ts": {"path":"/Users/outsource/Documents/001_wOC/qa-web-system/src/mocks/notifications.ts","statementMap":{"0":{"start":{"line":1,"column":0},"end":{"line":1,"column":null}},"1":{"start":{"line":2,"column":2},"end":{"line":2,"column":null}},"2":{"start":{"line":3,"column":2},"end":{"line":3,"column":null}},"3":{"start":{"line":4,"column":2},"end":{"line":4,"column":null}},"4":{"start":{"line":5,"column":2},"end":{"line":5,"column":null}},"5":{"start":{"line":6,"column":2},"end":{"line":6,"column":null}},"6":{"start":{"line":20,"column":16},"end":{"line":24,"column":1}},"7":{"start":{"line":21,"column":15},"end":{"line":21,"column":25}},"8":{"start":{"line":22,"column":2},"end":{"line":22,"column":38}},"9":{"start":{"line":23,"column":2},"end":{"line":23,"column":28}},"10":{"start":{"line":26,"column":53},"end":{"line":90,"column":2}},"11":{"start":{"line":93,"column":40},"end":{"line":120,"column":1}},"12":{"start":{"line":98,"column":22},"end":{"line":98,"column":44}},"13":{"start":{"line":101,"column":2},"end":{"line":103,"column":3}},"14":{"start":{"line":102,"column":4},"end":{"line":102,"column":57}},"15":{"start":{"line":102,"column":46},"end":{"line":102,"column":55}},"16":{"start":{"line":106,"column":19},"end":{"line":106,"column":37}},"17":{"start":{"line":107,"column":17},"end":{"line":107,"column":33}},"18":{"start":{"line":108,"column":33},"end":{"line":108,"column":70}},"19":{"start":{"line":111,"column":22},"end":{"line":111,"column":69}},"20":{"start":{"line":111,"column":52},"end":{"line":111,"column":61}},"21":{"start":{"line":113,"column":2},"end":{"line":119,"column":4}}},"fnMap":{"0":{"name":"(anonymous_0)","decl":{"start":{"line":1,"column":0},"end":{"line":1,"column":6}},"loc":{"start":{"line":1,"column":28},"end":{"line":7,"column":1}}},"1":{"name":"(anonymous_1)","decl":{"start":{"line":20,"column":16},"end":{"line":20,"column":17}},"loc":{"start":{"line":20,"column":33},"end":{"line":24,"column":1}}},"2":{"name":"(anonymous_2)","decl":{"start":{"line":93,"column":40},"end":{"line":93,"column":null}},"loc":{"start":{"line":97,"column":4},"end":{"line":120,"column":1}}},"3":{"name":"(anonymous_3)","decl":{"start":{"line":102,"column":41},"end":{"line":102,"column":42}},"loc":{"start":{"line":102,"column":46},"end":{"line":102,"column":55}}},"4":{"name":"(anonymous_4)","decl":{"start":{"line":111,"column":47},"end":{"line":111,"column":48}},"loc":{"start":{"line":111,"column":52},"end":{"line":111,"column":61}}}},"branchMap":{"0":{"loc":{"start":{"line":1,"column":12},"end":{"line":1,"column":null}},"type":"binary-expr","locations":[{"start":{"line":1,"column":12},"end":{"line":1,"column":28}},{"start":{"line":1,"column":12},"end":{"line":1,"column":null}}]},"1":{"loc":{"start":{"line":94,"column":2},"end":{"line":94,"column":18}},"type":"default-arg","locations":[{"start":{"line":94,"column":17},"end":{"line":94,"column":18}}]},"2":{"loc":{"start":{"line":95,"column":2},"end":{"line":95,"column":20}},"type":"default-arg","locations":[{"start":{"line":95,"column":18},"end":{"line":95,"column":20}}]},"3":{"loc":{"start":{"line":96,"column":2},"end":{"line":96,"column":29}},"type":"default-arg","locations":[{"start":{"line":96,"column":24},"end":{"line":96,"column":29}}]},"4":{"loc":{"start":{"line":101,"column":2},"end":{"line":103,"column":3}},"type":"if","locations":[{"start":{"line":101,"column":2},"end":{"line":103,"column":3}}]}},"s":{"0":0,"1":0,"2":0,"3":0,"4":0,"5":0,"6":0,"7":0,"8":0,"9":0,"10":0,"11":0,"12":0,"13":0,"14":0,"15":0,"16":0,"17":0,"18":0,"19":0,"20":0,"21":0},"f":{"0":0,"1":0,"2":0,"3":0,"4":0},"b":{"0":[0,0],"1":[0],"2":[0],"3":[0],"4":[0]}}
,"/Users/outsource/Documents/001_wOC/qa-web-system/src/mocks/projects.ts": {"path":"/Users/outsource/Documents/001_wOC/qa-web-system/src/mocks/projects.ts","statementMap":{"0":{"start":{"line":26,"column":28},"end":{"line":131,"column":2}}},"fnMap":{},"branchMap":{},"s":{"0":0},"f":{},"b":{}}
,"/Users/outsource/Documents/001_wOC/qa-web-system/src/mocks/questions.ts": {"path":"/Users/outsource/Documents/001_wOC/qa-web-system/src/mocks/questions.ts","statementMap":{"0":{"start":{"line":49,"column":45},"end":{"line":220,"column":2}}},"fnMap":{},"branchMap":{},"s":{"0":0},"f":{},"b":{}}
,"/Users/outsource/Documents/001_wOC/qa-web-system/src/mocks/users.ts": {"path":"/Users/outsource/Documents/001_wOC/qa-web-system/src/mocks/users.ts","statementMap":{"0":{"start":{"line":10,"column":37},"end":{"line":51,"column":2}},"1":{"start":{"line":54,"column":22},"end":{"line":54,"column":34}},"2":{"start":{"line":57,"column":32},"end":{"line":68,"column":2}}},"fnMap":{},"branchMap":{},"s":{"0":0,"1":0,"2":0},"f":{},"b":{}}
}
