{"/Users/outsource/Documents/001_wOC/qa-web-system/src/middleware.ts": {"path":"/Users/outsource/Documents/001_wOC/qa-web-system/src/middleware.ts","statementMap":{"0":{"start":{"line":22,"column":0},"end":{"line":22,"column":16}},"1":{"start":{"line":1,"column":0},"end":{"line":1,"column":43}},"2":{"start":{"line":3,"column":0},"end":{"line":3,"column":61}},"3":{"start":{"line":6,"column":28},"end":{"line":13,"column":2}},"4":{"start":{"line":16,"column":21},"end":{"line":20,"column":2}},"5":{"start":{"line":23,"column":23},"end":{"line":23,"column":39}},"6":{"start":{"line":26,"column":2},"end":{"line":28,"column":3}},"7":{"start":{"line":27,"column":4},"end":{"line":27,"column":31}},"8":{"start":{"line":31,"column":2},"end":{"line":33,"column":3}},"9":{"start":{"line":31,"column":32},"end":{"line":31,"column":58}},"10":{"start":{"line":32,"column":4},"end":{"line":32,"column":31}},"11":{"start":{"line":36,"column":2},"end":{"line":38,"column":3}},"12":{"start":{"line":36,"column":40},"end":{"line":36,"column":66}},"13":{"start":{"line":37,"column":4},"end":{"line":37,"column":31}},"14":{"start":{"line":41,"column":24},"end":{"line":41,"column":60}},"15":{"start":{"line":42,"column":16},"end":{"line":42,"column":55}},"16":{"start":{"line":44,"column":2},"end":{"line":49,"column":3}},"17":{"start":{"line":45,"column":4},"end":{"line":48,"column":6}},"18":{"start":{"line":52,"column":18},"end":{"line":52,"column":36}},"19":{"start":{"line":53,"column":2},"end":{"line":58,"column":3}},"20":{"start":{"line":54,"column":4},"end":{"line":57,"column":6}},"21":{"start":{"line":61,"column":25},"end":{"line":61,"column":53}},"22":{"start":{"line":62,"column":2},"end":{"line":62,"column":50}},"23":{"start":{"line":63,"column":2},"end":{"line":63,"column":52}},"24":{"start":{"line":64,"column":2},"end":{"line":64,"column":50}},"25":{"start":{"line":66,"column":2},"end":{"line":70,"column":5}},"26":{"start":{"line":73,"column":13},"end":{"line":75,"column":2}}},"fnMap":{"0":{"name":"middleware","decl":{"start":{"line":22,"column":16},"end":{"line":22,"column":26}},"loc":{"start":{"line":22,"column":47},"end":{"line":71,"column":1}}},"1":{"name":"(anonymous_1)","decl":{"start":{"line":31,"column":24},"end":{"line":31,"column":28}},"loc":{"start":{"line":31,"column":28},"end":{"line":31,"column":40}}},"2":{"name":"(anonymous_2)","decl":{"start":{"line":36,"column":32},"end":{"line":36,"column":36}},"loc":{"start":{"line":36,"column":36},"end":{"line":36,"column":48}}}},"branchMap":{"0":{"loc":{"start":{"line":26,"column":2},"end":{"line":28,"column":3}},"type":"if","locations":[{"start":{"line":26,"column":2},"end":{"line":28,"column":3}}]},"1":{"loc":{"start":{"line":31,"column":2},"end":{"line":33,"column":3}},"type":"if","locations":[{"start":{"line":31,"column":2},"end":{"line":33,"column":3}}]},"2":{"loc":{"start":{"line":36,"column":2},"end":{"line":38,"column":3}},"type":"if","locations":[{"start":{"line":36,"column":2},"end":{"line":38,"column":3}}]},"3":{"loc":{"start":{"line":42,"column":35},"end":{"line":42,"column":54}},"type":"binary-expr","locations":[{"start":{"line":42,"column":35},"end":{"line":42,"column":48}},{"start":{"line":42,"column":52},"end":{"line":42,"column":54}}]},"4":{"loc":{"start":{"line":44,"column":2},"end":{"line":49,"column":3}},"type":"if","locations":[{"start":{"line":44,"column":2},"end":{"line":49,"column":3}}]},"5":{"loc":{"start":{"line":53,"column":2},"end":{"line":58,"column":3}},"type":"if","locations":[{"start":{"line":53,"column":2},"end":{"line":58,"column":3}}]}},"s":{"0":0,"1":0,"2":0,"3":0,"4":0,"5":0,"6":0,"7":0,"8":0,"9":0,"10":0,"11":0,"12":0,"13":0,"14":0,"15":0,"16":0,"17":0,"18":0,"19":0,"20":0,"21":0,"22":0,"23":0,"24":0,"25":0,"26":0},"f":{"0":0,"1":0,"2":0},"b":{"0":[0],"1":[0],"2":[0],"3":[0,0],"4":[0],"5":[0]}}
,"/Users/outsource/Documents/001_wOC/qa-web-system/src/__tests__/utils/test-helpers.ts": {"path":"/Users/outsource/Documents/001_wOC/qa-web-system/src/__tests__/utils/test-helpers.ts","statementMap":{"0":{"start":{"line":8,"column":0},"end":{"line":8,"column":16}},"1":{"start":{"line":25,"column":0},"end":{"line":25,"column":16}},"2":{"start":{"line":55,"column":0},"end":{"line":55,"column":16}},"3":{"start":{"line":81,"column":0},"end":{"line":81,"column":16}},"4":{"start":{"line":109,"column":0},"end":{"line":109,"column":16}},"5":{"start":{"line":1,"column":0},"end":{"line":1,"column":56}},"6":{"start":{"line":2,"column":0},"end":{"line":2,"column":31}},"7":{"start":{"line":3,"column":0},"end":{"line":3,"column":38}},"8":{"start":{"line":9,"column":2},"end":{"line":9,"column":null}},"9":{"start":{"line":10,"column":2},"end":{"line":10,"column":null}},"10":{"start":{"line":11,"column":2},"end":{"line":11,"column":null}},"11":{"start":{"line":13,"column":18},"end":{"line":17,"column":4}},"12":{"start":{"line":19,"column":2},"end":{"line":19,"column":86}},"13":{"start":{"line":26,"column":2},"end":{"line":26,"column":null}},"14":{"start":{"line":27,"column":2},"end":{"line":27,"column":null}},"15":{"start":{"line":28,"column":2},"end":{"line":28,"column":null}},"16":{"start":{"line":32,"column":25},"end":{"line":32,"column":38}},"17":{"start":{"line":33,"column":2},"end":{"line":35,"column":5}},"18":{"start":{"line":33,"column":39},"end":{"line":33,"column":41}},"19":{"start":{"line":33,"column":46},"end":{"line":33,"column":47}},"20":{"start":{"line":34,"column":4},"end":{"line":34,"column":35}},"21":{"start":{"line":38,"column":18},"end":{"line":41,"column":4}},"22":{"start":{"line":44,"column":2},"end":{"line":47,"column":3}},"23":{"start":{"line":46,"column":4},"end":{"line":46,"column":53}},"24":{"start":{"line":49,"column":2},"end":{"line":49,"column":17}},"25":{"start":{"line":56,"column":2},"end":{"line":56,"column":null}},"26":{"start":{"line":57,"column":2},"end":{"line":57,"column":null}},"27":{"start":{"line":58,"column":2},"end":{"line":58,"column":null}},"28":{"start":{"line":59,"column":2},"end":{"line":59,"column":null}},"29":{"start":{"line":60,"column":2},"end":{"line":60,"column":null}},"30":{"start":{"line":63,"column":16},"end":{"line":63,"column":54}},"31":{"start":{"line":65,"column":2},"end":{"line":75,"column":4}},"32":{"start":{"line":83,"column":29},"end":{"line":83,"column":46}},"33":{"start":{"line":86,"column":2},"end":{"line":103,"column":4}},"34":{"start":{"line":89,"column":23},"end":{"line":89,"column":53}},"35":{"start":{"line":92,"column":6},"end":{"line":99,"column":9}},"36":{"start":{"line":94,"column":21},"end":{"line":94,"column":null}},"37":{"start":{"line":97,"column":21},"end":{"line":97,"column":null}},"38":{"start":{"line":101,"column":6},"end":{"line":101,"column":22}},"39":{"start":{"line":110,"column":2},"end":{"line":110,"column":25}}},"fnMap":{"0":{"name":"generateTestToken","decl":{"start":{"line":8,"column":16},"end":{"line":8,"column":33}},"loc":{"start":{"line":11,"column":26},"end":{"line":20,"column":1}}},"1":{"name":"createMockRequest","decl":{"start":{"line":25,"column":16},"end":{"line":25,"column":33}},"loc":{"start":{"line":29,"column":12},"end":{"line":50,"column":1}}},"2":{"name":"(anonymous_3)","decl":{"start":{"line":33,"column":34},"end":{"line":33,"column":35}},"loc":{"start":{"line":33,"column":47},"end":{"line":35,"column":3}}},"3":{"name":"createAuthenticatedRequest","decl":{"start":{"line":55,"column":16},"end":{"line":55,"column":42}},"loc":{"start":{"line":61,"column":12},"end":{"line":76,"column":1}}},"4":{"name":"mockNextResponseJson","decl":{"start":{"line":81,"column":16},"end":{"line":81,"column":36}},"loc":{"start":{"line":81,"column":36},"end":{"line":104,"column":1}}},"5":{"name":"(anonymous_6)","decl":{"start":{"line":87,"column":4},"end":{"line":87,"column":5}},"loc":{"start":{"line":87,"column":35},"end":{"line":102,"column":5}}},"6":{"name":"(anonymous_7)","decl":{"start":{"line":94,"column":15},"end":{"line":94,"column":21}},"loc":{"start":{"line":94,"column":15},"end":{"line":94,"column":25}}},"7":{"name":"(anonymous_8)","decl":{"start":{"line":97,"column":15},"end":{"line":97,"column":21}},"loc":{"start":{"line":97,"column":15},"end":{"line":97,"column":25}}},"8":{"name":"resetMocks","decl":{"start":{"line":109,"column":16},"end":{"line":109,"column":26}},"loc":{"start":{"line":109,"column":26},"end":{"line":111,"column":1}}}},"branchMap":{"0":{"loc":{"start":{"line":9,"column":2},"end":{"line":9,"column":null}},"type":"if","locations":[{"start":{"line":9,"column":2},"end":{"line":9,"column":null}}]},"1":{"loc":{"start":{"line":10,"column":2},"end":{"line":10,"column":null}},"type":"if","locations":[{"start":{"line":10,"column":2},"end":{"line":10,"column":null}}]},"2":{"loc":{"start":{"line":11,"column":2},"end":{"line":11,"column":null}},"type":"if","locations":[{"start":{"line":11,"column":2},"end":{"line":11,"column":null}}]},"3":{"loc":{"start":{"line":26,"column":2},"end":{"line":26,"column":null}},"type":"if","locations":[{"start":{"line":26,"column":2},"end":{"line":26,"column":null}}]},"4":{"loc":{"start":{"line":27,"column":2},"end":{"line":27,"column":null}},"type":"if","locations":[{"start":{"line":27,"column":2},"end":{"line":27,"column":null}}]},"5":{"loc":{"start":{"line":28,"column":2},"end":{"line":28,"column":null}},"type":"if","locations":[{"start":{"line":28,"column":2},"end":{"line":28,"column":null}}]},"6":{"loc":{"start":{"line":44,"column":2},"end":{"line":47,"column":3}},"type":"if","locations":[{"start":{"line":44,"column":2},"end":{"line":47,"column":3}}]},"7":{"loc":{"start":{"line":56,"column":2},"end":{"line":56,"column":null}},"type":"if","locations":[{"start":{"line":56,"column":2},"end":{"line":56,"column":null}}]},"8":{"loc":{"start":{"line":57,"column":2},"end":{"line":57,"column":null}},"type":"if","locations":[{"start":{"line":57,"column":2},"end":{"line":57,"column":null}}]},"9":{"loc":{"start":{"line":58,"column":2},"end":{"line":58,"column":null}},"type":"if","locations":[{"start":{"line":58,"column":2},"end":{"line":58,"column":null}}]},"10":{"loc":{"start":{"line":59,"column":2},"end":{"line":59,"column":null}},"type":"if","locations":[{"start":{"line":59,"column":2},"end":{"line":59,"column":null}}]},"11":{"loc":{"start":{"line":60,"column":2},"end":{"line":60,"column":null}},"type":"if","locations":[{"start":{"line":60,"column":2},"end":{"line":60,"column":null}}]},"12":{"loc":{"start":{"line":94,"column":21},"end":{"line":94,"column":40}},"type":"binary-expr","locations":[{"start":{"line":94,"column":21},"end":{"line":94,"column":33}},{"start":{"line":94,"column":37},"end":{"line":94,"column":40}}]},"13":{"loc":{"start":{"line":94,"column":21},"end":{"line":94,"column":33}},"type":"cond-expr","locations":[{"start":{"line":94,"column":25},"end":{"line":94,"column":27}},{"start":{"line":94,"column":21},"end":{"line":94,"column":33}}]},"14":{"loc":{"start":{"line":94,"column":21},"end":{"line":94,"column":27}},"type":"binary-expr","locations":[{"start":{"line":94,"column":21},"end":{"line":94,"column":27}},{"start":{"line":94,"column":21},"end":{"line":94,"column":27}}]}},"s":{"0":0,"1":0,"2":0,"3":0,"4":0,"5":0,"6":0,"7":0,"8":0,"9":0,"10":0,"11":0,"12":0,"13":0,"14":0,"15":0,"16":0,"17":0,"18":0,"19":0,"20":0,"21":0,"22":0,"23":0,"24":0,"25":0,"26":0,"27":0,"28":0,"29":0,"30":0,"31":0,"32":0,"33":0,"34":0,"35":0,"36":0,"37":0,"38":0,"39":0},"f":{"0":0,"1":0,"2":0,"3":0,"4":0,"5":0,"6":0,"7":0,"8":0},"b":{"0":[0],"1":[0],"2":[0],"3":[0],"4":[0],"5":[0],"6":[0],"7":[0],"8":[0],"9":[0],"10":[0],"11":[0],"12":[0,0],"13":[0,0],"14":[0,0]}}
,"/Users/outsource/Documents/001_wOC/qa-web-system/src/app/api/auth/login/route.ts": {"path":"/Users/outsource/Documents/001_wOC/qa-web-system/src/app/api/auth/login/route.ts","statementMap":{"0":{"start":{"line":5,"column":0},"end":{"line":5,"column":22}},"1":{"start":{"line":1,"column":0},"end":{"line":1,"column":43}},"2":{"start":{"line":2,"column":0},"end":{"line":2,"column":59}},"3":{"start":{"line":3,"column":0},"end":{"line":3,"column":30}},"4":{"start":{"line":7,"column":17},"end":{"line":7,"column":null}},"5":{"start":{"line":7,"column":10},"end":{"line":7,"column":null}},"6":{"start":{"line":8,"column":12},"end":{"line":8,"column":32}},"7":{"start":{"line":11,"column":4},"end":{"line":13,"column":5}},"8":{"start":{"line":12,"column":6},"end":{"line":12,"column":81}},"9":{"start":{"line":16,"column":17},"end":{"line":18,"column":null}},"10":{"start":{"line":16,"column":10},"end":{"line":18,"column":null}},"11":{"start":{"line":20,"column":4},"end":{"line":22,"column":5}},"12":{"start":{"line":21,"column":6},"end":{"line":21,"column":87}},"13":{"start":{"line":25,"column":28},"end":{"line":25,"column":null}},"14":{"start":{"line":25,"column":10},"end":{"line":25,"column":null}},"15":{"start":{"line":26,"column":4},"end":{"line":28,"column":5}},"16":{"start":{"line":27,"column":6},"end":{"line":27,"column":87}},"17":{"start":{"line":31,"column":10},"end":{"line":31,"column":38}},"18":{"start":{"line":34,"column":10},"end":{"line":39,"column":6}},"19":{"start":{"line":41,"column":4},"end":{"line":45,"column":7}},"20":{"start":{"line":47,"column":4},"end":{"line":47,"column":37}},"21":{"start":{"line":48,"column":4},"end":{"line":51,"column":6}}},"fnMap":{"0":{"name":"POST","decl":{"start":{"line":5,"column":22},"end":{"line":5,"column":26}},"loc":{"start":{"line":5,"column":43},"end":{"line":53,"column":null}}}},"branchMap":{"0":{"loc":{"start":{"line":11,"column":4},"end":{"line":13,"column":5}},"type":"if","locations":[{"start":{"line":11,"column":4},"end":{"line":13,"column":5}}]},"1":{"loc":{"start":{"line":11,"column":8},"end":{"line":11,"column":27}},"type":"binary-expr","locations":[{"start":{"line":11,"column":8},"end":{"line":11,"column":14}},{"start":{"line":11,"column":18},"end":{"line":11,"column":27}}]},"2":{"loc":{"start":{"line":20,"column":4},"end":{"line":22,"column":5}},"type":"if","locations":[{"start":{"line":20,"column":4},"end":{"line":22,"column":5}}]},"3":{"loc":{"start":{"line":26,"column":4},"end":{"line":28,"column":5}},"type":"if","locations":[{"start":{"line":26,"column":4},"end":{"line":28,"column":5}}]}},"s":{"0":0,"1":0,"2":0,"3":0,"4":0,"5":0,"6":0,"7":0,"8":0,"9":0,"10":0,"11":0,"12":0,"13":0,"14":0,"15":0,"16":0,"17":0,"18":0,"19":0,"20":0,"21":0},"f":{"0":0},"b":{"0":[0],"1":[0,0],"2":[0],"3":[0]}}
,"/Users/outsource/Documents/001_wOC/qa-web-system/src/app/api/auth/register/route.ts": {"path":"/Users/outsource/Documents/001_wOC/qa-web-system/src/app/api/auth/register/route.ts","statementMap":{"0":{"start":{"line":5,"column":0},"end":{"line":5,"column":22}},"1":{"start":{"line":1,"column":0},"end":{"line":1,"column":43}},"2":{"start":{"line":2,"column":0},"end":{"line":2,"column":42}},"3":{"start":{"line":3,"column":0},"end":{"line":3,"column":30}},"4":{"start":{"line":7,"column":17},"end":{"line":7,"column":null}},"5":{"start":{"line":7,"column":10},"end":{"line":7,"column":null}},"6":{"start":{"line":8,"column":12},"end":{"line":8,"column":38}},"7":{"start":{"line":11,"column":4},"end":{"line":13,"column":5}},"8":{"start":{"line":12,"column":6},"end":{"line":12,"column":81}},"9":{"start":{"line":16,"column":10},"end":{"line":16,"column":52}},"10":{"start":{"line":17,"column":4},"end":{"line":19,"column":5}},"11":{"start":{"line":18,"column":6},"end":{"line":18,"column":82}},"12":{"start":{"line":22,"column":4},"end":{"line":24,"column":5}},"13":{"start":{"line":23,"column":6},"end":{"line":23,"column":84}},"14":{"start":{"line":27,"column":25},"end":{"line":29,"column":null}},"15":{"start":{"line":27,"column":10},"end":{"line":29,"column":null}},"16":{"start":{"line":31,"column":4},"end":{"line":33,"column":5}},"17":{"start":{"line":32,"column":6},"end":{"line":32,"column":83}},"18":{"start":{"line":36,"column":27},"end":{"line":36,"column":null}},"19":{"start":{"line":36,"column":10},"end":{"line":36,"column":null}},"20":{"start":{"line":39,"column":20},"end":{"line":52,"column":null}},"21":{"start":{"line":39,"column":10},"end":{"line":52,"column":null}},"22":{"start":{"line":54,"column":4},"end":{"line":57,"column":6}},"23":{"start":{"line":59,"column":4},"end":{"line":59,"column":39}},"24":{"start":{"line":60,"column":4},"end":{"line":63,"column":6}}},"fnMap":{"0":{"name":"POST","decl":{"start":{"line":5,"column":22},"end":{"line":5,"column":26}},"loc":{"start":{"line":5,"column":43},"end":{"line":65,"column":null}}}},"branchMap":{"0":{"loc":{"start":{"line":11,"column":4},"end":{"line":13,"column":5}},"type":"if","locations":[{"start":{"line":11,"column":4},"end":{"line":13,"column":5}}]},"1":{"loc":{"start":{"line":11,"column":8},"end":{"line":11,"column":27}},"type":"binary-expr","locations":[{"start":{"line":11,"column":8},"end":{"line":11,"column":14}},{"start":{"line":11,"column":18},"end":{"line":11,"column":27}}]},"2":{"loc":{"start":{"line":17,"column":4},"end":{"line":19,"column":5}},"type":"if","locations":[{"start":{"line":17,"column":4},"end":{"line":19,"column":5}}]},"3":{"loc":{"start":{"line":22,"column":4},"end":{"line":24,"column":5}},"type":"if","locations":[{"start":{"line":22,"column":4},"end":{"line":24,"column":5}}]},"4":{"loc":{"start":{"line":31,"column":4},"end":{"line":33,"column":5}},"type":"if","locations":[{"start":{"line":31,"column":4},"end":{"line":33,"column":5}}]},"5":{"loc":{"start":{"line":43,"column":14},"end":{"line":43,"column":26}},"type":"binary-expr","locations":[{"start":{"line":43,"column":14},"end":{"line":43,"column":18}},{"start":{"line":43,"column":22},"end":{"line":43,"column":26}}]}},"s":{"0":0,"1":0,"2":0,"3":0,"4":0,"5":0,"6":0,"7":0,"8":0,"9":0,"10":0,"11":0,"12":0,"13":0,"14":0,"15":0,"16":0,"17":0,"18":0,"19":0,"20":0,"21":0,"22":0,"23":0,"24":0},"f":{"0":0},"b":{"0":[0],"1":[0,0],"2":[0],"3":[0],"4":[0],"5":[0,0]}}
,"/Users/outsource/Documents/001_wOC/qa-web-system/src/app/api/auth/reset-password/route.ts": {"path":"/Users/outsource/Documents/001_wOC/qa-web-system/src/app/api/auth/reset-password/route.ts","statementMap":{"0":{"start":{"line":7,"column":0},"end":{"line":7,"column":22}},"1":{"start":{"line":53,"column":0},"end":{"line":53,"column":22}},"2":{"start":{"line":1,"column":0},"end":{"line":1,"column":43}},"3":{"start":{"line":2,"column":0},"end":{"line":2,"column":42}},"4":{"start":{"line":3,"column":0},"end":{"line":3,"column":30}},"5":{"start":{"line":4,"column":0},"end":{"line":4,"column":28}},"6":{"start":{"line":9,"column":17},"end":{"line":9,"column":null}},"7":{"start":{"line":9,"column":10},"end":{"line":9,"column":null}},"8":{"start":{"line":10,"column":12},"end":{"line":10,"column":22}},"9":{"start":{"line":12,"column":4},"end":{"line":14,"column":5}},"10":{"start":{"line":13,"column":6},"end":{"line":13,"column":75}},"11":{"start":{"line":17,"column":17},"end":{"line":19,"column":null}},"12":{"start":{"line":17,"column":10},"end":{"line":19,"column":null}},"13":{"start":{"line":21,"column":4},"end":{"line":24,"column":5}},"14":{"start":{"line":23,"column":6},"end":{"line":23,"column":71}},"15":{"start":{"line":27,"column":10},"end":{"line":27,"column":62}},"16":{"start":{"line":28,"column":10},"end":{"line":28,"column":35}},"17":{"start":{"line":29,"column":4},"end":{"line":29,"column":53}},"18":{"start":{"line":35,"column":4},"end":{"line":42,"column":7}},"19":{"start":{"line":44,"column":4},"end":{"line":44,"column":42}},"20":{"start":{"line":45,"column":4},"end":{"line":48,"column":6}},"21":{"start":{"line":55,"column":17},"end":{"line":55,"column":null}},"22":{"start":{"line":55,"column":10},"end":{"line":55,"column":null}},"23":{"start":{"line":56,"column":12},"end":{"line":56,"column":42}},"24":{"start":{"line":58,"column":4},"end":{"line":63,"column":5}},"25":{"start":{"line":59,"column":6},"end":{"line":62,"column":8}},"26":{"start":{"line":66,"column":4},"end":{"line":71,"column":5}},"27":{"start":{"line":67,"column":6},"end":{"line":70,"column":8}},"28":{"start":{"line":77,"column":27},"end":{"line":77,"column":null}},"29":{"start":{"line":77,"column":10},"end":{"line":77,"column":null}},"30":{"start":{"line":80,"column":24},"end":{"line":89,"column":null}},"31":{"start":{"line":80,"column":10},"end":{"line":89,"column":null}},"32":{"start":{"line":91,"column":4},"end":{"line":94,"column":7}},"33":{"start":{"line":96,"column":4},"end":{"line":96,"column":44}},"34":{"start":{"line":97,"column":4},"end":{"line":100,"column":6}}},"fnMap":{"0":{"name":"POST","decl":{"start":{"line":7,"column":22},"end":{"line":7,"column":26}},"loc":{"start":{"line":7,"column":43},"end":{"line":50,"column":null}}},"1":{"name":"PATCH","decl":{"start":{"line":53,"column":22},"end":{"line":53,"column":27}},"loc":{"start":{"line":53,"column":44},"end":{"line":102,"column":null}}}},"branchMap":{"0":{"loc":{"start":{"line":12,"column":4},"end":{"line":14,"column":5}},"type":"if","locations":[{"start":{"line":12,"column":4},"end":{"line":14,"column":5}}]},"1":{"loc":{"start":{"line":21,"column":4},"end":{"line":24,"column":5}},"type":"if","locations":[{"start":{"line":21,"column":4},"end":{"line":24,"column":5}}]},"2":{"loc":{"start":{"line":58,"column":4},"end":{"line":63,"column":5}},"type":"if","locations":[{"start":{"line":58,"column":4},"end":{"line":63,"column":5}}]},"3":{"loc":{"start":{"line":58,"column":8},"end":{"line":58,"column":40}},"type":"binary-expr","locations":[{"start":{"line":58,"column":8},"end":{"line":58,"column":14}},{"start":{"line":58,"column":18},"end":{"line":58,"column":24}},{"start":{"line":58,"column":28},"end":{"line":58,"column":40}}]},"4":{"loc":{"start":{"line":66,"column":4},"end":{"line":71,"column":5}},"type":"if","locations":[{"start":{"line":66,"column":4},"end":{"line":71,"column":5}}]}},"s":{"0":0,"1":0,"2":0,"3":0,"4":0,"5":0,"6":0,"7":0,"8":0,"9":0,"10":0,"11":0,"12":0,"13":0,"14":0,"15":0,"16":0,"17":0,"18":0,"19":0,"20":0,"21":0,"22":0,"23":0,"24":0,"25":0,"26":0,"27":0,"28":0,"29":0,"30":0,"31":0,"32":0,"33":0,"34":0},"f":{"0":0,"1":0},"b":{"0":[0],"1":[0],"2":[0],"3":[0,0,0],"4":[0]}}
,"/Users/outsource/Documents/001_wOC/qa-web-system/src/app/api/cron/check-deadlines/route.ts": {"path":"/Users/outsource/Documents/001_wOC/qa-web-system/src/app/api/cron/check-deadlines/route.ts","statementMap":{"0":{"start":{"line":7,"column":0},"end":{"line":7,"column":22}},"1":{"start":{"line":1,"column":0},"end":{"line":1,"column":56}},"2":{"start":{"line":2,"column":0},"end":{"line":2,"column":30}},"3":{"start":{"line":3,"column":0},"end":{"line":3,"column":66}},"4":{"start":{"line":10,"column":10},"end":{"line":10,"column":48}},"5":{"start":{"line":11,"column":10},"end":{"line":11,"column":52}},"6":{"start":{"line":13,"column":4},"end":{"line":18,"column":5}},"7":{"start":{"line":14,"column":6},"end":{"line":17,"column":8}},"8":{"start":{"line":22,"column":10},"end":{"line":30,"column":13}},"9":{"start":{"line":32,"column":29},"end":{"line":41,"column":null}},"10":{"start":{"line":32,"column":10},"end":{"line":41,"column":null}},"11":{"start":{"line":43,"column":4},"end":{"line":48,"column":5}},"12":{"start":{"line":44,"column":6},"end":{"line":47,"column":9}},"13":{"start":{"line":51,"column":32},"end":{"line":85,"column":null}},"14":{"start":{"line":52,"column":47},"end":{"line":84,"column":8}},"15":{"start":{"line":54,"column":8},"end":{"line":83,"column":11}},"16":{"start":{"line":54,"column":44},"end":{"line":83,"column":10}},"17":{"start":{"line":56,"column":10},"end":{"line":63,"column":13}},"18":{"start":{"line":66,"column":10},"end":{"line":73,"column":13}},"19":{"start":{"line":77,"column":10},"end":{"line":80,"column":13}},"20":{"start":{"line":82,"column":10},"end":{"line":82,"column":29}},"21":{"start":{"line":51,"column":10},"end":{"line":85,"column":null}},"22":{"start":{"line":87,"column":4},"end":{"line":91,"column":7}},"23":{"start":{"line":93,"column":4},"end":{"line":93,"column":44}},"24":{"start":{"line":94,"column":4},"end":{"line":97,"column":6}}},"fnMap":{"0":{"name":"POST","decl":{"start":{"line":7,"column":22},"end":{"line":7,"column":26}},"loc":{"start":{"line":7,"column":43},"end":{"line":99,"column":null}}},"1":{"name":"(anonymous_17)","decl":{"start":{"line":52,"column":27},"end":{"line":52,"column":34}},"loc":{"start":{"line":52,"column":47},"end":{"line":84,"column":8}}},"2":{"name":"(anonymous_18)","decl":{"start":{"line":52,"column":47},"end":{"line":52,"column":null}},"loc":{"start":{"line":52,"column":47},"end":{"line":84,"column":8}}},"3":{"name":"(anonymous_20)","decl":{"start":{"line":54,"column":35},"end":{"line":54,"column":42}},"loc":{"start":{"line":54,"column":44},"end":{"line":83,"column":10}}},"4":{"name":"(anonymous_21)","decl":{"start":{"line":54,"column":44},"end":{"line":54,"column":null}},"loc":{"start":{"line":54,"column":44},"end":{"line":83,"column":10}}}},"branchMap":{"0":{"loc":{"start":{"line":13,"column":4},"end":{"line":18,"column":5}},"type":"if","locations":[{"start":{"line":13,"column":4},"end":{"line":18,"column":5}}]},"1":{"loc":{"start":{"line":13,"column":8},"end":{"line":13,"column":44}},"type":"binary-expr","locations":[{"start":{"line":13,"column":8},"end":{"line":13,"column":15}},{"start":{"line":13,"column":19},"end":{"line":13,"column":44}}]},"2":{"loc":{"start":{"line":43,"column":4},"end":{"line":48,"column":5}},"type":"if","locations":[{"start":{"line":43,"column":4},"end":{"line":48,"column":5}}]}},"s":{"0":0,"1":0,"2":0,"3":0,"4":0,"5":0,"6":0,"7":0,"8":0,"9":0,"10":0,"11":0,"12":0,"13":0,"14":0,"15":0,"16":0,"17":0,"18":0,"19":0,"20":0,"21":0,"22":0,"23":0,"24":0},"f":{"0":0,"1":0,"2":0,"3":0,"4":0},"b":{"0":[0],"1":[0,0],"2":[0]}}
,"/Users/outsource/Documents/001_wOC/qa-web-system/src/app/api/invitations/[token]/route.ts": {"path":"/Users/outsource/Documents/001_wOC/qa-web-system/src/app/api/invitations/[token]/route.ts","statementMap":{"0":{"start":{"line":7,"column":0},"end":{"line":7,"column":22}},"1":{"start":{"line":79,"column":0},"end":{"line":79,"column":22}},"2":{"start":{"line":1,"column":0},"end":{"line":1,"column":56}},"3":{"start":{"line":2,"column":0},"end":{"line":2,"column":30}},"4":{"start":{"line":3,"column":0},"end":{"line":3,"column":53}},"5":{"start":{"line":4,"column":0},"end":{"line":4,"column":63}},"6":{"start":{"line":9,"column":10},"end":{"line":9,"column":43}},"7":{"start":{"line":12,"column":10},"end":{"line":12,"column":31}},"8":{"start":{"line":15,"column":23},"end":{"line":33,"column":null}},"9":{"start":{"line":15,"column":10},"end":{"line":33,"column":null}},"10":{"start":{"line":35,"column":4},"end":{"line":40,"column":5}},"11":{"start":{"line":36,"column":6},"end":{"line":39,"column":8}},"12":{"start":{"line":43,"column":4},"end":{"line":48,"column":5}},"13":{"start":{"line":44,"column":6},"end":{"line":47,"column":8}},"14":{"start":{"line":51,"column":4},"end":{"line":56,"column":5}},"15":{"start":{"line":52,"column":6},"end":{"line":55,"column":8}},"16":{"start":{"line":58,"column":4},"end":{"line":68,"column":7}},"17":{"start":{"line":70,"column":4},"end":{"line":70,"column":39}},"18":{"start":{"line":71,"column":4},"end":{"line":74,"column":6}},"19":{"start":{"line":81,"column":10},"end":{"line":81,"column":43}},"20":{"start":{"line":84,"column":10},"end":{"line":84,"column":41}},"21":{"start":{"line":85,"column":10},"end":{"line":85,"column":31}},"22":{"start":{"line":86,"column":23},"end":{"line":86,"column":null}},"23":{"start":{"line":86,"column":12},"end":{"line":86,"column":23}},"24":{"start":{"line":89,"column":4},"end":{"line":94,"column":5}},"25":{"start":{"line":90,"column":6},"end":{"line":93,"column":8}},"26":{"start":{"line":97,"column":23},"end":{"line":102,"column":null}},"27":{"start":{"line":97,"column":10},"end":{"line":102,"column":null}},"28":{"start":{"line":104,"column":4},"end":{"line":109,"column":5}},"29":{"start":{"line":105,"column":6},"end":{"line":108,"column":8}},"30":{"start":{"line":112,"column":4},"end":{"line":117,"column":5}},"31":{"start":{"line":113,"column":6},"end":{"line":116,"column":8}},"32":{"start":{"line":120,"column":4},"end":{"line":125,"column":5}},"33":{"start":{"line":121,"column":6},"end":{"line":124,"column":8}},"34":{"start":{"line":129,"column":4},"end":{"line":134,"column":5}},"35":{"start":{"line":130,"column":6},"end":{"line":133,"column":8}},"36":{"start":{"line":137,"column":8},"end":{"line":137,"column":14}},"37":{"start":{"line":139,"column":6},"end":{"line":144,"column":7}},"38":{"start":{"line":140,"column":8},"end":{"line":143,"column":10}},"39":{"start":{"line":147,"column":29},"end":{"line":154,"column":null}},"40":{"start":{"line":147,"column":12},"end":{"line":154,"column":null}},"41":{"start":{"line":156,"column":10},"end":{"line":156,"column":24}},"42":{"start":{"line":158,"column":8},"end":{"line":161,"column":11}},"43":{"start":{"line":163,"column":8},"end":{"line":166,"column":10}},"44":{"start":{"line":170,"column":21},"end":{"line":184,"column":null}},"45":{"start":{"line":170,"column":12},"end":{"line":184,"column":null}},"46":{"start":{"line":186,"column":6},"end":{"line":190,"column":9}},"47":{"start":{"line":194,"column":8},"end":{"line":194,"column":14}},"48":{"start":{"line":196,"column":6},"end":{"line":199,"column":9}},"49":{"start":{"line":201,"column":6},"end":{"line":203,"column":9}},"50":{"start":{"line":206,"column":4},"end":{"line":206,"column":37}},"51":{"start":{"line":207,"column":4},"end":{"line":210,"column":6}}},"fnMap":{"0":{"name":"GET","decl":{"start":{"line":7,"column":22},"end":{"line":7,"column":25}},"loc":{"start":{"line":7,"column":25},"end":{"line":76,"column":null}}},"1":{"name":"POST","decl":{"start":{"line":79,"column":22},"end":{"line":79,"column":26}},"loc":{"start":{"line":79,"column":26},"end":{"line":212,"column":null}}}},"branchMap":{"0":{"loc":{"start":{"line":35,"column":4},"end":{"line":40,"column":5}},"type":"if","locations":[{"start":{"line":35,"column":4},"end":{"line":40,"column":5}}]},"1":{"loc":{"start":{"line":43,"column":4},"end":{"line":48,"column":5}},"type":"if","locations":[{"start":{"line":43,"column":4},"end":{"line":48,"column":5}}]},"2":{"loc":{"start":{"line":51,"column":4},"end":{"line":56,"column":5}},"type":"if","locations":[{"start":{"line":51,"column":4},"end":{"line":56,"column":5}}]},"3":{"loc":{"start":{"line":170,"column":21},"end":{"line":184,"column":null}},"type":"switch","locations":[{"start":{"line":170,"column":21},"end":{"line":184,"column":null}}]},"4":{"loc":{"start":{"line":89,"column":4},"end":{"line":94,"column":5}},"type":"if","locations":[{"start":{"line":89,"column":4},"end":{"line":94,"column":5}}]},"5":{"loc":{"start":{"line":89,"column":8},"end":{"line":89,"column":50}},"type":"binary-expr","locations":[{"start":{"line":89,"column":8},"end":{"line":89,"column":27}},{"start":{"line":89,"column":31},"end":{"line":89,"column":50}}]},"6":{"loc":{"start":{"line":104,"column":4},"end":{"line":109,"column":5}},"type":"if","locations":[{"start":{"line":104,"column":4},"end":{"line":109,"column":5}}]},"7":{"loc":{"start":{"line":112,"column":4},"end":{"line":117,"column":5}},"type":"if","locations":[{"start":{"line":112,"column":4},"end":{"line":117,"column":5}}]},"8":{"loc":{"start":{"line":120,"column":4},"end":{"line":125,"column":5}},"type":"if","locations":[{"start":{"line":120,"column":4},"end":{"line":125,"column":5}}]},"9":{"loc":{"start":{"line":129,"column":4},"end":{"line":134,"column":5}},"type":"if","locations":[{"start":{"line":129,"column":4},"end":{"line":134,"column":5}}]},"10":{"loc":{"start":{"line":129,"column":8},"end":{"line":129,"column":47}},"type":"binary-expr","locations":[{"start":{"line":129,"column":8},"end":{"line":129,"column":12}},{"start":{"line":129,"column":16},"end":{"line":129,"column":47}}]},"11":{"loc":{"start":{"line":137,"column":8},"end":{"line":137,"column":14}},"type":"if","locations":[{"start":{"line":137,"column":8},"end":{"line":137,"column":14}}]},"12":{"loc":{"start":{"line":139,"column":6},"end":{"line":144,"column":7}},"type":"if","locations":[{"start":{"line":139,"column":6},"end":{"line":144,"column":7}}]},"13":{"loc":{"start":{"line":156,"column":10},"end":{"line":156,"column":24}},"type":"if","locations":[{"start":{"line":156,"column":10},"end":{"line":156,"column":24}}]},"14":{"loc":{"start":{"line":194,"column":8},"end":{"line":194,"column":14}},"type":"if","locations":[{"start":{"line":194,"column":8},"end":{"line":194,"column":14}}]}},"s":{"0":0,"1":0,"2":0,"3":0,"4":0,"5":0,"6":0,"7":0,"8":0,"9":0,"10":0,"11":0,"12":0,"13":0,"14":0,"15":0,"16":0,"17":0,"18":0,"19":0,"20":0,"21":0,"22":0,"23":0,"24":0,"25":0,"26":0,"27":0,"28":0,"29":0,"30":0,"31":0,"32":0,"33":0,"34":0,"35":0,"36":0,"37":0,"38":0,"39":0,"40":0,"41":0,"42":0,"43":0,"44":0,"45":0,"46":0,"47":0,"48":0,"49":0,"50":0,"51":0},"f":{"0":0,"1":0},"b":{"0":[0],"1":[0],"2":[0],"3":[0],"4":[0],"5":[0,0],"6":[0],"7":[0],"8":[0],"9":[0],"10":[0,0],"11":[0],"12":[0],"13":[0],"14":[0]}}
,"/Users/outsource/Documents/001_wOC/qa-web-system/src/app/api/media/route.ts": {"path":"/Users/outsource/Documents/001_wOC/qa-web-system/src/app/api/media/route.ts","statementMap":{"0":{"start":{"line":9,"column":0},"end":{"line":9,"column":22}},"1":{"start":{"line":69,"column":0},"end":{"line":69,"column":22}},"2":{"start":{"line":1,"column":0},"end":{"line":1,"column":56}},"3":{"start":{"line":2,"column":0},"end":{"line":2,"column":30}},"4":{"start":{"line":3,"column":0},"end":{"line":3,"column":53}},"5":{"start":{"line":4,"column":0},"end":{"line":4,"column":50}},"6":{"start":{"line":5,"column":0},"end":{"line":5,"column":64}},"7":{"start":{"line":6,"column":0},"end":{"line":6,"column":38}},"8":{"start":{"line":11,"column":10},"end":{"line":11,"column":41}},"9":{"start":{"line":13,"column":4},"end":{"line":15,"column":5}},"10":{"start":{"line":14,"column":6},"end":{"line":14,"column":70}},"11":{"start":{"line":18,"column":12},"end":{"line":18,"column":29}},"12":{"start":{"line":19,"column":10},"end":{"line":19,"column":66}},"13":{"start":{"line":20,"column":10},"end":{"line":20,"column":46}},"14":{"start":{"line":21,"column":10},"end":{"line":21,"column":52}},"15":{"start":{"line":24,"column":10},"end":{"line":39,"column":6}},"16":{"start":{"line":42,"column":4},"end":{"line":47,"column":5}},"17":{"start":{"line":43,"column":6},"end":{"line":45,"column":8}},"18":{"start":{"line":46,"column":6},"end":{"line":46,"column":32}},"19":{"start":{"line":50,"column":18},"end":{"line":50,"column":null}},"20":{"start":{"line":50,"column":10},"end":{"line":50,"column":null}},"21":{"start":{"line":53,"column":10},"end":{"line":53,"column":82}},"22":{"start":{"line":55,"column":4},"end":{"line":58,"column":7}},"23":{"start":{"line":60,"column":4},"end":{"line":60,"column":45}},"24":{"start":{"line":61,"column":4},"end":{"line":64,"column":6}},"25":{"start":{"line":71,"column":10},"end":{"line":71,"column":41}},"26":{"start":{"line":73,"column":4},"end":{"line":75,"column":5}},"27":{"start":{"line":74,"column":6},"end":{"line":74,"column":70}},"28":{"start":{"line":78,"column":23},"end":{"line":78,"column":null}},"29":{"start":{"line":78,"column":10},"end":{"line":78,"column":null}},"30":{"start":{"line":79,"column":4},"end":{"line":81,"column":5}},"31":{"start":{"line":80,"column":6},"end":{"line":80,"column":30}},"32":{"start":{"line":83,"column":10},"end":{"line":83,"column":57}},"33":{"start":{"line":86,"column":22},"end":{"line":94,"column":null}},"34":{"start":{"line":86,"column":10},"end":{"line":94,"column":null}},"35":{"start":{"line":96,"column":4},"end":{"line":96,"column":57}},"36":{"start":{"line":98,"column":4},"end":{"line":98,"column":45}},"37":{"start":{"line":99,"column":4},"end":{"line":102,"column":6}}},"fnMap":{"0":{"name":"GET","decl":{"start":{"line":9,"column":22},"end":{"line":9,"column":25}},"loc":{"start":{"line":9,"column":42},"end":{"line":66,"column":null}}},"1":{"name":"POST","decl":{"start":{"line":69,"column":22},"end":{"line":69,"column":26}},"loc":{"start":{"line":69,"column":43},"end":{"line":104,"column":null}}}},"branchMap":{"0":{"loc":{"start":{"line":13,"column":4},"end":{"line":15,"column":5}},"type":"if","locations":[{"start":{"line":13,"column":4},"end":{"line":15,"column":5}}]},"1":{"loc":{"start":{"line":19,"column":27},"end":{"line":19,"column":60}},"type":"binary-expr","locations":[{"start":{"line":19,"column":27},"end":{"line":19,"column":52}},{"start":{"line":19,"column":56},"end":{"line":19,"column":60}}]},"2":{"loc":{"start":{"line":28,"column":12},"end":{"line":28,"column":67}},"type":"cond-expr","locations":[{"start":{"line":28,"column":39},"end":{"line":28,"column":62}},{"start":{"line":28,"column":65},"end":{"line":28,"column":67}}]},"3":{"loc":{"start":{"line":30,"column":12},"end":{"line":34,"column":14}},"type":"cond-expr","locations":[{"start":{"line":30,"column":29},"end":{"line":34,"column":10}},{"start":{"line":34,"column":12},"end":{"line":34,"column":14}}]},"4":{"loc":{"start":{"line":42,"column":4},"end":{"line":47,"column":5}},"type":"if","locations":[{"start":{"line":42,"column":4},"end":{"line":47,"column":5}}]},"5":{"loc":{"start":{"line":53,"column":23},"end":{"line":53,"column":81}},"type":"cond-expr","locations":[{"start":{"line":53,"column":48},"end":{"line":53,"column":74}},{"start":{"line":53,"column":77},"end":{"line":53,"column":81}}]},"6":{"loc":{"start":{"line":73,"column":4},"end":{"line":75,"column":5}},"type":"if","locations":[{"start":{"line":73,"column":4},"end":{"line":75,"column":5}}]},"7":{"loc":{"start":{"line":79,"column":4},"end":{"line":81,"column":5}},"type":"if","locations":[{"start":{"line":79,"column":4},"end":{"line":81,"column":5}}]}},"s":{"0":0,"1":0,"2":0,"3":0,"4":0,"5":0,"6":0,"7":0,"8":0,"9":0,"10":0,"11":0,"12":0,"13":0,"14":0,"15":0,"16":0,"17":0,"18":0,"19":0,"20":0,"21":0,"22":0,"23":0,"24":0,"25":0,"26":0,"27":0,"28":0,"29":0,"30":0,"31":0,"32":0,"33":0,"34":0,"35":0,"36":0,"37":0},"f":{"0":0,"1":0},"b":{"0":[0],"1":[0,0],"2":[0,0],"3":[0,0],"4":[0],"5":[0,0],"6":[0],"7":[0]}}
,"/Users/outsource/Documents/001_wOC/qa-web-system/src/app/api/media/[fileId]/route.ts": {"path":"/Users/outsource/Documents/001_wOC/qa-web-system/src/app/api/media/[fileId]/route.ts","statementMap":{"0":{"start":{"line":8,"column":0},"end":{"line":8,"column":22}},"1":{"start":{"line":52,"column":0},"end":{"line":52,"column":22}},"2":{"start":{"line":1,"column":0},"end":{"line":1,"column":56}},"3":{"start":{"line":2,"column":0},"end":{"line":2,"column":30}},"4":{"start":{"line":3,"column":0},"end":{"line":3,"column":53}},"5":{"start":{"line":4,"column":0},"end":{"line":4,"column":46}},"6":{"start":{"line":5,"column":0},"end":{"line":5,"column":38}},"7":{"start":{"line":10,"column":10},"end":{"line":10,"column":44}},"8":{"start":{"line":13,"column":10},"end":{"line":13,"column":41}},"9":{"start":{"line":15,"column":4},"end":{"line":17,"column":5}},"10":{"start":{"line":16,"column":6},"end":{"line":16,"column":70}},"11":{"start":{"line":19,"column":10},"end":{"line":19,"column":33}},"12":{"start":{"line":22,"column":22},"end":{"line":24,"column":null}},"13":{"start":{"line":22,"column":10},"end":{"line":24,"column":null}},"14":{"start":{"line":26,"column":4},"end":{"line":31,"column":5}},"15":{"start":{"line":27,"column":6},"end":{"line":30,"column":8}},"16":{"start":{"line":34,"column":4},"end":{"line":39,"column":5}},"17":{"start":{"line":35,"column":6},"end":{"line":38,"column":8}},"18":{"start":{"line":41,"column":4},"end":{"line":41,"column":40}},"19":{"start":{"line":43,"column":4},"end":{"line":43,"column":43}},"20":{"start":{"line":44,"column":4},"end":{"line":47,"column":6}},"21":{"start":{"line":54,"column":10},"end":{"line":54,"column":44}},"22":{"start":{"line":57,"column":10},"end":{"line":57,"column":41}},"23":{"start":{"line":59,"column":4},"end":{"line":61,"column":5}},"24":{"start":{"line":60,"column":6},"end":{"line":60,"column":70}},"25":{"start":{"line":63,"column":10},"end":{"line":63,"column":33}},"26":{"start":{"line":66,"column":22},"end":{"line":73,"column":null}},"27":{"start":{"line":66,"column":10},"end":{"line":73,"column":null}},"28":{"start":{"line":75,"column":4},"end":{"line":80,"column":5}},"29":{"start":{"line":76,"column":6},"end":{"line":79,"column":8}},"30":{"start":{"line":83,"column":4},"end":{"line":88,"column":5}},"31":{"start":{"line":84,"column":6},"end":{"line":87,"column":8}},"32":{"start":{"line":91,"column":4},"end":{"line":96,"column":5}},"33":{"start":{"line":92,"column":6},"end":{"line":95,"column":8}},"34":{"start":{"line":99,"column":19},"end":{"line":109,"column":null}},"35":{"start":{"line":99,"column":54},"end":{"line":109,"column":6}},"36":{"start":{"line":101,"column":6},"end":{"line":103,"column":9}},"37":{"start":{"line":106,"column":32},"end":{"line":106,"column":null}},"38":{"start":{"line":106,"column":12},"end":{"line":106,"column":null}},"39":{"start":{"line":108,"column":6},"end":{"line":108,"column":65}},"40":{"start":{"line":99,"column":10},"end":{"line":109,"column":null}},"41":{"start":{"line":111,"column":4},"end":{"line":114,"column":7}},"42":{"start":{"line":116,"column":4},"end":{"line":116,"column":43}},"43":{"start":{"line":117,"column":4},"end":{"line":120,"column":6}}},"fnMap":{"0":{"name":"GET","decl":{"start":{"line":8,"column":22},"end":{"line":8,"column":25}},"loc":{"start":{"line":8,"column":25},"end":{"line":49,"column":null}}},"1":{"name":"DELETE","decl":{"start":{"line":52,"column":22},"end":{"line":52,"column":28}},"loc":{"start":{"line":52,"column":28},"end":{"line":122,"column":null}}},"2":{"name":"(anonymous_20)","decl":{"start":{"line":99,"column":45},"end":{"line":99,"column":52}},"loc":{"start":{"line":99,"column":54},"end":{"line":109,"column":6}}},"3":{"name":"(anonymous_21)","decl":{"start":{"line":99,"column":54},"end":{"line":99,"column":null}},"loc":{"start":{"line":99,"column":54},"end":{"line":109,"column":6}}}},"branchMap":{"0":{"loc":{"start":{"line":15,"column":4},"end":{"line":17,"column":5}},"type":"if","locations":[{"start":{"line":15,"column":4},"end":{"line":17,"column":5}}]},"1":{"loc":{"start":{"line":26,"column":4},"end":{"line":31,"column":5}},"type":"if","locations":[{"start":{"line":26,"column":4},"end":{"line":31,"column":5}}]},"2":{"loc":{"start":{"line":34,"column":4},"end":{"line":39,"column":5}},"type":"if","locations":[{"start":{"line":34,"column":4},"end":{"line":39,"column":5}}]},"3":{"loc":{"start":{"line":34,"column":8},"end":{"line":34,"column":68}},"type":"binary-expr","locations":[{"start":{"line":34,"column":8},"end":{"line":34,"column":40}},{"start":{"line":34,"column":44},"end":{"line":34,"column":68}}]},"4":{"loc":{"start":{"line":59,"column":4},"end":{"line":61,"column":5}},"type":"if","locations":[{"start":{"line":59,"column":4},"end":{"line":61,"column":5}}]},"5":{"loc":{"start":{"line":75,"column":4},"end":{"line":80,"column":5}},"type":"if","locations":[{"start":{"line":75,"column":4},"end":{"line":80,"column":5}}]},"6":{"loc":{"start":{"line":83,"column":4},"end":{"line":88,"column":5}},"type":"if","locations":[{"start":{"line":83,"column":4},"end":{"line":88,"column":5}}]},"7":{"loc":{"start":{"line":83,"column":8},"end":{"line":83,"column":68}},"type":"binary-expr","locations":[{"start":{"line":83,"column":8},"end":{"line":83,"column":40}},{"start":{"line":83,"column":44},"end":{"line":83,"column":68}}]},"8":{"loc":{"start":{"line":91,"column":4},"end":{"line":96,"column":5}},"type":"if","locations":[{"start":{"line":91,"column":4},"end":{"line":96,"column":5}}]},"9":{"loc":{"start":{"line":91,"column":8},"end":{"line":91,"column":69}},"type":"binary-expr","locations":[{"start":{"line":91,"column":8},"end":{"line":91,"column":36}},{"start":{"line":91,"column":40},"end":{"line":91,"column":69}}]}},"s":{"0":0,"1":0,"2":0,"3":0,"4":0,"5":0,"6":0,"7":0,"8":0,"9":0,"10":0,"11":0,"12":0,"13":0,"14":0,"15":0,"16":0,"17":0,"18":0,"19":0,"20":0,"21":0,"22":0,"23":0,"24":0,"25":0,"26":0,"27":0,"28":0,"29":0,"30":0,"31":0,"32":0,"33":0,"34":0,"35":0,"36":0,"37":0,"38":0,"39":0,"40":0,"41":0,"42":0,"43":0},"f":{"0":0,"1":0,"2":0,"3":0},"b":{"0":[0],"1":[0],"2":[0],"3":[0,0],"4":[0],"5":[0],"6":[0],"7":[0,0],"8":[0],"9":[0,0]}}
,"/Users/outsource/Documents/001_wOC/qa-web-system/src/app/api/media/upload-url/route.ts": {"path":"/Users/outsource/Documents/001_wOC/qa-web-system/src/app/api/media/upload-url/route.ts","statementMap":{"0":{"start":{"line":23,"column":0},"end":{"line":23,"column":22}},"1":{"start":{"line":1,"column":0},"end":{"line":1,"column":56}},"2":{"start":{"line":2,"column":0},"end":{"line":2,"column":53}},"3":{"start":{"line":3,"column":0},"end":{"line":3,"column":50}},"4":{"start":{"line":4,"column":0},"end":{"line":4,"column":61}},"5":{"start":{"line":5,"column":0},"end":{"line":5,"column":35}},"6":{"start":{"line":6,"column":0},"end":{"line":6,"column":47}},"7":{"start":{"line":25,"column":10},"end":{"line":25,"column":41}},"8":{"start":{"line":27,"column":4},"end":{"line":29,"column":5}},"9":{"start":{"line":28,"column":6},"end":{"line":28,"column":70}},"10":{"start":{"line":32,"column":23},"end":{"line":32,"column":null}},"11":{"start":{"line":32,"column":10},"end":{"line":32,"column":null}},"12":{"start":{"line":33,"column":4},"end":{"line":35,"column":5}},"13":{"start":{"line":34,"column":6},"end":{"line":34,"column":30}},"14":{"start":{"line":37,"column":10},"end":{"line":37,"column":49}},"15":{"start":{"line":40,"column":10},"end":{"line":40,"column":51}},"16":{"start":{"line":41,"column":4},"end":{"line":46,"column":5}},"17":{"start":{"line":42,"column":6},"end":{"line":45,"column":8}},"18":{"start":{"line":49,"column":10},"end":{"line":49,"column":33}},"19":{"start":{"line":50,"column":10},"end":{"line":50,"column":69}},"20":{"start":{"line":51,"column":10},"end":{"line":51,"column":70}},"21":{"start":{"line":54,"column":10},"end":{"line":56,"column":47}},"22":{"start":{"line":60,"column":19},"end":{"line":65,"column":50}},"23":{"start":{"line":60,"column":10},"end":{"line":65,"column":null}},"24":{"start":{"line":67,"column":4},"end":{"line":72,"column":7}},"25":{"start":{"line":74,"column":4},"end":{"line":74,"column":44}},"26":{"start":{"line":75,"column":4},"end":{"line":78,"column":6}}},"fnMap":{"0":{"name":"POST","decl":{"start":{"line":23,"column":22},"end":{"line":23,"column":26}},"loc":{"start":{"line":23,"column":43},"end":{"line":80,"column":null}}}},"branchMap":{"0":{"loc":{"start":{"line":27,"column":4},"end":{"line":29,"column":5}},"type":"if","locations":[{"start":{"line":27,"column":4},"end":{"line":29,"column":5}}]},"1":{"loc":{"start":{"line":33,"column":4},"end":{"line":35,"column":5}},"type":"if","locations":[{"start":{"line":33,"column":4},"end":{"line":35,"column":5}}]},"2":{"loc":{"start":{"line":41,"column":4},"end":{"line":46,"column":5}},"type":"if","locations":[{"start":{"line":41,"column":4},"end":{"line":46,"column":5}}]},"3":{"loc":{"start":{"line":41,"column":8},"end":{"line":41,"column":86}},"type":"binary-expr","locations":[{"start":{"line":41,"column":8},"end":{"line":41,"column":40}},{"start":{"line":41,"column":44},"end":{"line":41,"column":86}}]},"4":{"loc":{"start":{"line":54,"column":21},"end":{"line":56,"column":46}},"type":"cond-expr","locations":[{"start":{"line":55,"column":8},"end":{"line":55,"column":51}},{"start":{"line":56,"column":8},"end":{"line":56,"column":46}}]}},"s":{"0":0,"1":0,"2":0,"3":0,"4":0,"5":0,"6":0,"7":0,"8":0,"9":0,"10":0,"11":0,"12":0,"13":0,"14":0,"15":0,"16":0,"17":0,"18":0,"19":0,"20":0,"21":0,"22":0,"23":0,"24":0,"25":0,"26":0},"f":{"0":0},"b":{"0":[0],"1":[0],"2":[0],"3":[0,0],"4":[0,0]}}
,"/Users/outsource/Documents/001_wOC/qa-web-system/src/app/api/notifications/route.ts": {"path":"/Users/outsource/Documents/001_wOC/qa-web-system/src/app/api/notifications/route.ts","statementMap":{"0":{"start":{"line":6,"column":0},"end":{"line":6,"column":22}},"1":{"start":{"line":1,"column":0},"end":{"line":1,"column":56}},"2":{"start":{"line":2,"column":0},"end":{"line":2,"column":30}},"3":{"start":{"line":3,"column":0},"end":{"line":3,"column":53}},"4":{"start":{"line":8,"column":10},"end":{"line":8,"column":41}},"5":{"start":{"line":10,"column":4},"end":{"line":12,"column":5}},"6":{"start":{"line":11,"column":6},"end":{"line":11,"column":70}},"7":{"start":{"line":15,"column":12},"end":{"line":15,"column":29}},"8":{"start":{"line":16,"column":10},"end":{"line":16,"column":61}},"9":{"start":{"line":17,"column":10},"end":{"line":17,"column":66}},"10":{"start":{"line":18,"column":10},"end":{"line":18,"column":46}},"11":{"start":{"line":21,"column":10},"end":{"line":39,"column":6}},"12":{"start":{"line":42,"column":4},"end":{"line":47,"column":5}},"13":{"start":{"line":43,"column":6},"end":{"line":45,"column":8}},"14":{"start":{"line":46,"column":6},"end":{"line":46,"column":32}},"15":{"start":{"line":50,"column":26},"end":{"line":50,"column":null}},"16":{"start":{"line":50,"column":10},"end":{"line":50,"column":null}},"17":{"start":{"line":53,"column":10},"end":{"line":54,"column":89}},"18":{"start":{"line":57,"column":24},"end":{"line":62,"column":null}},"19":{"start":{"line":57,"column":10},"end":{"line":62,"column":null}},"20":{"start":{"line":64,"column":4},"end":{"line":68,"column":7}},"21":{"start":{"line":70,"column":4},"end":{"line":70,"column":39}},"22":{"start":{"line":71,"column":4},"end":{"line":74,"column":6}}},"fnMap":{"0":{"name":"GET","decl":{"start":{"line":6,"column":22},"end":{"line":6,"column":25}},"loc":{"start":{"line":6,"column":42},"end":{"line":76,"column":null}}}},"branchMap":{"0":{"loc":{"start":{"line":10,"column":4},"end":{"line":12,"column":5}},"type":"if","locations":[{"start":{"line":10,"column":4},"end":{"line":12,"column":5}}]},"1":{"loc":{"start":{"line":17,"column":27},"end":{"line":17,"column":60}},"type":"binary-expr","locations":[{"start":{"line":17,"column":27},"end":{"line":17,"column":52}},{"start":{"line":17,"column":56},"end":{"line":17,"column":60}}]},"2":{"loc":{"start":{"line":25,"column":12},"end":{"line":25,"column":47}},"type":"cond-expr","locations":[{"start":{"line":25,"column":25},"end":{"line":25,"column":42}},{"start":{"line":25,"column":45},"end":{"line":25,"column":47}}]},"3":{"loc":{"start":{"line":42,"column":4},"end":{"line":47,"column":5}},"type":"if","locations":[{"start":{"line":42,"column":4},"end":{"line":47,"column":5}}]},"4":{"loc":{"start":{"line":54,"column":6},"end":{"line":54,"column":88}},"type":"cond-expr","locations":[{"start":{"line":54,"column":39},"end":{"line":54,"column":81}},{"start":{"line":54,"column":84},"end":{"line":54,"column":88}}]}},"s":{"0":0,"1":0,"2":0,"3":0,"4":0,"5":0,"6":0,"7":0,"8":0,"9":0,"10":0,"11":0,"12":0,"13":0,"14":0,"15":0,"16":0,"17":0,"18":0,"19":0,"20":0,"21":0,"22":0},"f":{"0":0},"b":{"0":[0],"1":[0,0],"2":[0,0],"3":[0],"4":[0,0]}}
,"/Users/outsource/Documents/001_wOC/qa-web-system/src/app/api/notifications/[notificationId]/route.ts": {"path":"/Users/outsource/Documents/001_wOC/qa-web-system/src/app/api/notifications/[notificationId]/route.ts","statementMap":{"0":{"start":{"line":6,"column":0},"end":{"line":6,"column":22}},"1":{"start":{"line":59,"column":0},"end":{"line":59,"column":22}},"2":{"start":{"line":1,"column":0},"end":{"line":1,"column":56}},"3":{"start":{"line":2,"column":0},"end":{"line":2,"column":30}},"4":{"start":{"line":3,"column":0},"end":{"line":3,"column":53}},"5":{"start":{"line":8,"column":10},"end":{"line":8,"column":52}},"6":{"start":{"line":11,"column":10},"end":{"line":11,"column":41}},"7":{"start":{"line":13,"column":4},"end":{"line":15,"column":5}},"8":{"start":{"line":14,"column":6},"end":{"line":14,"column":70}},"9":{"start":{"line":17,"column":12},"end":{"line":17,"column":31}},"10":{"start":{"line":18,"column":23},"end":{"line":18,"column":null}},"11":{"start":{"line":18,"column":12},"end":{"line":18,"column":23}},"12":{"start":{"line":21,"column":25},"end":{"line":23,"column":null}},"13":{"start":{"line":21,"column":10},"end":{"line":23,"column":null}},"14":{"start":{"line":25,"column":4},"end":{"line":30,"column":5}},"15":{"start":{"line":26,"column":6},"end":{"line":29,"column":8}},"16":{"start":{"line":33,"column":4},"end":{"line":38,"column":5}},"17":{"start":{"line":34,"column":6},"end":{"line":37,"column":8}},"18":{"start":{"line":41,"column":32},"end":{"line":46,"column":null}},"19":{"start":{"line":41,"column":10},"end":{"line":46,"column":null}},"20":{"start":{"line":48,"column":4},"end":{"line":48,"column":50}},"21":{"start":{"line":50,"column":4},"end":{"line":50,"column":37}},"22":{"start":{"line":51,"column":4},"end":{"line":54,"column":6}},"23":{"start":{"line":61,"column":10},"end":{"line":61,"column":52}},"24":{"start":{"line":64,"column":10},"end":{"line":64,"column":41}},"25":{"start":{"line":66,"column":4},"end":{"line":68,"column":5}},"26":{"start":{"line":67,"column":6},"end":{"line":67,"column":70}},"27":{"start":{"line":70,"column":12},"end":{"line":70,"column":31}},"28":{"start":{"line":73,"column":25},"end":{"line":75,"column":null}},"29":{"start":{"line":73,"column":10},"end":{"line":75,"column":null}},"30":{"start":{"line":77,"column":4},"end":{"line":82,"column":5}},"31":{"start":{"line":78,"column":6},"end":{"line":81,"column":8}},"32":{"start":{"line":85,"column":4},"end":{"line":90,"column":5}},"33":{"start":{"line":86,"column":6},"end":{"line":89,"column":8}},"34":{"start":{"line":93,"column":4},"end":{"line":95,"column":7}},"35":{"start":{"line":97,"column":4},"end":{"line":99,"column":7}},"36":{"start":{"line":101,"column":4},"end":{"line":101,"column":37}},"37":{"start":{"line":102,"column":4},"end":{"line":105,"column":6}}},"fnMap":{"0":{"name":"PATCH","decl":{"start":{"line":6,"column":22},"end":{"line":6,"column":27}},"loc":{"start":{"line":6,"column":27},"end":{"line":56,"column":null}}},"1":{"name":"DELETE","decl":{"start":{"line":59,"column":22},"end":{"line":59,"column":28}},"loc":{"start":{"line":59,"column":28},"end":{"line":107,"column":null}}}},"branchMap":{"0":{"loc":{"start":{"line":13,"column":4},"end":{"line":15,"column":5}},"type":"if","locations":[{"start":{"line":13,"column":4},"end":{"line":15,"column":5}}]},"1":{"loc":{"start":{"line":25,"column":4},"end":{"line":30,"column":5}},"type":"if","locations":[{"start":{"line":25,"column":4},"end":{"line":30,"column":5}}]},"2":{"loc":{"start":{"line":33,"column":4},"end":{"line":38,"column":5}},"type":"if","locations":[{"start":{"line":33,"column":4},"end":{"line":38,"column":5}}]},"3":{"loc":{"start":{"line":44,"column":16},"end":{"line":44,"column":52}},"type":"cond-expr","locations":[{"start":{"line":44,"column":39},"end":{"line":44,"column":43}},{"start":{"line":44,"column":46},"end":{"line":44,"column":52}}]},"4":{"loc":{"start":{"line":66,"column":4},"end":{"line":68,"column":5}},"type":"if","locations":[{"start":{"line":66,"column":4},"end":{"line":68,"column":5}}]},"5":{"loc":{"start":{"line":77,"column":4},"end":{"line":82,"column":5}},"type":"if","locations":[{"start":{"line":77,"column":4},"end":{"line":82,"column":5}}]},"6":{"loc":{"start":{"line":85,"column":4},"end":{"line":90,"column":5}},"type":"if","locations":[{"start":{"line":85,"column":4},"end":{"line":90,"column":5}}]}},"s":{"0":0,"1":0,"2":0,"3":0,"4":0,"5":0,"6":0,"7":0,"8":0,"9":0,"10":0,"11":0,"12":0,"13":0,"14":0,"15":0,"16":0,"17":0,"18":0,"19":0,"20":0,"21":0,"22":0,"23":0,"24":0,"25":0,"26":0,"27":0,"28":0,"29":0,"30":0,"31":0,"32":0,"33":0,"34":0,"35":0,"36":0,"37":0},"f":{"0":0,"1":0},"b":{"0":[0],"1":[0],"2":[0],"3":[0,0],"4":[0],"5":[0],"6":[0]}}
,"/Users/outsource/Documents/001_wOC/qa-web-system/src/app/api/notifications/read-all/route.ts": {"path":"/Users/outsource/Documents/001_wOC/qa-web-system/src/app/api/notifications/read-all/route.ts","statementMap":{"0":{"start":{"line":6,"column":0},"end":{"line":6,"column":22}},"1":{"start":{"line":1,"column":0},"end":{"line":1,"column":56}},"2":{"start":{"line":2,"column":0},"end":{"line":2,"column":30}},"3":{"start":{"line":3,"column":0},"end":{"line":3,"column":53}},"4":{"start":{"line":8,"column":10},"end":{"line":8,"column":41}},"5":{"start":{"line":10,"column":4},"end":{"line":12,"column":5}},"6":{"start":{"line":11,"column":6},"end":{"line":11,"column":70}},"7":{"start":{"line":15,"column":19},"end":{"line":23,"column":null}},"8":{"start":{"line":15,"column":10},"end":{"line":23,"column":null}},"9":{"start":{"line":25,"column":4},"end":{"line":28,"column":7}},"10":{"start":{"line":30,"column":4},"end":{"line":30,"column":37}},"11":{"start":{"line":31,"column":4},"end":{"line":34,"column":6}}},"fnMap":{"0":{"name":"POST","decl":{"start":{"line":6,"column":22},"end":{"line":6,"column":26}},"loc":{"start":{"line":6,"column":43},"end":{"line":36,"column":null}}}},"branchMap":{"0":{"loc":{"start":{"line":10,"column":4},"end":{"line":12,"column":5}},"type":"if","locations":[{"start":{"line":10,"column":4},"end":{"line":12,"column":5}}]}},"s":{"0":1,"1":1,"2":1,"3":1,"4":4,"5":4,"6":1,"7":3,"8":3,"9":2,"10":1,"11":1},"f":{"0":4},"b":{"0":[1]}}
,"/Users/outsource/Documents/001_wOC/qa-web-system/src/app/api/projects/route.ts": {"path":"/Users/outsource/Documents/001_wOC/qa-web-system/src/app/api/projects/route.ts","statementMap":{"0":{"start":{"line":9,"column":0},"end":{"line":9,"column":22}},"1":{"start":{"line":102,"column":0},"end":{"line":102,"column":22}},"2":{"start":{"line":1,"column":0},"end":{"line":1,"column":56}},"3":{"start":{"line":2,"column":0},"end":{"line":2,"column":30}},"4":{"start":{"line":3,"column":0},"end":{"line":3,"column":53}},"5":{"start":{"line":4,"column":0},"end":{"line":4,"column":50}},"6":{"start":{"line":5,"column":0},"end":{"line":5,"column":64}},"7":{"start":{"line":6,"column":0},"end":{"line":6,"column":38}},"8":{"start":{"line":11,"column":10},"end":{"line":11,"column":41}},"9":{"start":{"line":13,"column":4},"end":{"line":15,"column":5}},"10":{"start":{"line":14,"column":6},"end":{"line":14,"column":70}},"11":{"start":{"line":18,"column":8},"end":{"line":18,"column":12}},"12":{"start":{"line":19,"column":23},"end":{"line":48,"column":null}},"13":{"start":{"line":19,"column":12},"end":{"line":48,"column":null}},"14":{"start":{"line":50,"column":6},"end":{"line":50,"column":41}},"15":{"start":{"line":54,"column":21},"end":{"line":89,"column":null}},"16":{"start":{"line":54,"column":10},"end":{"line":89,"column":null}},"17":{"start":{"line":91,"column":4},"end":{"line":91,"column":39}},"18":{"start":{"line":93,"column":4},"end":{"line":93,"column":43}},"19":{"start":{"line":94,"column":4},"end":{"line":97,"column":6}},"20":{"start":{"line":104,"column":10},"end":{"line":104,"column":41}},"21":{"start":{"line":106,"column":4},"end":{"line":108,"column":5}},"22":{"start":{"line":107,"column":6},"end":{"line":107,"column":70}},"23":{"start":{"line":110,"column":23},"end":{"line":110,"column":null}},"24":{"start":{"line":110,"column":10},"end":{"line":110,"column":null}},"25":{"start":{"line":111,"column":4},"end":{"line":113,"column":5}},"26":{"start":{"line":112,"column":6},"end":{"line":112,"column":30}},"27":{"start":{"line":115,"column":10},"end":{"line":115,"column":34}},"28":{"start":{"line":118,"column":20},"end":{"line":133,"column":null}},"29":{"start":{"line":118,"column":10},"end":{"line":133,"column":null}},"30":{"start":{"line":135,"column":4},"end":{"line":135,"column":55}},"31":{"start":{"line":137,"column":4},"end":{"line":137,"column":41}},"32":{"start":{"line":138,"column":4},"end":{"line":141,"column":6}}},"fnMap":{"0":{"name":"GET","decl":{"start":{"line":9,"column":22},"end":{"line":9,"column":25}},"loc":{"start":{"line":9,"column":42},"end":{"line":99,"column":null}}},"1":{"name":"POST","decl":{"start":{"line":102,"column":22},"end":{"line":102,"column":26}},"loc":{"start":{"line":102,"column":43},"end":{"line":143,"column":null}}}},"branchMap":{"0":{"loc":{"start":{"line":54,"column":21},"end":{"line":89,"column":null}},"type":"switch","locations":[{"start":{"line":54,"column":21},"end":{"line":89,"column":null}}]},"1":{"loc":{"start":{"line":13,"column":4},"end":{"line":15,"column":5}},"type":"if","locations":[{"start":{"line":13,"column":4},"end":{"line":15,"column":5}}]},"2":{"loc":{"start":{"line":18,"column":8},"end":{"line":18,"column":12}},"type":"if","locations":[{"start":{"line":18,"column":8},"end":{"line":18,"column":12}}]},"3":{"loc":{"start":{"line":106,"column":4},"end":{"line":108,"column":5}},"type":"if","locations":[{"start":{"line":106,"column":4},"end":{"line":108,"column":5}}]},"4":{"loc":{"start":{"line":111,"column":4},"end":{"line":113,"column":5}},"type":"if","locations":[{"start":{"line":111,"column":4},"end":{"line":113,"column":5}}]}},"s":{"0":0,"1":0,"2":0,"3":0,"4":0,"5":0,"6":0,"7":0,"8":0,"9":0,"10":0,"11":0,"12":0,"13":0,"14":0,"15":0,"16":0,"17":0,"18":0,"19":0,"20":0,"21":0,"22":0,"23":0,"24":0,"25":0,"26":0,"27":0,"28":0,"29":0,"30":0,"31":0,"32":0},"f":{"0":0,"1":0},"b":{"0":[0],"1":[0],"2":[0],"3":[0],"4":[0]}}
,"/Users/outsource/Documents/001_wOC/qa-web-system/src/app/api/projects/[projectId]/route.ts": {"path":"/Users/outsource/Documents/001_wOC/qa-web-system/src/app/api/projects/[projectId]/route.ts","statementMap":{"0":{"start":{"line":9,"column":0},"end":{"line":9,"column":22}},"1":{"start":{"line":49,"column":0},"end":{"line":49,"column":22}},"2":{"start":{"line":105,"column":0},"end":{"line":105,"column":22}},"3":{"start":{"line":1,"column":0},"end":{"line":1,"column":56}},"4":{"start":{"line":2,"column":0},"end":{"line":2,"column":30}},"5":{"start":{"line":3,"column":0},"end":{"line":3,"column":53}},"6":{"start":{"line":4,"column":0},"end":{"line":4,"column":50}},"7":{"start":{"line":5,"column":0},"end":{"line":5,"column":64}},"8":{"start":{"line":6,"column":0},"end":{"line":6,"column":70}},"9":{"start":{"line":11,"column":10},"end":{"line":11,"column":47}},"10":{"start":{"line":14,"column":10},"end":{"line":14,"column":41}},"11":{"start":{"line":16,"column":4},"end":{"line":18,"column":5}},"12":{"start":{"line":17,"column":6},"end":{"line":17,"column":70}},"13":{"start":{"line":20,"column":10},"end":{"line":20,"column":39}},"14":{"start":{"line":23,"column":24},"end":{"line":23,"column":null}},"15":{"start":{"line":23,"column":10},"end":{"line":23,"column":null}},"16":{"start":{"line":24,"column":4},"end":{"line":26,"column":5}},"17":{"start":{"line":25,"column":6},"end":{"line":25,"column":31}},"18":{"start":{"line":28,"column":12},"end":{"line":28,"column":24}},"19":{"start":{"line":31,"column":17},"end":{"line":33,"column":null}},"20":{"start":{"line":31,"column":10},"end":{"line":33,"column":null}},"21":{"start":{"line":35,"column":4},"end":{"line":38,"column":7}},"22":{"start":{"line":40,"column":4},"end":{"line":40,"column":43}},"23":{"start":{"line":41,"column":4},"end":{"line":44,"column":6}},"24":{"start":{"line":51,"column":10},"end":{"line":51,"column":47}},"25":{"start":{"line":54,"column":10},"end":{"line":54,"column":41}},"26":{"start":{"line":56,"column":4},"end":{"line":58,"column":5}},"27":{"start":{"line":57,"column":6},"end":{"line":57,"column":70}},"28":{"start":{"line":60,"column":10},"end":{"line":60,"column":39}},"29":{"start":{"line":63,"column":24},"end":{"line":63,"column":null}},"30":{"start":{"line":63,"column":10},"end":{"line":63,"column":null}},"31":{"start":{"line":64,"column":4},"end":{"line":66,"column":5}},"32":{"start":{"line":65,"column":6},"end":{"line":65,"column":31}},"33":{"start":{"line":69,"column":23},"end":{"line":69,"column":null}},"34":{"start":{"line":69,"column":10},"end":{"line":69,"column":null}},"35":{"start":{"line":70,"column":4},"end":{"line":72,"column":5}},"36":{"start":{"line":71,"column":6},"end":{"line":71,"column":30}},"37":{"start":{"line":74,"column":10},"end":{"line":74,"column":34}},"38":{"start":{"line":77,"column":27},"end":{"line":92,"column":null}},"39":{"start":{"line":77,"column":10},"end":{"line":92,"column":null}},"40":{"start":{"line":94,"column":4},"end":{"line":94,"column":45}},"41":{"start":{"line":96,"column":4},"end":{"line":96,"column":41}},"42":{"start":{"line":97,"column":4},"end":{"line":100,"column":6}},"43":{"start":{"line":107,"column":10},"end":{"line":107,"column":47}},"44":{"start":{"line":110,"column":10},"end":{"line":110,"column":41}},"45":{"start":{"line":112,"column":4},"end":{"line":114,"column":5}},"46":{"start":{"line":113,"column":6},"end":{"line":113,"column":70}},"47":{"start":{"line":116,"column":10},"end":{"line":116,"column":39}},"48":{"start":{"line":119,"column":24},"end":{"line":119,"column":null}},"49":{"start":{"line":119,"column":10},"end":{"line":119,"column":null}},"50":{"start":{"line":120,"column":4},"end":{"line":122,"column":5}},"51":{"start":{"line":121,"column":6},"end":{"line":121,"column":31}},"52":{"start":{"line":125,"column":4},"end":{"line":127,"column":7}},"53":{"start":{"line":129,"column":4},"end":{"line":132,"column":6}},"54":{"start":{"line":134,"column":4},"end":{"line":134,"column":41}},"55":{"start":{"line":135,"column":4},"end":{"line":138,"column":6}}},"fnMap":{"0":{"name":"GET","decl":{"start":{"line":9,"column":22},"end":{"line":9,"column":25}},"loc":{"start":{"line":9,"column":25},"end":{"line":46,"column":null}}},"1":{"name":"PATCH","decl":{"start":{"line":49,"column":22},"end":{"line":49,"column":27}},"loc":{"start":{"line":49,"column":27},"end":{"line":102,"column":null}}},"2":{"name":"DELETE","decl":{"start":{"line":105,"column":22},"end":{"line":105,"column":28}},"loc":{"start":{"line":105,"column":28},"end":{"line":140,"column":null}}}},"branchMap":{"0":{"loc":{"start":{"line":16,"column":4},"end":{"line":18,"column":5}},"type":"if","locations":[{"start":{"line":16,"column":4},"end":{"line":18,"column":5}}]},"1":{"loc":{"start":{"line":24,"column":4},"end":{"line":26,"column":5}},"type":"if","locations":[{"start":{"line":24,"column":4},"end":{"line":26,"column":5}}]},"2":{"loc":{"start":{"line":56,"column":4},"end":{"line":58,"column":5}},"type":"if","locations":[{"start":{"line":56,"column":4},"end":{"line":58,"column":5}}]},"3":{"loc":{"start":{"line":64,"column":4},"end":{"line":66,"column":5}},"type":"if","locations":[{"start":{"line":64,"column":4},"end":{"line":66,"column":5}}]},"4":{"loc":{"start":{"line":70,"column":4},"end":{"line":72,"column":5}},"type":"if","locations":[{"start":{"line":70,"column":4},"end":{"line":72,"column":5}}]},"5":{"loc":{"start":{"line":80,"column":12},"end":{"line":80,"column":28}},"type":"binary-expr","locations":[{"start":{"line":80,"column":12},"end":{"line":80,"column":16}},{"start":{"line":80,"column":20},"end":{"line":80,"column":28}}]},"6":{"loc":{"start":{"line":81,"column":12},"end":{"line":81,"column":56}},"type":"binary-expr","locations":[{"start":{"line":81,"column":12},"end":{"line":81,"column":37}},{"start":{"line":81,"column":41},"end":{"line":81,"column":56}}]},"7":{"loc":{"start":{"line":112,"column":4},"end":{"line":114,"column":5}},"type":"if","locations":[{"start":{"line":112,"column":4},"end":{"line":114,"column":5}}]},"8":{"loc":{"start":{"line":120,"column":4},"end":{"line":122,"column":5}},"type":"if","locations":[{"start":{"line":120,"column":4},"end":{"line":122,"column":5}}]}},"s":{"0":0,"1":0,"2":0,"3":0,"4":0,"5":0,"6":0,"7":0,"8":0,"9":0,"10":0,"11":0,"12":0,"13":0,"14":0,"15":0,"16":0,"17":0,"18":0,"19":0,"20":0,"21":0,"22":0,"23":0,"24":0,"25":0,"26":0,"27":0,"28":0,"29":0,"30":0,"31":0,"32":0,"33":0,"34":0,"35":0,"36":0,"37":0,"38":0,"39":0,"40":0,"41":0,"42":0,"43":0,"44":0,"45":0,"46":0,"47":0,"48":0,"49":0,"50":0,"51":0,"52":0,"53":0,"54":0,"55":0},"f":{"0":0,"1":0,"2":0},"b":{"0":[0],"1":[0],"2":[0],"3":[0],"4":[0],"5":[0,0],"6":[0,0],"7":[0],"8":[0]}}
,"/Users/outsource/Documents/001_wOC/qa-web-system/src/app/api/projects/[projectId]/invitations/route.ts": {"path":"/Users/outsource/Documents/001_wOC/qa-web-system/src/app/api/projects/[projectId]/invitations/route.ts","statementMap":{"0":{"start":{"line":11,"column":0},"end":{"line":11,"column":22}},"1":{"start":{"line":65,"column":0},"end":{"line":65,"column":22}},"2":{"start":{"line":1,"column":0},"end":{"line":1,"column":56}},"3":{"start":{"line":2,"column":0},"end":{"line":2,"column":30}},"4":{"start":{"line":3,"column":0},"end":{"line":3,"column":53}},"5":{"start":{"line":4,"column":0},"end":{"line":4,"column":50}},"6":{"start":{"line":5,"column":0},"end":{"line":5,"column":66}},"7":{"start":{"line":6,"column":0},"end":{"line":6,"column":70}},"8":{"start":{"line":7,"column":0},"end":{"line":7,"column":28}},"9":{"start":{"line":8,"column":0},"end":{"line":8,"column":60}},"10":{"start":{"line":13,"column":10},"end":{"line":13,"column":47}},"11":{"start":{"line":16,"column":10},"end":{"line":16,"column":41}},"12":{"start":{"line":18,"column":4},"end":{"line":20,"column":5}},"13":{"start":{"line":19,"column":6},"end":{"line":19,"column":70}},"14":{"start":{"line":22,"column":10},"end":{"line":22,"column":39}},"15":{"start":{"line":25,"column":24},"end":{"line":25,"column":null}},"16":{"start":{"line":25,"column":10},"end":{"line":25,"column":null}},"17":{"start":{"line":26,"column":4},"end":{"line":28,"column":5}},"18":{"start":{"line":27,"column":6},"end":{"line":27,"column":31}},"19":{"start":{"line":31,"column":10},"end":{"line":33,"column":6}},"20":{"start":{"line":32,"column":18},"end":{"line":32,"column":null}},"21":{"start":{"line":34,"column":10},"end":{"line":34,"column":65}},"22":{"start":{"line":35,"column":10},"end":{"line":35,"column":42}},"23":{"start":{"line":37,"column":24},"end":{"line":52,"column":null}},"24":{"start":{"line":37,"column":10},"end":{"line":52,"column":null}},"25":{"start":{"line":54,"column":4},"end":{"line":54,"column":42}},"26":{"start":{"line":56,"column":4},"end":{"line":56,"column":45}},"27":{"start":{"line":57,"column":4},"end":{"line":60,"column":6}},"28":{"start":{"line":67,"column":10},"end":{"line":67,"column":47}},"29":{"start":{"line":70,"column":10},"end":{"line":70,"column":41}},"30":{"start":{"line":72,"column":4},"end":{"line":74,"column":5}},"31":{"start":{"line":73,"column":6},"end":{"line":73,"column":70}},"32":{"start":{"line":76,"column":10},"end":{"line":76,"column":39}},"33":{"start":{"line":79,"column":24},"end":{"line":79,"column":null}},"34":{"start":{"line":79,"column":10},"end":{"line":79,"column":null}},"35":{"start":{"line":80,"column":4},"end":{"line":82,"column":5}},"36":{"start":{"line":81,"column":6},"end":{"line":81,"column":31}},"37":{"start":{"line":85,"column":23},"end":{"line":85,"column":null}},"38":{"start":{"line":85,"column":10},"end":{"line":85,"column":null}},"39":{"start":{"line":86,"column":4},"end":{"line":88,"column":5}},"40":{"start":{"line":87,"column":6},"end":{"line":87,"column":30}},"41":{"start":{"line":90,"column":12},"end":{"line":90,"column":22}},"42":{"start":{"line":93,"column":25},"end":{"line":95,"column":null}},"43":{"start":{"line":93,"column":10},"end":{"line":95,"column":null}},"44":{"start":{"line":98,"column":8},"end":{"line":98,"column":20}},"45":{"start":{"line":99,"column":30},"end":{"line":106,"column":null}},"46":{"start":{"line":99,"column":12},"end":{"line":106,"column":null}},"47":{"start":{"line":108,"column":6},"end":{"line":113,"column":7}},"48":{"start":{"line":109,"column":8},"end":{"line":112,"column":10}},"49":{"start":{"line":117,"column":31},"end":{"line":123,"column":null}},"50":{"start":{"line":117,"column":10},"end":{"line":123,"column":null}},"51":{"start":{"line":125,"column":4},"end":{"line":130,"column":5}},"52":{"start":{"line":126,"column":6},"end":{"line":129,"column":8}},"53":{"start":{"line":133,"column":10},"end":{"line":133,"column":57}},"54":{"start":{"line":134,"column":10},"end":{"line":134,"column":33}},"55":{"start":{"line":135,"column":4},"end":{"line":135,"column":47}},"56":{"start":{"line":138,"column":23},"end":{"line":162,"column":null}},"57":{"start":{"line":138,"column":10},"end":{"line":162,"column":null}},"58":{"start":{"line":166,"column":4},"end":{"line":177,"column":24}},"59":{"start":{"line":179,"column":4},"end":{"line":179,"column":43}},"60":{"start":{"line":180,"column":4},"end":{"line":183,"column":6}}},"fnMap":{"0":{"name":"GET","decl":{"start":{"line":11,"column":22},"end":{"line":11,"column":25}},"loc":{"start":{"line":11,"column":25},"end":{"line":62,"column":null}}},"1":{"name":"(anonymous_19)","decl":{"start":{"line":32,"column":6},"end":{"line":32,"column":7}},"loc":{"start":{"line":32,"column":13},"end":{"line":32,"column":19}}},"2":{"name":"POST","decl":{"start":{"line":65,"column":22},"end":{"line":65,"column":26}},"loc":{"start":{"line":65,"column":26},"end":{"line":185,"column":null}}}},"branchMap":{"0":{"loc":{"start":{"line":18,"column":4},"end":{"line":20,"column":5}},"type":"if","locations":[{"start":{"line":18,"column":4},"end":{"line":20,"column":5}}]},"1":{"loc":{"start":{"line":26,"column":4},"end":{"line":28,"column":5}},"type":"if","locations":[{"start":{"line":26,"column":4},"end":{"line":28,"column":5}}]},"2":{"loc":{"start":{"line":40,"column":12},"end":{"line":40,"column":80}},"type":"cond-expr","locations":[{"start":{"line":40,"column":53},"end":{"line":40,"column":75}},{"start":{"line":40,"column":78},"end":{"line":40,"column":80}}]},"3":{"loc":{"start":{"line":40,"column":13},"end":{"line":40,"column":49}},"type":"binary-expr","locations":[{"start":{"line":40,"column":13},"end":{"line":40,"column":23}},{"start":{"line":40,"column":27},"end":{"line":40,"column":37}},{"start":{"line":40,"column":41},"end":{"line":40,"column":49}}]},"4":{"loc":{"start":{"line":117,"column":31},"end":{"line":123,"column":null}},"type":"switch","locations":[{"start":{"line":117,"column":31},"end":{"line":123,"column":null}}]},"5":{"loc":{"start":{"line":72,"column":4},"end":{"line":74,"column":5}},"type":"if","locations":[{"start":{"line":72,"column":4},"end":{"line":74,"column":5}}]},"6":{"loc":{"start":{"line":80,"column":4},"end":{"line":82,"column":5}},"type":"if","locations":[{"start":{"line":80,"column":4},"end":{"line":82,"column":5}}]},"7":{"loc":{"start":{"line":86,"column":4},"end":{"line":88,"column":5}},"type":"if","locations":[{"start":{"line":86,"column":4},"end":{"line":88,"column":5}}]},"8":{"loc":{"start":{"line":98,"column":8},"end":{"line":98,"column":20}},"type":"if","locations":[{"start":{"line":98,"column":8},"end":{"line":98,"column":20}}]},"9":{"loc":{"start":{"line":108,"column":6},"end":{"line":113,"column":7}},"type":"if","locations":[{"start":{"line":108,"column":6},"end":{"line":113,"column":7}}]},"10":{"loc":{"start":{"line":125,"column":4},"end":{"line":130,"column":5}},"type":"if","locations":[{"start":{"line":125,"column":4},"end":{"line":130,"column":5}}]}},"s":{"0":0,"1":0,"2":0,"3":0,"4":0,"5":0,"6":0,"7":0,"8":0,"9":0,"10":0,"11":0,"12":0,"13":0,"14":0,"15":0,"16":0,"17":0,"18":0,"19":0,"20":0,"21":0,"22":0,"23":0,"24":0,"25":0,"26":0,"27":0,"28":0,"29":0,"30":0,"31":0,"32":0,"33":0,"34":0,"35":0,"36":0,"37":0,"38":0,"39":0,"40":0,"41":0,"42":0,"43":0,"44":0,"45":0,"46":0,"47":0,"48":0,"49":0,"50":0,"51":0,"52":0,"53":0,"54":0,"55":0,"56":0,"57":0,"58":0,"59":0,"60":0},"f":{"0":0,"1":0,"2":0},"b":{"0":[0],"1":[0],"2":[0,0],"3":[0,0,0],"4":[0],"5":[0],"6":[0],"7":[0],"8":[0],"9":[0],"10":[0]}}
,"/Users/outsource/Documents/001_wOC/qa-web-system/src/app/api/projects/[projectId]/invitations/[invitationId]/route.ts": {"path":"/Users/outsource/Documents/001_wOC/qa-web-system/src/app/api/projects/[projectId]/invitations/[invitationId]/route.ts","statementMap":{"0":{"start":{"line":8,"column":0},"end":{"line":8,"column":22}},"1":{"start":{"line":1,"column":0},"end":{"line":1,"column":56}},"2":{"start":{"line":2,"column":0},"end":{"line":2,"column":30}},"3":{"start":{"line":3,"column":0},"end":{"line":3,"column":53}},"4":{"start":{"line":4,"column":0},"end":{"line":4,"column":52}},"5":{"start":{"line":5,"column":0},"end":{"line":5,"column":50}},"6":{"start":{"line":10,"column":10},"end":{"line":10,"column":69}},"7":{"start":{"line":13,"column":10},"end":{"line":13,"column":41}},"8":{"start":{"line":15,"column":4},"end":{"line":17,"column":5}},"9":{"start":{"line":16,"column":6},"end":{"line":16,"column":70}},"10":{"start":{"line":19,"column":12},"end":{"line":19,"column":40}},"11":{"start":{"line":22,"column":23},"end":{"line":24,"column":null}},"12":{"start":{"line":22,"column":10},"end":{"line":24,"column":null}},"13":{"start":{"line":26,"column":4},"end":{"line":31,"column":5}},"14":{"start":{"line":27,"column":6},"end":{"line":30,"column":8}},"15":{"start":{"line":34,"column":4},"end":{"line":39,"column":5}},"16":{"start":{"line":35,"column":6},"end":{"line":38,"column":8}},"17":{"start":{"line":42,"column":4},"end":{"line":47,"column":5}},"18":{"start":{"line":43,"column":6},"end":{"line":46,"column":8}},"19":{"start":{"line":50,"column":8},"end":{"line":50,"column":12}},"20":{"start":{"line":52,"column":26},"end":{"line":52,"column":null}},"21":{"start":{"line":52,"column":12},"end":{"line":52,"column":null}},"22":{"start":{"line":53,"column":6},"end":{"line":58,"column":7}},"23":{"start":{"line":54,"column":8},"end":{"line":57,"column":10}},"24":{"start":{"line":62,"column":4},"end":{"line":64,"column":7}},"25":{"start":{"line":66,"column":4},"end":{"line":68,"column":7}},"26":{"start":{"line":70,"column":4},"end":{"line":70,"column":40}},"27":{"start":{"line":71,"column":4},"end":{"line":74,"column":6}}},"fnMap":{"0":{"name":"DELETE","decl":{"start":{"line":8,"column":22},"end":{"line":8,"column":28}},"loc":{"start":{"line":8,"column":28},"end":{"line":76,"column":null}}}},"branchMap":{"0":{"loc":{"start":{"line":15,"column":4},"end":{"line":17,"column":5}},"type":"if","locations":[{"start":{"line":15,"column":4},"end":{"line":17,"column":5}}]},"1":{"loc":{"start":{"line":26,"column":4},"end":{"line":31,"column":5}},"type":"if","locations":[{"start":{"line":26,"column":4},"end":{"line":31,"column":5}}]},"2":{"loc":{"start":{"line":34,"column":4},"end":{"line":39,"column":5}},"type":"if","locations":[{"start":{"line":34,"column":4},"end":{"line":39,"column":5}}]},"3":{"loc":{"start":{"line":42,"column":4},"end":{"line":47,"column":5}},"type":"if","locations":[{"start":{"line":42,"column":4},"end":{"line":47,"column":5}}]},"4":{"loc":{"start":{"line":50,"column":8},"end":{"line":50,"column":12}},"type":"if","locations":[{"start":{"line":50,"column":8},"end":{"line":50,"column":12}}]},"5":{"loc":{"start":{"line":50,"column":8},"end":{"line":50,"column":65}},"type":"binary-expr","locations":[{"start":{"line":50,"column":8},"end":{"line":50,"column":29}},{"start":{"line":50,"column":33},"end":{"line":50,"column":65}}]},"6":{"loc":{"start":{"line":53,"column":6},"end":{"line":58,"column":7}},"type":"if","locations":[{"start":{"line":53,"column":6},"end":{"line":58,"column":7}}]}},"s":{"0":0,"1":0,"2":0,"3":0,"4":0,"5":0,"6":0,"7":0,"8":0,"9":0,"10":0,"11":0,"12":0,"13":0,"14":0,"15":0,"16":0,"17":0,"18":0,"19":0,"20":0,"21":0,"22":0,"23":0,"24":0,"25":0,"26":0,"27":0},"f":{"0":0},"b":{"0":[0],"1":[0],"2":[0],"3":[0],"4":[0],"5":[0,0],"6":[0]}}
[...]
,"/Users/outsource/Documents/001_wOC/qa-web-system/src/lib/auth/password.ts": {"path":"/Users/outsource/Documents/001_wOC/qa-web-system/src/lib/auth/password.ts","statementMap":{"0":{"start":{"line":8,"column":0},"end":{"line":8,"column":22}},"1":{"start":{"line":15,"column":0},"end":{"line":15,"column":22}},"2":{"start":{"line":1,"column":0},"end":{"line":1,"column":30}},"3":{"start":{"line":3,"column":20},"end":{"line":3,"column":22}},"4":{"start":{"line":9,"column":2},"end":{"line":9,"column":44}},"5":{"start":{"line":16,"column":2},"end":{"line":16,"column":50}}},"fnMap":{"0":{"name":"hashPassword","decl":{"start":{"line":8,"column":22},"end":{"line":8,"column":34}},"loc":{"start":{"line":8,"column":51},"end":{"line":10,"column":null}}},"1":{"name":"verifyPassword","decl":{"start":{"line":15,"column":22},"end":{"line":15,"column":36}},"loc":{"start":{"line":15,"column":77},"end":{"line":17,"column":null}}}},"branchMap":{},"s":{"0":0,"1":0,"2":0,"3":0,"4":0,"5":0},"f":{"0":0,"1":0},"b":{}}
,"/Users/outsource/Documents/001_wOC/qa-web-system/src/lib/db/index.ts": {"path":"/Users/outsource/Documents/001_wOC/qa-web-system/src/lib/db/index.ts","statementMap":{"0":{"start":{"line":1,"column":0},"end":{"line":1,"column":46}},"1":{"start":{"line":5,"column":24},"end":{"line":5,"column":69}},"2":{"start":{"line":7,"column":13},"end":{"line":7,"column":67}},"3":{"start":{"line":9,"column":0},"end":{"line":9,"column":75}},"4":{"start":{"line":9,"column":43},"end":{"line":9,"column":75}},"5":{"start":{"line":11,"column":0},"end":{"line":11,"column":22}}},"fnMap":{},"branchMap":{"0":{"loc":{"start":{"line":7,"column":22},"end":{"line":7,"column":66}},"type":"binary-expr","locations":[{"start":{"line":7,"column":22},"end":{"line":7,"column":44}},{"start":{"line":7,"column":48},"end":{"line":7,"column":66}}]},"1":{"loc":{"start":{"line":9,"column":0},"end":{"line":9,"column":75}},"type":"if","locations":[{"start":{"line":9,"column":0},"end":{"line":9,"column":75}}]}},"s":{"0":0,"1":0,"2":0,"3":0,"4":0,"5":0},"f":{},"b":{"0":[0,0],"1":[0]}}
,"/Users/outsource/Documents/001_wOC/qa-web-system/src/lib/utils/api.ts": {"path":"/Users/outsource/Documents/001_wOC/qa-web-system/src/lib/utils/api.ts","statementMap":{"0":{"start":{"line":7,"column":0},"end":{"line":7,"column":16}},"1":{"start":{"line":26,"column":0},"end":{"line":26,"column":22}},"2":{"start":{"line":1,"column":0},"end":{"line":1,"column":56}},"3":{"start":{"line":2,"column":0},"end":{"line":2,"column":42}},"4":{"start":{"line":8,"column":17},"end":{"line":8,"column":45}},"5":{"start":{"line":9,"column":16},"end":{"line":9,"column":47}},"6":{"start":{"line":10,"column":15},"end":{"line":10,"column":45}},"7":{"start":{"line":12,"column":2},"end":{"line":14,"column":3}},"8":{"start":{"line":13,"column":4},"end":{"line":13,"column":16}},"9":{"start":{"line":16,"column":2},"end":{"line":20,"column":4}},"10":{"start":{"line":31,"column":17},"end":{"line":31,"column":null}},"11":{"start":{"line":31,"column":10},"end":{"line":31,"column":null}},"12":{"start":{"line":32,"column":10},"end":{"line":32,"column":36}},"13":{"start":{"line":33,"column":4},"end":{"line":33,"column":35}},"14":{"start":{"line":35,"column":4},"end":{"line":43,"column":5}},"15":{"start":{"line":36,"column":6},"end":{"line":42,"column":8}},"16":{"start":{"line":45,"column":4},"end":{"line":51,"column":6}}},"fnMap":{"0":{"name":"getUserFromRequest","decl":{"start":{"line":7,"column":16},"end":{"line":7,"column":34}},"loc":{"start":{"line":7,"column":51},"end":{"line":21,"column":1}}},"1":{"name":"validateRequest","decl":{"start":{"line":26,"column":22},"end":{"line":26,"column":37}},"loc":{"start":{"line":28,"column":22},"end":{"line":53,"column":null}}}},"branchMap":{"0":{"loc":{"start":{"line":12,"column":2},"end":{"line":14,"column":3}},"type":"if","locations":[{"start":{"line":12,"column":2},"end":{"line":14,"column":3}}]},"1":{"loc":{"start":{"line":12,"column":6},"end":{"line":12,"column":32}},"type":"binary-expr","locations":[{"start":{"line":12,"column":6},"end":{"line":12,"column":13}},{"start":{"line":12,"column":17},"end":{"line":12,"column":23}},{"start":{"line":12,"column":27},"end":{"line":12,"column":32}}]},"2":{"loc":{"start":{"line":35,"column":4},"end":{"line":43,"column":5}},"type":"if","locations":[{"start":{"line":35,"column":4},"end":{"line":43,"column":5}}]}},"s":{"0":1,"1":1,"2":1,"3":1,"4":0,"5":0,"6":0,"7":0,"8":0,"9":0,"10":0,"11":0,"12":0,"13":0,"14":0,"15":0,"16":0},"f":{"0":0,"1":0},"b":{"0":[0],"1":[0,0,0],"2":[0]}}
,"/Users/outsource/Documents/001_wOC/qa-web-system/src/lib/utils/auth.ts": {"path":"/Users/outsource/Documents/001_wOC/qa-web-system/src/lib/utils/auth.ts","statementMap":{"0":{"start":{"line":15,"column":0},"end":{"line":15,"column":22}},"1":{"start":{"line":99,"column":0},"end":{"line":99,"column":22}},"2":{"start":{"line":1,"column":0},"end":{"line":1,"column":43}},"3":{"start":{"line":2,"column":0},"end":{"line":2,"column":51}},"4":{"start":{"line":3,"column":0},"end":{"line":3,"column":30}},"5":{"start":{"line":24,"column":20},"end":{"line":46,"column":null}},"6":{"start":{"line":24,"column":10},"end":{"line":46,"column":null}},"7":{"start":{"line":48,"column":4},"end":{"line":56,"column":5}},"8":{"start":{"line":49,"column":6},"end":{"line":55,"column":8}},"9":{"start":{"line":59,"column":4},"end":{"line":61,"column":5}},"10":{"start":{"line":60,"column":6},"end":{"line":60,"column":58}},"11":{"start":{"line":64,"column":4},"end":{"line":66,"column":5}},"12":{"start":{"line":65,"column":6},"end":{"line":65,"column":58}},"13":{"start":{"line":69,"column":10},"end":{"line":71,"column":6}},"14":{"start":{"line":70,"column":18},"end":{"line":70,"column":null}},"15":{"start":{"line":73,"column":4},"end":{"line":81,"column":5}},"16":{"start":{"line":74,"column":6},"end":{"line":80,"column":8}},"17":{"start":{"line":83,"column":4},"end":{"line":83,"column":50}},"18":{"start":{"line":85,"column":4},"end":{"line":85,"column":49}},"19":{"start":{"line":86,"column":4},"end":{"line":92,"column":6}},"20":{"start":{"line":106,"column":17},"end":{"line":106,"column":null}},"21":{"start":{"line":106,"column":8},"end":{"line":106,"column":null}},"22":{"start":{"line":108,"column":2},"end":{"line":110,"column":3}},"23":{"start":{"line":109,"column":4},"end":{"line":109,"column":18}},"24":{"start":{"line":113,"column":2},"end":{"line":115,"column":3}},"25":{"start":{"line":114,"column":4},"end":{"line":114,"column":54}},"26":{"start":{"line":118,"column":2},"end":{"line":120,"column":3}},"27":{"start":{"line":119,"column":4},"end":{"line":119,"column":54}},"28":{"start":{"line":123,"column":2},"end":{"line":128,"column":3}},"29":{"start":{"line":127,"column":4},"end":{"line":127,"column":54}},"30":{"start":{"line":131,"column":2},"end":{"line":137,"column":4}}},"fnMap":{"0":{"name":"canAccessProject","decl":{"start":{"line":15,"column":22},"end":{"line":15,"column":38}},"loc":{"start":{"line":17,"column":12},"end":{"line":94,"column":null}}},"1":{"name":"(anonymous_17)","decl":{"start":{"line":70,"column":6},"end":{"line":70,"column":7}},"loc":{"start":{"line":70,"column":13},"end":{"line":70,"column":24}}},"2":{"name":"canManageProject","decl":{"start":{"line":99,"column":22},"end":{"line":99,"column":38}},"loc":{"start":{"line":101,"column":12},"end":{"line":138,"column":null}}}},"branchMap":{"0":{"loc":{"start":{"line":48,"column":4},"end":{"line":56,"column":5}},"type":"if","locations":[{"start":{"line":48,"column":4},"end":{"line":56,"column":5}}]},"1":{"loc":{"start":{"line":59,"column":4},"end":{"line":61,"column":5}},"type":"if","locations":[{"start":{"line":59,"column":4},"end":{"line":61,"column":5}}]},"2":{"loc":{"start":{"line":64,"column":4},"end":{"line":66,"column":5}},"type":"if","locations":[{"start":{"line":64,"column":4},"end":{"line":66,"column":5}}]},"3":{"loc":{"start":{"line":73,"column":4},"end":{"line":81,"column":5}},"type":"if","locations":[{"start":{"line":73,"column":4},"end":{"line":81,"column":5}}]},"4":{"loc":{"start":{"line":106,"column":17},"end":{"line":106,"column":null}},"type":"switch","locations":[{"start":{"line":106,"column":17},"end":{"line":106,"column":null}}]},"5":{"loc":{"start":{"line":108,"column":2},"end":{"line":110,"column":3}},"type":"if","locations":[{"start":{"line":108,"column":2},"end":{"line":110,"column":3}}]},"6":{"loc":{"start":{"line":113,"column":2},"end":{"line":115,"column":3}},"type":"if","locations":[{"start":{"line":113,"column":2},"end":{"line":115,"column":3}}]},"7":{"loc":{"start":{"line":118,"column":2},"end":{"line":120,"column":3}},"type":"if","locations":[{"start":{"line":118,"column":2},"end":{"line":120,"column":3}}]},"8":{"loc":{"start":{"line":123,"column":2},"end":{"line":128,"column":3}},"type":"if","locations":[{"start":{"line":123,"column":2},"end":{"line":128,"column":3}}]},"9":{"loc":{"start":{"line":124,"column":4},"end":{"line":125,"column":50}},"type":"binary-expr","locations":[{"start":{"line":124,"column":4},"end":{"line":124,"column":21}},{"start":{"line":125,"column":4},"end":{"line":125,"column":50}}]}},"s":{"0":0,"1":0,"2":0,"3":0,"4":0,"5":0,"6":0,"7":0,"8":0,"9":0,"10":0,"11":0,"12":0,"13":0,"14":0,"15":0,"16":0,"17":0,"18":0,"19":0,"20":0,"21":0,"22":0,"23":0,"24":0,"25":0,"26":0,"27":0,"28":0,"29":0,"30":0},"f":{"0":0,"1":0,"2":0},"b":{"0":[0],"1":[0],"2":[0],"3":[0],"4":[0],"5":[0],"6":[0],"7":[0],"8":[0],"9":[0,0]}}
,"/Users/outsource/Documents/001_wOC/qa-web-system/src/lib/utils/blob.ts": {"path":"/Users/outsource/Documents/001_wOC/qa-web-system/src/lib/utils/blob.ts","statementMap":{"0":{"start":{"line":9,"column":0},"end":{"line":9,"column":22}},"1":{"start":{"line":34,"column":0},"end":{"line":34,"column":22}},"2":{"start":{"line":49,"column":0},"end":{"line":49,"column":22}},"3":{"start":{"line":59,"column":0},"end":{"line":59,"column":16}},"4":{"start":{"line":1,"column":0},"end":{"line":1,"column":61}},"5":{"start":{"line":17,"column":8},"end":{"line":17,"column":45}},"6":{"start":{"line":18,"column":8},"end":{"line":20,"column":16}},"7":{"start":{"line":22,"column":8},"end":{"line":24,"column":15}},"8":{"start":{"line":26,"column":9},"end":{"line":26,"column":43}},"9":{"start":{"line":26,"column":2},"end":{"line":26,"column":43}},"10":{"start":{"line":36,"column":4},"end":{"line":36,"column":19}},"11":{"start":{"line":37,"column":4},"end":{"line":37,"column":16}},"12":{"start":{"line":39,"column":4},"end":{"line":39,"column":39}},"13":{"start":{"line":40,"column":4},"end":{"line":40,"column":17}},"14":{"start":{"line":50,"column":8},"end":{"line":50,"column":64}},"15":{"start":{"line":51,"column":9},"end":{"line":51,"column":29}},"16":{"start":{"line":51,"column":2},"end":{"line":51,"column":29}},"17":{"start":{"line":60,"column":20},"end":{"line":60,"column":66}},"18":{"start":{"line":62,"column":44},"end":{"line":84,"column":4}},"19":{"start":{"line":86,"column":2},"end":{"line":86,"column":60}}},"fnMap":{"0":{"name":"uploadFile","decl":{"start":{"line":9,"column":22},"end":{"line":9,"column":32}},"loc":{"start":{"line":15,"column":3},"end":{"line":27,"column":null}}},"1":{"name":"deleteFile","decl":{"start":{"line":34,"column":22},"end":{"line":34,"column":32}},"loc":{"start":{"line":34,"column":44},"end":{"line":42,"column":null}}},"2":{"name":"listFiles","decl":{"start":{"line":49,"column":22},"end":{"line":49,"column":31}},"loc":{"start":{"line":49,"column":50},"end":{"line":52,"column":null}}},"3":{"name":"getMimeType","decl":{"start":{"line":59,"column":16},"end":{"line":59,"column":27}},"loc":{"start":{"line":59,"column":44},"end":{"line":87,"column":1}}}},"branchMap":{"0":{"loc":{"start":{"line":26,"column":2},"end":{"line":26,"column":43}},"type":"switch","locations":[{"start":{"line":26,"column":2},"end":{"line":26,"column":43}}]},"1":{"loc":{"start":{"line":17,"column":17},"end":{"line":17,"column":44}},"type":"binary-expr","locations":[{"start":{"line":17,"column":17},"end":{"line":17,"column":32}},{"start":{"line":17,"column":36},"end":{"line":17,"column":44}}]},"2":{"loc":{"start":{"line":17,"column":17},"end":{"line":17,"column":32}},"type":"cond-expr","locations":[{"start":{"line":17,"column":24},"end":{"line":17,"column":26}},{"start":{"line":17,"column":17},"end":{"line":17,"column":32}}]},"3":{"loc":{"start":{"line":17,"column":17},"end":{"line":17,"column":26}},"type":"binary-expr","locations":[{"start":{"line":17,"column":17},"end":{"line":17,"column":26}},{"start":{"line":17,"column":17},"end":{"line":17,"column":26}}]},"4":{"loc":{"start":{"line":18,"column":19},"end":{"line":20,"column":15}},"type":"cond-expr","locations":[{"start":{"line":19,"column":6},"end":{"line":19,"column":81}},{"start":{"line":20,"column":6},"end":{"line":20,"column":15}}]},"5":{"loc":{"start":{"line":18,"column":19},"end":{"line":18,"column":43}},"type":"cond-expr","locations":[{"start":{"line":18,"column":26},"end":{"line":18,"column":28}},{"start":{"line":18,"column":19},"end":{"line":18,"column":43}}]},"6":{"loc":{"start":{"line":18,"column":19},"end":{"line":18,"column":28}},"type":"binary-expr","locations":[{"start":{"line":18,"column":19},"end":{"line":18,"column":28}},{"start":{"line":18,"column":19},"end":{"line":18,"column":28}}]},"7":{"loc":{"start":{"line":22,"column":15},"end":{"line":24,"column":14}},"type":"cond-expr","locations":[{"start":{"line":23,"column":6},"end":{"line":23,"column":40}},{"start":{"line":24,"column":6},"end":{"line":24,"column":14}}]},"8":{"loc":{"start":{"line":22,"column":15},"end":{"line":22,"column":33}},"type":"cond-expr","locations":[{"start":{"line":22,"column":22},"end":{"line":22,"column":24}},{"start":{"line":22,"column":15},"end":{"line":22,"column":33}}]},"9":{"loc":{"start":{"line":22,"column":15},"end":{"line":22,"column":24}},"type":"binary-expr","locations":[{"start":{"line":22,"column":15},"end":{"line":22,"column":24}},{"start":{"line":22,"column":15},"end":{"line":22,"column":24}}]},"10":{"loc":{"start":{"line":51,"column":2},"end":{"line":51,"column":29}},"type":"switch","locations":[{"start":{"line":51,"column":2},"end":{"line":51,"column":29}}]},"11":{"loc":{"start":{"line":50,"column":18},"end":{"line":50,"column":63}},"type":"cond-expr","locations":[{"start":{"line":50,"column":30},"end":{"line":50,"column":51}},{"start":{"line":50,"column":54},"end":{"line":50,"column":63}}]},"12":{"loc":{"start":{"line":60,"column":20},"end":{"line":60,"column":66}},"type":"binary-expr","locations":[{"start":{"line":60,"column":20},"end":{"line":60,"column":60}},{"start":{"line":60,"column":64},"end":{"line":60,"column":66}}]},"13":{"loc":{"start":{"line":60,"column":20},"end":{"line":60,"column":60}},"type":"cond-expr","locations":[{"start":{"line":60,"column":45},"end":{"line":60,"column":47}},{"start":{"line":60,"column":45},"end":{"line":60,"column":60}}]},"14":{"loc":{"start":{"line":60,"column":20},"end":{"line":60,"column":47}},"type":"binary-expr","locations":[{"start":{"line":60,"column":20},"end":{"line":60,"column":47}},{"start":{"line":60,"column":45},"end":{"line":60,"column":47}}]},"15":{"loc":{"start":{"line":86,"column":9},"end":{"line":86,"column":59}},"type":"binary-expr","locations":[{"start":{"line":86,"column":9},"end":{"line":86,"column":29}},{"start":{"line":86,"column":33},"end":{"line":86,"column":59}}]}},"s":{"0":0,"1":0,"2":0,"3":0,"4":0,"5":0,"6":0,"7":0,"8":0,"9":0,"10":0,"11":0,"12":0,"13":0,"14":0,"15":0,"16":0,"17":0,"18":0,"19":0},"f":{"0":0,"1":0,"2":0,"3":0},"b":{"0":[0],"1":[0,0],"2":[0,0],"3":[0,0],"4":[0,0],"5":[0,0],"6":[0,0],"7":[0,0],"8":[0,0],"9":[0,0],"10":[0],"11":[0,0],"12":[0,0],"13":[0,0],"14":[0,0],"15":[0,0]}}
,"/Users/outsource/Documents/001_wOC/qa-web-system/src/lib/validations/media.ts": {"path":"/Users/outsource/Documents/001_wOC/qa-web-system/src/lib/validations/media.ts","statementMap":{"0":{"start":{"line":1,"column":0},"end":{"line":1,"column":24}},"1":{"start":{"line":4,"column":13},"end":{"line":9,"column":3}},"2":{"start":{"line":12,"column":13},"end":{"line":16,"column":3}}},"fnMap":{},"branchMap":{},"s":{"0":0,"1":0,"2":0},"f":{},"b":{}}
,"/Users/outsource/Documents/001_wOC/qa-web-system/src/lib/validations/project.ts": {"path":"/Users/outsource/Documents/001_wOC/qa-web-system/src/lib/validations/project.ts","statementMap":{"0":{"start":{"line":1,"column":0},"end":{"line":1,"column":24}},"1":{"start":{"line":2,"column":0},"end":{"line":2,"column":45}},"2":{"start":{"line":5,"column":13},"end":{"line":8,"column":3}},"3":{"start":{"line":11,"column":13},"end":{"line":14,"column":3}},"4":{"start":{"line":17,"column":13},"end":{"line":22,"column":3}},"5":{"start":{"line":20,"column":20},"end":{"line":20,"column":null}},"6":{"start":{"line":25,"column":13},"end":{"line":29,"column":3}},"7":{"start":{"line":27,"column":20},"end":{"line":27,"column":null}},"8":{"start":{"line":32,"column":13},"end":{"line":34,"column":3}},"9":{"start":{"line":37,"column":13},"end":{"line":39,"column":3}}},"fnMap":{"0":{"name":"(anonymous_0)","decl":{"start":{"line":20,"column":14},"end":{"line":20,"column":20}},"loc":{"start":{"line":20,"column":14},"end":{"line":20,"column":21}}},"1":{"name":"(anonymous_1)","decl":{"start":{"line":27,"column":14},"end":{"line":27,"column":20}},"loc":{"start":{"line":27,"column":14},"end":{"line":27,"column":21}}}},"branchMap":{},"s":{"0":0,"1":0,"2":0,"3":0,"4":0,"5":0,"6":0,"7":0,"8":0,"9":0},"f":{"0":0,"1":0},"b":{}}
,"/Users/outsource/Documents/001_wOC/qa-web-system/src/lib/validations/question.ts": {"path":"/Users/outsource/Documents/001_wOC/qa-web-system/src/lib/validations/question.ts","statementMap":{"0":{"start":{"line":1,"column":0},"end":{"line":1,"column":24}},"1":{"start":{"line":2,"column":0},"end":{"line":2,"column":66}},"2":{"start":{"line":5,"column":13},"end":{"line":14,"column":3}},"3":{"start":{"line":11,"column":20},"end":{"line":11,"column":null}},"4":{"start":{"line":17,"column":13},"end":{"line":26,"column":3}},"5":{"start":{"line":23,"column":20},"end":{"line":23,"column":null}},"6":{"start":{"line":29,"column":13},"end":{"line":33,"column":3}},"7":{"start":{"line":31,"column":20},"end":{"line":31,"column":null}},"8":{"start":{"line":36,"column":13},"end":{"line":46,"column":3}},"9":{"start":{"line":49,"column":13},"end":{"line":59,"column":3}},"10":{"start":{"line":62,"column":13},"end":{"line":68,"column":3}},"11":{"start":{"line":71,"column":13},"end":{"line":73,"column":3}}},"fnMap":{"0":{"name":"(anonymous_0)","decl":{"start":{"line":11,"column":14},"end":{"line":11,"column":20}},"loc":{"start":{"line":11,"column":14},"end":{"line":11,"column":21}}},"1":{"name":"(anonymous_1)","decl":{"start":{"line":23,"column":14},"end":{"line":23,"column":20}},"loc":{"start":{"line":23,"column":14},"end":{"line":23,"column":21}}},"2":{"name":"(anonymous_2)","decl":{"start":{"line":31,"column":14},"end":{"line":31,"column":20}},"loc":{"start":{"line":31,"column":14},"end":{"line":31,"column":21}}}},"branchMap":{},"s":{"0":0,"1":0,"2":0,"3":0,"4":0,"5":0,"6":0,"7":0,"8":0,"9":0,"10":0,"11":0},"f":{"0":0,"1":0,"2":0},"b":{}}
}
