TN:
SF:src/middleware.ts
FN:28,(anonymous_0)
FN:45,(anonymous_1)
FN:72,checkRateLimit
FN:96,cleanupRateLimitMap
FN:102,(anonymous_4)
FN:120,(anonymous_5)
FN:123,middleware
FN:180,(anonymous_7)
FN:200,(anonymous_8)
FN:255,(anonymous_9)
FN:267,(anonymous_10)
FN:311,(anonymous_11)
FNF:12
FNH:0
FNDA:0,(anonymous_0)
FNDA:0,(anonymous_1)
FNDA:0,checkRateLimit
FNDA:0,cleanupRateLimitMap
FNDA:0,(anonymous_4)
FNDA:0,(anonymous_5)
FNDA:0,middleware
FNDA:0,(anonymous_7)
FNDA:0,(anonymous_8)
FNDA:0,(anonymous_9)
FNDA:0,(anonymous_10)
FNDA:0,(anonymous_11)
DA:6,0
DA:20,0
DA:28,0
DA:29,0
DA:30,0
DA:32,0
DA:33,0
DA:36,0
DA:37,0
DA:38,0
DA:39,0
DA:42,0
DA:45,0
DA:46,0
DA:49,0
DA:64,0
DA:65,0
DA:68,0
DA:73,0
DA:76,0
DA:77,0
DA:80,0
DA:82,0
DA:83,0
DA:84,0
DA:87,0
DA:88,0
DA:91,0
DA:92,0
DA:97,0
DA:100,0
DA:101,0
DA:102,0
DA:105,0
DA:106,0
DA:107,0
DA:112,0
DA:113,0
DA:114,0
DA:115,0
DA:120,0
DA:124,0
DA:125,0
DA:126,0
DA:128,0
DA:131,0
DA:134,0
DA:135,0
DA:136,0
DA:137,0
DA:138,0
DA:142,0
DA:143,0
DA:147,0
DA:148,0
DA:149,0
DA:150,0
DA:153,0
DA:154,0
DA:155,0
DA:161,0
DA:162,0
DA:164,0
DA:165,0
DA:166,0
DA:180,0
DA:181,0
DA:182,0
DA:184,0
DA:185,0
DA:186,0
DA:200,0
DA:202,0
DA:204,0
DA:205,0
DA:211,0
DA:212,0
DA:213,0
DA:214,0
DA:217,0
DA:218,0
DA:220,0
DA:221,0
DA:222,0
DA:232,0
DA:233,0
DA:235,0
DA:237,0
DA:238,0
DA:248,0
DA:249,0
DA:250,0
DA:251,0
DA:252,0
DA:255,0
DA:256,0
DA:259,0
DA:267,0
DA:268,0
DA:270,0
DA:271,0
DA:272,0
DA:285,0
DA:286,0
DA:288,0
DA:290,0
DA:291,0
DA:304,0
DA:305,0
DA:306,0
DA:307,0
DA:308,0
DA:311,0
DA:312,0
DA:315,0
DA:323,0
DA:324,0
DA:329,0
LF:118
LH:0
BRDA:29,0,0,0
BRDA:29,0,1,0
BRDA:30,1,0,0
BRDA:30,1,1,0
BRDA:38,2,0,0
BRDA:38,2,1,0
BRDA:38,3,0,0
BRDA:38,3,1,0
BRDA:39,4,0,0
BRDA:39,4,1,0
BRDA:39,5,0,0
BRDA:39,5,1,0
BRDA:51,6,0,0
BRDA:51,6,1,0
BRDA:52,7,0,0
BRDA:52,7,1,0
BRDA:55,8,0,0
BRDA:55,8,1,0
BRDA:64,9,0,0
BRDA:64,9,1,0
BRDA:76,10,0,0
BRDA:76,10,1,0
BRDA:82,11,0,0
BRDA:82,11,1,0
BRDA:82,12,0,0
BRDA:82,12,1,0
BRDA:87,13,0,0
BRDA:87,13,1,0
BRDA:100,14,0,0
BRDA:100,14,1,0
BRDA:106,15,0,0
BRDA:106,15,1,0
BRDA:114,16,0,0
BRDA:114,16,1,0
BRDA:134,17,0,0
BRDA:134,17,1,0
BRDA:134,18,0,0
BRDA:134,18,1,0
BRDA:142,19,0,0
BRDA:142,19,1,0
BRDA:153,20,0,0
BRDA:153,20,1,0
BRDA:161,21,0,0
BRDA:161,21,1,0
BRDA:161,21,2,0
BRDA:164,22,0,0
BRDA:164,22,1,0
BRDA:180,23,0,0
BRDA:180,23,1,0
BRDA:180,24,0,0
BRDA:180,24,1,0
BRDA:180,25,0,0
BRDA:180,25,1,0
BRDA:184,26,0,0
BRDA:184,26,1,0
BRDA:184,27,0,0
BRDA:184,27,1,0
BRDA:184,27,2,0
BRDA:200,28,0,0
BRDA:200,28,1,0
BRDA:202,29,0,0
BRDA:202,29,1,0
BRDA:212,30,0,0
BRDA:212,30,1,0
BRDA:213,31,0,0
BRDA:213,31,1,0
BRDA:214,32,0,0
BRDA:214,32,1,0
BRDA:217,33,0,0
BRDA:217,33,1,0
BRDA:220,34,0,0
BRDA:220,34,1,0
BRDA:233,35,0,0
BRDA:233,35,1,0
BRDA:235,36,0,0
BRDA:235,36,1,0
BRDA:267,37,0,0
BRDA:267,37,1,0
BRDA:270,38,0,0
BRDA:270,38,1,0
BRDA:286,39,0,0
BRDA:286,39,1,0
BRDA:288,40,0,0
BRDA:288,40,1,0
BRF:84
BRH:0
end_of_record
TN:
SF:src/__tests__/utils/test-helpers.ts
FN:8,generateTestToken
FN:25,createMockRequest
FN:33,(anonymous_2)
FN:55,createAuthenticatedRequest
FN:81,mockNextResponseJson
FN:87,(anonymous_5)
FN:94,(anonymous_6)
FN:97,(anonymous_7)
FN:109,resetMocks
FNF:9
FNH:2
FNDA:0,generateTestToken
FNDA:6,createMockRequest
FNDA:5,(anonymous_2)
FNDA:0,createAuthenticatedRequest
FNDA:0,mockNextResponseJson
FNDA:0,(anonymous_5)
FNDA:0,(anonymous_6)
FNDA:0,(anonymous_7)
FNDA:0,resetMocks
DA:13,0
DA:19,0
DA:32,6
DA:33,6
DA:34,5
DA:38,6
DA:44,0
DA:46,0
DA:49,0
DA:63,0
DA:65,0
DA:83,0
DA:86,0
DA:89,0
DA:92,0
DA:94,0
DA:97,0
DA:101,0
DA:110,0
LF:19
LH:4
BRDA:9,0,0,0
BRDA:10,1,0,0
BRDA:11,2,0,0
BRDA:26,3,0,0
BRDA:27,4,0,0
BRDA:28,5,0,2
BRDA:44,6,0,0
BRDA:44,6,1,0
BRDA:56,7,0,0
BRDA:57,8,0,0
BRDA:58,9,0,0
BRDA:59,10,0,0
BRDA:60,11,0,0
BRDA:94,12,0,0
BRDA:94,12,1,0
BRF:15
BRH:1
end_of_record
TN:
SF:src/app/403.tsx
FN:8,ForbiddenPage
FN:11,(anonymous_1)
FN:15,(anonymous_2)
FNF:3
FNH:0
FNDA:0,ForbiddenPage
FNDA:0,(anonymous_1)
FNDA:0,(anonymous_2)
DA:9,0
DA:11,0
DA:12,0
DA:15,0
DA:16,0
DA:19,0
LF:6
LH:0
BRF:0
BRH:0
end_of_record
TN:
SF:src/app/auth-provider.tsx
FN:19,(anonymous_0)
FN:20,(anonymous_1)
FN:25,AuthProvider
FN:38,(anonymous_3)
FNF:4
FNH:0
FNDA:0,(anonymous_0)
FNDA:0,(anonymous_1)
FNDA:0,AuthProvider
FNDA:0,(anonymous_3)
DA:9,0
DA:12,0
DA:19,0
DA:20,0
DA:21,0
DA:30,0
DA:31,0
DA:32,0
DA:35,0
DA:38,0
DA:40,0
DA:42,0
DA:45,0
DA:49,0
DA:53,0
DA:55,0
DA:56,0
DA:59,0
DA:67,0
LF:19
LH:0
BRDA:21,0,0,0
BRDA:21,0,1,0
BRDA:40,1,0,0
BRDA:40,1,1,0
BRDA:53,2,0,0
BRDA:53,2,1,0
BRDA:53,3,0,0
BRDA:53,3,1,0
BRDA:53,3,2,0
BRDA:53,3,3,0
BRDA:55,4,0,0
BRDA:55,4,1,0
BRF:12
BRH:0
end_of_record
TN:
SF:src/app/admin/users/layout.tsx
FN:1,AdminUsersLayout
FNF:1
FNH:0
FNDA:0,AdminUsersLayout
DA:6,0
LF:1
LH:0
BRF:0
BRH:0
end_of_record
TN:
SF:src/app/admin/users/page.tsx
FN:41,UserManagement
FN:69,(anonymous_1)
FN:76,(anonymous_2)
FN:100,(anonymous_3)
FN:107,(anonymous_4)
FN:113,(anonymous_5)
FN:120,(anonymous_6)
FN:125,(anonymous_7)
FN:129,(anonymous_8)
FN:134,(anonymous_9)
FN:139,(anonymous_10)
FN:152,(anonymous_11)
FN:168,(anonymous_12)
FN:177,(anonymous_13)
FN:182,(anonymous_14)
FN:190,(anonymous_15)
FN:200,(anonymous_16)
FN:222,(anonymous_17)
FN:241,(anonymous_18)
FN:249,(anonymous_19)
FN:270,(anonymous_20)
FN:271,(anonymous_21)
FN:295,(anonymous_22)
FNF:23
FNH:0
FNDA:0,UserManagement
FNDA:0,(anonymous_1)
FNDA:0,(anonymous_2)
FNDA:0,(anonymous_3)
FNDA:0,(anonymous_4)
FNDA:0,(anonymous_5)
FNDA:0,(anonymous_6)
FNDA:0,(anonymous_7)
FNDA:0,(anonymous_8)
FNDA:0,(anonymous_9)
FNDA:0,(anonymous_10)
FNDA:0,(anonymous_11)
FNDA:0,(anonymous_12)
FNDA:0,(anonymous_13)
FNDA:0,(anonymous_14)
FNDA:0,(anonymous_15)
FNDA:0,(anonymous_16)
FNDA:0,(anonymous_17)
FNDA:0,(anonymous_18)
FNDA:0,(anonymous_19)
FNDA:0,(anonymous_20)
FNDA:0,(anonymous_21)
FNDA:0,(anonymous_22)
DA:42,0
DA:43,0
DA:44,0
DA:45,0
DA:46,0
DA:47,0
DA:48,0
DA:49,0
DA:52,0
DA:53,0
DA:54,0
DA:55,0
DA:58,0
DA:59,0
DA:62,0
DA:69,0
DA:70,0
DA:71,0
DA:76,0
DA:77,0
DA:78,0
DA:79,0
DA:84,0
DA:85,0
DA:88,0
DA:89,0
DA:90,0
DA:92,0
DA:93,0
DA:95,0
DA:100,0
DA:101,0
DA:102,0
DA:107,0
DA:108,0
DA:109,0
DA:113,0
DA:114,0
DA:115,0
DA:116,0
DA:117,0
DA:120,0
DA:121,0
DA:122,0
DA:125,0
DA:126,0
DA:129,0
DA:130,0
DA:134,0
DA:135,0
DA:136,0
DA:139,0
DA:140,0
DA:141,0
DA:145,0
DA:153,0
DA:169,0
DA:178,0
DA:182,0
DA:190,0
DA:200,0
DA:201,0
DA:203,0
DA:204,0
DA:212,0
DA:213,0
DA:215,0
DA:216,0
DA:218,0
DA:222,0
DA:223,0
DA:225,0
DA:226,0
DA:230,0
DA:231,0
DA:233,0
DA:234,0
DA:236,0
DA:241,0
DA:242,0
DA:249,0
DA:250,0
DA:253,0
DA:254,0
DA:257,0
DA:270,0
DA:271,0
DA:296,0
DA:297,0
LF:89
LH:0
BRDA:70,0,0,0
BRDA:70,0,1,0
BRDA:70,1,0,0
BRDA:70,1,1,0
BRDA:84,2,0,0
BRDA:84,2,1,0
BRDA:101,3,0,0
BRDA:101,3,1,0
BRDA:116,4,0,0
BRDA:116,4,1,0
BRDA:154,5,0,0
BRDA:154,5,1,0
BRDA:160,6,0,0
BRDA:160,6,1,0
BRDA:201,7,0,0
BRDA:201,7,1,0
BRDA:216,8,0,0
BRDA:216,8,1,0
BRDA:223,9,0,0
BRDA:223,9,1,0
BRDA:234,10,0,0
BRDA:234,10,1,0
BRDA:253,11,0,0
BRDA:253,11,1,0
BRDA:253,12,0,0
BRDA:253,12,1,0
BRDA:271,13,0,0
BRDA:271,13,1,0
BRDA:350,14,0,0
BRDA:350,14,1,0
BRF:30
BRH:0
end_of_record
TN:
SF:src/app/api/answer-form-templates/route.ts
FN:24,GET
FN:51,(anonymous_1)
FN:67,POST
FN:83,(anonymous_3)
FNF:4
FNH:0
FNDA:0,GET
FNDA:0,(anonymous_1)
FNDA:0,POST
FNDA:0,(anonymous_3)
DA:8,0
DA:17,0
DA:25,0
DA:26,0
DA:27,0
DA:28,0
DA:31,0
DA:32,0
DA:35,0
DA:51,0
DA:56,0
DA:58,0
DA:59,0
DA:68,0
DA:69,0
DA:70,0
DA:71,0
DA:75,0
DA:76,0
DA:77,0
DA:80,0
DA:83,0
DA:89,0
DA:98,0
DA:106,0
DA:107,0
LF:26
LH:0
BRDA:27,0,0,0
BRDA:27,0,1,0
BRDA:38,1,0,0
BRDA:38,1,1,0
BRDA:70,2,0,0
BRDA:70,2,1,0
BRDA:76,3,0,0
BRDA:76,3,1,0
BRDA:85,4,0,0
BRDA:85,4,1,0
BRF:10
BRH:0
end_of_record
TN:
SF:src/app/api/answer-form-templates/[templateId]/route.ts
FN:24,GET
FN:70,PATCH
FN:116,(anonymous_2)
FN:143,DELETE
FNF:4
FNH:0
FNDA:0,GET
FNDA:0,PATCH
FNDA:0,(anonymous_2)
FNDA:0,DELETE
DA:8,0
DA:17,0
DA:28,0
DA:29,0
DA:30,0
DA:31,0
DA:34,0
DA:37,0
DA:41,0
DA:42,0
DA:49,0
DA:50,0
DA:56,0
DA:61,0
DA:62,0
DA:74,0
DA:75,0
DA:76,0
DA:77,0
DA:80,0
DA:83,0
DA:87,0
DA:88,0
DA:95,0
DA:96,0
DA:103,0
DA:104,0
DA:105,0
DA:108,0
DA:111,0
DA:112,0
DA:113,0
DA:114,0
DA:116,0
DA:120,0
DA:124,0
DA:129,0
DA:134,0
DA:135,0
DA:147,0
DA:148,0
DA:149,0
DA:150,0
DA:153,0
DA:156,0
DA:160,0
DA:161,0
DA:168,0
DA:169,0
DA:176,0
DA:180,0
DA:182,0
DA:183,0
LF:53
LH:0
BRDA:30,0,0,0
BRDA:30,0,1,0
BRDA:41,1,0,0
BRDA:41,1,1,0
BRDA:49,2,0,0
BRDA:49,2,1,0
BRDA:76,3,0,0
BRDA:76,3,1,0
BRDA:87,4,0,0
BRDA:87,4,1,0
BRDA:95,5,0,0
BRDA:95,5,1,0
BRDA:104,6,0,0
BRDA:104,6,1,0
BRDA:112,7,0,0
BRDA:112,7,1,0
BRDA:113,8,0,0
BRDA:113,8,1,0
BRDA:114,9,0,0
BRDA:114,9,1,0
BRDA:118,10,0,0
BRDA:118,10,1,0
BRDA:149,11,0,0
BRDA:149,11,1,0
BRDA:160,12,0,0
BRDA:160,12,1,0
BRDA:168,13,0,0
BRDA:168,13,1,0
BRF:28
BRH:0
end_of_record
TN:
SF:src/app/api/attachments/upload-url/route.ts
FN:38,POST
FNF:1
FNH:0
FNDA:0,POST
DA:9,0
DA:16,0
DA:19,0
DA:39,0
DA:40,0
DA:41,0
DA:42,0
DA:46,0
DA:47,0
DA:48,0
DA:51,0
DA:54,0
DA:55,0
DA:62,0
DA:63,0
DA:64,0
DA:65,0
DA:71,0
DA:74,0
DA:77,0
DA:79,0
DA:88,0
DA:89,0
DA:95,0
DA:96,0
LF:25
LH:0
BRDA:41,0,0,0
BRDA:41,0,1,0
BRDA:47,1,0,0
BRDA:47,1,1,0
BRDA:54,2,0,0
BRDA:54,2,1,0
BRDA:77,3,0,0
BRDA:77,3,1,0
BRF:8
BRH:0
end_of_record
TN:
SF:src/app/api/auth/csrf-token/route.ts
FN:4,GET
FNF:1
FNH:0
FNDA:0,GET
DA:5,0
DA:7,0
DA:10,0
DA:14,0
DA:23,0
DA:31,0
DA:33,0
DA:34,0
LF:8
LH:0
BRF:0
BRH:0
end_of_record
TN:
SF:src/app/api/auth/login/route.ts
FN:5,POST
FNF:1
FNH:0
FNDA:0,POST
DA:6,0
DA:7,0
DA:8,0
DA:11,0
DA:12,0
DA:16,0
DA:20,0
DA:21,0
DA:25,0
DA:26,0
DA:27,0
DA:31,0
DA:34,0
DA:41,0
DA:47,0
DA:48,0
LF:16
LH:0
BRDA:11,0,0,0
BRDA:11,0,1,0
BRDA:11,1,0,0
BRDA:11,1,1,0
BRDA:20,2,0,0
BRDA:20,2,1,0
BRDA:26,3,0,0
BRDA:26,3,1,0
BRF:8
BRH:0
end_of_record
TN:
SF:src/app/api/auth/logout/route.ts
FN:4,POST
FNF:1
FNH:0
FNDA:0,POST
DA:5,0
DA:6,0
DA:8,0
DA:9,0
DA:18,0
DA:22,0
DA:23,0
LF:7
LH:0
BRDA:8,0,0,0
BRDA:8,0,1,0
BRF:2
BRH:0
end_of_record
TN:
SF:src/app/api/auth/me/route.ts
FN:5,GET
FNF:1
FNH:0
FNDA:0,GET
DA:6,0
DA:8,0
DA:9,0
DA:10,0
DA:13,0
DA:16,0
DA:18,0
DA:19,0
DA:23,0
DA:33,0
DA:34,0
DA:38,0
DA:40,0
DA:41,0
LF:14
LH:0
BRDA:9,0,0,0
BRDA:9,0,1,0
BRDA:9,1,0,0
BRDA:9,1,1,0
BRDA:16,2,0,0
BRDA:16,2,1,0
BRDA:18,3,0,0
BRDA:18,3,1,0
BRDA:18,4,0,0
BRDA:18,4,1,0
BRDA:33,5,0,0
BRDA:33,5,1,0
BRF:12
BRH:0
end_of_record
TN:
SF:src/app/api/auth/register/route.ts
FN:5,POST
FNF:1
FNH:0
FNDA:0,POST
DA:6,0
DA:7,0
DA:8,0
DA:11,0
DA:12,0
DA:16,0
DA:17,0
DA:18,0
DA:22,0
DA:23,0
DA:27,0
DA:31,0
DA:32,0
DA:36,0
DA:39,0
DA:54,0
DA:59,0
DA:60,0
LF:18
LH:0
BRDA:11,0,0,0
BRDA:11,0,1,0
BRDA:11,1,0,0
BRDA:11,1,1,0
BRDA:17,2,0,0
BRDA:17,2,1,0
BRDA:22,3,0,0
BRDA:22,3,1,0
BRDA:31,4,0,0
BRDA:31,4,1,0
BRDA:43,5,0,0
BRDA:43,5,1,0
BRF:12
BRH:0
end_of_record
TN:
SF:src/app/api/auth/request-password-reset/route.ts
FN:13,POST
FNF:1
FNH:0
FNDA:0,POST
DA:9,0
DA:14,0
DA:16,0
DA:17,0
DA:18,0
DA:21,0
DA:24,0
DA:29,0
DA:30,0
DA:36,0
DA:37,0
DA:40,0
DA:41,0
DA:44,0
DA:52,0
DA:61,0
DA:64,0
DA:66,0
DA:70,0
DA:71,0
LF:20
LH:0
BRDA:17,0,0,0
BRDA:17,0,1,0
BRDA:29,1,0,0
BRDA:29,1,1,0
BRF:4
BRH:0
end_of_record
TN:
SF:src/app/api/auth/reset-password/route.ts
FN:15,POST
FN:61,(anonymous_1)
FN:101,PATCH
FNF:3
FNH:0
FNDA:0,POST
FNDA:0,(anonymous_1)
FNDA:0,PATCH
DA:9,1
DA:16,0
DA:18,0
DA:19,0
DA:20,0
DA:23,0
DA:26,0
DA:29,0
DA:34,0
DA:35,0
DA:42,0
DA:43,0
DA:50,0
DA:51,0
DA:58,0
DA:61,0
DA:63,0
DA:71,0
DA:79,0
DA:88,0
DA:92,0
DA:93,0
DA:102,0
DA:103,0
DA:104,0
DA:106,0
DA:107,0
DA:111,0
DA:115,0
DA:117,0
DA:121,0
DA:122,0
DA:123,0
DA:129,0
DA:138,0
DA:139,0
LF:36
LH:1
BRDA:19,0,0,0
BRDA:19,0,1,0
BRDA:34,1,0,0
BRDA:34,1,1,0
BRDA:42,2,0,0
BRDA:42,2,1,0
BRDA:50,3,0,0
BRDA:50,3,1,0
BRDA:106,4,0,0
BRDA:106,4,1,0
BRDA:115,5,0,0
BRDA:115,5,1,0
BRF:12
BRH:0
end_of_record
TN:
SF:src/app/api/cron/check-deadlines/route.ts
FN:7,POST
FN:52,(anonymous_1)
FN:54,(anonymous_2)
FNF:3
FNH:0
FNDA:0,POST
FNDA:0,(anonymous_1)
FNDA:0,(anonymous_2)
DA:8,0
DA:10,0
DA:11,0
DA:13,0
DA:14,0
DA:22,0
DA:32,0
DA:43,0
DA:44,0
DA:51,0
DA:54,0
DA:56,0
DA:66,0
DA:77,0
DA:82,0
DA:87,0
DA:93,0
DA:94,0
LF:18
LH:0
BRDA:13,0,0,0
BRDA:13,0,1,0
BRDA:13,1,0,0
BRDA:13,1,1,0
BRDA:43,2,0,0
BRDA:43,2,1,0
BRF:6
BRH:0
end_of_record
TN:
SF:src/app/api/dashboard/route.ts
FN:6,GET
FN:153,(anonymous_1)
FN:156,(anonymous_2)
FN:176,(anonymous_3)
FN:183,(anonymous_4)
FNF:5
FNH:0
FNDA:0,GET
FNDA:0,(anonymous_1)
FNDA:0,(anonymous_2)
FNDA:0,(anonymous_3)
FNDA:0,(anonymous_4)
DA:7,0
DA:9,0
DA:10,0
DA:11,0
DA:14,0
DA:17,0
DA:19,0
DA:20,0
DA:23,0
DA:26,0
DA:27,0
DA:28,0
DA:31,0
DA:41,0
DA:49,0
DA:63,0
DA:76,0
DA:101,0
DA:123,0
DA:153,0
DA:154,0
DA:155,0
DA:156,0
DA:157,0
DA:160,0
DA:169,0
DA:176,0
DA:183,0
DA:193,0
DA:195,0
DA:196,0
LF:31
LH:0
BRDA:10,0,0,0
BRDA:10,0,1,0
BRDA:10,1,0,0
BRDA:10,1,1,0
BRDA:17,2,0,0
BRDA:17,2,1,0
BRDA:19,3,0,0
BRDA:19,3,1,0
BRDA:19,4,0,0
BRDA:19,4,1,0
BRDA:180,5,0,0
BRDA:180,5,1,0
BRF:12
BRH:0
end_of_record
TN:
SF:src/app/api/invitations/[token]/route.ts
FN:7,GET
FN:99,POST
FNF:2
FNH:0
FNDA:0,GET
FNDA:0,POST
DA:11,0
DA:14,0
DA:17,0
DA:37,0
DA:38,0
DA:45,0
DA:46,0
DA:53,0
DA:54,0
DA:61,0
DA:62,0
DA:63,0
DA:70,0
DA:90,0
DA:91,0
DA:103,0
DA:104,0
DA:105,0
DA:106,0
DA:109,0
DA:110,0
DA:117,0
DA:124,0
DA:125,0
DA:132,0
DA:133,0
DA:140,0
DA:141,0
DA:149,0
DA:150,0
DA:157,0
DA:159,0
DA:160,0
DA:167,0
DA:176,0
DA:178,0
DA:183,0
DA:190,0
DA:206,0
DA:214,0
DA:216,0
DA:221,0
DA:226,0
DA:227,0
LF:44
LH:0
BRDA:37,0,0,0
BRDA:37,0,1,0
BRDA:45,1,0,0
BRDA:45,1,1,0
BRDA:53,2,0,0
BRDA:53,2,1,0
BRDA:62,3,0,0
BRDA:62,3,1,0
BRDA:62,4,0,0
BRDA:62,4,1,0
BRDA:109,5,0,0
BRDA:109,5,1,0
BRDA:109,6,0,0
BRDA:109,6,1,0
BRDA:124,7,0,0
BRDA:124,7,1,0
BRDA:132,8,0,0
BRDA:132,8,1,0
BRDA:140,9,0,0
BRDA:140,9,1,0
BRDA:149,10,0,0
BRDA:149,10,1,0
BRDA:149,11,0,0
BRDA:149,11,1,0
BRDA:157,12,0,0
BRDA:157,12,1,0
BRDA:159,13,0,0
BRDA:159,13,1,0
BRDA:176,14,0,0
BRDA:176,14,1,0
BRDA:214,15,0,0
BRDA:214,15,1,0
BRF:32
BRH:0
end_of_record
TN:
SF:src/app/api/invitations/respond/route.ts
FN:14,POST
FN:77,(anonymous_1)
FNF:2
FNH:0
FNDA:0,POST
FNDA:0,(anonymous_1)
DA:9,0
DA:15,0
DA:16,0
DA:17,0
DA:18,0
DA:22,0
DA:23,0
DA:24,0
DA:27,0
DA:30,0
DA:44,0
DA:45,0
DA:52,0
DA:53,0
DA:60,0
DA:61,0
DA:68,0
DA:69,0
DA:75,0
DA:77,0
DA:79,0
DA:88,0
DA:89,0
DA:93,0
DA:99,0
DA:107,0
DA:110,0
DA:121,0
DA:126,0
DA:131,0
DA:133,0
DA:134,0
DA:140,0
LF:33
LH:0
BRDA:17,0,0,0
BRDA:17,0,1,0
BRDA:23,1,0,0
BRDA:23,1,1,0
BRDA:44,2,0,0
BRDA:44,2,1,0
BRDA:52,3,0,0
BRDA:52,3,1,0
BRDA:60,4,0,0
BRDA:60,4,1,0
BRDA:68,5,0,0
BRDA:68,5,1,0
BRDA:75,6,0,0
BRDA:75,6,1,0
BRDA:88,7,0,0
BRDA:88,7,1,0
BRDA:133,8,0,0
BRDA:133,8,1,0
BRF:18
BRH:0
end_of_record
TN:
SF:src/app/api/media/route.ts
FN:9,GET
FN:69,POST
FNF:2
FNH:0
FNDA:0,GET
FNDA:0,POST
DA:10,0
DA:11,0
DA:13,0
DA:14,0
DA:18,0
DA:19,0
DA:20,0
DA:21,0
DA:24,0
DA:42,0
DA:43,0
DA:46,0
DA:50,0
DA:53,0
DA:55,0
DA:60,0
DA:61,0
DA:70,0
DA:71,0
DA:73,0
DA:74,0
DA:78,0
DA:79,0
DA:80,0
DA:83,0
DA:86,0
DA:96,0
DA:98,0
DA:99,0
LF:29
LH:0
BRDA:13,0,0,0
BRDA:13,0,1,0
BRDA:19,1,0,0
BRDA:19,1,1,0
BRDA:28,2,0,0
BRDA:28,2,1,0
BRDA:30,3,0,0
BRDA:30,3,1,0
BRDA:42,4,0,0
BRDA:42,4,1,0
BRDA:53,5,0,0
BRDA:53,5,1,0
BRDA:73,6,0,0
BRDA:73,6,1,0
BRDA:79,7,0,0
BRDA:79,7,1,0
BRF:16
BRH:0
end_of_record
TN:
SF:src/app/api/media/[fileId]/route.ts
FN:8,GET
FN:52,DELETE
FN:99,(anonymous_2)
FNF:3
FNH:0
FNDA:0,GET
FNDA:0,DELETE
FNDA:0,(anonymous_2)
DA:12,0
DA:13,0
DA:15,0
DA:16,0
DA:19,0
DA:22,0
DA:26,0
DA:27,0
DA:34,0
DA:35,0
DA:41,0
DA:43,0
DA:44,0
DA:56,0
DA:57,0
DA:59,0
DA:60,0
DA:63,0
DA:66,0
DA:75,0
DA:76,0
DA:83,0
DA:84,0
DA:91,0
DA:92,0
DA:99,0
DA:101,0
DA:106,0
DA:108,0
DA:111,0
DA:116,0
DA:117,0
LF:32
LH:0
BRDA:15,0,0,0
BRDA:15,0,1,0
BRDA:26,1,0,0
BRDA:26,1,1,0
BRDA:34,2,0,0
BRDA:34,2,1,0
BRDA:34,3,0,0
BRDA:34,3,1,0
BRDA:59,4,0,0
BRDA:59,4,1,0
BRDA:75,5,0,0
BRDA:75,5,1,0
BRDA:83,6,0,0
BRDA:83,6,1,0
BRDA:83,7,0,0
BRDA:83,7,1,0
BRDA:91,8,0,0
BRDA:91,8,1,0
BRDA:91,9,0,0
BRDA:91,9,1,0
BRF:20
BRH:0
end_of_record
TN:
SF:src/app/api/media/upload/route.ts
FN:7,POST
FN:91,(anonymous_1)
FN:118,(anonymous_2)
FNF:3
FNH:0
FNDA:0,POST
FNDA:0,(anonymous_1)
FNDA:0,(anonymous_2)
DA:8,0
DA:9,0
DA:11,0
DA:13,0
DA:14,0
DA:17,0
DA:18,0
DA:21,0
DA:22,0
DA:23,0
DA:24,0
DA:25,0
DA:28,0
DA:30,0
DA:31,0
DA:32,0
DA:33,0
DA:35,0
DA:36,0
DA:37,0
DA:38,0
DA:40,0
DA:42,0
DA:47,0
DA:49,0
DA:52,0
DA:55,0
DA:58,0
DA:59,0
DA:63,0
DA:65,0
DA:66,0
DA:67,0
DA:71,0
DA:74,0
DA:75,0
DA:76,0
DA:77,0
DA:83,0
DA:84,0
DA:87,0
DA:93,0
DA:94,0
DA:96,0
DA:120,0
DA:122,0
DA:123,0
DA:124,0
DA:126,0
DA:131,0
DA:132,0
DA:134,0
DA:135,0
LF:53
LH:0
BRDA:21,0,0,0
BRDA:21,0,1,0
BRDA:21,1,0,0
BRDA:21,1,1,0
BRDA:28,2,0,0
BRDA:28,2,1,0
BRDA:30,3,0,0
BRDA:30,3,1,0
BRDA:35,4,0,0
BRDA:35,4,1,0
BRDA:40,5,0,0
BRDA:40,5,1,0
BRDA:59,6,0,0
BRDA:59,6,1,0
BRDA:65,7,0,0
BRDA:65,7,1,0
BRDA:75,8,0,0
BRDA:75,8,1,0
BRDA:123,9,0,0
BRDA:123,9,1,0
BRDA:136,10,0,0
BRDA:136,10,1,0
BRF:22
BRH:0
end_of_record
TN:
SF:src/app/api/media/upload-simple/route.ts
FN:5,POST
FNF:1
FNH:0
FNDA:0,POST
DA:6,0
DA:8,0
DA:10,0
DA:11,0
DA:12,0
DA:16,0
DA:17,0
DA:18,0
DA:19,0
DA:26,0
DA:27,0
DA:29,0
DA:30,0
DA:36,0
DA:39,0
DA:45,0
DA:47,0
DA:53,0
DA:54,0
LF:19
LH:0
BRDA:11,0,0,0
BRDA:11,0,1,0
BRDA:17,1,0,0
BRDA:17,1,1,0
BRDA:29,2,0,0
BRDA:29,2,1,0
BRDA:55,3,0,0
BRDA:55,3,1,0
BRF:8
BRH:0
end_of_record
TN:
SF:src/app/api/media/upload-url/route.ts
FN:9,POST
FNF:1
FNH:0
FNDA:0,POST
DA:10,0
DA:11,0
DA:13,0
DA:14,0
DA:18,0
DA:19,0
DA:20,0
DA:23,0
DA:26,0
DA:27,0
DA:28,0
DA:35,0
DA:36,0
DA:37,0
DA:40,0
DA:45,0
DA:56,0
DA:58,0
DA:66,0
DA:67,0
LF:20
LH:0
BRDA:13,0,0,0
BRDA:13,0,1,0
BRDA:19,1,0,0
BRDA:19,1,1,0
BRDA:27,2,0,0
BRDA:27,2,1,0
BRDA:27,3,0,0
BRDA:27,3,1,0
BRDA:40,4,0,0
BRDA:40,4,1,0
BRDA:56,5,0,0
BRDA:56,5,1,0
BRF:12
BRH:0
end_of_record
TN:
SF:src/app/api/notifications/route.ts
FN:6,GET
FNF:1
FNH:1
FNDA:6,GET
DA:7,6
DA:8,6
DA:10,6
DA:11,1
DA:15,5
DA:16,5
DA:17,5
DA:18,5
DA:21,5
DA:42,5
DA:43,1
DA:46,1
DA:50,5
DA:54,4
DA:57,4
DA:64,4
DA:70,6
DA:71,6
LF:18
LH:18
BRDA:10,0,0,1
BRDA:10,0,1,5
BRDA:17,1,0,5
BRDA:17,1,1,3
BRDA:25,2,0,1
BRDA:25,2,1,4
BRDA:42,3,0,1
BRDA:42,3,1,4
BRDA:54,4,0,2
BRDA:54,4,1,2
BRDA:54,5,0,4
BRDA:54,5,1,4
BRF:12
BRH:12
end_of_record
TN:
SF:src/app/api/notifications/[notificationId]/route.ts
FN:6,PATCH
FN:59,DELETE
FNF:2
FNH:2
FNDA:6,PATCH
FNDA:4,DELETE
DA:10,6
DA:11,6
DA:13,6
DA:14,1
DA:17,5
DA:18,5
DA:21,5
DA:25,5
DA:26,1
DA:33,4
DA:34,1
DA:41,3
DA:48,3
DA:50,6
DA:51,6
DA:63,4
DA:64,4
DA:66,4
DA:67,1
DA:70,3
DA:73,3
DA:77,3
DA:78,1
DA:85,2
DA:86,1
DA:93,1
DA:97,1
DA:101,4
DA:102,4
LF:29
LH:29
BRDA:13,0,0,1
BRDA:13,0,1,5
BRDA:25,1,0,1
BRDA:25,1,1,4
BRDA:33,2,0,1
BRDA:33,2,1,3
BRDA:44,3,0,1
BRDA:44,3,1,2
BRDA:66,4,0,1
BRDA:66,4,1,3
BRDA:77,5,0,1
BRDA:77,5,1,2
BRDA:85,6,0,1
BRDA:85,6,1,1
BRF:14
BRH:14
end_of_record
TN:
SF:src/app/api/notifications/read-all/route.ts
FN:6,POST
FNF:1
FNH:1
FNDA:4,POST
DA:7,4
DA:8,4
DA:10,4
DA:11,1
DA:15,3
DA:25,2
DA:30,4
DA:31,4
LF:8
LH:8
BRDA:10,0,0,1
BRDA:10,0,1,3
BRF:2
BRH:2
end_of_record
TN:
SF:src/app/api/projects/route.ts
FN:9,GET
FN:102,POST
FN:118,(anonymous_2)
FNF:3
FNH:0
FNDA:0,GET
FNDA:0,POST
FNDA:0,(anonymous_2)
DA:10,0
DA:11,0
DA:13,0
DA:14,0
DA:18,0
DA:19,0
DA:50,0
DA:54,0
DA:91,0
DA:93,0
DA:94,0
DA:103,0
DA:104,0
DA:106,0
DA:107,0
DA:110,0
DA:111,0
DA:112,0
DA:115,0
DA:118,0
DA:120,0
DA:129,0
DA:138,0
DA:163,0
DA:165,0
DA:166,0
LF:26
LH:0
BRDA:13,0,0,0
BRDA:13,0,1,0
BRDA:18,1,0,0
BRDA:18,1,1,0
BRDA:106,2,0,0
BRDA:106,2,1,0
BRDA:111,3,0,0
BRDA:111,3,1,0
BRF:8
BRH:0
end_of_record
TN:
SF:src/app/api/projects/[projectId]/route.ts
FN:9,GET
FN:36,(anonymous_1)
FN:74,PATCH
FN:130,DELETE
FNF:4
FNH:0
FNDA:0,GET
FNDA:0,(anonymous_1)
FNDA:0,PATCH
FNDA:0,DELETE
DA:13,0
DA:14,0
DA:16,0
DA:17,0
DA:20,0
DA:23,0
DA:24,0
DA:25,0
DA:28,0
DA:31,0
DA:36,0
DA:46,0
DA:58,0
DA:65,0
DA:66,0
DA:78,0
DA:79,0
DA:81,0
DA:82,0
DA:85,0
DA:88,0
DA:89,0
DA:90,0
DA:94,0
DA:95,0
DA:96,0
DA:99,0
DA:102,0
DA:119,0
DA:121,0
DA:122,0
DA:134,0
DA:135,0
DA:137,0
DA:138,0
DA:141,0
DA:144,0
DA:145,0
DA:146,0
DA:150,0
DA:154,0
DA:159,0
DA:160,0
LF:43
LH:0
BRDA:16,0,0,0
BRDA:16,0,1,0
BRDA:24,1,0,0
BRDA:24,1,1,0
BRDA:39,2,0,0
BRDA:39,2,1,0
BRDA:81,3,0,0
BRDA:81,3,1,0
BRDA:89,4,0,0
BRDA:89,4,1,0
BRDA:95,5,0,0
BRDA:95,5,1,0
BRDA:105,6,0,0
BRDA:105,6,1,0
BRDA:106,7,0,0
BRDA:106,7,1,0
BRDA:137,8,0,0
BRDA:137,8,1,0
BRDA:145,9,0,0
BRDA:145,9,1,0
BRF:20
BRH:0
end_of_record
TN:
SF:src/app/api/projects/[projectId]/available-users/route.ts
FN:9,GET
FN:40,(anonymous_1)
FNF:2
FNH:0
FNDA:0,GET
FNDA:0,(anonymous_1)
DA:13,0
DA:15,0
DA:17,0
DA:18,0
DA:21,0
DA:23,0
DA:26,0
DA:27,0
DA:28,0
DA:35,0
DA:40,0
DA:41,0
DA:44,0
DA:45,0
DA:48,0
DA:62,0
DA:64,0
DA:66,0
DA:67,0
LF:19
LH:0
BRDA:17,0,0,0
BRDA:17,0,1,0
BRDA:27,1,0,0
BRDA:27,1,1,0
BRF:4
BRH:0
end_of_record
TN:
SF:src/app/api/projects/[projectId]/invitations/route.ts
FN:12,GET
FN:33,(anonymous_1)
FN:66,POST
FNF:3
FNH:0
FNDA:0,GET
FNDA:0,(anonymous_1)
FNDA:0,POST
DA:16,0
DA:17,0
DA:19,0
DA:20,0
DA:23,0
DA:26,0
DA:27,0
DA:28,0
DA:32,0
DA:33,0
DA:35,0
DA:36,0
DA:38,0
DA:55,0
DA:57,0
DA:58,0
DA:70,0
DA:71,0
DA:73,0
DA:74,0
DA:77,0
DA:80,0
DA:81,0
DA:82,0
DA:86,0
DA:87,0
DA:88,0
DA:91,0
DA:94,0
DA:96,0
DA:99,0
DA:104,0
DA:105,0
DA:114,0
DA:115,0
DA:123,0
DA:131,0
DA:132,0
DA:139,0
DA:140,0
DA:141,0
DA:144,0
DA:171,0
DA:172,0
DA:179,0
DA:193,0
DA:196,0
DA:201,0
DA:202,0
DA:209,0
DA:218,0
DA:219,0
DA:226,0
DA:234,0
DA:235,0
DA:242,0
DA:243,0
DA:244,0
DA:247,0
DA:287,0
DA:307,0
DA:308,0
LF:62
LH:0
BRDA:19,0,0,0
BRDA:19,0,1,0
BRDA:27,1,0,0
BRDA:27,1,1,0
BRDA:41,2,0,0
BRDA:41,2,1,0
BRDA:41,3,0,0
BRDA:41,3,1,0
BRDA:41,3,2,0
BRDA:73,4,0,0
BRDA:73,4,1,0
BRDA:81,5,0,0
BRDA:81,5,1,0
BRDA:87,6,0,0
BRDA:87,6,1,0
BRDA:94,7,0,0
BRDA:94,7,1,0
BRDA:104,8,0,0
BRDA:104,8,1,0
BRDA:114,9,0,0
BRDA:114,9,1,0
BRDA:131,10,0,0
BRDA:131,10,1,0
BRDA:174,11,0,0
BRDA:174,11,1,0
BRDA:201,12,0,0
BRDA:201,12,1,0
BRDA:218,13,0,0
BRDA:218,13,1,0
BRDA:234,14,0,0
BRDA:234,14,1,0
BRF:31
BRH:0
end_of_record
TN:
SF:src/app/api/projects/[projectId]/invitations/[invitationId]/route.ts
FN:8,DELETE
FNF:1
FNH:0
FNDA:0,DELETE
DA:12,0
DA:13,0
DA:15,0
DA:16,0
DA:19,0
DA:22,0
DA:26,0
DA:27,0
DA:34,0
DA:35,0
DA:42,0
DA:43,0
DA:50,0
DA:52,0
DA:53,0
DA:54,0
DA:62,0
DA:66,0
DA:70,0
DA:71,0
LF:20
LH:0
BRDA:15,0,0,0
BRDA:15,0,1,0
BRDA:26,1,0,0
BRDA:26,1,1,0
BRDA:34,2,0,0
BRDA:34,2,1,0
BRDA:42,3,0,0
BRDA:42,3,1,0
BRDA:50,4,0,0
BRDA:50,4,1,0
BRDA:50,5,0,0
BRDA:50,5,1,0
BRDA:53,6,0,0
BRDA:53,6,1,0
BRF:14
BRH:0
end_of_record
TN:
SF:src/app/api/projects/[projectId]/members/route.ts
FN:9,GET
FN:53,POST
FNF:2
FNH:0
FNDA:0,GET
FNDA:0,POST
DA:13,0
DA:14,0
DA:16,0
DA:17,0
DA:20,0
DA:23,0
DA:24,0
DA:25,0
DA:29,0
DA:42,0
DA:44,0
DA:45,0
DA:57,0
DA:58,0
DA:60,0
DA:61,0
DA:64,0
DA:67,0
DA:68,0
DA:69,0
DA:73,0
DA:74,0
DA:75,0
DA:78,0
DA:81,0
DA:85,0
DA:86,0
DA:93,0
DA:102,0
DA:103,0
DA:110,0
DA:127,0
DA:129,0
DA:130,0
LF:34
LH:0
BRDA:16,0,0,0
BRDA:16,0,1,0
BRDA:24,1,0,0
BRDA:24,1,1,0
BRDA:60,2,0,0
BRDA:60,2,1,0
BRDA:68,3,0,0
BRDA:68,3,1,0
BRDA:74,4,0,0
BRDA:74,4,1,0
BRDA:85,5,0,0
BRDA:85,5,1,0
BRDA:102,6,0,0
BRDA:102,6,1,0
BRF:14
BRH:0
end_of_record
TN:
SF:src/app/api/projects/[projectId]/members/[memberId]/route.ts
FN:9,PATCH
FN:86,DELETE
FNF:2
FNH:0
FNDA:0,PATCH
FNDA:0,DELETE
DA:13,0
DA:14,0
DA:16,0
DA:17,0
DA:20,0
DA:23,0
DA:24,0
DA:25,0
DA:29,0
DA:30,0
DA:31,0
DA:34,0
DA:37,0
DA:44,0
DA:45,0
DA:52,0
DA:53,0
DA:54,0
DA:61,0
DA:75,0
DA:77,0
DA:78,0
DA:90,0
DA:91,0
DA:93,0
DA:94,0
DA:97,0
DA:100,0
DA:101,0
DA:102,0
DA:106,0
DA:113,0
DA:114,0
DA:121,0
DA:122,0
DA:123,0
DA:130,0
DA:131,0
DA:138,0
DA:142,0
DA:147,0
DA:148,0
LF:42
LH:0
BRDA:16,0,0,0
BRDA:16,0,1,0
BRDA:24,1,0,0
BRDA:24,1,1,0
BRDA:30,2,0,0
BRDA:30,2,1,0
BRDA:44,3,0,0
BRDA:44,3,1,0
BRDA:53,4,0,0
BRDA:53,4,1,0
BRDA:93,5,0,0
BRDA:93,5,1,0
BRDA:101,6,0,0
BRDA:101,6,1,0
BRDA:113,7,0,0
BRDA:113,7,1,0
BRDA:122,8,0,0
BRDA:122,8,1,0
BRDA:130,9,0,0
BRDA:130,9,1,0
BRF:20
BRH:0
end_of_record
TN:
SF:src/app/api/projects/[projectId]/questions/route.ts
FN:10,GET
FN:116,(anonymous_1)
FN:172,POST
FN:311,(anonymous_3)
FN:327,(anonymous_4)
FN:368,(anonymous_5)
FNF:6
FNH:0
FNDA:0,GET
FNDA:0,(anonymous_1)
FNDA:0,POST
FNDA:0,(anonymous_3)
FNDA:0,(anonymous_4)
FNDA:0,(anonymous_5)
DA:14,0
DA:15,0
DA:17,0
DA:18,0
DA:21,0
DA:24,0
DA:25,0
DA:26,0
DA:30,0
DA:31,0
DA:32,0
DA:33,0
DA:34,0
DA:35,0
DA:36,0
DA:37,0
DA:40,0
DA:45,0
DA:46,0
DA:50,0
DA:51,0
DA:55,0
DA:56,0
DA:60,0
DA:61,0
DA:65,0
DA:66,0
DA:76,0
DA:77,0
DA:80,0
DA:86,0
DA:87,0
DA:114,0
DA:115,0
DA:116,0
DA:119,0
DA:120,0
DA:127,0
DA:161,0
DA:163,0
DA:164,0
DA:176,0
DA:178,0
DA:179,0
DA:180,0
DA:182,0
DA:183,0
DA:184,0
DA:187,0
DA:188,0
DA:191,0
DA:192,0
DA:193,0
DA:194,0
DA:195,0
DA:197,0
DA:200,0
DA:202,0
DA:203,0
DA:204,0
DA:206,0
DA:207,0
DA:211,0
DA:214,0
DA:216,0
DA:218,0
DA:219,0
DA:221,0
DA:222,0
DA:223,0
DA:224,0
DA:230,0
DA:232,0
DA:245,0
DA:247,0
DA:250,0
DA:251,0
DA:260,0
DA:261,0
DA:262,0
DA:267,0
DA:270,0
DA:271,0
DA:272,0
DA:279,0
DA:280,0
DA:281,0
DA:286,0
DA:290,0
DA:291,0
DA:292,0
DA:293,0
DA:297,0
DA:298,0
DA:299,0
DA:305,0
DA:306,0
DA:310,0
DA:311,0
DA:312,0
DA:314,0
DA:327,0
DA:356,0
DA:359,0
DA:360,0
DA:362,0
DA:363,0
DA:364,0
DA:368,0
DA:383,0
DA:384,0
DA:388,0
DA:389,0
DA:390,0
DA:398,0
DA:401,0
DA:403,0
DA:406,0
DA:407,0
DA:415,0
DA:417,0
DA:418,0
DA:427,0
DA:428,0
DA:435,0
DA:436,0
DA:437,0
DA:438,0
LF:128
LH:0
BRDA:17,0,0,0
BRDA:17,0,1,0
BRDA:25,1,0,0
BRDA:25,1,1,0
BRDA:45,2,0,0
BRDA:45,2,1,0
BRDA:50,3,0,0
BRDA:50,3,1,0
BRDA:55,4,0,0
BRDA:55,4,1,0
BRDA:60,5,0,0
BRDA:60,5,1,0
BRDA:65,6,0,0
BRDA:65,6,1,0
BRDA:76,7,0,0
BRDA:76,7,1,0
BRDA:86,8,0,0
BRDA:86,8,1,0
BRDA:115,9,0,0
BRDA:115,9,1,0
BRDA:116,10,0,0
BRDA:116,10,1,0
BRDA:119,11,0,0
BRDA:119,11,1,0
BRDA:119,12,0,0
BRDA:119,12,1,0
BRDA:180,13,0,0
BRDA:180,13,1,0
BRDA:182,14,0,0
BRDA:182,14,1,0
BRDA:193,15,0,0
BRDA:193,15,1,0
BRDA:221,16,0,0
BRDA:221,16,1,0
BRDA:260,17,0,0
BRDA:260,17,1,0
BRDA:270,18,0,0
BRDA:270,18,1,0
BRDA:270,19,0,0
BRDA:270,19,1,0
BRDA:279,20,0,0
BRDA:279,20,1,0
BRDA:291,21,0,0
BRDA:291,21,1,0
BRDA:297,22,0,0
BRDA:297,22,1,0
BRDA:321,23,0,0
BRDA:321,23,1,0
BRDA:322,24,0,0
BRDA:322,24,1,0
BRDA:324,25,0,0
BRDA:324,25,1,0
BRDA:324,26,0,0
BRDA:324,26,1,0
BRDA:360,27,0,0
BRDA:360,27,1,0
BRDA:362,28,0,0
BRDA:362,28,1,0
BRDA:362,29,0,0
BRDA:362,29,1,0
BRDA:371,30,0,0
BRDA:371,30,1,0
BRDA:372,31,0,0
BRDA:372,31,1,0
BRDA:373,32,0,0
BRDA:373,32,1,0
BRDA:388,33,0,0
BRDA:388,33,1,0
BRDA:388,34,0,0
BRDA:388,34,1,0
BRDA:388,34,2,0
BRDA:437,35,0,0
BRDA:437,35,1,0
BRDA:441,36,0,0
BRDA:441,36,1,0
BRF:75
BRH:0
end_of_record
TN:
SF:src/app/api/projects/[projectId]/questions/[questionId]/route.ts
FN:10,GET
FN:108,(anonymous_1)
FN:129,PATCH
FN:176,(anonymous_3)
FN:239,(anonymous_4)
FN:283,(anonymous_5)
FN:331,DELETE
FN:373,(anonymous_7)
FNF:8
FNH:8
FNDA:5,GET
FNDA:8,(anonymous_1)
FNDA:4,PATCH
FNDA:8,(anonymous_3)
FNDA:1,(anonymous_4)
FNDA:2,(anonymous_5)
FNDA:4,DELETE
FNDA:6,(anonymous_7)
DA:14,5
DA:15,5
DA:17,5
DA:18,0
DA:21,5
DA:24,5
DA:25,5
DA:26,0
DA:30,5
DA:89,5
DA:90,1
DA:97,4
DA:98,0
DA:106,4
DA:107,4
DA:108,8
DA:111,4
DA:112,1
DA:118,3
DA:120,5
DA:121,5
DA:133,4
DA:134,4
DA:136,4
DA:137,0
DA:140,4
DA:143,4
DA:144,4
DA:145,0
DA:149,4
DA:158,4
DA:159,0
DA:166,4
DA:167,0
DA:174,4
DA:175,4
DA:176,8
DA:179,4
DA:180,1
DA:187,3
DA:188,1
DA:195,2
DA:196,2
DA:197,1
DA:200,1
DA:203,1
DA:204,0
DA:213,0
DA:214,0
DA:222,1
DA:223,1
DA:230,1
DA:231,0
DA:239,1
DA:241,1
DA:274,1
DA:276,1
DA:281,1
DA:282,1
DA:284,2
DA:295,1
DA:302,1
DA:305,0
DA:309,1
DA:310,0
DA:320,1
DA:322,3
DA:323,3
DA:335,4
DA:336,4
DA:338,4
DA:339,0
DA:342,4
DA:345,4
DA:346,4
DA:347,0
DA:351,4
DA:355,4
DA:356,1
DA:363,3
DA:364,0
DA:371,3
DA:372,3
DA:373,6
DA:376,3
DA:377,1
DA:384,2
DA:431,2
DA:435,4
DA:436,4
LF:90
LH:74
BRDA:17,0,0,0
BRDA:17,0,1,5
BRDA:25,1,0,0
BRDA:25,1,1,5
BRDA:89,2,0,1
BRDA:89,2,1,4
BRDA:97,3,0,0
BRDA:97,3,1,4
BRDA:107,4,0,4
BRDA:107,4,1,4
BRDA:108,5,0,8
BRDA:108,5,1,0
BRDA:111,6,0,1
BRDA:111,6,1,3
BRDA:111,7,0,4
BRDA:111,7,1,3
BRDA:111,7,2,2
BRDA:111,7,3,2
BRDA:136,8,0,0
BRDA:136,8,1,4
BRDA:144,9,0,0
BRDA:144,9,1,4
BRDA:158,10,0,0
BRDA:158,10,1,4
BRDA:166,11,0,0
BRDA:166,11,1,4
BRDA:175,12,0,4
BRDA:175,12,1,4
BRDA:176,13,0,8
BRDA:176,13,1,0
BRDA:179,14,0,1
BRDA:179,14,1,3
BRDA:179,15,0,4
BRDA:179,15,1,4
BRDA:179,15,2,1
BRDA:187,16,0,1
BRDA:187,16,1,2
BRDA:196,17,0,1
BRDA:196,17,1,1
BRDA:203,18,0,0
BRDA:203,18,1,1
BRDA:203,19,0,1
BRDA:203,19,1,1
BRDA:213,20,0,0
BRDA:213,20,1,0
BRDA:222,21,0,1
BRDA:222,21,1,0
BRDA:222,22,0,1
BRDA:222,22,1,1
BRDA:230,23,0,0
BRDA:230,23,1,1
BRDA:244,24,0,1
BRDA:244,24,1,1
BRDA:245,25,0,1
BRDA:245,25,1,1
BRDA:246,26,0,1
BRDA:246,26,1,1
BRDA:247,27,0,1
BRDA:247,27,1,1
BRDA:247,28,0,1
BRDA:247,28,1,0
BRDA:248,29,0,1
BRDA:248,29,1,1
BRDA:274,30,0,1
BRDA:274,30,1,0
BRDA:281,31,0,1
BRDA:281,31,1,0
BRDA:309,32,0,0
BRDA:309,32,1,1
BRDA:309,33,0,1
BRDA:309,33,1,1
BRDA:338,34,0,0
BRDA:338,34,1,4
BRDA:346,35,0,0
BRDA:346,35,1,4
BRDA:355,36,0,1
BRDA:355,36,1,3
BRDA:363,37,0,0
BRDA:363,37,1,3
BRDA:372,38,0,3
BRDA:372,38,1,3
BRDA:373,39,0,6
BRDA:373,39,1,0
BRDA:376,40,0,1
BRDA:376,40,1,2
BRDA:376,41,0,3
BRDA:376,41,1,2
BRDA:376,41,2,1
BRF:88
BRH:66
end_of_record
TN:
SF:src/app/api/projects/[projectId]/questions/[questionId]/answers/route.ts
FN:10,POST
FN:109,(anonymous_1)
FN:114,(anonymous_2)
FN:146,(anonymous_3)
FN:161,(anonymous_4)
FN:174,(anonymous_5)
FN:188,(anonymous_6)
FNF:7
FNH:7
FNDA:7,POST
FNDA:2,(anonymous_1)
FNDA:1,(anonymous_2)
FNDA:3,(anonymous_3)
FNDA:2,(anonymous_4)
FNDA:1,(anonymous_5)
FNDA:2,(anonymous_6)
DA:14,7
DA:15,7
DA:17,7
DA:18,0
DA:21,7
DA:24,7
DA:25,7
DA:26,0
DA:30,7
DA:41,7
DA:42,1
DA:49,6
DA:50,0
DA:57,6
DA:58,1
DA:65,5
DA:66,1
DA:73,4
DA:74,4
DA:75,1
DA:78,3
DA:81,3
DA:82,0
DA:89,3
DA:90,2
DA:97,2
DA:98,1
DA:106,2
DA:108,1
DA:109,2
DA:112,1
DA:113,1
DA:114,1
DA:117,1
DA:118,0
DA:126,1
DA:127,0
DA:133,1
DA:134,0
DA:144,1
DA:145,2
DA:146,3
DA:149,2
DA:150,0
DA:161,2
DA:163,2
DA:172,2
DA:173,1
DA:175,1
DA:186,2
DA:187,1
DA:189,2
DA:202,2
DA:203,2
DA:212,2
DA:238,2
DA:247,2
DA:249,6
DA:250,6
LF:59
LH:51
BRDA:17,0,0,0
BRDA:17,0,1,7
BRDA:25,1,0,0
BRDA:25,1,1,7
BRDA:41,2,0,1
BRDA:41,2,1,6
BRDA:49,3,0,0
BRDA:49,3,1,6
BRDA:57,4,0,1
BRDA:57,4,1,5
BRDA:65,5,0,1
BRDA:65,5,1,4
BRDA:74,6,0,1
BRDA:74,6,1,3
BRDA:81,7,0,0
BRDA:81,7,1,3
BRDA:81,8,0,3
BRDA:81,8,1,1
BRDA:81,8,2,1
BRDA:89,9,0,2
BRDA:89,9,1,1
BRDA:89,10,0,3
BRDA:89,10,1,2
BRDA:97,11,0,1
BRDA:97,11,1,1
BRDA:106,12,0,1
BRDA:106,12,1,1
BRDA:106,13,0,2
BRDA:106,13,1,2
BRDA:117,14,0,0
BRDA:117,14,1,1
BRDA:126,15,0,0
BRDA:126,15,1,1
BRDA:126,16,0,1
BRDA:126,16,1,0
BRDA:133,17,0,0
BRDA:133,17,1,1
BRDA:133,18,0,1
BRDA:133,18,1,1
BRDA:149,19,0,0
BRDA:149,19,1,2
BRDA:165,20,0,2
BRDA:165,20,1,0
BRDA:172,21,0,1
BRDA:172,21,1,1
BRDA:172,22,0,2
BRDA:172,22,1,1
BRDA:186,23,0,1
BRDA:186,23,1,1
BRDA:186,24,0,2
BRDA:186,24,1,1
BRDA:202,25,0,2
BRDA:202,25,1,0
BRF:53
BRH:42
end_of_record
TN:
SF:src/app/api/projects/[projectId]/questions/[questionId]/answers/[answerId]/route.ts
FN:10,GET
FN:100,PATCH
FN:177,(anonymous_2)
FN:224,(anonymous_3)
FN:229,(anonymous_4)
FN:261,(anonymous_5)
FN:276,(anonymous_6)
FN:296,(anonymous_7)
FN:318,(anonymous_8)
FN:369,DELETE
FN:439,(anonymous_10)
FNF:11
FNH:5
FNDA:4,GET
FNDA:4,PATCH
FNDA:8,(anonymous_2)
FNDA:0,(anonymous_3)
FNDA:0,(anonymous_4)
FNDA:0,(anonymous_5)
FNDA:0,(anonymous_6)
FNDA:0,(anonymous_7)
FNDA:0,(anonymous_8)
FNDA:5,DELETE
FNDA:6,(anonymous_10)
DA:14,4
DA:15,4
DA:17,4
DA:18,0
DA:21,4
DA:24,4
DA:25,4
DA:26,0
DA:30,4
DA:34,4
DA:35,1
DA:42,3
DA:43,0
DA:50,3
DA:74,3
DA:75,1
DA:82,2
DA:83,0
DA:89,2
DA:91,4
DA:92,4
DA:104,4
DA:105,4
DA:107,4
DA:108,0
DA:111,4
DA:114,4
DA:115,4
DA:116,0
DA:120,4
DA:131,4
DA:132,0
DA:139,4
DA:140,0
DA:147,4
DA:159,4
DA:160,0
DA:167,4
DA:168,0
DA:175,4
DA:176,4
DA:177,8
DA:180,4
DA:181,0
DA:188,4
DA:189,1
DA:196,3
DA:197,3
DA:198,1
DA:201,2
DA:204,2
DA:205,0
DA:212,0
DA:213,0
DA:221,2
DA:223,0
DA:224,0
DA:227,0
DA:228,0
DA:229,0
DA:232,0
DA:233,0
DA:241,0
DA:242,0
DA:248,0
DA:249,0
DA:259,0
DA:260,0
DA:261,0
DA:264,0
DA:265,0
DA:276,2
DA:278,0
DA:287,0
DA:289,0
DA:294,0
DA:295,0
DA:297,0
DA:309,0
DA:311,0
DA:316,0
DA:317,0
DA:319,0
DA:333,0
DA:358,2
DA:360,3
DA:361,3
DA:373,5
DA:374,5
DA:376,5
DA:377,0
DA:380,5
DA:383,5
DA:384,5
DA:385,0
DA:389,5
DA:393,5
DA:394,0
DA:401,5
DA:402,0
DA:409,5
DA:410,1
DA:417,4
DA:421,4
DA:422,1
DA:429,3
DA:430,0
DA:437,3
DA:438,3
DA:439,6
DA:442,3
DA:443,0
DA:450,3
DA:466,3
DA:471,3
DA:472,0
DA:480,3
DA:484,5
DA:485,5
LF:119
LH:70
BRDA:17,0,0,0
BRDA:17,0,1,4
BRDA:25,1,0,0
BRDA:25,1,1,4
BRDA:34,2,0,1
BRDA:34,2,1,3
BRDA:42,3,0,0
BRDA:42,3,1,3
BRDA:74,4,0,1
BRDA:74,4,1,2
BRDA:82,5,0,0
BRDA:82,5,1,2
BRDA:107,6,0,0
BRDA:107,6,1,4
BRDA:115,7,0,0
BRDA:115,7,1,4
BRDA:131,8,0,0
BRDA:131,8,1,4
BRDA:139,9,0,0
BRDA:139,9,1,4
BRDA:159,10,0,0
BRDA:159,10,1,4
BRDA:167,11,0,0
BRDA:167,11,1,4
BRDA:176,12,0,4
BRDA:176,12,1,4
BRDA:177,13,0,8
BRDA:177,13,1,0
BRDA:180,14,0,0
BRDA:180,14,1,4
BRDA:180,15,0,4
BRDA:180,15,1,4
BRDA:180,15,2,3
BRDA:188,16,0,1
BRDA:188,16,1,3
BRDA:197,17,0,1
BRDA:197,17,1,2
BRDA:204,18,0,0
BRDA:204,18,1,2
BRDA:204,19,0,2
BRDA:204,19,1,0
BRDA:212,20,0,0
BRDA:212,20,1,0
BRDA:221,21,0,0
BRDA:221,21,1,2
BRDA:221,22,0,2
BRDA:221,22,1,0
BRDA:232,23,0,0
BRDA:232,23,1,0
BRDA:241,24,0,0
BRDA:241,24,1,0
BRDA:241,25,0,0
BRDA:241,25,1,0
BRDA:248,26,0,0
BRDA:248,26,1,0
BRDA:248,27,0,0
BRDA:248,27,1,0
BRDA:264,28,0,0
BRDA:264,28,1,0
BRDA:287,29,0,0
BRDA:287,29,1,0
BRDA:294,30,0,0
BRDA:294,30,1,0
BRDA:309,31,0,0
BRDA:309,31,1,0
BRDA:316,32,0,0
BRDA:316,32,1,0
BRDA:376,33,0,0
BRDA:376,33,1,5
BRDA:384,34,0,0
BRDA:384,34,1,5
BRDA:393,35,0,0
BRDA:393,35,1,5
BRDA:401,36,0,0
BRDA:401,36,1,5
BRDA:409,37,0,1
BRDA:409,37,1,4
BRDA:421,38,0,1
BRDA:421,38,1,3
BRDA:429,39,0,0
BRDA:429,39,1,3
BRDA:438,40,0,3
BRDA:438,40,1,3
BRDA:439,41,0,6
BRDA:439,41,1,0
BRDA:442,42,0,0
BRDA:442,42,1,3
BRDA:442,43,0,3
BRDA:442,43,1,2
BRDA:442,43,2,1
BRDA:471,44,0,0
BRDA:471,44,1,3
BRDA:471,45,0,3
BRDA:471,45,1,0
BRF:94
BRH:47
end_of_record
TN:
SF:src/app/api/projects/[projectId]/questions/[questionId]/form/route.ts
FN:10,GET
FN:79,POST
FN:121,(anonymous_2)
FN:148,(anonymous_3)
FN:181,(anonymous_4)
FN:214,DELETE
FN:256,(anonymous_6)
FNF:7
FNH:7
FNDA:3,GET
FNDA:5,POST
FNDA:10,(anonymous_2)
FNDA:2,(anonymous_3)
FNDA:3,(anonymous_4)
FNDA:6,DELETE
FNDA:12,(anonymous_6)
DA:14,3
DA:15,3
DA:17,3
DA:18,0
DA:21,3
DA:24,3
DA:25,3
DA:26,0
DA:30,3
DA:34,3
DA:35,1
DA:42,2
DA:43,0
DA:50,2
DA:61,2
DA:62,1
DA:68,1
DA:70,3
DA:71,3
DA:83,5
DA:84,5
DA:86,5
DA:87,0
DA:90,5
DA:93,5
DA:94,5
DA:95,0
DA:99,5
DA:103,5
DA:104,0
DA:111,5
DA:112,0
DA:119,5
DA:120,5
DA:121,10
DA:124,5
DA:125,1
DA:132,4
DA:133,1
DA:140,3
DA:141,3
DA:142,1
DA:145,2
DA:148,2
DA:150,2
DA:157,2
DA:159,1
DA:164,1
DA:172,1
DA:180,2
DA:182,3
DA:195,2
DA:201,2
DA:205,4
DA:206,4
DA:218,6
DA:219,6
DA:221,6
DA:222,0
DA:225,6
DA:228,6
DA:229,6
DA:230,0
DA:234,6
DA:238,6
DA:239,0
DA:246,6
DA:247,0
DA:254,6
DA:255,6
DA:256,12
DA:259,6
DA:260,1
DA:267,5
DA:268,1
DA:275,4
DA:279,4
DA:280,1
DA:287,3
DA:291,3
DA:292,1
DA:302,2
DA:311,2
DA:315,6
DA:316,6
LF:85
LH:74
BRDA:17,0,0,0
BRDA:17,0,1,3
BRDA:25,1,0,0
BRDA:25,1,1,3
BRDA:34,2,0,1
BRDA:34,2,1,2
BRDA:42,3,0,0
BRDA:42,3,1,2
BRDA:61,4,0,1
BRDA:61,4,1,1
BRDA:86,5,0,0
BRDA:86,5,1,5
BRDA:94,6,0,0
BRDA:94,6,1,5
BRDA:103,7,0,0
BRDA:103,7,1,5
BRDA:111,8,0,0
BRDA:111,8,1,5
BRDA:120,9,0,5
BRDA:120,9,1,5
BRDA:121,10,0,10
BRDA:121,10,1,0
BRDA:124,11,0,1
BRDA:124,11,1,4
BRDA:124,12,0,5
BRDA:124,12,1,5
BRDA:124,12,2,1
BRDA:132,13,0,1
BRDA:132,13,1,3
BRDA:141,14,0,1
BRDA:141,14,1,2
BRDA:157,15,0,1
BRDA:157,15,1,1
BRDA:187,16,0,3
BRDA:187,16,1,2
BRDA:188,17,0,3
BRDA:188,17,1,1
BRDA:189,18,0,3
BRDA:189,18,1,0
BRDA:221,19,0,0
BRDA:221,19,1,6
BRDA:229,20,0,0
BRDA:229,20,1,6
BRDA:238,21,0,0
BRDA:238,21,1,6
BRDA:246,22,0,0
BRDA:246,22,1,6
BRDA:255,23,0,6
BRDA:255,23,1,6
BRDA:256,24,0,12
BRDA:256,24,1,0
BRDA:259,25,0,1
BRDA:259,25,1,5
BRDA:259,26,0,6
BRDA:259,26,1,5
BRDA:259,26,2,1
BRDA:267,27,0,1
BRDA:267,27,1,4
BRDA:279,28,0,1
BRDA:279,28,1,3
BRDA:291,29,0,1
BRDA:291,29,1,2
BRF:62
BRH:48
end_of_record
TN:
SF:src/app/api/projects/[projectId]/questions/[questionId]/status/route.ts
FN:10,PATCH
FN:60,(anonymous_1)
FNF:2
FNH:2
FNDA:11,PATCH
FNDA:18,(anonymous_1)
DA:14,11
DA:15,11
DA:17,11
DA:18,0
DA:21,11
DA:24,11
DA:25,11
DA:26,0
DA:30,11
DA:34,11
DA:35,2
DA:42,9
DA:43,0
DA:50,9
DA:51,9
DA:52,0
DA:55,9
DA:58,9
DA:59,9
DA:60,18
DA:62,9
DA:63,9
DA:66,9
DA:68,1
DA:72,8
DA:74,3
DA:75,1
DA:80,5
DA:82,2
DA:83,0
DA:90,2
DA:94,2
DA:95,1
DA:100,3
DA:102,3
DA:103,1
DA:110,2
DA:114,2
DA:115,1
DA:123,4
DA:145,4
DA:147,1
DA:155,3
DA:157,1
DA:167,4
DA:169,11
DA:170,11
LF:47
LH:42
BRDA:17,0,0,0
BRDA:17,0,1,11
BRDA:25,1,0,0
BRDA:25,1,1,11
BRDA:34,2,0,2
BRDA:34,2,1,9
BRDA:42,3,0,0
BRDA:42,3,1,9
BRDA:51,4,0,0
BRDA:51,4,1,9
BRDA:59,5,0,9
BRDA:59,5,1,9
BRDA:60,6,0,18
BRDA:60,6,1,0
BRDA:66,7,0,1
BRDA:66,7,1,8
BRDA:72,8,0,3
BRDA:72,8,1,5
BRDA:74,9,0,1
BRDA:74,9,1,2
BRDA:74,10,0,3
BRDA:74,10,1,2
BRDA:74,10,2,2
BRDA:80,11,0,2
BRDA:80,11,1,3
BRDA:82,12,0,0
BRDA:82,12,1,2
BRDA:82,13,0,2
BRDA:82,13,1,2
BRDA:82,13,2,2
BRDA:94,14,0,1
BRDA:94,14,1,1
BRDA:100,15,0,3
BRDA:100,15,1,0
BRDA:102,16,0,1
BRDA:102,16,1,2
BRDA:102,17,0,3
BRDA:102,17,1,3
BRDA:102,17,2,1
BRDA:114,18,0,1
BRDA:114,18,1,1
BRDA:145,19,0,1
BRDA:145,19,1,3
BRDA:155,20,0,1
BRDA:155,20,1,2
BRF:45
BRH:38
end_of_record
TN:
SF:src/app/api/projects/[projectId]/tags/route.ts
FN:9,GET
FN:45,POST
FNF:2
FNH:0
FNDA:0,GET
FNDA:0,POST
DA:13,0
DA:14,0
DA:16,0
DA:17,0
DA:20,0
DA:23,0
DA:24,0
DA:25,0
DA:29,0
DA:34,0
DA:36,0
DA:37,0
DA:49,0
DA:50,0
DA:52,0
DA:53,0
DA:56,0
DA:59,0
DA:60,0
DA:61,0
DA:65,0
DA:66,0
DA:67,0
DA:70,0
DA:73,0
DA:82,0
DA:83,0
DA:90,0
DA:97,0
DA:99,0
DA:100,0
LF:31
LH:0
BRDA:16,0,0,0
BRDA:16,0,1,0
BRDA:24,1,0,0
BRDA:24,1,1,0
BRDA:52,2,0,0
BRDA:52,2,1,0
BRDA:60,3,0,0
BRDA:60,3,1,0
BRDA:66,4,0,0
BRDA:66,4,1,0
BRDA:82,5,0,0
BRDA:82,5,1,0
BRF:12
BRH:0
end_of_record
TN:
SF:src/app/api/projects/[projectId]/tags/[tagId]/route.ts
FN:7,DELETE
FN:82,POST
FNF:2
FNH:0
FNDA:0,DELETE
FNDA:0,POST
DA:11,0
DA:12,0
DA:14,0
DA:15,0
DA:18,0
DA:21,0
DA:22,0
DA:23,0
DA:27,0
DA:34,0
DA:35,0
DA:42,0
DA:43,0
DA:50,0
DA:53,0
DA:64,0
DA:68,0
DA:73,0
DA:74,0
DA:86,0
DA:87,0
DA:89,0
DA:90,0
DA:93,0
DA:96,0
DA:97,0
DA:98,0
DA:102,0
DA:106,0
DA:107,0
DA:114,0
DA:115,0
DA:122,0
DA:127,0
DA:131,0
DA:136,0
DA:137,0
LF:37
LH:0
BRDA:14,0,0,0
BRDA:14,0,1,0
BRDA:22,1,0,0
BRDA:22,1,1,0
BRDA:34,2,0,0
BRDA:34,2,1,0
BRDA:42,3,0,0
BRDA:42,3,1,0
BRDA:50,4,0,0
BRDA:50,4,1,0
BRDA:89,5,0,0
BRDA:89,5,1,0
BRDA:97,6,0,0
BRDA:97,6,1,0
BRDA:106,7,0,0
BRDA:106,7,1,0
BRDA:114,8,0,0
BRDA:114,8,1,0
BRF:18
BRH:0
end_of_record
TN:
SF:src/app/api/questions/route.ts
FN:7,GET
FN:167,(anonymous_1)
FN:179,(anonymous_2)
FNF:3
FNH:0
FNDA:0,GET
FNDA:0,(anonymous_1)
FNDA:0,(anonymous_2)
DA:8,0
DA:9,0
DA:11,0
DA:12,0
DA:16,0
DA:17,0
DA:18,0
DA:19,0
DA:20,0
DA:21,0
DA:22,0
DA:23,0
DA:24,0
DA:25,0
DA:28,0
DA:31,0
DA:34,0
DA:35,0
DA:50,0
DA:51,0
DA:55,0
DA:56,0
DA:60,0
DA:61,0
DA:65,0
DA:66,0
DA:70,0
DA:71,0
DA:79,0
DA:80,0
DA:86,0
DA:87,0
DA:105,0
DA:106,0
DA:110,0
DA:112,0
DA:117,0
DA:120,0
DA:167,0
DA:179,0
DA:183,0
DA:191,0
DA:192,0
LF:43
LH:0
BRDA:11,0,0,0
BRDA:11,0,1,0
BRDA:17,1,0,0
BRDA:17,1,1,0
BRDA:18,2,0,0
BRDA:18,2,1,0
BRDA:19,3,0,0
BRDA:19,3,1,0
BRDA:20,4,0,0
BRDA:20,4,1,0
BRDA:21,5,0,0
BRDA:21,5,1,0
BRDA:22,6,0,0
BRDA:22,6,1,0
BRDA:24,7,0,0
BRDA:24,7,1,0
BRDA:25,8,0,0
BRDA:25,8,1,0
BRDA:34,9,0,0
BRDA:34,9,1,0
BRDA:50,10,0,0
BRDA:50,10,1,0
BRDA:55,11,0,0
BRDA:55,11,1,0
BRDA:60,12,0,0
BRDA:60,12,1,0
BRDA:65,13,0,0
BRDA:65,13,1,0
BRDA:70,14,0,0
BRDA:70,14,1,0
BRDA:79,15,0,0
BRDA:79,15,1,0
BRDA:86,16,0,0
BRDA:86,16,1,0
BRDA:105,17,0,0
BRDA:105,17,1,0
BRF:36
BRH:0
end_of_record
TN:
SF:src/app/api/questions/[questionId]/route.ts
FN:6,GET
FN:130,(anonymous_1)
FN:136,(anonymous_2)
FN:145,(anonymous_3)
FN:155,(anonymous_4)
FN:162,(anonymous_5)
FN:184,PATCH
FN:270,(anonymous_7)
FN:335,(anonymous_8)
FN:352,DELETE
FNF:10
FNH:0
FNDA:0,GET
FNDA:0,(anonymous_1)
FNDA:0,(anonymous_2)
FNDA:0,(anonymous_3)
FNDA:0,(anonymous_4)
FNDA:0,(anonymous_5)
FNDA:0,PATCH
FNDA:0,(anonymous_7)
FNDA:0,(anonymous_8)
FNDA:0,DELETE
DA:10,0
DA:11,0
DA:13,0
DA:14,0
DA:17,0
DA:20,0
DA:87,0
DA:88,0
DA:93,0
DA:94,0
DA:95,0
DA:96,0
DA:98,0
DA:99,0
DA:106,0
DA:130,0
DA:136,0
DA:145,0
DA:155,0
DA:162,0
DA:173,0
DA:175,0
DA:176,0
DA:188,0
DA:189,0
DA:191,0
DA:192,0
DA:195,0
DA:196,0
DA:199,0
DA:215,0
DA:216,0
DA:220,0
DA:221,0
DA:222,0
DA:224,0
DA:225,0
DA:232,0
DA:233,0
DA:240,0
DA:242,0
DA:243,0
DA:244,0
DA:246,0
DA:249,0
DA:250,0
DA:255,0
DA:257,0
DA:258,0
DA:261,0
DA:263,0
DA:268,0
DA:269,0
DA:270,0
DA:279,0
DA:307,0
DA:308,0
DA:318,0
DA:335,0
DA:343,0
DA:344,0
DA:356,0
DA:357,0
DA:359,0
DA:360,0
DA:363,0
DA:366,0
DA:382,0
DA:383,0
DA:387,0
DA:388,0
DA:389,0
DA:391,0
DA:392,0
DA:399,0
DA:403,0
DA:405,0
DA:406,0
LF:78
LH:0
BRDA:13,0,0,0
BRDA:13,0,1,0
BRDA:87,1,0,0
BRDA:87,1,1,0
BRDA:98,2,0,0
BRDA:98,2,1,0
BRDA:98,3,0,0
BRDA:98,3,1,0
BRDA:98,3,2,0
BRDA:98,3,3,0
BRDA:122,4,0,0
BRDA:122,4,1,0
BRDA:127,5,0,0
BRDA:127,5,1,0
BRDA:134,6,0,0
BRDA:134,6,1,0
BRDA:152,7,0,0
BRDA:152,7,1,0
BRDA:191,8,0,0
BRDA:191,8,1,0
BRDA:215,9,0,0
BRDA:215,9,1,0
BRDA:224,10,0,0
BRDA:224,10,1,0
BRDA:224,11,0,0
BRDA:224,11,1,0
BRDA:224,11,2,0
BRDA:232,12,0,0
BRDA:232,12,1,0
BRDA:242,13,0,0
BRDA:242,13,1,0
BRDA:243,14,0,0
BRDA:243,14,1,0
BRDA:244,15,0,0
BRDA:244,15,1,0
BRDA:249,16,0,0
BRDA:249,16,1,0
BRDA:257,17,0,0
BRDA:257,17,1,0
BRDA:257,18,0,0
BRDA:257,18,1,0
BRDA:258,19,0,0
BRDA:258,19,1,0
BRDA:261,20,0,0
BRDA:261,20,1,0
BRDA:268,21,0,0
BRDA:268,21,1,0
BRDA:307,22,0,0
BRDA:307,22,1,0
BRDA:307,23,0,0
BRDA:307,23,1,0
BRDA:329,24,0,0
BRDA:329,24,1,0
BRDA:333,25,0,0
BRDA:333,25,1,0
BRDA:359,26,0,0
BRDA:359,26,1,0
BRDA:382,27,0,0
BRDA:382,27,1,0
BRDA:391,28,0,0
BRDA:391,28,1,0
BRDA:391,29,0,0
BRDA:391,29,1,0
BRDA:391,29,2,0
BRF:64
BRH:0
end_of_record
TN:
SF:src/app/api/questions/[questionId]/answers/[answerId]/create-question/route.ts
FN:21,POST
FN:159,(anonymous_1)
FN:199,(anonymous_2)
FN:258,(anonymous_3)
FNF:4
FNH:0
FNDA:0,POST
FNDA:0,(anonymous_1)
FNDA:0,(anonymous_2)
FNDA:0,(anonymous_3)
DA:10,0
DA:25,0
DA:26,0
DA:27,0
DA:28,0
DA:31,0
DA:34,0
DA:53,0
DA:54,0
DA:60,0
DA:61,0
DA:67,0
DA:70,0
DA:71,0
DA:72,0
DA:76,0
DA:77,0
DA:78,0
DA:90,0
DA:93,0
DA:94,0
DA:95,0
DA:96,0
DA:101,0
DA:105,0
DA:106,0
DA:113,0
DA:122,0
DA:123,0
DA:130,0
DA:131,0
DA:138,0
DA:139,0
DA:147,0
DA:148,0
DA:149,0
DA:155,0
DA:159,0
DA:161,0
DA:197,0
DA:198,0
DA:200,0
DA:211,0
DA:220,0
DA:224,0
DA:256,0
DA:258,0
DA:264,0
DA:266,0
DA:267,0
LF:50
LH:0
BRDA:27,0,0,0
BRDA:27,0,1,0
BRDA:53,1,0,0
BRDA:53,1,1,0
BRDA:60,2,0,0
BRDA:60,2,1,0
BRDA:71,3,0,0
BRDA:71,3,1,0
BRDA:77,4,0,0
BRDA:77,4,1,0
BRDA:88,5,0,0
BRDA:93,6,0,0
BRDA:93,6,1,0
BRDA:95,7,0,0
BRDA:95,7,1,0
BRDA:105,8,0,0
BRDA:105,8,1,0
BRDA:122,9,0,0
BRDA:122,9,1,0
BRDA:130,10,0,0
BRDA:130,10,1,0
BRDA:130,11,0,0
BRDA:130,11,1,0
BRDA:138,12,0,0
BRDA:138,12,1,0
BRDA:147,13,0,0
BRDA:147,13,1,0
BRDA:148,14,0,0
BRDA:148,14,1,0
BRDA:150,15,0,0
BRDA:150,15,1,0
BRDA:167,16,0,0
BRDA:167,16,1,0
BRDA:197,17,0,0
BRDA:197,17,1,0
BRDA:197,18,0,0
BRDA:197,18,1,0
BRF:37
BRH:0
end_of_record
TN:
SF:src/app/api/questions/assigned-to-me/route.ts
FN:6,GET
FN:32,(anonymous_1)
FN:111,(anonymous_2)
FNF:3
FNH:0
FNDA:0,GET
FNDA:0,(anonymous_1)
FNDA:0,(anonymous_2)
DA:7,0
DA:8,0
DA:9,0
DA:10,0
DA:13,0
DA:14,0
DA:15,0
DA:16,0
DA:17,0
DA:18,0
DA:19,0
DA:20,0
DA:21,0
DA:24,0
DA:30,0
DA:31,0
DA:32,0
DA:36,0
DA:41,0
DA:42,0
DA:48,0
DA:49,0
DA:52,0
DA:53,0
DA:57,0
DA:58,0
DA:59,0
DA:60,0
DA:61,0
DA:62,0
DA:64,0
DA:68,0
DA:71,0
DA:111,0
DA:127,0
DA:128,0
DA:130,0
DA:138,0
DA:140,0
DA:142,0
DA:143,0
LF:41
LH:0
BRDA:9,0,0,0
BRDA:9,0,1,0
BRDA:18,1,0,0
BRDA:18,1,1,0
BRDA:19,2,0,0
BRDA:19,2,1,0
BRDA:20,3,0,0
BRDA:20,3,1,0
BRDA:21,4,0,0
BRDA:21,4,1,0
BRDA:30,5,0,0
BRDA:30,5,1,0
BRDA:41,6,0,0
BRDA:41,6,1,0
BRDA:48,7,0,0
BRDA:48,7,1,0
BRDA:52,8,0,0
BRDA:52,8,1,0
BRDA:58,9,0,0
BRDA:58,9,1,0
BRDA:60,10,0,0
BRDA:60,10,1,0
BRDA:62,11,0,0
BRDA:62,11,1,0
BRDA:64,12,0,0
BRDA:64,12,1,0
BRDA:122,13,0,0
BRDA:122,13,1,0
BRF:28
BRH:0
end_of_record
TN:
SF:src/app/api/questions/created-by-me/route.ts
FN:6,GET
FN:107,(anonymous_1)
FNF:2
FNH:0
FNDA:0,GET
FNDA:0,(anonymous_1)
DA:7,0
DA:8,0
DA:10,0
DA:11,0
DA:15,0
DA:16,0
DA:17,0
DA:18,0
DA:19,0
DA:20,0
DA:21,0
DA:22,0
DA:25,0
DA:30,0
DA:31,0
DA:35,0
DA:36,0
DA:40,0
DA:41,0
DA:45,0
DA:46,0
DA:50,0
DA:56,0
DA:57,0
DA:74,0
DA:77,0
DA:107,0
DA:123,0
DA:131,0
DA:132,0
LF:30
LH:0
BRDA:10,0,0,0
BRDA:10,0,1,0
BRDA:21,1,0,0
BRDA:21,1,1,0
BRDA:22,2,0,0
BRDA:22,2,1,0
BRDA:30,3,0,0
BRDA:30,3,1,0
BRDA:35,4,0,0
BRDA:35,4,1,0
BRDA:40,5,0,0
BRDA:40,5,1,0
BRDA:45,6,0,0
BRDA:45,6,1,0
BRDA:56,7,0,0
BRDA:56,7,1,0
BRDA:118,8,0,0
BRDA:118,8,1,0
BRF:18
BRH:0
end_of_record
TN:
SF:src/app/api/users/route.ts
FN:9,GET
FNF:1
FNH:0
FNDA:0,GET
DA:10,0
DA:12,0
DA:13,0
DA:14,0
DA:21,0
DA:22,0
DA:23,0
DA:24,0
DA:25,0
DA:28,0
DA:38,0
DA:41,0
DA:56,0
DA:64,0
DA:65,0
LF:15
LH:0
BRDA:13,0,0,0
BRDA:13,0,1,0
BRDA:22,1,0,0
BRDA:22,1,1,0
BRDA:23,2,0,0
BRDA:23,2,1,0
BRDA:24,3,0,0
BRDA:24,3,1,0
BRDA:28,4,0,0
BRDA:28,4,1,0
BRF:10
BRH:0
end_of_record
TN:
SF:src/app/api/users/[userId]/route.ts
FN:10,(anonymous_0)
FN:17,PATCH
FN:122,DELETE
FNF:3
FNH:0
FNDA:0,(anonymous_0)
FNDA:0,PATCH
FNDA:0,DELETE
DA:7,0
DA:10,0
DA:21,0
DA:23,0
DA:24,0
DA:25,0
DA:31,0
DA:35,0
DA:36,0
DA:38,0
DA:46,0
DA:47,0
DA:49,0
DA:50,0
DA:55,0
DA:59,0
DA:60,0
DA:67,0
DA:71,0
DA:72,0
DA:79,0
DA:80,0
DA:84,0
DA:85,0
DA:93,0
DA:106,0
DA:111,0
DA:112,0
DA:126,0
DA:128,0
DA:129,0
DA:130,0
DA:136,0
DA:137,0
DA:140,0
DA:141,0
DA:148,0
DA:152,0
DA:153,0
DA:160,0
DA:161,0
DA:165,0
DA:166,0
DA:174,0
DA:178,0
DA:182,0
DA:183,0
LF:47
LH:0
BRDA:24,0,0,0
BRDA:24,0,1,0
BRDA:49,1,0,0
BRDA:49,1,1,0
BRDA:59,2,0,0
BRDA:59,2,1,0
BRDA:71,3,0,0
BRDA:71,3,1,0
BRDA:79,4,0,0
BRDA:79,4,1,0
BRDA:79,5,0,0
BRDA:79,5,1,0
BRDA:84,6,0,0
BRDA:84,6,1,0
BRDA:129,7,0,0
BRDA:129,7,1,0
BRDA:140,8,0,0
BRDA:140,8,1,0
BRDA:152,9,0,0
BRDA:152,9,1,0
BRDA:160,10,0,0
BRDA:160,10,1,0
BRDA:165,11,0,0
BRDA:165,11,1,0
BRF:24
BRH:0
end_of_record
TN:
SF:src/app/api/users/me/route.ts
FN:8,GET
FN:54,PATCH
FNF:2
FNH:0
FNDA:0,GET
FNDA:0,PATCH
DA:9,0
DA:10,0
DA:12,0
DA:13,0
DA:17,0
DA:29,0
DA:30,0
DA:36,0
DA:38,0
DA:39,0
DA:47,0
DA:55,0
DA:56,0
DA:58,0
DA:59,0
DA:64,0
DA:65,0
DA:67,0
DA:75,0
DA:76,0
DA:78,0
DA:79,0
DA:84,0
DA:88,0
DA:92,0
DA:93,0
DA:100,0
DA:103,0
DA:104,0
DA:108,0
DA:110,0
DA:111,0
DA:118,0
DA:123,0
DA:124,0
DA:131,0
DA:135,0
DA:136,0
DA:143,0
DA:156,0
DA:161,0
DA:162,0
LF:42
LH:0
BRDA:12,0,0,0
BRDA:12,0,1,0
BRDA:29,1,0,0
BRDA:29,1,1,0
BRDA:58,2,0,0
BRDA:58,2,1,0
BRDA:78,3,0,0
BRDA:78,3,1,0
BRDA:92,4,0,0
BRDA:92,4,1,0
BRDA:103,5,0,0
BRDA:103,5,1,0
BRDA:108,6,0,0
BRDA:108,6,1,0
BRDA:110,7,0,0
BRDA:110,7,1,0
BRDA:123,8,0,0
BRDA:123,8,1,0
BRDA:135,9,0,0
BRDA:135,9,1,0
BRF:20
BRH:0
end_of_record
TN:
SF:src/app/api/users/me/projects/route.ts
FN:7,GET
FNF:1
FNH:0
FNDA:0,GET
DA:8,0
DA:9,0
DA:11,0
DA:12,0
DA:16,0
DA:17,0
DA:48,0
DA:52,0
DA:89,0
DA:91,0
DA:92,0
LF:11
LH:0
BRDA:11,0,0,0
BRDA:11,0,1,0
BRDA:16,1,0,0
BRDA:16,1,1,0
BRF:4
BRH:0
end_of_record
TN:
SF:src/app/components/answers/AnswerForm.tsx
FN:62,AnswerForm
FN:89,(anonymous_1)
FN:96,(anonymous_2)
FN:97,(anonymous_3)
FN:104,(anonymous_4)
FN:115,(anonymous_5)
FN:120,(anonymous_6)
FN:128,(anonymous_7)
FN:168,(anonymous_8)
FN:181,(anonymous_9)
FN:184,(anonymous_10)
FN:203,(anonymous_11)
FN:231,(anonymous_12)
FN:258,(anonymous_13)
FN:287,(anonymous_14)
FN:289,(anonymous_15)
FN:324,(anonymous_16)
FN:366,(anonymous_17)
FN:398,(anonymous_18)
FN:410,(anonymous_19)
FNF:20
FNH:0
FNDA:0,AnswerForm
FNDA:0,(anonymous_1)
FNDA:0,(anonymous_2)
FNDA:0,(anonymous_3)
FNDA:0,(anonymous_4)
FNDA:0,(anonymous_5)
FNDA:0,(anonymous_6)
FNDA:0,(anonymous_7)
FNDA:0,(anonymous_8)
FNDA:0,(anonymous_9)
FNDA:0,(anonymous_10)
FNDA:0,(anonymous_11)
FNDA:0,(anonymous_12)
FNDA:0,(anonymous_13)
FNDA:0,(anonymous_14)
FNDA:0,(anonymous_15)
FNDA:0,(anonymous_16)
FNDA:0,(anonymous_17)
FNDA:0,(anonymous_18)
FNDA:0,(anonymous_19)
DA:75,0
DA:78,0
DA:81,0
DA:84,0
DA:89,0
DA:90,0
DA:91,0
DA:92,0
DA:96,0
DA:97,0
DA:103,0
DA:104,0
DA:115,0
DA:116,0
DA:119,0
DA:120,0
DA:128,0
DA:129,0
DA:133,0
DA:135,0
DA:136,0
DA:137,0
DA:138,0
DA:140,0
DA:142,0
DA:143,0
DA:144,0
DA:146,0
DA:147,0
DA:148,0
DA:149,0
DA:151,0
DA:153,0
DA:154,0
DA:155,0
DA:157,0
DA:163,0
DA:164,0
DA:168,0
DA:169,0
DA:171,0
DA:173,0
DA:174,0
DA:181,0
DA:184,0
DA:185,0
DA:187,0
DA:189,0
DA:203,0
DA:216,0
DA:231,0
DA:244,0
DA:258,0
DA:273,0
DA:287,0
DA:290,0
DA:309,0
DA:324,0
DA:336,0
DA:340,0
DA:366,0
DA:398,0
DA:410,0
LF:63
LH:0
BRDA:64,0,0,0
BRDA:65,1,0,0
BRDA:66,2,0,0
BRDA:67,3,0,0
BRDA:68,4,0,0
BRDA:69,5,0,0
BRDA:71,6,0,0
BRDA:103,7,0,0
BRDA:103,7,1,0
BRDA:103,8,0,0
BRDA:103,8,1,0
BRDA:107,9,0,0
BRDA:107,9,1,0
BRDA:119,10,0,0
BRDA:119,10,1,0
BRDA:135,11,0,0
BRDA:135,11,1,0
BRDA:136,12,0,0
BRDA:136,12,1,0
BRDA:140,13,0,0
BRDA:140,13,1,0
BRDA:143,14,0,0
BRDA:143,14,1,0
BRDA:144,15,0,0
BRDA:144,15,1,0
BRDA:147,16,0,0
BRDA:147,16,1,0
BRDA:147,17,0,0
BRDA:147,17,1,0
BRDA:148,18,0,0
BRDA:148,18,1,0
BRDA:153,19,0,0
BRDA:153,19,1,0
BRDA:154,20,0,0
BRDA:154,20,1,0
BRDA:171,21,0,0
BRDA:171,21,1,0
BRDA:185,22,0,0
BRDA:185,22,1,0
BRDA:187,23,0,0
BRDA:187,23,1,0
BRDA:187,23,2,0
BRDA:187,23,3,0
BRDA:187,23,4,0
BRDA:187,23,5,0
BRDA:202,24,0,0
BRDA:202,24,1,0
BRDA:230,25,0,0
BRDA:230,25,1,0
BRDA:257,26,0,0
BRDA:257,26,1,0
BRDA:286,27,0,0
BRDA:286,27,1,0
BRDA:299,28,0,0
BRDA:299,28,1,0
BRDA:323,29,0,0
BRDA:323,29,1,0
BRDA:344,30,0,0
BRDA:344,30,1,0
BRDA:347,31,0,0
BRDA:347,31,1,0
BRDA:353,32,0,0
BRDA:353,32,1,0
BRDA:360,33,0,0
BRDA:360,33,1,0
BRDA:437,34,0,0
BRDA:437,34,1,0
BRDA:440,35,0,0
BRDA:440,35,1,0
BRF:69
BRH:0
end_of_record
TN:
SF:src/app/components/auth/LoginForm.tsx
FN:23,LoginForm
FN:31,(anonymous_1)
FN:48,(anonymous_2)
FN:78,(anonymous_3)
FN:93,(anonymous_4)
FNF:5
FNH:0
FNDA:0,LoginForm
FNDA:0,(anonymous_1)
FNDA:0,(anonymous_2)
FNDA:0,(anonymous_3)
FNDA:0,(anonymous_4)
DA:24,0
DA:25,0
DA:26,0
DA:31,0
DA:32,0
DA:34,0
DA:35,0
DA:36,0
DA:37,0
DA:40,0
DA:41,0
DA:44,0
DA:45,0
DA:48,0
DA:49,0
DA:51,0
DA:53,0
DA:54,0
DA:60,0
DA:78,0
DA:93,0
LF:21
LH:0
BRDA:23,0,0,0
BRDA:34,1,0,0
BRDA:34,1,1,0
BRDA:36,2,0,0
BRDA:36,2,1,0
BRDA:40,3,0,0
BRDA:40,3,1,0
BRDA:51,4,0,0
BRDA:51,4,1,0
BRDA:67,5,0,0
BRDA:67,5,1,0
BRDA:113,6,0,0
BRDA:113,6,1,0
BRF:13
BRH:0
end_of_record
TN:
SF:src/app/components/auth/PasswordResetForm.tsx
FN:25,PasswordResetForm
FN:39,(anonymous_1)
FN:58,(anonymous_2)
FN:103,(anonymous_3)
FN:119,(anonymous_4)
FNF:5
FNH:0
FNDA:0,PasswordResetForm
FNDA:0,(anonymous_1)
FNDA:0,(anonymous_2)
FNDA:0,(anonymous_3)
FNDA:0,(anonymous_4)
DA:32,0
DA:33,0
DA:34,0
DA:39,0
DA:40,0
DA:42,0
DA:43,0
DA:44,0
DA:45,0
DA:48,0
DA:49,0
DA:50,0
DA:51,0
DA:54,0
DA:55,0
DA:58,0
DA:59,0
DA:61,0
DA:63,0
DA:64,0
DA:70,0
DA:103,0
DA:119,0
LF:23
LH:0
BRDA:28,0,0,0
BRDA:30,1,0,0
BRDA:42,2,0,0
BRDA:42,2,1,0
BRDA:44,3,0,0
BRDA:44,3,1,0
BRDA:48,4,0,0
BRDA:48,4,1,0
BRDA:50,5,0,0
BRDA:50,5,1,0
BRDA:61,6,0,0
BRDA:61,6,1,0
BRDA:77,7,0,0
BRDA:77,7,1,0
BRDA:83,8,0,0
BRDA:83,8,1,0
BRDA:111,9,0,0
BRDA:111,9,1,0
BRDA:139,10,0,0
BRDA:139,10,1,0
BRF:20
BRH:0
end_of_record
TN:
SF:src/app/components/auth/PasswordResetRequestForm.tsx
FN:24,PasswordResetRequestForm
FN:35,(anonymous_1)
FN:48,(anonymous_2)
FN:89,(anonymous_3)
FNF:4
FNH:0
FNDA:0,PasswordResetRequestForm
FNDA:0,(anonymous_1)
FNDA:0,(anonymous_2)
FNDA:0,(anonymous_3)
DA:30,0
DA:31,0
DA:35,0
DA:36,0
DA:38,0
DA:39,0
DA:40,0
DA:41,0
DA:44,0
DA:45,0
DA:48,0
DA:49,0
DA:51,0
DA:53,0
DA:54,0
DA:60,0
DA:89,0
LF:17
LH:0
BRDA:26,0,0,0
BRDA:28,1,0,0
BRDA:38,2,0,0
BRDA:38,2,1,0
BRDA:40,3,0,0
BRDA:40,3,1,0
BRDA:51,4,0,0
BRDA:51,4,1,0
BRDA:71,5,0,0
BRDA:71,5,1,0
BRDA:77,6,0,0
BRDA:77,6,1,0
BRDA:83,7,0,0
BRDA:83,7,1,0
BRDA:110,8,0,0
BRDA:110,8,1,0
BRF:16
BRH:0
end_of_record
TN:
SF:src/app/components/auth/RegisterForm.tsx
FN:23,RegisterForm
FN:35,(anonymous_1)
FN:67,(anonymous_2)
FN:97,(anonymous_3)
FN:110,(anonymous_4)
FN:124,(anonymous_5)
FN:139,(anonymous_6)
FNF:7
FNH:0
FNDA:0,RegisterForm
FNDA:0,(anonymous_1)
FNDA:0,(anonymous_2)
FNDA:0,(anonymous_3)
FNDA:0,(anonymous_4)
FNDA:0,(anonymous_5)
FNDA:0,(anonymous_6)
DA:24,0
DA:25,0
DA:26,0
DA:27,0
DA:28,0
DA:35,0
DA:41,0
DA:45,0
DA:46,0
DA:47,0
DA:48,0
DA:51,0
DA:52,0
DA:53,0
DA:54,0
DA:57,0
DA:58,0
DA:59,0
DA:60,0
DA:63,0
DA:64,0
DA:67,0
DA:68,0
DA:70,0
DA:72,0
DA:73,0
DA:79,0
DA:97,0
DA:110,0
DA:124,0
DA:139,0
LF:31
LH:0
BRDA:23,0,0,0
BRDA:45,1,0,0
BRDA:45,1,1,0
BRDA:47,2,0,0
BRDA:47,2,1,0
BRDA:51,3,0,0
BRDA:51,3,1,0
BRDA:53,4,0,0
BRDA:53,4,1,0
BRDA:57,5,0,0
BRDA:57,5,1,0
BRDA:59,6,0,0
BRDA:59,6,1,0
BRDA:70,7,0,0
BRDA:70,7,1,0
BRDA:86,8,0,0
BRDA:86,8,1,0
BRDA:131,9,0,0
BRDA:131,9,1,0
BRDA:159,10,0,0
BRDA:159,10,1,0
BRF:21
BRH:0
end_of_record
TN:
SF:src/app/components/auth/withRoleCheck.tsx
FN:27,withRoleCheck
FN:31,ProtectedComponent
FN:35,(anonymous_2)
FN:51,(anonymous_3)
FNF:4
FNH:0
FNDA:0,withRoleCheck
FNDA:0,ProtectedComponent
FNDA:0,(anonymous_2)
FNDA:0,(anonymous_3)
DA:31,0
DA:32,0
DA:33,0
DA:35,0
DA:37,0
DA:40,0
DA:41,0
DA:42,0
DA:46,0
DA:49,0
DA:50,0
DA:51,0
DA:52,0
DA:57,0
DA:58,0
DA:63,0
DA:64,0
DA:73,0
DA:74,0
DA:78,0
LF:20
LH:0
BRDA:37,0,0,0
BRDA:37,0,1,0
BRDA:40,1,0,0
BRDA:40,1,1,0
BRDA:50,2,0,0
BRDA:50,2,1,0
BRDA:50,3,0,0
BRDA:50,3,1,0
BRDA:57,4,0,0
BRDA:57,4,1,0
BRDA:57,5,0,0
BRDA:57,5,1,0
BRDA:63,6,0,0
BRDA:63,6,1,0
BRDA:73,7,0,0
BRDA:73,7,1,0
BRF:16
BRH:0
end_of_record
TN:
SF:src/app/components/common/AccessibilityProvider.tsx
FN:7,(anonymous_0)
FN:27,AccessibilityProvider
FN:35,(anonymous_2)
FN:37,(anonymous_3)
FN:47,(anonymous_4)
FN:74,(anonymous_5)
FNF:6
FNH:0
FNDA:0,(anonymous_0)
FNDA:0,AccessibilityProvider
FNDA:0,(anonymous_2)
FNDA:0,(anonymous_3)
FNDA:0,(anonymous_4)
FNDA:0,(anonymous_5)
DA:7,0
DA:32,0
DA:33,0
DA:35,0
DA:37,0
DA:38,0
DA:39,0
DA:42,0
DA:47,0
DA:48,0
DA:51,0
DA:55,0
DA:56,0
DA:68,0
DA:71,0
DA:72,0
DA:74,0
DA:76,0
DA:77,0
DA:78,0
DA:82,0
LF:21
LH:0
BRDA:38,0,0,0
BRDA:38,0,1,0
BRF:2
BRH:0
end_of_record
TN:
SF:src/app/components/common/DataTable.tsx
FN:41,DataTable
FN:52,(anonymous_1)
FN:56,(anonymous_2)
FN:61,(anonymous_3)
FN:66,(anonymous_4)
FN:71,(anonymous_5)
FN:72,(anonymous_6)
FN:125,(anonymous_7)
FN:138,(anonymous_8)
FN:145,(anonymous_9)
FN:148,(anonymous_10)
FN:178,(anonymous_11)
FNF:12
FNH:0
FNDA:0,DataTable
FNDA:0,(anonymous_1)
FNDA:0,(anonymous_2)
FNDA:0,(anonymous_3)
FNDA:0,(anonymous_4)
FNDA:0,(anonymous_5)
FNDA:0,(anonymous_6)
FNDA:0,(anonymous_7)
FNDA:0,(anonymous_8)
FNDA:0,(anonymous_9)
FNDA:0,(anonymous_10)
FNDA:0,(anonymous_11)
DA:48,0
DA:49,0
DA:50,0
DA:52,0
DA:53,0
DA:56,0
DA:57,0
DA:58,0
DA:61,0
DA:62,0
DA:63,0
DA:66,0
DA:67,0
DA:71,0
DA:72,0
DA:73,0
DA:74,0
DA:75,0
DA:80,0
DA:85,0
DA:126,0
DA:139,0
DA:145,0
DA:149,0
DA:150,0
DA:178,0
LF:26
LH:0
BRDA:44,0,0,0
BRDA:45,1,0,0
BRDA:74,2,0,0
BRDA:74,2,1,0
BRDA:74,3,0,0
BRDA:74,3,1,0
BRDA:111,4,0,0
BRDA:111,4,1,0
BRDA:137,5,0,0
BRDA:137,5,1,0
BRDA:145,6,0,0
BRDA:145,6,1,0
BRDA:146,7,0,0
BRDA:146,7,1,0
BRDA:152,8,0,0
BRDA:152,8,1,0
BRDA:162,9,0,0
BRDA:162,9,1,0
BRF:18
BRH:0
end_of_record
TN:
SF:src/app/components/common/ErrorBoundary.tsx
FN:21,(anonymous_0)
FN:30,(anonymous_1)
FN:38,(anonymous_2)
FN:53,(anonymous_3)
FN:61,(anonymous_4)
FN:65,(anonymous_5)
FNF:6
FNH:6
FNDA:16,(anonymous_0)
FNDA:16,(anonymous_1)
FNDA:8,(anonymous_2)
FNDA:1,(anonymous_3)
FNDA:1,(anonymous_4)
FNDA:42,(anonymous_5)
DA:22,16
DA:23,15
DA:31,16
DA:40,8
DA:42,8
DA:53,15
DA:54,1
DA:61,15
DA:62,1
DA:66,42
DA:68,25
DA:69,3
DA:73,22
DA:142,17
LF:14
LH:14
BRDA:66,0,0,25
BRDA:66,0,1,17
BRDA:68,1,0,3
BRDA:68,1,1,22
BRDA:104,2,0,22
BRDA:104,2,1,3
BRDA:104,2,2,3
BRDA:112,3,0,3
BRDA:112,3,1,1
BRF:9
BRH:9
end_of_record
TN:
SF:src/app/components/common/ErrorMessage.tsx
FN:51,ErrorMessage
FN:65,(anonymous_1)
FN:75,(anonymous_2)
FN:87,(anonymous_3)
FN:128,(anonymous_4)
FN:161,(anonymous_5)
FN:202,(anonymous_6)
FNF:7
FNH:7
FNDA:14,ErrorMessage
FNDA:5,(anonymous_1)
FNDA:3,(anonymous_2)
FNDA:2,(anonymous_3)
FNDA:1,(anonymous_4)
FNDA:11,(anonymous_5)
FNDA:6,(anonymous_6)
DA:28,1
DA:36,1
DA:44,1
DA:62,14
DA:65,14
DA:66,5
DA:68,5
DA:69,3
DA:72,2
DA:73,1
DA:76,3
DA:84,1
DA:85,1
DA:88,2
DA:98,0
DA:101,14
DA:102,14
DA:104,14
DA:128,1
DA:161,1
DA:162,11
DA:163,1
DA:166,10
DA:167,1
DA:170,9
DA:171,1
DA:174,8
DA:175,1
DA:178,7
DA:179,1
DA:182,6
DA:183,1
DA:186,5
DA:187,1
DA:190,4
DA:191,1
DA:194,3
DA:195,2
DA:198,1
DA:202,1
DA:203,6
DA:204,2
DA:207,4
DA:208,1
DA:211,3
DA:212,1
DA:215,2
LF:47
LH:46
BRDA:52,0,0,10
BRDA:58,1,0,13
BRDA:59,2,0,12
BRDA:66,3,0,0
BRDA:66,3,1,5
BRDA:68,4,0,3
BRDA:68,4,1,2
BRDA:72,5,0,1
BRDA:72,5,1,1
BRDA:84,6,0,1
BRDA:84,6,1,0
BRDA:101,7,0,14
BRDA:101,7,1,13
BRDA:107,8,0,13
BRDA:107,8,1,1
BRDA:115,9,0,14
BRDA:115,9,1,1
BRDA:125,10,0,14
BRDA:125,10,1,5
BRDA:125,10,2,2
BRDA:131,11,0,1
BRDA:131,11,1,1
BRDA:134,12,0,14
BRDA:134,12,1,1
BRDA:149,13,0,14
BRDA:149,13,1,5
BRDA:162,14,0,1
BRDA:162,14,1,10
BRDA:166,15,0,1
BRDA:166,15,1,9
BRDA:170,16,0,1
BRDA:170,16,1,8
BRDA:174,17,0,1
BRDA:174,17,1,7
BRDA:178,18,0,1
BRDA:178,18,1,6
BRDA:182,19,0,1
BRDA:182,19,1,5
BRDA:186,20,0,1
BRDA:186,20,1,4
BRDA:190,21,0,1
BRDA:190,21,1,3
BRDA:194,22,0,2
BRDA:194,22,1,1
BRDA:194,23,0,3
BRDA:194,23,1,2
BRDA:203,24,0,2
BRDA:203,24,1,4
BRDA:203,25,0,6
BRDA:203,25,1,5
BRDA:207,26,0,1
BRDA:207,26,1,3
BRDA:207,27,0,4
BRDA:207,27,1,3
BRDA:211,28,0,1
BRDA:211,28,1,2
BRDA:211,29,0,3
BRDA:211,29,1,2
BRF:58
BRH:56
end_of_record
TN:
SF:src/app/components/common/FormCheckbox.tsx
FN:22,FormCheckbox
FNF:1
FNH:0
FNDA:0,FormCheckbox
DA:31,0
LF:1
LH:0
BRDA:49,0,0,0
BRDA:49,0,1,0
BRDA:49,0,2,0
BRDA:54,1,0,0
BRDA:54,1,1,0
BRF:5
BRH:0
end_of_record
TN:
SF:src/app/components/common/FormDatePicker.tsx
FN:33,FormDatePicker
FNF:1
FNH:0
FNDA:0,FormDatePicker
DA:47,0
LF:1
LH:0
BRDA:40,0,0,0
BRDA:41,1,0,0
BRDA:42,2,0,0
BRDA:57,3,0,0
BRDA:57,3,1,0
BRDA:59,4,0,0
BRDA:59,4,1,0
BRDA:59,4,2,0
BRDA:85,5,0,0
BRDA:85,5,1,0
BRDA:85,5,2,0
BRDA:90,6,0,0
BRDA:90,6,1,0
BRF:13
BRH:0
end_of_record
TN:
SF:src/app/components/common/FormFileUpload.tsx
FN:47,(anonymous_0)
FN:57,(anonymous_1)
FN:58,(anonymous_2)
FN:60,(anonymous_3)
FN:70,FormFileUpload
FN:92,(anonymous_5)
FN:107,(anonymous_6)
FN:128,(anonymous_7)
FN:136,(anonymous_8)
FN:137,(anonymous_9)
FN:156,(anonymous_10)
FN:163,(anonymous_11)
FN:170,(anonymous_12)
FN:176,(anonymous_13)
FN:186,(anonymous_14)
FN:195,(anonymous_15)
FN:203,(anonymous_16)
FN:255,(anonymous_17)
FN:308,(anonymous_18)
FN:343,(anonymous_19)
FNF:20
FNH:0
FNDA:0,(anonymous_0)
FNDA:0,(anonymous_1)
FNDA:0,(anonymous_2)
FNDA:0,(anonymous_3)
FNDA:0,FormFileUpload
FNDA:0,(anonymous_5)
FNDA:0,(anonymous_6)
FNDA:0,(anonymous_7)
FNDA:0,(anonymous_8)
FNDA:0,(anonymous_9)
FNDA:0,(anonymous_10)
FNDA:0,(anonymous_11)
FNDA:0,(anonymous_12)
FNDA:0,(anonymous_13)
FNDA:0,(anonymous_14)
FNDA:0,(anonymous_15)
FNDA:0,(anonymous_16)
FNDA:0,(anonymous_17)
FNDA:0,(anonymous_18)
FNDA:0,(anonymous_19)
DA:47,0
DA:48,0
DA:49,0
DA:50,0
DA:51,0
DA:52,0
DA:53,0
DA:57,0
DA:58,0
DA:59,0
DA:60,0
DA:61,0
DA:62,0
DA:86,0
DA:87,0
DA:88,0
DA:89,0
DA:92,0
DA:93,0
DA:96,0
DA:99,0
DA:102,0
DA:103,0
DA:106,0
DA:107,0
DA:110,0
DA:112,0
DA:116,0
DA:117,0
DA:118,0
DA:119,0
DA:120,0
DA:121,0
DA:123,0
DA:128,0
DA:131,0
DA:132,0
DA:133,0
DA:136,0
DA:137,0
DA:138,0
DA:139,0
DA:140,0
DA:141,0
DA:143,0
DA:149,0
DA:153,0
DA:156,0
DA:157,0
DA:158,0
DA:159,0
DA:160,0
DA:163,0
DA:164,0
DA:165,0
DA:166,0
DA:167,0
DA:170,0
DA:171,0
DA:172,0
DA:173,0
DA:176,0
DA:177,0
DA:178,0
DA:179,0
DA:180,0
DA:182,0
DA:183,0
DA:186,0
DA:187,0
DA:188,0
DA:189,0
DA:190,0
DA:191,0
DA:194,0
DA:195,0
DA:196,0
DA:197,0
DA:198,0
DA:203,0
DA:204,0
DA:205,0
DA:206,0
DA:207,0
DA:208,0
DA:211,0
DA:255,0
DA:309,0
DA:343,0
LF:89
LH:0
BRDA:48,0,0,0
BRDA:48,0,1,0
BRDA:49,1,0,0
BRDA:49,1,1,0
BRDA:50,2,0,0
BRDA:50,2,1,0
BRDA:51,3,0,0
BRDA:51,3,1,0
BRDA:52,4,0,0
BRDA:52,4,1,0
BRDA:73,5,0,0
BRDA:77,6,0,0
BRDA:78,7,0,0
BRDA:80,8,0,0
BRDA:82,9,0,0
BRDA:83,10,0,0
BRDA:93,11,0,0
BRDA:93,11,1,0
BRDA:93,12,0,0
BRDA:93,12,1,0
BRDA:99,13,0,0
BRDA:99,13,1,0
BRDA:106,14,0,0
BRDA:106,14,1,0
BRDA:110,15,0,0
BRDA:110,15,1,0
BRDA:118,16,0,0
BRDA:118,16,1,0
BRDA:131,17,0,0
BRDA:131,17,1,0
BRDA:131,18,0,0
BRDA:131,18,1,0
BRDA:138,19,0,0
BRDA:138,19,1,0
BRDA:149,20,0,0
BRDA:149,20,1,0
BRDA:157,21,0,0
BRDA:157,21,1,0
BRDA:164,22,0,0
BRDA:164,22,1,0
BRDA:171,23,0,0
BRDA:171,23,1,0
BRDA:177,24,0,0
BRDA:177,24,1,0
BRDA:187,25,0,0
BRDA:187,25,1,0
BRDA:194,26,0,0
BRDA:194,26,1,0
BRDA:194,27,0,0
BRDA:194,27,1,0
BRDA:204,28,0,0
BRDA:204,28,1,0
BRDA:221,29,0,0
BRDA:221,29,1,0
BRDA:223,30,0,0
BRDA:223,30,1,0
BRDA:223,30,2,0
BRDA:240,31,0,0
BRDA:240,31,1,0
BRDA:241,32,0,0
BRDA:241,32,1,0
BRDA:242,33,0,0
BRDA:242,33,1,0
BRDA:242,34,0,0
BRDA:242,34,1,0
BRDA:243,35,0,0
BRDA:243,35,1,0
BRDA:245,36,0,0
BRDA:245,36,1,0
BRDA:257,37,0,0
BRDA:257,37,1,0
BRDA:262,38,0,0
BRDA:262,38,1,0
BRDA:266,39,0,0
BRDA:266,39,1,0
BRDA:272,40,0,0
BRDA:272,40,1,0
BRDA:277,41,0,0
BRDA:277,41,1,0
BRDA:282,42,0,0
BRDA:282,42,1,0
BRDA:287,43,0,0
BRDA:287,43,1,0
BRDA:295,44,0,0
BRDA:295,44,1,0
BRDA:306,45,0,0
BRDA:306,45,1,0
BRDA:317,46,0,0
BRDA:317,46,1,0
BRDA:320,47,0,0
BRDA:320,47,1,0
BRDA:330,48,0,0
BRDA:330,48,1,0
BRDA:344,49,0,0
BRDA:344,49,1,0
BRDA:354,50,0,0
BRDA:354,50,1,0
BRDA:354,50,2,0
BRDA:359,51,0,0
BRDA:359,51,1,0
BRF:100
BRH:0
end_of_record
TN:
SF:src/app/components/common/FormRadioGroup.tsx
FN:33,FormRadioGroup
FN:71,(anonymous_1)
FNF:2
FNH:0
FNDA:0,FormRadioGroup
FNDA:0,(anonymous_1)
DA:46,0
DA:72,0
LF:2
LH:0
BRDA:41,0,0,0
BRDA:42,1,0,0
BRDA:43,2,0,0
BRDA:44,3,0,0
BRDA:56,4,0,0
BRDA:56,4,1,0
BRDA:58,5,0,0
BRDA:58,5,1,0
BRDA:58,5,2,0
BRDA:81,6,0,0
BRDA:81,6,1,0
BRDA:81,6,2,0
BRDA:86,7,0,0
BRDA:86,7,1,0
BRF:14
BRH:0
end_of_record
TN:
SF:src/app/components/common/FormSelectField.tsx
FN:33,FormSelectField
FN:77,(anonymous_1)
FNF:2
FNH:0
FNDA:0,FormSelectField
FNDA:0,(anonymous_1)
DA:46,0
DA:78,0
LF:2
LH:0
BRDA:42,0,0,0
BRDA:43,1,0,0
BRDA:56,2,0,0
BRDA:56,2,1,0
BRDA:58,3,0,0
BRDA:58,3,1,0
BRDA:58,3,2,0
BRDA:83,4,0,0
BRDA:83,4,1,0
BRDA:83,4,2,0
BRDA:88,5,0,0
BRDA:88,5,1,0
BRF:12
BRH:0
end_of_record
TN:
SF:src/app/components/common/FormTagSelect.tsx
FN:32,FormTagSelect
FN:46,(anonymous_1)
FN:52,(anonymous_2)
FN:55,(anonymous_3)
FN:56,(anonymous_4)
FN:85,(anonymous_5)
FN:86,(anonymous_6)
FN:87,(anonymous_7)
FN:88,(anonymous_8)
FN:96,(anonymous_9)
FNF:10
FNH:0
FNDA:0,FormTagSelect
FNDA:0,(anonymous_1)
FNDA:0,(anonymous_2)
FNDA:0,(anonymous_3)
FNDA:0,(anonymous_4)
FNDA:0,(anonymous_5)
FNDA:0,(anonymous_6)
FNDA:0,(anonymous_7)
FNDA:0,(anonymous_8)
FNDA:0,(anonymous_9)
DA:46,0
DA:47,0
DA:48,0
DA:52,0
DA:55,0
DA:56,0
DA:57,0
DA:60,0
DA:85,0
DA:86,0
DA:88,0
DA:89,0
DA:97,0
LF:13
LH:0
BRDA:35,0,0,0
BRDA:37,1,0,0
BRDA:40,2,0,0
BRDA:41,3,0,0
BRDA:42,4,0,0
BRDA:43,5,0,0
BRDA:70,6,0,0
BRDA:70,6,1,0
BRDA:72,7,0,0
BRDA:72,7,1,0
BRDA:72,7,2,0
BRDA:100,8,0,0
BRDA:100,8,1,0
BRDA:111,9,0,0
BRDA:111,9,1,0
BRDA:111,9,2,0
BRDA:116,10,0,0
BRDA:116,10,1,0
BRF:18
BRH:0
end_of_record
TN:
SF:src/app/components/common/FormTextField.tsx
FN:24,FormTextField
FNF:1
FNH:0
FNDA:0,FormTextField
DA:36,0
LF:1
LH:0
BRDA:32,0,0,0
BRDA:33,1,0,0
BRDA:46,2,0,0
BRDA:46,2,1,0
BRDA:48,3,0,0
BRDA:48,3,1,0
BRDA:48,3,2,0
BRDA:61,4,0,0
BRDA:61,4,1,0
BRDA:67,5,0,0
BRDA:67,5,1,0
BRDA:67,5,2,0
BRDA:72,6,0,0
BRDA:72,6,1,0
BRF:14
BRH:0
end_of_record
TN:
SF:src/app/components/common/FormTextarea.tsx
FN:27,FormTextarea
FNF:1
FNH:0
FNDA:0,FormTextarea
DA:43,0
DA:47,0
LF:2
LH:0
BRDA:35,0,0,0
BRDA:36,1,0,0
BRDA:38,2,0,0
BRDA:39,3,0,0
BRDA:43,4,0,0
BRDA:43,4,1,0
BRDA:57,5,0,0
BRDA:57,5,1,0
BRDA:59,6,0,0
BRDA:59,6,1,0
BRDA:59,6,2,0
BRDA:72,7,0,0
BRDA:72,7,1,0
BRDA:80,8,0,0
BRDA:80,8,1,0
BRDA:80,8,2,0
BRDA:85,9,0,0
BRDA:85,9,1,0
BRF:18
BRH:0
end_of_record
TN:
SF:src/app/components/layout/DashboardLayout.tsx
FN:12,DashboardLayout
FN:15,(anonymous_1)
FN:19,(anonymous_2)
FN:33,(anonymous_3)
FNF:4
FNH:0
FNDA:0,DashboardLayout
FNDA:0,(anonymous_1)
FNDA:0,(anonymous_2)
FNDA:0,(anonymous_3)
DA:13,0
DA:15,0
DA:16,0
DA:19,0
DA:20,0
DA:23,0
DA:33,0
LF:7
LH:0
BRDA:32,0,0,0
BRDA:32,0,1,0
BRF:2
BRH:0
end_of_record
TN:
SF:src/app/components/layout/Header.tsx
FN:71,Header
FN:83,(anonymous_1)
FN:104,(anonymous_2)
FN:112,(anonymous_3)
FN:113,(anonymous_4)
FN:117,(anonymous_5)
FN:125,(anonymous_6)
FN:143,(anonymous_7)
FN:173,(anonymous_8)
FN:189,(anonymous_9)
FN:194,(anonymous_10)
FN:198,(anonymous_11)
FN:202,(anonymous_12)
FN:206,(anonymous_13)
FN:212,(anonymous_14)
FN:299,(anonymous_15)
FN:301,(anonymous_16)
FNF:17
FNH:0
FNDA:0,Header
FNDA:0,(anonymous_1)
FNDA:0,(anonymous_2)
FNDA:0,(anonymous_3)
FNDA:0,(anonymous_4)
FNDA:0,(anonymous_5)
FNDA:0,(anonymous_6)
FNDA:0,(anonymous_7)
FNDA:0,(anonymous_8)
FNDA:0,(anonymous_9)
FNDA:0,(anonymous_10)
FNDA:0,(anonymous_11)
FNDA:0,(anonymous_12)
FNDA:0,(anonymous_13)
FNDA:0,(anonymous_14)
FNDA:0,(anonymous_15)
FNDA:0,(anonymous_16)
DA:72,0
DA:73,0
DA:74,0
DA:75,0
DA:76,0
DA:77,0
DA:79,0
DA:80,0
DA:83,0
DA:84,0
DA:85,0
DA:87,0
DA:94,0
DA:95,0
DA:97,0
DA:99,0
DA:104,0
DA:105,0
DA:107,0
DA:112,0
DA:113,0
DA:117,0
DA:120,0
DA:125,0
DA:126,0
DA:127,0
DA:129,0
DA:134,0
DA:137,0
DA:138,0
DA:143,0
DA:145,0
DA:146,0
DA:150,0
DA:153,0
DA:154,0
DA:156,0
DA:162,0
DA:163,0
DA:165,0
DA:168,0
DA:173,0
DA:174,0
DA:176,0
DA:179,0
DA:181,0
DA:183,0
DA:185,0
DA:189,0
DA:190,0
DA:191,0
DA:194,0
DA:195,0
DA:198,0
DA:199,0
DA:202,0
DA:203,0
DA:206,0
DA:207,0
DA:208,0
DA:211,0
DA:212,0
DA:300,0
DA:301,0
LF:64
LH:0
BRDA:113,0,0,0
BRDA:113,0,1,0
BRDA:145,1,0,0
BRDA:145,1,1,0
BRDA:153,2,0,0
BRDA:153,2,1,0
BRDA:156,3,0,0
BRDA:156,3,1,0
BRDA:156,3,2,0
BRDA:156,3,3,0
BRDA:156,3,4,0
BRDA:156,3,5,0
BRDA:174,4,0,0
BRDA:174,4,1,0
BRDA:174,4,2,0
BRDA:174,4,3,0
BRDA:174,4,4,0
BRDA:174,4,5,0
BRDA:219,5,0,0
BRDA:219,5,1,0
BRDA:287,6,0,0
BRDA:287,6,1,0
BRDA:291,7,0,0
BRDA:291,7,1,0
BRDA:307,8,0,0
BRDA:307,8,1,0
BRDA:329,9,0,0
BRDA:329,9,1,0
BRF:28
BRH:0
end_of_record
TN:
SF:src/app/components/layout/Sidebar.tsx
FN:40,(anonymous_0)
FN:49,(anonymous_1)
FN:61,(anonymous_2)
FN:70,(anonymous_3)
FN:71,(anonymous_4)
FN:92,Sidebar
FN:100,(anonymous_6)
FN:104,(anonymous_7)
FN:109,(anonymous_8)
FN:110,(anonymous_9)
FN:127,(anonymous_10)
FNF:11
FNH:0
FNDA:0,(anonymous_0)
FNDA:0,(anonymous_1)
FNDA:0,(anonymous_2)
FNDA:0,(anonymous_3)
FNDA:0,(anonymous_4)
FNDA:0,Sidebar
FNDA:0,(anonymous_6)
FNDA:0,(anonymous_7)
FNDA:0,(anonymous_8)
FNDA:0,(anonymous_9)
FNDA:0,(anonymous_10)
DA:38,0
DA:40,0
DA:49,0
DA:61,0
DA:70,0
DA:71,0
DA:93,0
DA:94,0
DA:95,0
DA:96,0
DA:97,0
DA:98,0
DA:100,0
DA:101,0
DA:104,0
DA:105,0
DA:109,0
DA:110,0
DA:111,0
DA:113,0
DA:116,0
DA:118,0
DA:122,0
DA:125,0
DA:127,0
DA:130,0
LF:26
LH:0
BRDA:76,0,0,0
BRDA:76,0,1,0
BRDA:80,1,0,0
BRDA:80,1,1,0
BRDA:144,2,0,0
BRDA:144,2,1,0
BRDA:146,3,0,0
BRDA:146,3,1,0
BRDA:152,4,0,0
BRDA:152,4,1,0
BRDA:158,5,0,0
BRDA:158,5,1,0
BRDA:168,6,0,0
BRDA:168,6,1,0
BRDA:170,7,0,0
BRDA:170,7,1,0
BRDA:176,8,0,0
BRDA:176,8,1,0
BRDA:182,9,0,0
BRDA:182,9,1,0
BRDA:183,10,0,0
BRDA:183,10,1,0
BRDA:183,11,0,0
BRDA:183,11,1,0
BRDA:186,12,0,0
BRDA:186,12,1,0
BRDA:212,13,0,0
BRDA:212,13,1,0
BRDA:214,14,0,0
BRDA:214,14,1,0
BRDA:220,15,0,0
BRDA:220,15,1,0
BRDA:226,16,0,0
BRDA:226,16,1,0
BRDA:227,17,0,0
BRDA:227,17,1,0
BRDA:227,18,0,0
BRDA:227,18,1,0
BRDA:230,19,0,0
BRDA:230,19,1,0
BRDA:257,20,0,0
BRDA:257,20,1,0
BRDA:259,21,0,0
BRDA:259,21,1,0
BRDA:265,22,0,0
BRDA:265,22,1,0
BRDA:273,23,0,0
BRDA:273,23,1,0
BRDA:283,24,0,0
BRDA:283,24,1,0
BRDA:285,25,0,0
BRDA:285,25,1,0
BRDA:291,26,0,0
BRDA:291,26,1,0
BRDA:297,27,0,0
BRDA:297,27,1,0
BRDA:307,28,0,0
BRDA:307,28,1,0
BRDA:309,29,0,0
BRDA:309,29,1,0
BRDA:315,30,0,0
BRDA:315,30,1,0
BRDA:321,31,0,0
BRDA:321,31,1,0
BRDA:327,32,0,0
BRDA:327,32,1,0
BRDA:333,33,0,0
BRDA:333,33,1,0
BRDA:335,34,0,0
BRDA:335,34,1,0
BRDA:341,35,0,0
BRDA:341,35,1,0
BRDA:347,36,0,0
BRDA:347,36,1,0
BRF:74
BRH:0
end_of_record
TN:
SF:src/app/components/notifications/NotificationList.tsx
FN:68,NotificationList
FN:83,(anonymous_1)
FN:122,(anonymous_2)
FN:161,(anonymous_3)
FN:173,(anonymous_4)
FN:210,(anonymous_5)
FNF:6
FNH:0
FNDA:0,NotificationList
FNDA:0,(anonymous_1)
FNDA:0,(anonymous_2)
FNDA:0,(anonymous_3)
FNDA:0,(anonymous_4)
FNDA:0,(anonymous_5)
DA:83,0
DA:84,0
DA:86,0
DA:89,0
DA:91,0
DA:93,0
DA:95,0
DA:100,0
DA:102,0
DA:122,0
DA:162,0
DA:173,0
DA:210,0
LF:13
LH:0
BRDA:74,0,0,0
BRDA:84,1,0,0
BRDA:84,1,1,0
BRDA:84,1,2,0
BRDA:84,1,3,0
BRDA:84,1,4,0
BRDA:84,1,5,0
BRDA:108,2,0,0
BRDA:108,2,1,0
BRDA:133,3,0,0
BRDA:133,3,1,0
BRDA:143,4,0,0
BRDA:143,4,1,0
BRDA:149,5,0,0
BRDA:149,5,1,0
BRDA:153,6,0,0
BRDA:153,6,1,0
BRDA:156,7,0,0
BRDA:156,7,1,0
BRDA:167,8,0,0
BRDA:167,8,1,0
BRDA:176,9,0,0
BRDA:176,9,1,0
BRDA:195,10,0,0
BRDA:195,10,1,0
BRDA:205,11,0,0
BRDA:205,11,1,0
BRF:27
BRH:0
end_of_record
TN:
SF:src/app/components/notifications/NotificationsPage.tsx
FN:22,NotificationsPage
FN:36,(anonymous_1)
FN:63,(anonymous_2)
FN:68,(anonymous_3)
FN:74,(anonymous_4)
FN:94,(anonymous_5)
FN:103,(anonymous_6)
FN:104,(anonymous_7)
FN:111,(anonymous_8)
FN:142,(anonymous_9)
FNF:10
FNH:0
FNDA:0,NotificationsPage
FNDA:0,(anonymous_1)
FNDA:0,(anonymous_2)
FNDA:0,(anonymous_3)
FNDA:0,(anonymous_4)
FNDA:0,(anonymous_5)
FNDA:0,(anonymous_6)
FNDA:0,(anonymous_7)
FNDA:0,(anonymous_8)
FNDA:0,(anonymous_9)
DA:24,0
DA:25,0
DA:26,0
DA:27,0
DA:28,0
DA:29,0
DA:32,0
DA:33,0
DA:36,0
DA:37,0
DA:38,0
DA:40,0
DA:42,0
DA:50,0
DA:51,0
DA:52,0
DA:55,0
DA:56,0
DA:58,0
DA:63,0
DA:64,0
DA:68,0
DA:69,0
DA:70,0
DA:74,0
DA:75,0
DA:77,0
DA:79,0
DA:84,0
DA:87,0
DA:88,0
DA:89,0
DA:94,0
DA:95,0
DA:96,0
DA:98,0
DA:103,0
DA:104,0
DA:105,0
DA:110,0
DA:111,0
DA:114,0
DA:120,0
DA:122,0
DA:124,0
DA:130,0
DA:131,0
DA:134,0
DA:137,0
DA:142,0
DA:143,0
DA:146,0
LF:52
LH:0
BRDA:46,0,0,0
BRDA:46,0,1,0
BRDA:56,1,0,0
BRDA:56,1,1,0
BRDA:88,2,0,0
BRDA:88,2,1,0
BRDA:95,3,0,0
BRDA:95,3,1,0
BRDA:105,4,0,0
BRDA:105,4,1,0
BRDA:110,5,0,0
BRDA:110,5,1,0
BRDA:120,6,0,0
BRDA:120,6,1,0
BRDA:124,7,0,0
BRDA:124,7,1,0
BRDA:124,7,2,0
BRDA:124,7,3,0
BRDA:124,7,4,0
BRDA:124,7,5,0
BRDA:155,8,0,0
BRDA:155,8,1,0
BRF:22
BRH:0
end_of_record
TN:
SF:src/app/components/optimization/LazyImage.tsx
FN:25,LazyImage
FN:41,(anonymous_1)
FN:46,(anonymous_2)
FN:50,(anonymous_3)
FN:64,(anonymous_4)
FNF:5
FNH:0
FNDA:0,LazyImage
FNDA:0,(anonymous_1)
FNDA:0,(anonymous_2)
FNDA:0,(anonymous_3)
FNDA:0,(anonymous_4)
DA:36,0
DA:37,0
DA:38,0
DA:41,0
DA:42,0
DA:46,0
DA:47,0
DA:49,0
DA:51,0
DA:52,0
DA:53,0
DA:62,0
DA:64,0
DA:65,0
DA:70,0
DA:78,0
LF:16
LH:0
BRDA:30,0,0,0
BRDA:31,1,0,0
BRDA:34,2,0,0
BRDA:47,3,0,0
BRDA:47,3,1,0
BRDA:47,4,0,0
BRDA:47,4,1,0
BRDA:51,5,0,0
BRDA:51,5,1,0
BRDA:90,6,0,0
BRDA:90,6,1,0
BRDA:100,7,0,0
BRDA:100,7,1,0
BRDA:110,8,0,0
BRDA:110,8,1,0
BRF:15
BRH:0
end_of_record
TN:
SF:src/app/components/projects/ProjectForm.tsx
FN:27,ProjectForm
FN:42,(anonymous_1)
FN:49,(anonymous_2)
FN:66,(anonymous_3)
FN:96,(anonymous_4)
FN:109,(anonymous_5)
FNF:6
FNH:0
FNDA:0,ProjectForm
FNDA:0,(anonymous_1)
FNDA:0,(anonymous_2)
FNDA:0,(anonymous_3)
FNDA:0,(anonymous_4)
FNDA:0,(anonymous_5)
DA:34,0
DA:35,0
DA:36,0
DA:42,0
DA:43,0
DA:44,0
DA:45,0
DA:49,0
DA:50,0
DA:52,0
DA:53,0
DA:54,0
DA:55,0
DA:58,0
DA:59,0
DA:62,0
DA:63,0
DA:66,0
DA:67,0
DA:69,0
DA:71,0
DA:72,0
DA:78,0
DA:96,0
DA:109,0
LF:25
LH:0
BRDA:30,0,0,0
BRDA:32,1,0,0
BRDA:34,2,0,0
BRDA:34,2,1,0
BRDA:35,3,0,0
BRDA:35,3,1,0
BRDA:43,4,0,0
BRDA:43,4,1,0
BRDA:52,5,0,0
BRDA:52,5,1,0
BRDA:54,6,0,0
BRDA:54,6,1,0
BRDA:58,7,0,0
BRDA:58,7,1,0
BRDA:58,8,0,0
BRDA:58,8,1,0
BRDA:69,9,0,0
BRDA:69,9,1,0
BRDA:82,10,0,0
BRDA:82,10,1,0
BRDA:85,11,0,0
BRDA:85,11,1,0
BRDA:136,12,0,0
BRDA:136,12,1,0
BRDA:139,13,0,0
BRDA:139,13,1,0
BRF:26
BRH:0
end_of_record
TN:
SF:src/app/components/questions/FormBuilder.tsx
FN:95,FieldEditDialog
FN:101,(anonymous_1)
FN:120,(anonymous_2)
FN:145,(anonymous_3)
FN:153,(anonymous_4)
FN:154,(anonymous_5)
FN:170,(anonymous_6)
FN:184,(anonymous_7)
FN:192,(anonymous_8)
FN:209,(anonymous_9)
FN:210,(anonymous_10)
FN:231,(anonymous_11)
FN:238,(anonymous_12)
FN:254,(anonymous_13)
FN:272,PreviewDialog
FN:275,(anonymous_15)
FN:276,(anonymous_16)
FN:298,(anonymous_17)
FN:308,(anonymous_18)
FN:317,(anonymous_19)
FN:327,(anonymous_20)
FN:334,(anonymous_21)
FN:336,(anonymous_22)
FN:362,FormBuilder
FN:369,(anonymous_24)
FN:376,(anonymous_25)
FN:383,(anonymous_26)
FN:395,(anonymous_27)
FN:405,(anonymous_28)
FN:411,(anonymous_29)
FN:417,(anonymous_30)
FN:418,(anonymous_31)
FN:419,(anonymous_32)
FN:427,(anonymous_33)
FN:430,(anonymous_34)
FN:450,(anonymous_35)
FN:488,(anonymous_36)
FN:500,(anonymous_37)
FN:502,(anonymous_38)
FN:529,(anonymous_39)
FN:536,(anonymous_40)
FN:553,(anonymous_41)
FN:558,(anonymous_42)
FN:564,(anonymous_43)
FNF:44
FNH:20
FNDA:29,FieldEditDialog
FNDA:8,(anonymous_1)
FNDA:2,(anonymous_2)
FNDA:2,(anonymous_3)
FNDA:0,(anonymous_4)
FNDA:0,(anonymous_5)
FNDA:2,(anonymous_6)
FNDA:1,(anonymous_7)
FNDA:105,(anonymous_8)
FNDA:2,(anonymous_9)
FNDA:0,(anonymous_10)
FNDA:6,(anonymous_11)
FNDA:0,(anonymous_12)
FNDA:0,(anonymous_13)
FNDA:14,PreviewDialog
FNDA:0,(anonymous_15)
FNDA:0,(anonymous_16)
FNDA:6,(anonymous_17)
FNDA:0,(anonymous_18)
FNDA:0,(anonymous_19)
FNDA:0,(anonymous_20)
FNDA:0,(anonymous_21)
FNDA:0,(anonymous_22)
FNDA:14,FormBuilder
FNDA:0,(anonymous_24)
FNDA:0,(anonymous_25)
FNDA:0,(anonymous_26)
FNDA:0,(anonymous_27)
FNDA:3,(anonymous_28)
FNDA:0,(anonymous_29)
FNDA:1,(anonymous_30)
FNDA:1,(anonymous_31)
FNDA:0,(anonymous_32)
FNDA:2,(anonymous_33)
FNDA:0,(anonymous_34)
FNDA:1,(anonymous_35)
FNDA:6,(anonymous_36)
FNDA:0,(anonymous_37)
FNDA:0,(anonymous_38)
FNDA:0,(anonymous_39)
FNDA:1,(anonymous_40)
FNDA:0,(anonymous_41)
FNDA:6,(anonymous_42)
FNDA:0,(anonymous_43)
DA:54,1
DA:96,29
DA:97,29
DA:98,29
DA:99,29
DA:101,29
DA:102,8
DA:103,0
DA:104,0
DA:107,8
DA:114,8
DA:116,8
DA:117,8
DA:120,29
DA:121,2
DA:123,2
DA:126,2
DA:127,0
DA:130,2
DA:131,0
DA:134,2
DA:135,0
DA:136,0
DA:139,2
DA:145,29
DA:146,2
DA:147,2
DA:148,2
DA:149,2
DA:153,29
DA:154,0
DA:157,29
DA:159,21
DA:171,2
DA:172,2
DA:185,1
DA:186,1
DA:187,0
DA:188,0
DA:193,105
DA:209,2
DA:211,0
DA:212,0
DA:213,0
DA:232,6
DA:238,0
DA:254,0
DA:273,14
DA:275,14
DA:276,0
DA:279,14
DA:299,6
DA:308,0
DA:317,0
DA:327,0
DA:334,0
DA:337,0
DA:363,14
DA:364,14
DA:365,14
DA:366,14
DA:369,14
DA:370,0
DA:371,0
DA:372,0
DA:376,14
DA:377,0
DA:378,0
DA:379,0
DA:383,14
DA:384,0
DA:385,0
DA:387,0
DA:388,0
DA:390,0
DA:391,0
DA:392,0
DA:395,0
DA:400,0
DA:401,0
DA:405,14
DA:406,3
DA:407,3
DA:411,14
DA:412,0
DA:413,0
DA:417,14
DA:418,1
DA:419,1
DA:423,1
DA:427,14
DA:428,2
DA:430,0
DA:431,0
DA:434,2
DA:435,2
DA:437,2
DA:438,2
DA:441,14
DA:450,1
DA:489,6
DA:500,0
DA:502,0
DA:529,0
DA:536,1
DA:554,0
DA:555,0
DA:558,6
DA:564,0
LF:109
LH:63
BRDA:102,0,0,0
BRDA:102,0,1,8
BRDA:104,1,0,0
BRDA:104,1,1,0
BRDA:121,2,0,0
BRDA:121,2,1,2
BRDA:126,3,0,0
BRDA:126,3,1,2
BRDA:130,4,0,0
BRDA:130,4,1,2
BRDA:130,5,0,2
BRDA:130,5,1,1
BRDA:134,6,0,0
BRDA:134,6,1,2
BRDA:141,7,0,1
BRDA:141,7,1,1
BRDA:146,8,0,2
BRDA:146,8,1,0
BRDA:157,9,0,8
BRDA:157,9,1,21
BRDA:162,10,0,0
BRDA:162,10,1,21
BRDA:172,11,0,0
BRDA:172,11,1,2
BRDA:186,12,0,0
BRDA:186,12,1,1
BRDA:200,13,0,21
BRDA:200,13,1,6
BRDA:211,14,0,0
BRDA:211,14,1,0
BRDA:227,15,0,6
BRDA:227,15,1,0
BRDA:293,16,0,9
BRDA:293,16,1,5
BRDA:304,17,0,6
BRDA:304,17,1,5
BRDA:307,18,0,5
BRDA:307,18,1,5
BRDA:312,19,0,6
BRDA:312,19,1,1
BRDA:316,20,0,1
BRDA:316,20,1,1
BRDA:321,21,0,6
BRDA:321,21,1,0
BRDA:326,22,0,0
BRDA:326,22,1,0
BRDA:331,23,0,6
BRDA:331,23,1,0
BRDA:331,23,2,0
BRDA:333,24,0,0
BRDA:333,24,1,0
BRDA:346,25,0,6
BRDA:346,25,1,0
BRDA:362,26,0,0
BRDA:370,27,0,0
BRDA:370,27,1,0
BRDA:377,28,0,0
BRDA:377,28,1,0
BRDA:384,29,0,0
BRDA:384,29,1,0
BRDA:384,30,0,0
BRDA:384,30,1,0
BRDA:388,31,0,0
BRDA:388,31,1,0
BRDA:428,32,0,0
BRDA:428,32,1,2
BRDA:430,33,0,0
BRDA:430,33,1,0
BRDA:469,34,0,9
BRDA:469,34,1,5
BRDA:495,35,0,1
BRDA:495,35,1,5
BRDA:496,36,0,1
BRDA:496,36,1,5
BRDA:497,37,0,1
BRDA:497,37,1,5
BRDA:509,38,0,6
BRDA:509,38,1,3
BRDA:519,39,0,6
BRDA:519,39,1,0
BRDA:519,39,2,0
BRF:81
BRH:43
end_of_record
TN:
SF:src/app/components/questions/QuestionForm.tsx
FN:90,QuestionForm
FN:131,(anonymous_1)
FN:133,(anonymous_2)
FN:141,(anonymous_3)
FN:147,(anonymous_4)
FN:153,(anonymous_5)
FN:159,(anonymous_6)
FN:160,(anonymous_7)
FN:167,(anonymous_8)
FN:175,(anonymous_9)
FN:205,(anonymous_10)
FN:237,(anonymous_11)
FN:251,(anonymous_12)
FN:265,(anonymous_13)
FN:280,(anonymous_14)
FN:296,(anonymous_15)
FN:310,(anonymous_16)
FN:326,(anonymous_17)
FN:346,(anonymous_18)
FN:361,(anonymous_19)
FN:377,(anonymous_20)
FNF:21
FNH:0
FNDA:0,QuestionForm
FNDA:0,(anonymous_1)
FNDA:0,(anonymous_2)
FNDA:0,(anonymous_3)
FNDA:0,(anonymous_4)
FNDA:0,(anonymous_5)
FNDA:0,(anonymous_6)
FNDA:0,(anonymous_7)
FNDA:0,(anonymous_8)
FNDA:0,(anonymous_9)
FNDA:0,(anonymous_10)
FNDA:0,(anonymous_11)
FNDA:0,(anonymous_12)
FNDA:0,(anonymous_13)
FNDA:0,(anonymous_14)
FNDA:0,(anonymous_15)
FNDA:0,(anonymous_16)
FNDA:0,(anonymous_17)
FNDA:0,(anonymous_18)
FNDA:0,(anonymous_19)
FNDA:0,(anonymous_20)
DA:24,0
DA:32,0
DA:103,0
DA:117,0
DA:131,0
DA:132,0
DA:133,0
DA:141,0
DA:147,0
DA:153,0
DA:159,0
DA:160,0
DA:166,0
DA:167,0
DA:175,0
DA:176,0
DA:178,0
DA:179,0
DA:182,0
DA:183,0
DA:184,0
DA:185,0
DA:188,0
DA:189,0
DA:192,0
DA:193,0
DA:196,0
DA:197,0
DA:200,0
DA:201,0
DA:205,0
DA:206,0
DA:208,0
DA:210,0
DA:211,0
DA:217,0
DA:237,0
DA:251,0
DA:265,0
DA:280,0
DA:296,0
DA:310,0
DA:326,0
DA:346,0
DA:361,0
DA:377,0
LF:46
LH:0
BRDA:93,0,0,0
BRDA:94,1,0,0
BRDA:95,2,0,0
BRDA:96,3,0,0
BRDA:97,4,0,0
BRDA:99,5,0,0
BRDA:104,6,0,0
BRDA:104,6,1,0
BRDA:104,6,2,0
BRDA:105,7,0,0
BRDA:105,7,1,0
BRDA:106,8,0,0
BRDA:106,8,1,0
BRDA:107,9,0,0
BRDA:107,9,1,0
BRDA:108,10,0,0
BRDA:108,10,1,0
BRDA:109,11,0,0
BRDA:109,11,1,0
BRDA:110,12,0,0
BRDA:110,12,1,0
BRDA:111,13,0,0
BRDA:111,13,1,0
BRDA:112,14,0,0
BRDA:112,14,1,0
BRDA:113,15,0,0
BRDA:113,15,1,0
BRDA:132,16,0,0
BRDA:132,16,1,0
BRDA:149,17,0,0
BRDA:149,17,1,0
BRDA:166,18,0,0
BRDA:166,18,1,0
BRDA:178,19,0,0
BRDA:178,19,1,0
BRDA:182,20,0,0
BRDA:182,20,1,0
BRDA:184,21,0,0
BRDA:184,21,1,0
BRDA:188,22,0,0
BRDA:188,22,1,0
BRDA:192,23,0,0
BRDA:192,23,1,0
BRDA:196,24,0,0
BRDA:196,24,1,0
BRDA:196,25,0,0
BRDA:196,25,1,0
BRDA:196,25,2,0
BRDA:196,25,3,0
BRDA:208,26,0,0
BRDA:208,26,1,0
BRDA:221,27,0,0
BRDA:221,27,1,0
BRDA:224,28,0,0
BRDA:224,28,1,0
BRDA:232,29,0,0
BRDA:232,29,1,0
BRDA:232,29,2,0
BRDA:284,30,0,0
BRDA:284,30,1,0
BRDA:286,31,0,0
BRDA:286,31,1,0
BRDA:329,32,0,0
BRDA:329,32,1,0
BRDA:331,33,0,0
BRDA:331,33,1,0
BRDA:355,34,0,0
BRDA:355,34,1,0
BRDA:360,35,0,0
BRDA:360,35,1,0
BRDA:367,36,0,0
BRDA:367,36,1,0
BRDA:368,37,0,0
BRDA:368,37,1,0
BRDA:373,38,0,0
BRDA:373,38,1,0
BRDA:376,39,0,0
BRDA:376,39,1,0
BRDA:390,40,0,0
BRDA:390,40,1,0
BRDA:403,41,0,0
BRDA:403,41,1,0
BRDA:406,42,0,0
BRDA:406,42,1,0
BRF:84
BRH:0
end_of_record
TN:
SF:src/app/components/search/SearchForm.tsx
FN:64,SearchForm
FN:87,(anonymous_1)
FN:88,(anonymous_2)
FN:95,(anonymous_3)
FN:100,(anonymous_4)
FN:105,(anonymous_5)
FN:118,(anonymous_6)
FN:124,(anonymous_7)
FN:169,(anonymous_8)
FN:205,(anonymous_9)
FN:222,(anonymous_10)
FN:239,(anonymous_11)
FN:253,(anonymous_12)
FN:268,(anonymous_13)
FN:286,(anonymous_14)
FNF:15
FNH:0
FNDA:0,SearchForm
FNDA:0,(anonymous_1)
FNDA:0,(anonymous_2)
FNDA:0,(anonymous_3)
FNDA:0,(anonymous_4)
FNDA:0,(anonymous_5)
FNDA:0,(anonymous_6)
FNDA:0,(anonymous_7)
FNDA:0,(anonymous_8)
FNDA:0,(anonymous_9)
FNDA:0,(anonymous_10)
FNDA:0,(anonymous_11)
FNDA:0,(anonymous_12)
FNDA:0,(anonymous_13)
FNDA:0,(anonymous_14)
DA:26,0
DA:35,0
DA:73,0
DA:84,0
DA:87,0
DA:88,0
DA:95,0
DA:96,0
DA:100,0
DA:101,0
DA:105,0
DA:106,0
DA:118,0
DA:119,0
DA:120,0
DA:124,0
DA:125,0
DA:126,0
DA:130,0
DA:169,0
DA:205,0
DA:222,0
DA:239,0
DA:253,0
DA:268,0
DA:286,0
LF:26
LH:0
BRDA:66,0,0,0
BRDA:67,1,0,0
BRDA:68,2,0,0
BRDA:69,3,0,0
BRDA:70,4,0,0
BRDA:74,5,0,0
BRDA:74,5,1,0
BRDA:75,6,0,0
BRDA:75,6,1,0
BRDA:76,7,0,0
BRDA:76,7,1,0
BRDA:77,8,0,0
BRDA:77,8,1,0
BRDA:78,9,0,0
BRDA:78,9,1,0
BRDA:79,10,0,0
BRDA:79,10,1,0
BRDA:80,11,0,0
BRDA:80,11,1,0
BRDA:125,12,0,0
BRDA:125,12,1,0
BRDA:148,13,0,0
BRDA:148,13,1,0
BRDA:168,14,0,0
BRDA:168,14,1,0
BRDA:262,15,0,0
BRDA:262,15,1,0
BRF:27
BRH:0
end_of_record
TN:
SF:src/app/components/search/SearchResults.tsx
FN:60,SearchResults
FN:74,(anonymous_1)
FN:90,(anonymous_2)
FN:112,(anonymous_3)
FN:164,(anonymous_4)
FN:185,(anonymous_5)
FN:201,(anonymous_6)
FN:210,(anonymous_7)
FN:220,(anonymous_8)
FN:221,(anonymous_9)
FN:249,(anonymous_10)
FN:272,(anonymous_11)
FNF:12
FNH:0
FNDA:0,SearchResults
FNDA:0,(anonymous_1)
FNDA:0,(anonymous_2)
FNDA:0,(anonymous_3)
FNDA:0,(anonymous_4)
FNDA:0,(anonymous_5)
FNDA:0,(anonymous_6)
FNDA:0,(anonymous_7)
FNDA:0,(anonymous_8)
FNDA:0,(anonymous_9)
FNDA:0,(anonymous_10)
FNDA:0,(anonymous_11)
DA:70,0
DA:71,0
DA:74,0
DA:75,0
DA:77,0
DA:79,0
DA:81,0
DA:83,0
[...]
BRF:8
BRH:7
end_of_record
TN:
SF:src/components/providers/SecurityProvider.tsx
FN:5,SecurityProvider
FN:6,(anonymous_1)
FN:8,(anonymous_2)
FN:14,(anonymous_3)
FN:32,(anonymous_4)
FNF:5
FNH:0
FNDA:0,SecurityProvider
FNDA:0,(anonymous_1)
FNDA:0,(anonymous_2)
FNDA:0,(anonymous_3)
FNDA:0,(anonymous_4)
DA:6,0
DA:8,0
DA:9,0
DA:10,0
DA:12,0
DA:14,0
DA:16,0
DA:17,0
DA:18,0
DA:19,0
DA:21,0
DA:23,0
DA:25,0
DA:28,0
DA:29,0
DA:32,0
DA:38,0
DA:41,0
LF:18
LH:0
BRDA:8,0,0,0
BRDA:16,1,0,0
BRDA:16,1,1,0
BRDA:18,2,0,0
BRDA:18,2,1,0
BRDA:28,3,0,0
BRDA:28,3,1,0
BRF:7
BRH:0
end_of_record
TN:
SF:src/components/providers/ThemeProvider.tsx
FN:14,(anonymous_0)
FN:18,(anonymous_1)
FN:27,(anonymous_2)
FN:32,(anonymous_3)
FN:55,(anonymous_4)
FN:63,(anonymous_5)
FN:79,(anonymous_6)
FN:89,(anonymous_7)
FN:102,(anonymous_8)
FN:103,(anonymous_9)
FNF:10
FNH:0
FNDA:0,(anonymous_0)
FNDA:0,(anonymous_1)
FNDA:0,(anonymous_2)
FNDA:0,(anonymous_3)
FNDA:0,(anonymous_4)
FNDA:0,(anonymous_5)
FNDA:0,(anonymous_6)
FNDA:0,(anonymous_7)
FNDA:0,(anonymous_8)
FNDA:0,(anonymous_9)
DA:12,0
DA:18,0
DA:25,0
DA:27,0
DA:29,0
DA:32,0
DA:34,0
DA:35,0
DA:39,0
DA:40,0
DA:41,0
DA:45,0
DA:46,0
DA:49,0
DA:52,0
DA:55,0
DA:57,0
DA:58,0
DA:59,0
DA:62,0
DA:63,0
DA:65,0
DA:66,0
DA:67,0
DA:72,0
DA:73,0
DA:75,0
DA:79,0
DA:80,0
DA:81,0
DA:83,0
DA:89,0
DA:90,0
DA:91,0
DA:93,0
DA:96,0
DA:97,0
DA:102,0
DA:103,0
DA:104,0
DA:105,0
DA:106,0
DA:110,0
LF:43
LH:0
BRDA:34,0,0,0
BRDA:34,0,1,0
BRDA:40,1,0,0
BRDA:40,1,1,0
BRDA:40,2,0,0
BRDA:40,2,1,0
BRDA:45,3,0,0
BRDA:45,3,1,0
BRDA:45,4,0,0
BRDA:45,4,1,0
BRDA:66,5,0,0
BRDA:66,5,1,0
BRDA:67,6,0,0
BRDA:67,6,1,0
BRDA:72,7,0,0
BRDA:72,7,1,0
BRDA:80,8,0,0
BRDA:80,8,1,0
BRDA:90,9,0,0
BRDA:90,9,1,0
BRDA:104,10,0,0
BRDA:104,10,1,0
BRF:22
BRH:0
end_of_record
TN:
SF:src/components/providers/ThemeRegistry.tsx
FN:11,ThemeWrapper
FN:54,ThemeRegistry
FNF:2
FNH:0
FNDA:0,ThemeWrapper
FNDA:0,ThemeRegistry
DA:13,0
DA:16,0
DA:20,0
DA:21,0
DA:45,0
DA:55,0
LF:6
LH:0
BRDA:20,0,0,0
BRDA:20,0,1,0
BRF:2
BRH:0
end_of_record
TN:
SF:src/components/theme/ThemeToggleButton.tsx
FN:10,(anonymous_0)
FNF:1
FNH:0
FNDA:0,(anonymous_0)
DA:10,0
DA:11,0
DA:13,0
LF:3
LH:0
BRDA:14,0,0,0
BRDA:14,0,1,0
BRDA:18,1,0,0
BRDA:18,1,1,0
BRDA:20,2,0,0
BRDA:20,2,1,0
BRF:6
BRH:0
end_of_record
TN:
SF:src/components/theme/theme.ts
FN:6,(anonymous_0)
FNF:1
FNH:0
FNDA:0,(anonymous_0)
DA:6,0
DA:7,0
DA:144,0
LF:3
LH:0
BRDA:34,0,0,0
BRDA:34,0,1,0
BRDA:134,1,0,0
BRDA:134,1,1,0
BRF:4
BRH:0
end_of_record
TN:
SF:src/components/ui/LazyImage.tsx
FN:18,(anonymous_0)
FN:33,(anonymous_1)
FN:40,(anonymous_2)
FN:55,(anonymous_3)
FN:60,(anonymous_4)
FNF:5
FNH:5
FNDA:11,(anonymous_0)
FNDA:5,(anonymous_1)
FNDA:4,(anonymous_2)
FNDA:4,(anonymous_3)
FNDA:1,(anonymous_4)
DA:18,1
DA:29,11
DA:30,11
DA:31,11
DA:33,11
DA:35,5
DA:36,1
DA:37,1
DA:40,4
DA:41,4
DA:42,4
DA:43,4
DA:44,4
DA:51,4
DA:52,4
DA:55,4
DA:56,4
DA:60,11
DA:61,1
DA:62,1
DA:63,0
DA:67,11
LF:22
LH:21
BRDA:23,0,0,9
BRDA:26,1,0,9
BRDA:35,2,0,1
BRDA:35,2,1,4
BRDA:42,3,0,4
BRDA:42,3,1,0
BRDA:51,4,0,4
BRDA:51,4,1,0
BRDA:62,5,0,0
BRDA:62,5,1,1
BRDA:72,6,0,1
BRDA:72,6,1,10
BRDA:75,7,0,11
BRDA:75,7,1,10
BRDA:83,8,0,11
BRDA:83,8,1,5
BRDA:83,8,2,7
BRDA:89,9,0,1
BRDA:89,9,1,6
BRDA:91,10,0,2
BRDA:91,10,1,5
BRDA:92,11,0,1
BRDA:92,11,1,6
BRF:23
BRH:20
end_of_record
TN:
SF:src/hooks/useA11y.ts
FN:15,useA11y
FN:20,(anonymous_1)
FN:25,(anonymous_2)
FN:32,(anonymous_3)
FN:33,(anonymous_4)
FN:65,(anonymous_5)
FN:72,(anonymous_6)
FN:82,(anonymous_7)
FN:87,(anonymous_8)
FN:96,(anonymous_9)
FNF:10
FNH:10
FNDA:13,useA11y
FNDA:9,(anonymous_1)
FNDA:4,(anonymous_2)
FNDA:13,(anonymous_3)
FNDA:4,(anonymous_4)
FNDA:13,(anonymous_5)
FNDA:1,(anonymous_6)
FNDA:1,(anonymous_7)
FNDA:1,(anonymous_8)
FNDA:1,(anonymous_9)
DA:16,13
DA:17,13
DA:20,13
DA:21,9
DA:22,4
DA:25,9
DA:26,4
DA:31,13
DA:33,13
DA:34,4
DA:35,1
DA:36,1
DA:37,1
DA:38,1
DA:40,3
DA:41,1
DA:42,1
DA:43,1
DA:44,1
DA:46,2
DA:47,1
DA:48,1
DA:49,1
DA:50,1
DA:52,1
DA:53,1
DA:54,1
DA:55,1
DA:56,1
DA:64,13
DA:66,13
DA:67,13
DA:68,6
DA:71,13
DA:72,13
DA:73,1
DA:82,13
DA:83,1
DA:87,13
DA:88,1
DA:89,1
DA:91,0
DA:96,13
DA:97,1
DA:99,1
DA:103,1
DA:106,13
LF:47
LH:46
BRDA:20,0,0,8
BRDA:21,1,0,4
BRDA:21,1,1,5
BRDA:34,2,0,1
BRDA:34,2,1,3
BRDA:34,3,0,4
BRDA:34,3,1,3
BRDA:35,4,0,1
BRDA:35,4,1,0
BRDA:40,5,0,1
BRDA:40,5,1,2
BRDA:40,6,0,3
BRDA:40,6,1,2
BRDA:41,7,0,1
BRDA:41,7,1,0
BRDA:46,8,0,1
BRDA:46,8,1,1
BRDA:47,9,0,1
BRDA:47,9,1,0
BRDA:52,10,0,1
BRDA:52,10,1,0
BRDA:53,11,0,1
BRDA:53,11,1,0
BRDA:66,12,0,13
BRDA:66,12,1,0
BRDA:67,13,0,6
BRDA:67,13,1,7
BRDA:71,14,0,13
BRDA:71,14,1,0
BRDA:88,15,0,1
BRDA:88,15,1,0
BRDA:97,16,0,0
BRDA:97,16,1,1
BRDA:99,17,0,0
BRDA:99,17,1,1
BRF:35
BRH:25
end_of_record
TN:
SF:src/hooks/useAuth.ts
FN:12,useAuth
FN:17,(anonymous_1)
FN:19,(anonymous_2)
FN:40,(anonymous_3)
FNF:4
FNH:0
FNDA:0,useAuth
FNDA:0,(anonymous_1)
FNDA:0,(anonymous_2)
FNDA:0,(anonymous_3)
DA:13,0
DA:14,0
DA:15,0
DA:17,0
DA:19,0
DA:20,0
DA:22,0
DA:23,0
DA:24,0
DA:26,0
DA:29,0
DA:30,0
DA:32,0
DA:36,0
DA:40,0
DA:41,0
DA:43,0
DA:47,0
DA:48,0
DA:49,0
DA:52,0
DA:56,0
LF:22
LH:0
BRDA:23,0,0,0
BRDA:23,0,1,0
BRDA:47,1,0,0
BRDA:47,1,1,0
BRF:4
BRH:0
end_of_record
TN:
SF:src/hooks/useCsrfToken.ts
FN:3,useCsrfToken
FN:7,(anonymous_1)
FN:8,(anonymous_2)
FN:29,addCsrfToken
FNF:4
FNH:0
FNDA:0,useCsrfToken
FNDA:0,(anonymous_1)
FNDA:0,(anonymous_2)
FNDA:0,addCsrfToken
DA:4,0
DA:5,0
DA:7,0
DA:8,0
DA:9,0
DA:10,0
DA:11,0
DA:12,0
DA:13,0
DA:16,0
DA:18,0
DA:22,0
DA:25,0
DA:30,0
DA:32,0
DA:33,0
DA:34,0
DA:37,0
LF:18
LH:0
BRDA:11,0,0,0
BRDA:11,0,1,0
BRDA:29,1,0,0
BRDA:30,2,0,0
BRDA:30,2,1,0
BRDA:32,3,0,0
BRDA:32,3,1,0
BRF:7
BRH:0
end_of_record
TN:
SF:src/lib/auth/edge-jwt.ts
FN:5,getSecretKey
FN:13,verifyTokenEdge
FN:68,getTokenFromHeaderEdge
FNF:3
FNH:0
FNDA:0,getSecretKey
FNDA:0,verifyTokenEdge
FNDA:0,getTokenFromHeaderEdge
DA:6,0
DA:7,0
DA:14,0
DA:15,0
DA:18,0
DA:19,0
DA:20,0
DA:21,0
DA:23,0
DA:24,0
DA:25,0
DA:27,0
DA:28,0
DA:32,0
DA:33,0
DA:34,0
DA:37,0
DA:40,0
DA:43,0
DA:49,0
DA:52,0
DA:53,0
DA:54,0
DA:55,0
DA:56,0
DA:60,0
DA:69,0
DA:71,0
DA:73,0
DA:74,0
DA:77,0
LF:31
LH:0
BRDA:6,0,0,0
BRDA:6,0,1,0
BRDA:23,1,0,0
BRDA:23,1,1,0
BRDA:27,2,0,0
BRDA:27,2,1,0
BRDA:32,3,0,0
BRDA:32,3,1,0
BRDA:52,4,0,0
BRDA:52,4,1,0
BRDA:53,5,0,0
BRDA:53,5,1,0
BRDA:55,6,0,0
BRDA:55,6,1,0
BRDA:69,7,0,0
BRDA:69,7,1,0
BRDA:73,8,0,0
BRDA:73,8,1,0
BRDA:73,9,0,0
BRDA:73,9,1,0
BRF:20
BRH:0
end_of_record
TN:
SF:src/lib/auth/index.ts
FNF:0
FNH:0
LF:0
LH:0
BRF:0
BRH:0
end_of_record
TN:
SF:src/lib/auth/jwt.ts
FN:13,generateToken
FN:33,verifyToken
FN:60,getTokenFromHeader
FNF:3
FNH:3
FNDA:2,generateToken
FNDA:2,verifyToken
FNDA:4,getTokenFromHeader
DA:4,1
DA:5,1
DA:14,2
DA:20,2
DA:21,2
DA:22,2
DA:24,2
DA:25,2
DA:26,2
DA:27,2
DA:28,2
DA:30,2
DA:34,2
DA:35,2
DA:38,2
DA:39,2
DA:42,2
DA:43,1
DA:44,1
DA:45,1
DA:46,1
DA:48,1
DA:49,0
DA:53,2
DA:55,1
DA:56,1
DA:61,4
DA:63,3
DA:65,3
DA:66,1
DA:69,2
LF:31
LH:30
BRDA:4,0,0,1
BRDA:4,0,1,0
BRDA:5,1,0,1
BRDA:5,1,1,1
BRDA:42,2,0,1
BRDA:42,2,1,1
BRDA:42,3,0,2
BRDA:42,3,1,1
BRDA:42,3,2,1
BRDA:48,4,0,0
BRDA:48,4,1,1
BRDA:61,5,0,1
BRDA:61,5,1,3
BRDA:65,6,0,1
BRDA:65,6,1,2
BRDA:65,7,0,3
BRDA:65,7,1,3
BRF:17
BRH:15
end_of_record
TN:
SF:src/lib/auth/password.ts
FN:8,hashPassword
FN:15,verifyPassword
FNF:2
FNH:2
FNDA:4,hashPassword
FNDA:5,verifyPassword
DA:3,1
DA:9,4
DA:16,5
LF:3
LH:3
BRF:0
BRH:0
end_of_record
TN:
SF:src/lib/db/index.ts
FNF:0
FNH:0
DA:5,0
DA:7,0
DA:9,0
LF:3
LH:0
BRDA:7,0,0,0
BRDA:7,0,1,0
BRDA:9,1,0,0
BRDA:9,1,1,0
BRF:4
BRH:0
end_of_record
TN:
SF:src/lib/utils/api.ts
FN:7,getUserFromRequest
FN:26,isAdmin
FN:33,isAdminRequest
FN:41,validateRequest
FNF:4
FNH:0
FNDA:0,getUserFromRequest
FNDA:0,isAdmin
FNDA:0,isAdminRequest
FNDA:0,validateRequest
DA:8,0
DA:9,0
DA:10,0
DA:12,0
DA:13,0
DA:16,0
DA:27,0
DA:34,0
DA:35,0
DA:45,0
DA:46,0
DA:47,0
DA:48,0
DA:50,0
DA:51,0
DA:60,0
LF:16
LH:0
BRDA:12,0,0,0
BRDA:12,0,1,0
BRDA:12,1,0,0
BRDA:12,1,1,0
BRDA:12,1,2,0
BRDA:50,2,0,0
BRDA:50,2,1,0
BRF:7
BRH:0
end_of_record
TN:
SF:src/lib/utils/auth.ts
FN:15,canAccessProject
FN:70,(anonymous_1)
FN:99,canManageProject
FNF:3
FNH:3
FNDA:11,canAccessProject
FNDA:2,(anonymous_1)
FNDA:5,canManageProject
DA:22,11
DA:24,11
DA:48,5
DA:49,1
DA:59,4
DA:60,1
DA:64,3
DA:65,1
DA:69,2
DA:70,2
DA:73,2
DA:74,1
DA:83,1
DA:85,6
DA:86,6
DA:106,5
DA:108,5
DA:109,5
DA:113,0
DA:114,0
DA:118,0
DA:119,0
DA:123,0
DA:127,0
DA:131,0
LF:25
LH:18
BRDA:48,0,0,1
BRDA:48,0,1,4
BRDA:59,1,0,1
BRDA:59,1,1,3
BRDA:64,2,0,1
BRDA:64,2,1,2
BRDA:73,3,0,1
BRDA:73,3,1,1
BRDA:108,4,0,5
BRDA:108,4,1,0
BRDA:113,5,0,0
BRDA:113,5,1,0
BRDA:118,6,0,0
BRDA:118,6,1,0
BRDA:123,7,0,0
BRDA:123,7,1,0
BRDA:124,8,0,0
BRDA:124,8,1,0
BRF:18
BRH:9
end_of_record
TN:
SF:src/lib/utils/blob.ts
FN:14,uploadFile
FN:39,deleteFile
FN:54,listFiles
FN:64,getMimeType
FNF:4
FNH:4
FNDA:2,uploadFile
FNDA:2,deleteFile
FNDA:2,listFiles
FNDA:15,getMimeType
DA:4,1
DA:22,2
DA:23,2
DA:27,2
DA:31,2
DA:40,2
DA:41,2
DA:42,1
DA:44,1
DA:45,1
DA:55,2
DA:56,2
DA:65,15
DA:67,15
DA:91,15
LF:15
LH:15
BRDA:22,0,0,2
BRDA:22,0,1,2
BRDA:23,1,0,1
BRDA:23,1,1,1
BRDA:27,2,0,1
BRDA:27,2,1,1
BRDA:55,3,0,1
BRDA:55,3,1,1
BRDA:65,4,0,15
BRDA:65,4,1,0
BRDA:91,5,0,15
BRDA:91,5,1,2
BRF:12
BRH:11
end_of_record
TN:
SF:src/lib/utils/email.ts
FN:17,(anonymous_0)
FN:47,(anonymous_1)
FN:75,(anonymous_2)
FN:100,(anonymous_3)
FN:125,(anonymous_4)
FN:152,(anonymous_5)
FN:169,(anonymous_6)
FN:173,(anonymous_7)
FN:191,(anonymous_8)
FN:212,createEmailService
FN:236,sendEmail
FN:250,sendPasswordResetEmail
FN:261,sendProjectInvitationEmail
FN:277,sendNewQuestionAssignedEmail
FN:293,sendNewAnswerPostedEmail
FN:309,sendDeadlineExceededEmail
FNF:16
FNH:1
FNDA:0,(anonymous_0)
FNDA:0,(anonymous_1)
FNDA:0,(anonymous_2)
FNDA:0,(anonymous_3)
FNDA:0,(anonymous_4)
FNDA:0,(anonymous_5)
FNDA:0,(anonymous_6)
FNDA:0,(anonymous_7)
FNDA:0,(anonymous_8)
FNDA:2,createEmailService
FNDA:0,sendEmail
FNDA:0,sendPasswordResetEmail
FNDA:0,sendProjectInvitationEmail
FNDA:0,sendNewQuestionAssignedEmail
FNDA:0,sendNewAnswerPostedEmail
FNDA:0,sendDeadlineExceededEmail
DA:15,2
DA:17,0
DA:47,0
DA:75,0
DA:100,0
DA:125,0
DA:153,0
DA:154,0
DA:155,0
DA:156,0
DA:157,0
DA:158,0
DA:160,0
DA:170,0
DA:184,0
DA:207,0
DA:213,2
DA:215,2
DA:217,0
DA:218,0
DA:219,0
DA:221,0
DA:224,0
DA:228,2
DA:233,2
DA:237,0
DA:238,0
DA:240,0
DA:243,0
DA:244,0
DA:251,0
DA:252,0
DA:267,0
DA:268,0
DA:283,0
DA:284,0
DA:299,0
DA:300,0
DA:315,0
DA:316,0
LF:40
LH:5
BRDA:126,0,0,0
BRDA:126,0,1,0
BRDA:130,1,0,0
BRDA:130,1,1,0
BRDA:142,2,0,0
BRDA:142,2,1,0
BRDA:157,3,0,0
BRDA:157,3,1,0
BRDA:215,4,0,0
BRDA:215,4,1,0
BRDA:215,4,2,0
BRDA:215,4,3,2
BRDA:218,5,0,0
BRDA:218,5,1,0
BRDA:243,6,0,0
BRDA:243,6,1,0
BRF:16
BRH:1
end_of_record
TN:
SF:src/lib/utils/fetchData.ts
FN:137,(anonymous_0)
FN:173,(anonymous_1)
FN:187,(anonymous_2)
FN:201,(anonymous_3)
FN:235,(anonymous_4)
FN:317,(anonymous_5)
FN:321,(anonymous_6)
FN:336,(anonymous_7)
FN:342,(anonymous_8)
FN:345,(anonymous_9)
FN:360,(anonymous_10)
FN:366,(anonymous_11)
FN:431,(anonymous_12)
FN:484,(anonymous_13)
FN:500,(anonymous_14)
FN:521,(anonymous_15)
FN:532,(anonymous_16)
FN:542,(anonymous_17)
FN:552,(anonymous_18)
FNF:19
FNH:0
FNDA:0,(anonymous_0)
FNDA:0,(anonymous_1)
FNDA:0,(anonymous_2)
FNDA:0,(anonymous_3)
FNDA:0,(anonymous_4)
FNDA:0,(anonymous_5)
FNDA:0,(anonymous_6)
FNDA:0,(anonymous_7)
FNDA:0,(anonymous_8)
FNDA:0,(anonymous_9)
FNDA:0,(anonymous_10)
FNDA:0,(anonymous_11)
FNDA:0,(anonymous_12)
FNDA:0,(anonymous_13)
FNDA:0,(anonymous_14)
FNDA:0,(anonymous_15)
FNDA:0,(anonymous_16)
FNDA:0,(anonymous_17)
FNDA:0,(anonymous_18)
DA:137,0
DA:138,0
DA:139,0
DA:141,0
DA:143,0
DA:145,0
DA:147,0
DA:149,0
DA:151,0
DA:153,0
DA:156,0
DA:157,0
DA:173,0
DA:175,0
DA:176,0
DA:179,0
DA:187,0
DA:189,0
DA:190,0
DA:193,0
DA:194,0
DA:197,0
DA:200,0
DA:201,0
DA:202,0
DA:205,0
DA:206,0
DA:209,0
DA:212,0
DA:213,0
DA:214,0
DA:215,0
DA:216,0
DA:217,0
DA:218,0
DA:219,0
DA:220,0
DA:222,0
DA:225,0
DA:228,0
DA:232,0
DA:233,0
DA:235,0
DA:238,0
DA:239,0
DA:240,0
DA:242,0
DA:248,0
DA:249,0
DA:255,0
DA:256,0
DA:261,0
DA:269,0
DA:270,0
DA:272,0
DA:273,0
DA:275,0
DA:277,0
DA:278,0
DA:280,0
DA:281,0
DA:283,0
DA:284,0
DA:287,0
DA:289,0
DA:290,0
DA:291,0
DA:292,0
DA:295,0
DA:301,0
DA:302,0
DA:304,0
DA:305,0
DA:306,0
DA:309,0
DA:310,0
DA:311,0
DA:317,0
DA:318,0
DA:321,0
DA:322,0
DA:323,0
DA:327,0
DA:328,0
DA:329,0
DA:331,0
DA:333,0
DA:334,0
DA:336,0
DA:340,0
DA:341,0
DA:342,0
DA:344,0
DA:345,0
DA:348,0
DA:351,0
DA:352,0
DA:353,0
DA:355,0
DA:357,0
DA:358,0
DA:360,0
DA:364,0
DA:365,0
DA:366,0
DA:369,0
DA:372,0
DA:373,0
DA:374,0
DA:381,0
DA:384,0
DA:385,0
DA:386,0
DA:388,0
DA:391,0
DA:392,0
DA:394,0
DA:396,0
DA:400,0
DA:401,0
DA:405,0
DA:408,0
DA:409,0
DA:410,0
DA:412,0
DA:415,0
DA:416,0
DA:417,0
DA:418,0
DA:420,0
DA:424,0
DA:425,0
DA:426,0
DA:430,0
DA:431,0
DA:434,0
DA:437,0
DA:438,0
DA:439,0
DA:441,0
DA:444,0
DA:445,0
DA:449,0
DA:450,0
DA:454,0
DA:455,0
DA:459,0
DA:460,0
DA:464,0
DA:465,0
DA:466,0
DA:470,0
DA:471,0
DA:474,0
DA:478,0
DA:484,0
DA:493,0
DA:494,0
DA:495,0
DA:498,0
DA:500,0
DA:502,0
DA:504,0
DA:505,0
DA:507,0
DA:509,0
DA:510,0
DA:511,0
DA:513,0
DA:514,0
DA:516,0
DA:521,0
DA:522,0
DA:526,0
DA:532,0
DA:533,0
DA:542,0
DA:543,0
DA:552,0
DA:553,0
LF:180
LH:0
BRDA:139,0,0,0
BRDA:139,0,1,0
BRDA:139,0,2,0
BRDA:139,0,3,0
BRDA:139,0,4,0
BRDA:139,0,5,0
BRDA:139,0,6,0
BRDA:179,1,0,0
BRDA:179,1,1,0
BRDA:187,2,0,0
BRDA:189,3,0,0
BRDA:189,3,1,0
BRDA:194,4,0,0
BRDA:194,4,1,0
BRDA:197,5,0,0
BRDA:197,6,0,0
BRDA:197,7,0,0
BRDA:202,8,0,0
BRDA:202,8,1,0
BRDA:205,9,0,0
BRDA:205,9,1,0
BRDA:212,10,0,0
BRDA:212,10,1,0
BRDA:214,11,0,0
BRDA:214,11,1,0
BRDA:217,12,0,0
BRDA:217,12,1,0
BRDA:218,13,0,0
BRDA:218,13,1,0
BRDA:232,14,0,0
BRDA:232,14,1,0
BRDA:238,15,0,0
BRDA:238,15,1,0
BRDA:255,16,0,0
BRDA:255,16,1,0
BRDA:255,17,0,0
BRDA:255,17,1,0
BRDA:264,18,0,0
BRDA:264,18,1,0
BRDA:265,19,0,0
BRDA:265,19,1,0
BRDA:275,20,0,0
BRDA:275,20,1,0
BRDA:287,21,0,0
BRDA:287,21,1,0
BRDA:287,22,0,0
BRDA:287,22,1,0
BRDA:296,23,0,0
BRDA:296,23,1,0
BRDA:317,24,0,0
BRDA:318,25,0,0
BRDA:318,26,0,0
BRDA:323,27,0,0
BRDA:323,27,1,0
BRDA:327,28,0,0
BRDA:327,28,1,0
BRDA:329,29,0,0
BRDA:329,29,1,0
BRDA:334,30,0,0
BRDA:334,30,1,0
BRDA:336,31,0,0
BRDA:336,31,1,0
BRDA:341,32,0,0
BRDA:341,32,1,0
BRDA:341,33,0,0
BRDA:341,33,1,0
BRDA:344,34,0,0
BRDA:344,34,1,0
BRDA:344,35,0,0
BRDA:344,35,1,0
BRDA:351,36,0,0
BRDA:351,36,1,0
BRDA:353,37,0,0
BRDA:353,37,1,0
BRDA:358,38,0,0
BRDA:358,38,1,0
BRDA:360,39,0,0
BRDA:360,39,1,0
BRDA:365,40,0,0
BRDA:365,40,1,0
BRDA:365,41,0,0
BRDA:365,41,1,0
BRDA:372,42,0,0
BRDA:372,42,1,0
BRDA:374,43,0,0
BRDA:374,43,1,0
BRDA:384,44,0,0
BRDA:384,44,1,0
BRDA:386,45,0,0
BRDA:386,45,1,0
BRDA:391,46,0,0
BRDA:391,46,1,0
BRDA:392,47,0,0
BRDA:392,47,1,0
BRDA:392,48,0,0
BRDA:392,48,1,0
BRDA:400,49,0,0
BRDA:400,49,1,0
BRDA:408,50,0,0
BRDA:408,50,1,0
BRDA:410,51,0,0
BRDA:410,51,1,0
BRDA:415,52,0,0
BRDA:415,52,1,0
BRDA:416,53,0,0
BRDA:416,53,1,0
BRDA:417,54,0,0
BRDA:417,54,1,0
BRDA:424,55,0,0
BRDA:424,55,1,0
BRDA:424,56,0,0
BRDA:424,56,1,0
BRDA:430,57,0,0
BRDA:430,57,1,0
BRDA:430,58,0,0
BRDA:430,58,1,0
BRDA:437,59,0,0
BRDA:437,59,1,0
BRDA:439,60,0,0
BRDA:439,60,1,0
BRDA:444,61,0,0
BRDA:444,61,1,0
BRDA:444,62,0,0
BRDA:444,62,1,0
BRDA:444,62,2,0
BRDA:449,63,0,0
BRDA:449,63,1,0
BRDA:449,64,0,0
BRDA:449,64,1,0
BRDA:449,64,2,0
BRDA:454,65,0,0
BRDA:454,65,1,0
BRDA:454,66,0,0
BRDA:454,66,1,0
BRDA:454,66,2,0
BRDA:459,67,0,0
BRDA:459,67,1,0
BRDA:459,68,0,0
BRDA:459,68,1,0
BRDA:459,68,2,0
BRDA:464,69,0,0
BRDA:464,69,1,0
BRDA:466,70,0,0
BRDA:466,70,1,0
BRDA:470,71,0,0
BRDA:470,71,1,0
BRDA:470,72,0,0
BRDA:470,72,1,0
BRDA:504,73,0,0
BRDA:504,73,1,0
BRDA:513,74,0,0
BRDA:513,74,1,0
BRF:152
BRH:0
end_of_record
TN:
SF:src/lib/utils/format.ts
FN:6,formatDate
FNF:1
FNH:0
FNDA:0,formatDate
DA:7,0
DA:9,0
DA:10,0
DA:12,0
LF:4
LH:0
BRDA:7,0,0,0
BRDA:7,0,1,0
BRDA:10,1,0,0
BRDA:10,1,1,0
BRF:4
BRH:0
end_of_record
TN:
SF:src/lib/utils/responsive.ts
FN:7,useBreakpoints
FN:25,responsive
FN:34,(anonymous_2)
FNF:3
FNH:0
FNDA:0,useBreakpoints
FNDA:0,responsive
FNDA:0,(anonymous_2)
DA:8,0
DA:9,0
DA:10,0
DA:11,0
DA:13,0
DA:33,0
DA:34,0
DA:39,0
DA:40,0
DA:44,0
DA:48,0
LF:11
LH:0
BRDA:40,0,0,0
BRDA:40,0,1,0
BRDA:41,1,0,0
BRDA:41,1,1,0
BRF:4
BRH:0
end_of_record
TN:
SF:src/lib/utils/security.ts
FN:8,generateCSRFToken
FN:18,(anonymous_1)
FN:32,escapeHtml
FN:34,(anonymous_3)
FN:38,sanitizeInput
FN:45,(anonymous_5)
FN:69,sanitizeObject
FN:78,(anonymous_7)
FN:88,sanitizeUrlParam
FN:93,escapeSqlString
FN:95,(anonymous_10)
FNF:11
FNH:0
FNDA:0,generateCSRFToken
FNDA:0,(anonymous_1)
FNDA:0,escapeHtml
FNDA:0,(anonymous_3)
FNDA:0,sanitizeInput
FNDA:0,(anonymous_5)
FNDA:0,sanitizeObject
FNDA:0,(anonymous_7)
FNDA:0,sanitizeUrlParam
FNDA:0,escapeSqlString
FNDA:0,(anonymous_10)
DA:10,0
DA:11,0
DA:12,0
DA:16,0
DA:17,0
DA:18,0
DA:22,0
DA:33,0
DA:34,0
DA:39,0
DA:42,0
DA:43,0
DA:45,0
DA:46,0
DA:48,0
DA:49,0
DA:51,0
DA:53,0
DA:57,0
DA:60,0
DA:63,0
DA:65,0
DA:70,0
DA:72,0
DA:73,0
DA:74,0
DA:75,0
DA:76,0
DA:77,0
DA:78,0
DA:79,0
DA:84,0
DA:89,0
DA:94,0
DA:95,0
DA:96,0
DA:97,0
DA:98,0
DA:99,0
DA:100,0
DA:101,0
DA:102,0
DA:103,0
DA:104,0
LF:44
LH:0
BRDA:10,0,0,0
BRDA:10,0,1,0
BRDA:10,1,0,0
BRDA:10,1,1,0
BRDA:33,2,0,0
BRDA:33,2,1,0
BRDA:34,3,0,0
BRDA:34,3,1,0
BRDA:39,4,0,0
BRDA:39,4,1,0
BRDA:46,5,0,0
BRDA:46,5,1,0
BRDA:48,6,0,0
BRDA:48,6,1,0
BRDA:73,7,0,0
BRDA:73,7,1,0
BRDA:75,8,0,0
BRDA:75,8,1,0
BRDA:75,9,0,0
BRDA:75,9,1,0
BRDA:75,9,2,0
BRDA:77,10,0,0
BRDA:77,10,1,0
BRDA:79,11,0,0
BRDA:79,11,1,0
BRDA:94,12,0,0
BRDA:94,12,1,0
BRDA:96,13,0,0
BRDA:96,13,1,0
BRDA:96,13,2,0
BRDA:96,13,3,0
BRDA:96,13,4,0
BRDA:96,13,5,0
BRDA:96,13,6,0
BRDA:96,13,7,0
BRF:35
BRH:0
end_of_record
TN:
SF:src/lib/validations/media.ts
FNF:0
FNH:0
DA:4,1
DA:12,1
LF:2
LH:2
BRF:0
BRH:0
end_of_record
TN:
SF:src/lib/validations/project.ts
FN:20,(anonymous_0)
FN:27,(anonymous_1)
FNF:2
FNH:2
FNDA:1,(anonymous_0)
FNDA:1,(anonymous_1)
DA:5,11
DA:11,11
DA:17,11
DA:20,1
DA:25,11
DA:27,1
DA:32,11
DA:37,11
LF:8
LH:8
BRF:0
BRH:0
end_of_record
TN:
SF:src/lib/validations/question.ts
FN:26,(anonymous_0)
FN:43,(anonymous_1)
FN:51,(anonymous_2)
FNF:3
FNH:2
FNDA:1,(anonymous_0)
FNDA:0,(anonymous_1)
FNDA:1,(anonymous_2)
DA:5,7
DA:15,7
DA:20,7
DA:26,1
DA:37,7
DA:43,0
DA:49,7
DA:51,1
DA:56,7
DA:69,7
DA:82,7
DA:91,7
LF:12
LH:11
BRF:0
BRH:0
end_of_record
TN:
SF:src/mocks/auth.ts
FN:15,(anonymous_0)
FN:27,(anonymous_1)
FN:46,(anonymous_2)
FN:58,(anonymous_3)
FN:78,(anonymous_4)
FN:92,(anonymous_5)
FNF:6
FNH:0
FNDA:0,(anonymous_0)
FNDA:0,(anonymous_1)
FNDA:0,(anonymous_2)
FNDA:0,(anonymous_3)
FNDA:0,(anonymous_4)
FNDA:0,(anonymous_5)
DA:12,0
DA:15,0
DA:17,0
DA:18,0
DA:22,0
DA:23,0
DA:27,0
DA:29,0
DA:30,0
DA:35,0
DA:36,0
DA:39,0
DA:46,0
DA:48,0
DA:49,0
DA:53,0
DA:54,0
DA:58,0
DA:59,0
DA:63,0
DA:71,0
DA:78,0
DA:80,0
DA:81,0
DA:85,0
DA:92,0
DA:94,0
DA:95,0
DA:99,0
DA:100,0
DA:103,0
LF:31
LH:0
BRDA:17,0,0,0
BRDA:17,0,1,0
BRDA:17,1,0,0
BRDA:17,1,1,0
BRDA:22,2,0,0
BRDA:22,2,1,0
BRDA:22,3,0,0
BRDA:22,3,1,0
BRDA:29,4,0,0
BRDA:29,4,1,0
BRDA:35,5,0,0
BRDA:35,5,1,0
BRDA:48,6,0,0
BRDA:48,6,1,0
BRDA:48,7,0,0
BRDA:48,7,1,0
BRDA:53,8,0,0
BRDA:53,8,1,0
BRDA:53,9,0,0
BRDA:53,9,1,0
BRDA:58,10,0,0
BRDA:58,10,1,0
BRDA:66,11,0,0
BRDA:66,11,1,0
BRDA:80,12,0,0
BRDA:80,12,1,0
BRDA:80,13,0,0
BRDA:80,13,1,0
BRDA:94,14,0,0
BRDA:94,14,1,0
BRDA:94,15,0,0
BRDA:94,15,1,0
BRDA:99,16,0,0
BRDA:99,16,1,0
BRDA:99,17,0,0
BRDA:99,17,1,0
BRF:36
BRH:0
end_of_record
TN:
SF:src/mocks/dashboard.ts
FNF:0
FNH:0
DA:39,0
LF:1
LH:0
BRF:0
BRH:0
end_of_record
TN:
SF:src/mocks/notifications.ts
FN:20,(anonymous_0)
FN:93,(anonymous_1)
FN:102,(anonymous_2)
FN:111,(anonymous_3)
FNF:4
FNH:0
FNDA:0,(anonymous_0)
FNDA:0,(anonymous_1)
FNDA:0,(anonymous_2)
FNDA:0,(anonymous_3)
DA:20,0
DA:21,0
DA:22,0
DA:23,0
DA:26,0
DA:93,0
DA:98,0
DA:101,0
DA:102,0
DA:106,0
DA:107,0
DA:108,0
DA:111,0
DA:113,0
LF:14
LH:0
BRDA:94,0,0,0
BRDA:95,1,0,0
BRDA:96,2,0,0
BRDA:101,3,0,0
BRDA:101,3,1,0
BRF:5
BRH:0
end_of_record
TN:
SF:src/mocks/projects.ts
FNF:0
FNH:0
DA:26,0
LF:1
LH:0
BRF:0
BRH:0
end_of_record
TN:
SF:src/mocks/questions.ts
FNF:0
FNH:0
DA:49,0
LF:1
LH:0
BRF:0
BRH:0
end_of_record
TN:
SF:src/mocks/users.ts
FNF:0
FNH:0
DA:10,0
DA:54,0
DA:57,0
LF:3
LH:0
BRF:0
BRH:0
end_of_record
