TN:
SF:src/middleware.ts
FN:28,(anonymous_0)
FN:45,(anonymous_1)
FN:72,checkRateLimit
FN:96,cleanupRateLimitMap
FN:102,(anonymous_4)
FN:120,(anonymous_5)
FN:123,middleware
FN:180,(anonymous_7)
FN:200,(anonymous_8)
FN:255,(anonymous_9)
FN:267,(anonymous_10)
FN:311,(anonymous_11)
FNF:12
FNH:0
FNDA:0,(anonymous_0)
FNDA:0,(anonymous_1)
FNDA:0,checkRateLimit
FNDA:0,cleanupRateLimitMap
FNDA:0,(anonymous_4)
FNDA:0,(anonymous_5)
FNDA:0,middleware
FNDA:0,(anonymous_7)
FNDA:0,(anonymous_8)
FNDA:0,(anonymous_9)
FNDA:0,(anonymous_10)
FNDA:0,(anonymous_11)
DA:6,0
DA:20,0
DA:28,0
DA:29,0
DA:30,0
DA:32,0
DA:33,0
DA:36,0
DA:37,0
DA:38,0
DA:39,0
DA:42,0
DA:45,0
DA:46,0
DA:49,0
DA:64,0
DA:65,0
DA:68,0
DA:73,0
DA:76,0
DA:77,0
DA:80,0
DA:82,0
DA:83,0
DA:84,0
DA:87,0
DA:88,0
DA:91,0
DA:92,0
DA:97,0
DA:100,0
DA:101,0
DA:102,0
DA:105,0
DA:106,0
DA:107,0
DA:112,0
DA:113,0
DA:114,0
DA:115,0
DA:120,0
DA:124,0
DA:125,0
DA:126,0
DA:128,0
DA:131,0
DA:134,0
DA:135,0
DA:136,0
DA:137,0
DA:138,0
DA:142,0
DA:143,0
DA:147,0
DA:148,0
DA:149,0
DA:150,0
DA:153,0
DA:154,0
DA:155,0
DA:161,0
DA:162,0
DA:164,0
DA:165,0
DA:166,0
DA:180,0
DA:181,0
DA:182,0
DA:184,0
DA:185,0
DA:186,0
DA:200,0
DA:202,0
DA:204,0
DA:205,0
DA:211,0
DA:212,0
DA:213,0
DA:214,0
DA:217,0
DA:218,0
DA:220,0
DA:221,0
DA:222,0
DA:232,0
DA:233,0
DA:235,0
DA:237,0
DA:238,0
DA:248,0
DA:249,0
DA:250,0
DA:251,0
DA:252,0
DA:255,0
DA:256,0
DA:259,0
DA:267,0
DA:268,0
DA:270,0
DA:271,0
DA:272,0
DA:285,0
DA:286,0
DA:288,0
DA:290,0
DA:291,0
DA:304,0
DA:305,0
DA:306,0
DA:307,0
DA:308,0
DA:311,0
DA:312,0
DA:315,0
DA:323,0
DA:324,0
DA:329,0
LF:118
LH:0
BRDA:29,0,0,0
BRDA:29,0,1,0
BRDA:30,1,0,0
BRDA:30,1,1,0
BRDA:38,2,0,0
BRDA:38,2,1,0
BRDA:38,3,0,0
BRDA:38,3,1,0
BRDA:39,4,0,0
BRDA:39,4,1,0
BRDA:39,5,0,0
BRDA:39,5,1,0
BRDA:51,6,0,0
BRDA:51,6,1,0
BRDA:52,7,0,0
BRDA:52,7,1,0
BRDA:55,8,0,0
BRDA:55,8,1,0
BRDA:64,9,0,0
BRDA:76,10,0,0
BRDA:82,11,0,0
BRDA:82,12,0,0
BRDA:82,12,1,0
BRDA:87,13,0,0
BRDA:100,14,0,0
BRDA:106,15,0,0
BRDA:106,15,1,0
BRDA:114,16,0,0
BRDA:134,17,0,0
BRDA:134,18,0,0
BRDA:134,18,1,0
BRDA:142,19,0,0
BRDA:153,20,0,0
BRDA:161,21,0,0
BRDA:161,21,1,0
BRDA:161,21,2,0
BRDA:164,22,0,0
BRDA:180,23,0,0
BRDA:180,24,0,0
BRDA:180,24,1,0
BRDA:180,25,0,0
BRDA:180,25,1,0
BRDA:184,26,0,0
BRDA:184,27,0,0
BRDA:184,27,1,0
BRDA:184,27,2,0
BRDA:200,28,0,0
BRDA:202,29,0,0
BRDA:202,29,1,0
BRDA:212,30,0,0
BRDA:212,30,1,0
BRDA:213,31,0,0
BRDA:213,31,1,0
BRDA:214,32,0,0
BRDA:214,32,1,0
BRDA:217,33,0,0
BRDA:220,34,0,0
BRDA:233,35,0,0
BRDA:233,35,1,0
BRDA:235,36,0,0
BRDA:267,37,0,0
BRDA:270,38,0,0
BRDA:286,39,0,0
BRDA:286,39,1,0
BRDA:288,40,0,0
BRF:65
BRH:0
end_of_record
TN:
SF:src/__tests__/utils/test-helpers.ts
FN:7,generateTestToken
FN:25,createMockRequest
FN:44,createAuthenticatedRequest
FN:70,createMockResponse
FN:85,expectJsonResponse
FN:99,resetMocks
FNF:6
FNH:0
FNDA:0,generateTestToken
FNDA:0,createMockRequest
FNDA:0,createAuthenticatedRequest
FNDA:0,createMockResponse
FNDA:0,expectJsonResponse
FNDA:0,resetMocks
DA:12,0
DA:18,0
DA:32,0
DA:38,0
DA:52,0
DA:54,0
DA:71,0
DA:79,0
DA:86,0
DA:89,0
DA:90,0
DA:92,0
DA:100,0
LF:13
LH:0
BRDA:8,0,0,0
BRDA:9,1,0,0
BRDA:10,2,0,0
BRDA:26,3,0,0
BRDA:27,4,0,0
BRDA:28,5,0,0
BRDA:35,6,0,0
BRDA:35,6,1,0
BRDA:45,7,0,0
BRDA:46,8,0,0
BRDA:47,9,0,0
BRDA:48,10,0,0
BRDA:49,11,0,0
BRDA:70,12,0,0
BRDA:70,13,0,0
BRDA:85,14,0,0
BRDA:89,15,0,0
BRDA:89,15,1,0
BRF:18
BRH:0
end_of_record
TN:
SF:src/app/api/answer-form-templates/route.ts
FN:24,GET
FN:51,(anonymous_1)
FN:67,POST
FN:83,(anonymous_3)
FNF:4
FNH:0
FNDA:0,GET
FNDA:0,(anonymous_1)
FNDA:0,POST
FNDA:0,(anonymous_3)
DA:8,0
DA:17,0
DA:25,0
DA:26,0
DA:27,0
DA:28,0
DA:31,0
DA:32,0
DA:35,0
DA:51,0
DA:56,0
DA:58,0
DA:59,0
DA:68,0
DA:69,0
DA:70,0
DA:71,0
DA:75,0
DA:76,0
DA:77,0
DA:80,0
DA:83,0
DA:89,0
DA:98,0
DA:106,0
DA:107,0
LF:26
LH:0
BRDA:27,0,0,0
BRDA:38,1,0,0
BRDA:38,1,1,0
BRDA:70,2,0,0
BRDA:76,3,0,0
BRDA:85,4,0,0
BRDA:85,4,1,0
BRF:7
BRH:0
end_of_record
TN:
SF:src/app/api/answer-form-templates/[templateId]/route.ts
FN:24,GET
FN:70,PATCH
FN:116,(anonymous_2)
FN:143,DELETE
FNF:4
FNH:0
FNDA:0,GET
FNDA:0,PATCH
FNDA:0,(anonymous_2)
FNDA:0,DELETE
DA:8,0
DA:17,0
DA:28,0
DA:29,0
DA:30,0
DA:31,0
DA:34,0
DA:37,0
DA:41,0
DA:42,0
DA:49,0
DA:50,0
DA:56,0
DA:61,0
DA:62,0
DA:74,0
DA:75,0
DA:76,0
DA:77,0
DA:80,0
DA:83,0
DA:87,0
DA:88,0
DA:95,0
DA:96,0
DA:103,0
DA:104,0
DA:105,0
DA:108,0
DA:111,0
DA:112,0
DA:113,0
DA:114,0
DA:116,0
DA:120,0
DA:124,0
DA:129,0
DA:134,0
DA:135,0
DA:147,0
DA:148,0
DA:149,0
DA:150,0
DA:153,0
DA:156,0
DA:160,0
DA:161,0
DA:168,0
DA:169,0
DA:176,0
DA:180,0
DA:182,0
DA:183,0
LF:53
LH:0
BRDA:30,0,0,0
BRDA:41,1,0,0
BRDA:49,2,0,0
BRDA:76,3,0,0
BRDA:87,4,0,0
BRDA:95,5,0,0
BRDA:104,6,0,0
BRDA:112,7,0,0
BRDA:113,8,0,0
BRDA:114,9,0,0
BRDA:118,10,0,0
BRDA:118,10,1,0
BRDA:149,11,0,0
BRDA:160,12,0,0
BRDA:168,13,0,0
BRF:15
BRH:0
end_of_record
TN:
SF:src/app/api/attachments/[fileId]/route.ts
FN:8,(anonymous_0)
FN:139,(anonymous_1)
FNF:2
FNH:0
FNDA:0,(anonymous_0)
FNDA:0,(anonymous_1)
DA:8,0
DA:12,0
DA:13,0
DA:14,0
DA:15,0
DA:18,0
DA:21,0
DA:34,0
DA:35,0
DA:43,0
DA:45,0
DA:66,0
DA:88,0
DA:91,0
DA:92,0
DA:100,0
DA:102,0
DA:104,0
DA:107,0
DA:120,0
DA:126,0
DA:128,0
DA:129,0
DA:136,0
DA:139,0
DA:143,0
DA:144,0
DA:145,0
DA:146,0
DA:149,0
DA:152,0
DA:156,0
DA:157,0
DA:164,0
DA:165,0
DA:172,0
DA:178,0
DA:180,0
DA:181,0
DA:195,0
DA:196,0
DA:197,0
DA:198,0
DA:201,0
DA:206,0
DA:211,0
DA:216,0
DA:221,0
DA:222,0
DA:229,0
LF:50
LH:0
BRDA:14,0,0,0
BRDA:34,1,0,0
BRDA:43,2,0,0
BRDA:43,3,0,0
BRDA:43,3,1,0
BRDA:88,4,0,0
BRDA:88,4,1,0
BRDA:88,4,2,0
BRDA:88,4,3,0
BRDA:91,5,0,0
BRDA:102,6,0,0
BRDA:145,7,0,0
BRDA:156,8,0,0
BRDA:164,9,0,0
BRDA:164,10,0,0
BRDA:164,10,1,0
BRDA:178,11,0,0
BRDA:178,11,1,0
BRDA:178,11,2,0
BRDA:180,12,0,0
BRDA:197,13,0,0
BRF:21
BRH:0
end_of_record
TN:
SF:src/app/api/attachments/upload-url/route.ts
FN:16,POST
FNF:1
FNH:0
FNDA:0,POST
DA:10,0
DA:17,0
DA:18,0
DA:19,0
DA:20,0
DA:24,0
DA:25,0
DA:26,0
DA:29,0
DA:32,0
DA:37,0
DA:38,0
DA:45,0
DA:46,0
DA:47,0
DA:48,0
DA:51,0
DA:57,0
DA:60,0
DA:63,0
DA:65,0
DA:75,0
DA:76,0
DA:82,0
DA:83,0
LF:25
LH:0
BRDA:19,0,0,0
BRDA:25,1,0,0
BRDA:37,2,0,0
BRDA:47,3,0,0
BRDA:47,3,1,0
BRDA:63,4,0,0
BRDA:63,4,1,0
BRF:7
BRH:0
end_of_record
TN:
SF:src/app/api/auth/csrf-token/route.ts
FN:4,GET
FNF:1
FNH:0
FNDA:0,GET
DA:5,0
DA:7,0
DA:10,0
DA:14,0
DA:23,0
DA:31,0
DA:33,0
DA:34,0
LF:8
LH:0
BRF:0
BRH:0
end_of_record
TN:
SF:src/app/api/auth/login/route.ts
FN:5,POST
FNF:1
FNH:0
FNDA:0,POST
DA:1,1
DA:2,1
DA:3,1
DA:5,1
DA:6,0
DA:7,0
DA:8,0
DA:11,0
DA:12,0
DA:16,0
DA:20,0
DA:21,0
DA:25,0
DA:26,0
DA:27,0
DA:31,0
DA:34,0
DA:41,0
DA:47,0
DA:48,0
LF:20
LH:4
BRDA:11,0,0,0
BRDA:11,1,0,0
BRDA:11,1,1,0
BRDA:20,2,0,0
BRDA:26,3,0,0
BRF:5
BRH:0
end_of_record
TN:
SF:src/app/api/auth/logout/route.ts
FN:4,POST
FNF:1
FNH:0
FNDA:0,POST
DA:5,0
DA:6,0
DA:8,0
DA:9,0
DA:18,0
DA:22,0
DA:23,0
LF:7
LH:0
BRDA:8,0,0,0
BRF:1
BRH:0
end_of_record
TN:
SF:src/app/api/auth/me/route.ts
FN:5,GET
FNF:1
FNH:0
FNDA:0,GET
DA:6,0
DA:8,0
DA:9,0
DA:10,0
DA:13,0
DA:16,0
DA:18,0
DA:19,0
DA:23,0
DA:39,0
DA:40,0
DA:44,0
DA:46,0
DA:47,0
LF:14
LH:0
BRDA:9,0,0,0
BRDA:9,1,0,0
BRDA:9,1,1,0
BRDA:16,2,0,0
BRDA:16,2,1,0
BRDA:18,3,0,0
BRDA:18,4,0,0
BRDA:18,4,1,0
BRDA:39,5,0,0
BRF:9
BRH:0
end_of_record
TN:
SF:src/app/api/auth/register/route.ts
FN:5,POST
FNF:1
FNH:0
FNDA:0,POST
DA:6,0
DA:7,0
DA:8,0
DA:11,0
DA:12,0
DA:16,0
DA:17,0
DA:18,0
DA:22,0
DA:23,0
DA:27,0
DA:31,0
DA:32,0
DA:36,0
DA:39,0
DA:54,0
DA:59,0
DA:60,0
LF:18
LH:0
BRDA:11,0,0,0
BRDA:11,1,0,0
BRDA:11,1,1,0
BRDA:17,2,0,0
BRDA:22,3,0,0
BRDA:31,4,0,0
BRDA:43,5,0,0
BRDA:43,5,1,0
BRF:8
BRH:0
end_of_record
TN:
SF:src/app/api/auth/request-password-reset/route.ts
FN:13,POST
FNF:1
FNH:0
FNDA:0,POST
DA:9,0
DA:14,0
DA:16,0
DA:17,0
DA:18,0
DA:21,0
DA:24,0
DA:29,0
DA:30,0
DA:36,0
DA:37,0
DA:40,0
DA:41,0
DA:44,0
DA:52,0
DA:61,0
DA:64,0
DA:66,0
DA:70,0
DA:71,0
LF:20
LH:0
BRDA:17,0,0,0
BRDA:29,1,0,0
BRF:2
BRH:0
end_of_record
TN:
SF:src/app/api/auth/reset-password/route.ts
FN:15,POST
FN:61,(anonymous_1)
FN:101,PATCH
FNF:3
FNH:0
FNDA:0,POST
FNDA:0,(anonymous_1)
FNDA:0,PATCH
DA:9,0
DA:16,0
DA:18,0
DA:19,0
DA:20,0
DA:23,0
DA:26,0
DA:29,0
DA:34,0
DA:35,0
DA:42,0
DA:43,0
DA:50,0
DA:51,0
DA:58,0
DA:61,0
DA:63,0
DA:71,0
DA:79,0
DA:88,0
DA:92,0
DA:93,0
DA:102,0
DA:103,0
DA:104,0
DA:106,0
DA:107,0
DA:111,0
DA:115,0
DA:117,0
DA:121,0
DA:122,0
DA:123,0
DA:129,0
DA:138,0
DA:139,0
LF:36
LH:0
BRDA:19,0,0,0
BRDA:34,1,0,0
BRDA:42,2,0,0
BRDA:50,3,0,0
BRDA:106,4,0,0
BRDA:115,5,0,0
BRF:6
BRH:0
end_of_record
TN:
SF:src/app/api/cron/check-deadlines/route.ts
FN:7,POST
FN:52,(anonymous_1)
FN:54,(anonymous_2)
FNF:3
FNH:0
FNDA:0,POST
FNDA:0,(anonymous_1)
FNDA:0,(anonymous_2)
DA:8,0
DA:10,0
DA:11,0
DA:13,0
DA:14,0
DA:22,0
DA:32,0
DA:43,0
DA:44,0
DA:51,0
DA:54,0
DA:56,0
DA:66,0
DA:77,0
DA:82,0
DA:87,0
DA:93,0
DA:94,0
LF:18
LH:0
BRDA:13,0,0,0
BRDA:13,1,0,0
BRDA:13,1,1,0
BRDA:43,2,0,0
BRF:4
BRH:0
end_of_record
TN:
SF:src/app/api/dashboard/route.ts
FN:6,GET
FN:153,(anonymous_1)
FN:156,(anonymous_2)
FN:176,(anonymous_3)
FN:183,(anonymous_4)
FNF:5
FNH:0
FNDA:0,GET
FNDA:0,(anonymous_1)
FNDA:0,(anonymous_2)
FNDA:0,(anonymous_3)
FNDA:0,(anonymous_4)
DA:7,0
DA:9,0
DA:10,0
DA:11,0
DA:14,0
DA:17,0
DA:19,0
DA:20,0
DA:23,0
DA:26,0
DA:27,0
DA:28,0
DA:31,0
DA:41,0
DA:49,0
DA:63,0
DA:76,0
DA:101,0
DA:123,0
DA:153,0
DA:154,0
DA:155,0
DA:156,0
DA:157,0
DA:160,0
DA:169,0
DA:176,0
DA:183,0
DA:193,0
DA:195,0
DA:196,0
LF:31
LH:0
BRDA:10,0,0,0
BRDA:10,1,0,0
BRDA:10,1,1,0
BRDA:17,2,0,0
BRDA:17,2,1,0
BRDA:19,3,0,0
BRDA:19,4,0,0
BRDA:19,4,1,0
BRDA:180,5,0,0
BRDA:180,5,1,0
BRF:10
BRH:0
end_of_record
TN:
SF:src/app/api/invitations/[token]/route.ts
FN:7,GET
FN:99,POST
FNF:2
FNH:0
FNDA:0,GET
FNDA:0,POST
DA:11,0
DA:14,0
DA:17,0
DA:37,0
DA:38,0
DA:45,0
DA:46,0
DA:53,0
DA:54,0
DA:61,0
DA:62,0
DA:63,0
DA:70,0
DA:90,0
DA:91,0
DA:103,0
DA:104,0
DA:105,0
DA:106,0
DA:109,0
DA:110,0
DA:117,0
DA:124,0
DA:125,0
DA:132,0
DA:133,0
DA:140,0
DA:141,0
DA:149,0
DA:150,0
DA:157,0
DA:159,0
DA:160,0
DA:167,0
DA:176,0
DA:178,0
DA:183,0
DA:190,0
DA:206,0
DA:214,0
DA:216,0
DA:221,0
DA:226,0
DA:227,0
LF:44
LH:0
BRDA:37,0,0,0
BRDA:45,1,0,0
BRDA:53,2,0,0
BRDA:62,3,0,0
BRDA:62,4,0,0
BRDA:62,4,1,0
BRDA:109,5,0,0
BRDA:109,6,0,0
BRDA:109,6,1,0
BRDA:124,7,0,0
BRDA:132,8,0,0
BRDA:140,9,0,0
BRDA:149,10,0,0
BRDA:149,11,0,0
BRDA:149,11,1,0
BRDA:157,12,0,0
BRDA:159,13,0,0
BRDA:176,14,0,0
BRDA:214,15,0,0
BRF:19
BRH:0
end_of_record
TN:
SF:src/app/api/invitations/respond/route.ts
FN:14,POST
FN:77,(anonymous_1)
FNF:2
FNH:0
FNDA:0,POST
FNDA:0,(anonymous_1)
DA:9,0
DA:15,0
DA:16,0
DA:17,0
DA:18,0
DA:22,0
DA:23,0
DA:24,0
DA:27,0
DA:30,0
DA:44,0
DA:45,0
DA:52,0
DA:53,0
DA:60,0
DA:61,0
DA:68,0
DA:69,0
DA:75,0
DA:77,0
DA:79,0
DA:88,0
DA:89,0
DA:93,0
DA:99,0
DA:107,0
DA:110,0
DA:121,0
DA:126,0
DA:131,0
DA:133,0
DA:134,0
DA:140,0
LF:33
LH:0
BRDA:17,0,0,0
BRDA:23,1,0,0
BRDA:44,2,0,0
BRDA:52,3,0,0
BRDA:60,4,0,0
BRDA:68,5,0,0
BRDA:75,6,0,0
BRDA:75,6,1,0
BRDA:88,7,0,0
BRDA:133,8,0,0
BRF:10
BRH:0
end_of_record
TN:
SF:src/app/api/media/route.ts
FN:9,GET
FN:69,POST
FNF:2
FNH:0
FNDA:0,GET
FNDA:0,POST
DA:10,0
DA:11,0
DA:13,0
DA:14,0
DA:18,0
DA:19,0
DA:20,0
DA:21,0
DA:24,0
DA:42,0
DA:43,0
DA:46,0
DA:50,0
DA:53,0
DA:55,0
DA:60,0
DA:61,0
DA:70,0
DA:71,0
DA:73,0
DA:74,0
DA:78,0
DA:79,0
DA:80,0
DA:83,0
DA:86,0
DA:96,0
DA:98,0
DA:99,0
LF:29
LH:0
BRDA:13,0,0,0
BRDA:19,1,0,0
BRDA:19,1,1,0
BRDA:28,2,0,0
BRDA:28,2,1,0
BRDA:30,3,0,0
BRDA:30,3,1,0
BRDA:42,4,0,0
BRDA:53,5,0,0
BRDA:53,5,1,0
BRDA:73,6,0,0
BRDA:79,7,0,0
BRF:12
BRH:0
end_of_record
TN:
SF:src/app/api/media/[fileId]/route.ts
FN:8,GET
FN:52,DELETE
FN:99,(anonymous_2)
FNF:3
FNH:0
FNDA:0,GET
FNDA:0,DELETE
FNDA:0,(anonymous_2)
DA:12,0
DA:13,0
DA:15,0
DA:16,0
DA:19,0
DA:22,0
DA:26,0
DA:27,0
DA:34,0
DA:35,0
DA:41,0
DA:43,0
DA:44,0
DA:56,0
DA:57,0
DA:59,0
DA:60,0
DA:63,0
DA:66,0
DA:75,0
DA:76,0
DA:83,0
DA:84,0
DA:91,0
DA:92,0
DA:99,0
DA:101,0
DA:106,0
DA:108,0
DA:111,0
DA:116,0
DA:117,0
LF:32
LH:0
BRDA:15,0,0,0
BRDA:26,1,0,0
BRDA:34,2,0,0
BRDA:34,3,0,0
BRDA:34,3,1,0
BRDA:59,4,0,0
BRDA:75,5,0,0
BRDA:83,6,0,0
BRDA:83,7,0,0
BRDA:83,7,1,0
BRDA:91,8,0,0
BRDA:91,9,0,0
BRDA:91,9,1,0
BRF:13
BRH:0
end_of_record
TN:
SF:src/app/api/media/upload/route.ts
FN:7,POST
FN:91,(anonymous_1)
FN:118,(anonymous_2)
FNF:3
FNH:0
FNDA:0,POST
FNDA:0,(anonymous_1)
FNDA:0,(anonymous_2)
DA:8,0
DA:9,0
DA:11,0
DA:13,0
DA:14,0
DA:17,0
DA:18,0
DA:21,0
DA:22,0
DA:23,0
DA:24,0
DA:25,0
DA:28,0
DA:30,0
DA:31,0
DA:32,0
DA:33,0
DA:35,0
DA:36,0
DA:37,0
DA:38,0
DA:40,0
DA:42,0
DA:47,0
DA:49,0
DA:52,0
DA:55,0
DA:58,0
DA:59,0
DA:63,0
DA:65,0
DA:66,0
DA:67,0
DA:71,0
DA:74,0
DA:75,0
DA:76,0
DA:77,0
DA:83,0
DA:84,0
DA:87,0
DA:93,0
DA:94,0
DA:96,0
DA:120,0
DA:122,0
DA:123,0
DA:124,0
DA:126,0
DA:131,0
DA:132,0
DA:134,0
DA:135,0
LF:53
LH:0
BRDA:21,0,0,0
BRDA:21,1,0,0
BRDA:21,1,1,0
BRDA:28,2,0,0
BRDA:28,2,1,0
BRDA:30,3,0,0
BRDA:30,3,1,0
BRDA:35,4,0,0
BRDA:35,4,1,0
BRDA:40,5,0,0
BRDA:40,5,1,0
BRDA:59,6,0,0
BRDA:59,6,1,0
BRDA:65,7,0,0
BRDA:75,8,0,0
BRDA:123,9,0,0
BRDA:123,9,1,0
BRDA:136,10,0,0
BRDA:136,10,1,0
BRF:19
BRH:0
end_of_record
TN:
SF:src/app/api/media/upload-simple/route.ts
FN:5,POST
FNF:1
FNH:0
FNDA:0,POST
DA:6,0
DA:8,0
DA:10,0
DA:11,0
DA:12,0
DA:16,0
DA:17,0
DA:18,0
DA:19,0
DA:26,0
DA:27,0
DA:29,0
DA:30,0
DA:36,0
DA:39,0
DA:45,0
DA:47,0
DA:53,0
DA:54,0
LF:19
LH:0
BRDA:11,0,0,0
BRDA:17,1,0,0
BRDA:29,2,0,0
BRDA:55,3,0,0
BRDA:55,3,1,0
BRF:5
BRH:0
end_of_record
TN:
SF:src/app/api/media/upload-url/route.ts
FN:9,POST
FNF:1
FNH:0
FNDA:0,POST
DA:10,0
DA:11,0
DA:13,0
DA:14,0
DA:18,0
DA:19,0
DA:20,0
DA:23,0
DA:26,0
DA:27,0
DA:28,0
DA:35,0
DA:36,0
DA:37,0
DA:40,0
DA:45,0
DA:56,0
DA:58,0
DA:66,0
DA:67,0
LF:20
LH:0
BRDA:13,0,0,0
BRDA:19,1,0,0
BRDA:27,2,0,0
BRDA:27,3,0,0
BRDA:27,3,1,0
BRDA:40,4,0,0
BRDA:40,4,1,0
BRDA:56,5,0,0
BRDA:56,5,1,0
BRF:9
BRH:0
end_of_record
TN:
SF:src/app/api/notifications/route.ts
FN:6,GET
FNF:1
FNH:0
FNDA:0,GET
DA:7,0
DA:8,0
DA:10,0
DA:11,0
DA:15,0
DA:16,0
DA:17,0
DA:18,0
DA:21,0
DA:42,0
DA:43,0
DA:46,0
DA:50,0
DA:54,0
DA:57,0
DA:64,0
DA:70,0
DA:71,0
LF:18
LH:0
BRDA:10,0,0,0
BRDA:17,1,0,0
BRDA:17,1,1,0
BRDA:25,2,0,0
BRDA:25,2,1,0
BRDA:42,3,0,0
BRDA:54,4,0,0
BRDA:54,4,1,0
BRDA:54,5,0,0
BRDA:54,5,1,0
BRF:10
BRH:0
end_of_record
TN:
SF:src/app/api/notifications/[notificationId]/route.ts
FN:6,PATCH
FN:59,DELETE
FNF:2
FNH:0
FNDA:0,PATCH
FNDA:0,DELETE
DA:10,0
DA:11,0
DA:13,0
DA:14,0
DA:17,0
DA:18,0
DA:21,0
DA:25,0
DA:26,0
DA:33,0
DA:34,0
DA:41,0
DA:48,0
DA:50,0
DA:51,0
DA:63,0
DA:64,0
DA:66,0
DA:67,0
DA:70,0
DA:73,0
DA:77,0
DA:78,0
DA:85,0
DA:86,0
DA:93,0
DA:97,0
DA:101,0
DA:102,0
LF:29
LH:0
BRDA:13,0,0,0
BRDA:25,1,0,0
BRDA:33,2,0,0
BRDA:44,3,0,0
BRDA:44,3,1,0
BRDA:66,4,0,0
BRDA:77,5,0,0
BRDA:85,6,0,0
BRF:8
BRH:0
end_of_record
TN:
SF:src/app/api/notifications/read-all/route.ts
FN:6,POST
FNF:1
FNH:0
FNDA:0,POST
DA:7,0
DA:8,0
DA:10,0
DA:11,0
DA:15,0
DA:25,0
DA:30,0
DA:31,0
LF:8
LH:0
BRDA:10,0,0,0
BRF:1
BRH:0
end_of_record
TN:
SF:src/app/api/projects/route.ts
FN:10,(anonymous_0)
FN:105,(anonymous_1)
FN:121,(anonymous_2)
FNF:3
FNH:0
FNDA:0,(anonymous_0)
FNDA:0,(anonymous_1)
FNDA:0,(anonymous_2)
DA:10,0
DA:11,0
DA:12,0
DA:14,0
DA:15,0
DA:19,0
DA:20,0
DA:51,0
DA:55,0
DA:92,0
DA:94,0
DA:95,0
DA:102,0
DA:105,0
DA:106,0
DA:107,0
DA:109,0
DA:110,0
DA:113,0
DA:114,0
DA:115,0
DA:118,0
DA:121,0
DA:123,0
DA:132,0
DA:141,0
DA:167,0
DA:168,0
DA:174,0
DA:176,0
DA:177,0
DA:184,0
LF:32
LH:0
BRDA:14,0,0,0
BRDA:19,1,0,0
BRDA:109,2,0,0
BRDA:114,3,0,0
BRDA:167,4,0,0
BRF:5
BRH:0
end_of_record
TN:
SF:src/app/api/projects/[projectId]/route.ts
FN:9,GET
FN:36,(anonymous_1)
FN:78,PATCH
FN:134,DELETE
FNF:4
FNH:0
FNDA:0,GET
FNDA:0,(anonymous_1)
FNDA:0,PATCH
FNDA:0,DELETE
DA:13,0
DA:14,0
DA:16,0
DA:17,0
DA:20,0
DA:23,0
DA:24,0
DA:25,0
DA:28,0
DA:31,0
DA:36,0
DA:50,0
DA:62,0
DA:69,0
DA:70,0
DA:82,0
DA:83,0
DA:85,0
DA:86,0
DA:89,0
DA:92,0
DA:93,0
DA:94,0
DA:98,0
DA:99,0
DA:100,0
DA:103,0
DA:106,0
DA:123,0
DA:125,0
DA:126,0
DA:138,0
DA:139,0
DA:141,0
DA:142,0
DA:145,0
DA:148,0
DA:149,0
DA:150,0
DA:154,0
DA:158,0
DA:163,0
DA:164,0
LF:43
LH:0
BRDA:16,0,0,0
BRDA:24,1,0,0
BRDA:39,2,0,0
BRDA:39,2,1,0
BRDA:43,3,0,0
BRDA:43,3,1,0
BRDA:85,4,0,0
BRDA:93,5,0,0
BRDA:99,6,0,0
BRDA:109,7,0,0
BRDA:109,7,1,0
BRDA:110,8,0,0
BRDA:110,8,1,0
BRDA:141,9,0,0
BRDA:149,10,0,0
BRF:15
BRH:0
end_of_record
TN:
SF:src/app/api/projects/[projectId]/available-users/route.ts
FN:9,GET
FN:40,(anonymous_1)
FNF:2
FNH:0
FNDA:0,GET
FNDA:0,(anonymous_1)
DA:13,0
DA:15,0
DA:17,0
DA:18,0
DA:21,0
DA:23,0
DA:26,0
DA:27,0
DA:28,0
DA:35,0
DA:40,0
DA:41,0
DA:44,0
DA:45,0
DA:48,0
DA:62,0
DA:64,0
DA:66,0
DA:67,0
LF:19
LH:0
BRDA:17,0,0,0
BRDA:27,1,0,0
BRF:2
BRH:0
end_of_record
TN:
SF:src/app/api/projects/[projectId]/invitations/route.ts
FN:12,GET
FN:33,(anonymous_1)
FN:66,POST
FNF:3
FNH:0
FNDA:0,GET
FNDA:0,(anonymous_1)
FNDA:0,POST
DA:16,0
DA:17,0
DA:19,0
DA:20,0
DA:23,0
DA:26,0
DA:27,0
DA:28,0
DA:32,0
DA:33,0
DA:35,0
DA:36,0
DA:38,0
DA:55,0
DA:57,0
DA:58,0
DA:70,0
DA:71,0
DA:73,0
DA:74,0
DA:77,0
DA:80,0
DA:81,0
DA:82,0
DA:86,0
DA:87,0
DA:88,0
DA:91,0
DA:94,0
DA:96,0
DA:99,0
DA:104,0
DA:105,0
DA:114,0
DA:115,0
DA:123,0
DA:131,0
DA:132,0
DA:139,0
DA:140,0
DA:141,0
DA:144,0
DA:171,0
DA:172,0
DA:179,0
DA:193,0
DA:196,0
DA:201,0
DA:202,0
DA:209,0
DA:218,0
DA:219,0
DA:226,0
DA:234,0
DA:235,0
DA:242,0
DA:243,0
DA:244,0
DA:247,0
DA:287,0
DA:307,0
DA:308,0
LF:62
LH:0
BRDA:19,0,0,0
BRDA:27,1,0,0
BRDA:41,2,0,0
BRDA:41,2,1,0
BRDA:41,3,0,0
BRDA:41,3,1,0
BRDA:41,3,2,0
BRDA:73,4,0,0
BRDA:81,5,0,0
BRDA:87,6,0,0
BRDA:94,7,0,0
BRDA:94,7,1,0
BRDA:104,8,0,0
BRDA:114,9,0,0
BRDA:131,10,0,0
BRDA:174,11,0,0
BRDA:174,11,1,0
BRDA:201,12,0,0
BRDA:218,13,0,0
BRDA:234,14,0,0
BRF:20
BRH:0
end_of_record
TN:
SF:src/app/api/projects/[projectId]/invitations/[invitationId]/route.ts
FN:8,DELETE
FNF:1
FNH:0
FNDA:0,DELETE
DA:12,0
DA:13,0
DA:15,0
DA:16,0
DA:19,0
DA:22,0
DA:26,0
DA:27,0
DA:34,0
DA:35,0
DA:42,0
DA:43,0
DA:50,0
DA:52,0
DA:53,0
DA:54,0
DA:62,0
DA:66,0
DA:70,0
DA:71,0
LF:20
LH:0
BRDA:15,0,0,0
BRDA:26,1,0,0
BRDA:34,2,0,0
BRDA:42,3,0,0
BRDA:50,4,0,0
BRDA:50,5,0,0
BRDA:50,5,1,0
BRDA:53,6,0,0
BRF:8
BRH:0
end_of_record
TN:
SF:src/app/api/projects/[projectId]/members/route.ts
FN:9,GET
FN:59,POST
FNF:2
FNH:0
FNDA:0,GET
FNDA:0,POST
DA:13,0
DA:14,0
DA:16,0
DA:17,0
DA:20,0
DA:23,0
DA:24,0
DA:25,0
DA:29,0
DA:48,0
DA:50,0
DA:51,0
DA:63,0
DA:64,0
DA:66,0
DA:67,0
DA:70,0
DA:73,0
DA:74,0
DA:75,0
DA:79,0
DA:80,0
DA:81,0
DA:84,0
DA:87,0
DA:91,0
DA:92,0
DA:99,0
DA:108,0
DA:109,0
DA:116,0
DA:139,0
DA:141,0
DA:142,0
LF:34
LH:0
BRDA:16,0,0,0
BRDA:24,1,0,0
BRDA:66,2,0,0
BRDA:74,3,0,0
BRDA:80,4,0,0
BRDA:91,5,0,0
BRDA:108,6,0,0
BRF:7
BRH:0
end_of_record
TN:
SF:src/app/api/projects/[projectId]/members/[memberId]/route.ts
FN:9,PATCH
FN:86,DELETE
FNF:2
FNH:0
FNDA:0,PATCH
FNDA:0,DELETE
DA:13,0
DA:14,0
DA:16,0
DA:17,0
DA:20,0
DA:23,0
DA:24,0
DA:25,0
DA:29,0
DA:30,0
DA:31,0
DA:34,0
DA:37,0
DA:44,0
DA:45,0
DA:52,0
DA:53,0
DA:54,0
DA:61,0
DA:75,0
DA:77,0
DA:78,0
DA:90,0
DA:91,0
DA:93,0
DA:94,0
DA:97,0
DA:100,0
DA:101,0
DA:102,0
DA:106,0
DA:113,0
DA:114,0
DA:121,0
DA:122,0
DA:123,0
DA:130,0
DA:131,0
DA:138,0
DA:142,0
DA:147,0
DA:148,0
LF:42
LH:0
BRDA:16,0,0,0
BRDA:24,1,0,0
BRDA:30,2,0,0
BRDA:44,3,0,0
BRDA:53,4,0,0
BRDA:93,5,0,0
BRDA:101,6,0,0
BRDA:113,7,0,0
BRDA:122,8,0,0
BRDA:130,9,0,0
BRF:10
BRH:0
end_of_record
TN:
SF:src/app/api/projects/[projectId]/questions/route.ts
FN:10,GET
FN:116,(anonymous_1)
FN:172,POST
FN:311,(anonymous_3)
FN:327,(anonymous_4)
FN:368,(anonymous_5)
FNF:6
FNH:0
FNDA:0,GET
FNDA:0,(anonymous_1)
FNDA:0,POST
FNDA:0,(anonymous_3)
FNDA:0,(anonymous_4)
FNDA:0,(anonymous_5)
DA:14,0
DA:15,0
DA:17,0
DA:18,0
DA:21,0
DA:24,0
DA:25,0
DA:26,0
DA:30,0
DA:31,0
DA:32,0
DA:33,0
DA:34,0
DA:35,0
DA:36,0
DA:37,0
DA:40,0
DA:45,0
DA:46,0
DA:50,0
DA:51,0
DA:55,0
DA:56,0
DA:60,0
DA:61,0
DA:65,0
DA:66,0
DA:76,0
DA:77,0
DA:80,0
DA:86,0
DA:87,0
DA:114,0
DA:115,0
DA:116,0
DA:119,0
DA:120,0
DA:127,0
DA:161,0
DA:163,0
DA:164,0
DA:176,0
DA:178,0
DA:179,0
DA:180,0
DA:182,0
DA:183,0
DA:184,0
DA:187,0
DA:188,0
DA:191,0
DA:192,0
DA:193,0
DA:194,0
DA:195,0
DA:197,0
DA:200,0
DA:202,0
DA:203,0
DA:204,0
DA:206,0
DA:207,0
DA:211,0
DA:214,0
DA:216,0
DA:218,0
DA:219,0
DA:221,0
DA:222,0
DA:223,0
DA:224,0
DA:230,0
DA:232,0
DA:245,0
DA:247,0
DA:250,0
DA:251,0
DA:260,0
DA:261,0
DA:262,0
DA:267,0
DA:270,0
DA:271,0
DA:272,0
DA:279,0
DA:280,0
DA:281,0
DA:286,0
DA:290,0
DA:291,0
DA:292,0
DA:293,0
DA:297,0
DA:298,0
DA:299,0
DA:305,0
DA:306,0
DA:310,0
DA:311,0
DA:312,0
DA:314,0
DA:327,0
DA:356,0
DA:359,0
DA:360,0
DA:362,0
DA:363,0
DA:364,0
DA:368,0
DA:383,0
DA:384,0
DA:388,0
DA:389,0
DA:390,0
DA:398,0
DA:401,0
DA:403,0
DA:406,0
DA:407,0
DA:415,0
DA:417,0
DA:418,0
DA:427,0
DA:428,0
DA:435,0
DA:436,0
DA:437,0
DA:438,0
LF:128
LH:0
BRDA:17,0,0,0
BRDA:25,1,0,0
BRDA:45,2,0,0
BRDA:50,3,0,0
BRDA:55,4,0,0
BRDA:60,5,0,0
BRDA:65,6,0,0
BRDA:76,7,0,0
BRDA:86,8,0,0
BRDA:115,9,0,0
BRDA:115,9,1,0
BRDA:116,10,0,0
BRDA:116,10,1,0
BRDA:119,11,0,0
BRDA:119,12,0,0
BRDA:119,12,1,0
BRDA:180,13,0,0
BRDA:180,13,1,0
BRDA:182,14,0,0
BRDA:193,15,0,0
BRDA:221,16,0,0
BRDA:260,17,0,0
BRDA:270,18,0,0
BRDA:270,19,0,0
BRDA:270,19,1,0
BRDA:279,20,0,0
BRDA:291,21,0,0
BRDA:297,22,0,0
BRDA:321,23,0,0
BRDA:321,23,1,0
BRDA:322,24,0,0
BRDA:322,24,1,0
BRDA:324,25,0,0
BRDA:324,25,1,0
BRDA:324,26,0,0
BRDA:324,26,1,0
BRDA:360,27,0,0
BRDA:360,27,1,0
BRDA:362,28,0,0
BRDA:362,29,0,0
BRDA:362,29,1,0
BRDA:371,30,0,0
BRDA:371,30,1,0
BRDA:372,31,0,0
BRDA:372,31,1,0
BRDA:373,32,0,0
BRDA:373,32,1,0
BRDA:388,33,0,0
BRDA:388,34,0,0
BRDA:388,34,1,0
BRDA:388,34,2,0
BRDA:437,35,0,0
BRDA:437,35,1,0
BRDA:441,36,0,0
BRDA:441,36,1,0
BRF:55
BRH:0
end_of_record
TN:
SF:src/app/api/projects/[projectId]/questions/[questionId]/route.ts
FN:10,GET
FN:108,(anonymous_1)
FN:129,PATCH
FN:176,(anonymous_3)
FN:239,(anonymous_4)
FN:283,(anonymous_5)
FN:331,DELETE
FN:373,(anonymous_7)
FNF:8
FNH:0
FNDA:0,GET
FNDA:0,(anonymous_1)
FNDA:0,PATCH
FNDA:0,(anonymous_3)
FNDA:0,(anonymous_4)
FNDA:0,(anonymous_5)
FNDA:0,DELETE
FNDA:0,(anonymous_7)
DA:14,0
DA:15,0
DA:17,0
DA:18,0
DA:21,0
DA:24,0
DA:25,0
DA:26,0
DA:30,0
DA:89,0
DA:90,0
DA:97,0
DA:98,0
DA:106,0
DA:107,0
DA:108,0
DA:111,0
DA:112,0
DA:118,0
DA:120,0
DA:121,0
DA:133,0
DA:134,0
DA:136,0
DA:137,0
DA:140,0
DA:143,0
DA:144,0
DA:145,0
DA:149,0
DA:158,0
DA:159,0
DA:166,0
DA:167,0
DA:174,0
DA:175,0
DA:176,0
DA:179,0
DA:180,0
DA:187,0
DA:188,0
DA:195,0
DA:196,0
DA:197,0
DA:200,0
DA:203,0
DA:204,0
DA:213,0
DA:214,0
DA:222,0
DA:223,0
DA:230,0
DA:231,0
DA:239,0
DA:241,0
DA:274,0
DA:276,0
DA:281,0
DA:282,0
DA:284,0
DA:295,0
DA:302,0
DA:305,0
DA:309,0
DA:310,0
DA:320,0
DA:322,0
DA:323,0
DA:335,0
DA:336,0
DA:338,0
DA:339,0
DA:342,0
DA:345,0
DA:346,0
DA:347,0
DA:351,0
DA:355,0
DA:356,0
DA:363,0
DA:364,0
DA:371,0
DA:372,0
DA:373,0
DA:376,0
DA:377,0
DA:384,0
DA:431,0
DA:435,0
DA:436,0
LF:90
LH:0
BRDA:17,0,0,0
BRDA:25,1,0,0
BRDA:89,2,0,0
BRDA:97,3,0,0
BRDA:107,4,0,0
BRDA:107,4,1,0
BRDA:108,5,0,0
BRDA:108,5,1,0
BRDA:111,6,0,0
BRDA:111,7,0,0
BRDA:111,7,1,0
BRDA:111,7,2,0
BRDA:111,7,3,0
BRDA:136,8,0,0
BRDA:144,9,0,0
BRDA:158,10,0,0
BRDA:166,11,0,0
BRDA:175,12,0,0
BRDA:175,12,1,0
BRDA:176,13,0,0
BRDA:176,13,1,0
BRDA:179,14,0,0
BRDA:179,15,0,0
BRDA:179,15,1,0
BRDA:179,15,2,0
BRDA:187,16,0,0
BRDA:196,17,0,0
BRDA:203,18,0,0
BRDA:203,19,0,0
BRDA:203,19,1,0
BRDA:213,20,0,0
BRDA:222,21,0,0
BRDA:222,22,0,0
BRDA:222,22,1,0
BRDA:230,23,0,0
BRDA:244,24,0,0
BRDA:244,24,1,0
BRDA:245,25,0,0
BRDA:245,25,1,0
BRDA:246,26,0,0
BRDA:246,26,1,0
BRDA:247,27,0,0
BRDA:247,27,1,0
BRDA:247,28,0,0
BRDA:247,28,1,0
BRDA:248,29,0,0
BRDA:248,29,1,0
BRDA:274,30,0,0
BRDA:281,31,0,0
BRDA:309,32,0,0
BRDA:309,33,0,0
BRDA:309,33,1,0
BRDA:338,34,0,0
BRDA:346,35,0,0
BRDA:355,36,0,0
BRDA:363,37,0,0
BRDA:372,38,0,0
BRDA:372,38,1,0
BRDA:373,39,0,0
BRDA:373,39,1,0
BRDA:376,40,0,0
BRDA:376,41,0,0
BRDA:376,41,1,0
BRDA:376,41,2,0
BRF:64
BRH:0
end_of_record
TN:
SF:src/app/api/projects/[projectId]/questions/[questionId]/answers/route.ts
FN:10,POST
FN:109,(anonymous_1)
FN:114,(anonymous_2)
FN:146,(anonymous_3)
FN:161,(anonymous_4)
FN:174,(anonymous_5)
FN:188,(anonymous_6)
FNF:7
FNH:0
FNDA:0,POST
FNDA:0,(anonymous_1)
FNDA:0,(anonymous_2)
FNDA:0,(anonymous_3)
FNDA:0,(anonymous_4)
FNDA:0,(anonymous_5)
FNDA:0,(anonymous_6)
DA:14,0
DA:15,0
DA:17,0
DA:18,0
DA:21,0
DA:24,0
DA:25,0
DA:26,0
DA:30,0
DA:41,0
DA:42,0
DA:49,0
DA:50,0
DA:57,0
DA:58,0
DA:65,0
DA:66,0
DA:73,0
DA:74,0
DA:75,0
DA:78,0
DA:81,0
DA:82,0
DA:89,0
DA:90,0
DA:97,0
DA:98,0
DA:106,0
DA:108,0
DA:109,0
DA:112,0
DA:113,0
DA:114,0
DA:117,0
DA:118,0
DA:126,0
DA:127,0
DA:133,0
DA:134,0
DA:144,0
DA:145,0
DA:146,0
DA:149,0
DA:150,0
DA:161,0
DA:163,0
DA:172,0
DA:173,0
DA:175,0
DA:186,0
DA:187,0
DA:189,0
DA:202,0
DA:203,0
DA:212,0
DA:238,0
DA:247,0
DA:249,0
DA:250,0
LF:59
LH:0
BRDA:17,0,0,0
BRDA:25,1,0,0
BRDA:41,2,0,0
BRDA:49,3,0,0
BRDA:57,4,0,0
BRDA:65,5,0,0
BRDA:74,6,0,0
BRDA:81,7,0,0
BRDA:81,8,0,0
BRDA:81,8,1,0
BRDA:81,8,2,0
BRDA:89,9,0,0
BRDA:89,10,0,0
BRDA:89,10,1,0
BRDA:97,11,0,0
BRDA:106,12,0,0
BRDA:106,13,0,0
BRDA:106,13,1,0
BRDA:117,14,0,0
BRDA:126,15,0,0
BRDA:126,15,1,0
BRDA:126,16,0,0
BRDA:126,16,1,0
BRDA:133,17,0,0
BRDA:133,18,0,0
BRDA:133,18,1,0
BRDA:149,19,0,0
BRDA:165,20,0,0
BRDA:165,20,1,0
BRDA:172,21,0,0
BRDA:172,22,0,0
BRDA:172,22,1,0
BRDA:186,23,0,0
BRDA:186,24,0,0
BRDA:186,24,1,0
BRDA:202,25,0,0
BRF:36
BRH:0
end_of_record
TN:
SF:src/app/api/projects/[projectId]/questions/[questionId]/answers/[answerId]/route.ts
FN:10,GET
FN:100,PATCH
FN:177,(anonymous_2)
FN:224,(anonymous_3)
FN:229,(anonymous_4)
FN:261,(anonymous_5)
FN:276,(anonymous_6)
FN:296,(anonymous_7)
FN:318,(anonymous_8)
FN:369,DELETE
FN:439,(anonymous_10)
FNF:11
FNH:0
FNDA:0,GET
FNDA:0,PATCH
FNDA:0,(anonymous_2)
FNDA:0,(anonymous_3)
FNDA:0,(anonymous_4)
FNDA:0,(anonymous_5)
FNDA:0,(anonymous_6)
FNDA:0,(anonymous_7)
FNDA:0,(anonymous_8)
FNDA:0,DELETE
FNDA:0,(anonymous_10)
DA:14,0
DA:15,0
DA:17,0
DA:18,0
DA:21,0
DA:24,0
DA:25,0
DA:26,0
DA:30,0
DA:34,0
DA:35,0
DA:42,0
DA:43,0
DA:50,0
DA:74,0
DA:75,0
DA:82,0
DA:83,0
DA:89,0
DA:91,0
DA:92,0
DA:104,0
DA:105,0
DA:107,0
DA:108,0
DA:111,0
DA:114,0
DA:115,0
DA:116,0
DA:120,0
DA:131,0
DA:132,0
DA:139,0
DA:140,0
DA:147,0
DA:159,0
DA:160,0
DA:167,0
DA:168,0
DA:175,0
DA:176,0
DA:177,0
DA:180,0
DA:181,0
DA:188,0
DA:189,0
DA:196,0
DA:197,0
DA:198,0
DA:201,0
DA:204,0
DA:205,0
DA:212,0
DA:213,0
DA:221,0
DA:223,0
DA:224,0
DA:227,0
DA:228,0
DA:229,0
DA:232,0
DA:233,0
DA:241,0
DA:242,0
DA:248,0
DA:249,0
DA:259,0
DA:260,0
DA:261,0
DA:264,0
DA:265,0
DA:276,0
DA:278,0
DA:287,0
DA:289,0
DA:294,0
DA:295,0
DA:297,0
DA:309,0
DA:311,0
DA:316,0
DA:317,0
DA:319,0
DA:333,0
DA:358,0
DA:360,0
DA:361,0
DA:373,0
DA:374,0
DA:376,0
DA:377,0
DA:380,0
DA:383,0
DA:384,0
DA:385,0
DA:389,0
DA:393,0
DA:394,0
DA:401,0
DA:402,0
DA:409,0
DA:410,0
DA:417,0
DA:421,0
DA:422,0
DA:429,0
DA:430,0
DA:437,0
DA:438,0
DA:439,0
DA:442,0
DA:443,0
DA:450,0
DA:466,0
DA:471,0
DA:472,0
DA:480,0
DA:484,0
DA:485,0
LF:119
LH:0
BRDA:17,0,0,0
BRDA:25,1,0,0
BRDA:34,2,0,0
BRDA:42,3,0,0
BRDA:74,4,0,0
BRDA:82,5,0,0
BRDA:107,6,0,0
BRDA:115,7,0,0
BRDA:131,8,0,0
BRDA:139,9,0,0
BRDA:159,10,0,0
BRDA:167,11,0,0
BRDA:176,12,0,0
BRDA:176,12,1,0
BRDA:177,13,0,0
BRDA:177,13,1,0
BRDA:180,14,0,0
BRDA:180,15,0,0
BRDA:180,15,1,0
BRDA:180,15,2,0
BRDA:188,16,0,0
BRDA:197,17,0,0
BRDA:204,18,0,0
BRDA:204,19,0,0
BRDA:204,19,1,0
BRDA:212,20,0,0
BRDA:221,21,0,0
BRDA:221,22,0,0
BRDA:221,22,1,0
BRDA:232,23,0,0
BRDA:241,24,0,0
BRDA:241,24,1,0
BRDA:241,25,0,0
BRDA:241,25,1,0
BRDA:248,26,0,0
BRDA:248,27,0,0
BRDA:248,27,1,0
BRDA:264,28,0,0
BRDA:287,29,0,0
BRDA:294,30,0,0
BRDA:309,31,0,0
BRDA:316,32,0,0
BRDA:376,33,0,0
BRDA:384,34,0,0
BRDA:393,35,0,0
BRDA:401,36,0,0
BRDA:409,37,0,0
BRDA:421,38,0,0
BRDA:429,39,0,0
BRDA:438,40,0,0
BRDA:438,40,1,0
BRDA:439,41,0,0
BRDA:439,41,1,0
BRDA:442,42,0,0
BRDA:442,43,0,0
BRDA:442,43,1,0
BRDA:442,43,2,0
BRDA:471,44,0,0
BRDA:471,45,0,0
BRDA:471,45,1,0
BRF:60
BRH:0
end_of_record
TN:
SF:src/app/api/projects/[projectId]/questions/[questionId]/form/route.ts
FN:10,GET
FN:79,POST
FN:121,(anonymous_2)
FN:148,(anonymous_3)
FN:181,(anonymous_4)
FN:214,DELETE
FN:256,(anonymous_6)
FNF:7
FNH:0
FNDA:0,GET
FNDA:0,POST
FNDA:0,(anonymous_2)
FNDA:0,(anonymous_3)
FNDA:0,(anonymous_4)
FNDA:0,DELETE
FNDA:0,(anonymous_6)
DA:14,0
DA:15,0
DA:17,0
DA:18,0
DA:21,0
DA:24,0
DA:25,0
DA:26,0
DA:30,0
DA:34,0
DA:35,0
DA:42,0
DA:43,0
DA:50,0
DA:61,0
DA:62,0
DA:68,0
DA:70,0
DA:71,0
DA:83,0
DA:84,0
DA:86,0
DA:87,0
DA:90,0
DA:93,0
DA:94,0
DA:95,0
DA:99,0
DA:103,0
DA:104,0
DA:111,0
DA:112,0
DA:119,0
DA:120,0
DA:121,0
DA:124,0
DA:125,0
DA:132,0
DA:133,0
DA:140,0
DA:141,0
DA:142,0
DA:145,0
DA:148,0
DA:150,0
DA:157,0
DA:159,0
DA:164,0
DA:172,0
DA:180,0
DA:182,0
DA:195,0
DA:201,0
DA:205,0
DA:206,0
DA:218,0
DA:219,0
DA:221,0
DA:222,0
DA:225,0
DA:228,0
DA:229,0
DA:230,0
DA:234,0
DA:238,0
DA:239,0
DA:246,0
DA:247,0
DA:254,0
DA:255,0
DA:256,0
DA:259,0
DA:260,0
DA:267,0
DA:268,0
DA:275,0
DA:279,0
DA:280,0
DA:287,0
DA:291,0
DA:292,0
DA:302,0
DA:311,0
DA:315,0
DA:316,0
LF:85
LH:0
BRDA:17,0,0,0
BRDA:25,1,0,0
BRDA:34,2,0,0
BRDA:42,3,0,0
BRDA:61,4,0,0
BRDA:86,5,0,0
BRDA:94,6,0,0
BRDA:103,7,0,0
BRDA:111,8,0,0
BRDA:120,9,0,0
BRDA:120,9,1,0
BRDA:121,10,0,0
BRDA:121,10,1,0
BRDA:124,11,0,0
BRDA:124,12,0,0
BRDA:124,12,1,0
BRDA:124,12,2,0
BRDA:132,13,0,0
BRDA:141,14,0,0
BRDA:157,15,0,0
BRDA:157,15,1,0
BRDA:187,16,0,0
BRDA:187,16,1,0
BRDA:188,17,0,0
BRDA:188,17,1,0
BRDA:189,18,0,0
BRDA:189,18,1,0
BRDA:221,19,0,0
BRDA:229,20,0,0
BRDA:238,21,0,0
BRDA:246,22,0,0
BRDA:255,23,0,0
BRDA:255,23,1,0
BRDA:256,24,0,0
BRDA:256,24,1,0
BRDA:259,25,0,0
BRDA:259,26,0,0
BRDA:259,26,1,0
BRDA:259,26,2,0
BRDA:267,27,0,0
BRDA:279,28,0,0
BRDA:291,29,0,0
BRF:42
BRH:0
end_of_record
TN:
SF:src/app/api/projects/[projectId]/questions/[questionId]/status/route.ts
FN:10,PATCH
FN:60,(anonymous_1)
FNF:2
FNH:0
FNDA:0,PATCH
FNDA:0,(anonymous_1)
DA:14,0
DA:15,0
DA:17,0
DA:18,0
DA:21,0
DA:24,0
DA:25,0
DA:26,0
DA:30,0
DA:34,0
DA:35,0
DA:42,0
DA:43,0
DA:50,0
DA:51,0
DA:52,0
DA:55,0
DA:58,0
DA:59,0
DA:60,0
DA:62,0
DA:63,0
DA:66,0
DA:68,0
DA:72,0
DA:74,0
DA:75,0
DA:80,0
DA:82,0
DA:83,0
DA:90,0
DA:94,0
DA:95,0
DA:100,0
DA:102,0
DA:103,0
DA:110,0
DA:114,0
DA:115,0
DA:123,0
DA:145,0
DA:147,0
DA:155,0
DA:157,0
DA:167,0
DA:169,0
DA:170,0
LF:47
LH:0
BRDA:17,0,0,0
BRDA:25,1,0,0
BRDA:34,2,0,0
BRDA:42,3,0,0
BRDA:51,4,0,0
BRDA:59,5,0,0
BRDA:59,5,1,0
BRDA:60,6,0,0
BRDA:60,6,1,0
BRDA:66,7,0,0
BRDA:66,7,1,0
BRDA:72,8,0,0
BRDA:72,8,1,0
BRDA:74,9,0,0
BRDA:74,10,0,0
BRDA:74,10,1,0
BRDA:74,10,2,0
BRDA:80,11,0,0
BRDA:80,11,1,0
BRDA:82,12,0,0
BRDA:82,13,0,0
BRDA:82,13,1,0
BRDA:82,13,2,0
BRDA:94,14,0,0
BRDA:100,15,0,0
BRDA:102,16,0,0
BRDA:102,17,0,0
BRDA:102,17,1,0
BRDA:102,17,2,0
BRDA:114,18,0,0
BRDA:145,19,0,0
BRDA:145,19,1,0
BRDA:155,20,0,0
BRF:33
BRH:0
end_of_record
TN:
SF:src/app/api/projects/[projectId]/tags/route.ts
FN:9,GET
FN:45,POST
FNF:2
FNH:0
FNDA:0,GET
FNDA:0,POST
DA:13,0
DA:14,0
DA:16,0
DA:17,0
DA:20,0
DA:23,0
DA:24,0
DA:25,0
DA:29,0
DA:34,0
DA:36,0
DA:37,0
DA:49,0
DA:50,0
DA:52,0
DA:53,0
DA:56,0
DA:59,0
DA:60,0
DA:61,0
DA:65,0
DA:66,0
DA:67,0
DA:70,0
DA:73,0
DA:82,0
DA:83,0
DA:90,0
DA:97,0
DA:99,0
DA:100,0
LF:31
LH:0
BRDA:16,0,0,0
BRDA:24,1,0,0
BRDA:52,2,0,0
BRDA:60,3,0,0
BRDA:66,4,0,0
BRDA:82,5,0,0
BRF:6
BRH:0
end_of_record
TN:
SF:src/app/api/projects/[projectId]/tags/[tagId]/route.ts
FN:7,DELETE
FN:82,POST
FNF:2
FNH:0
FNDA:0,DELETE
FNDA:0,POST
DA:11,0
DA:12,0
DA:14,0
DA:15,0
DA:18,0
DA:21,0
DA:22,0
DA:23,0
DA:27,0
DA:34,0
DA:35,0
DA:42,0
DA:43,0
DA:50,0
DA:53,0
DA:64,0
DA:68,0
DA:73,0
DA:74,0
DA:86,0
DA:87,0
DA:89,0
DA:90,0
DA:93,0
DA:96,0
DA:97,0
DA:98,0
DA:102,0
DA:106,0
DA:107,0
DA:114,0
DA:115,0
DA:122,0
DA:127,0
DA:131,0
DA:136,0
DA:137,0
LF:37
LH:0
BRDA:14,0,0,0
BRDA:22,1,0,0
BRDA:34,2,0,0
BRDA:42,3,0,0
BRDA:50,4,0,0
BRDA:89,5,0,0
BRDA:97,6,0,0
BRDA:106,7,0,0
BRDA:114,8,0,0
BRF:9
BRH:0
end_of_record
TN:
SF:src/app/api/questions/route.ts
FN:7,GET
FN:179,(anonymous_1)
FN:191,(anonymous_2)
FNF:3
FNH:0
FNDA:0,GET
FNDA:0,(anonymous_1)
FNDA:0,(anonymous_2)
DA:8,0
DA:9,0
DA:11,0
DA:12,0
DA:16,0
DA:17,0
DA:18,0
DA:19,0
DA:20,0
DA:21,0
DA:22,0
DA:23,0
DA:24,0
DA:25,0
DA:28,0
DA:31,0
DA:34,0
DA:35,0
DA:50,0
DA:51,0
DA:55,0
DA:56,0
DA:60,0
DA:61,0
DA:65,0
DA:66,0
DA:70,0
DA:71,0
DA:79,0
DA:80,0
DA:86,0
DA:87,0
DA:105,0
DA:106,0
DA:110,0
DA:112,0
DA:117,0
DA:120,0
DA:179,0
DA:191,0
DA:195,0
DA:203,0
DA:204,0
LF:43
LH:0
BRDA:11,0,0,0
BRDA:17,1,0,0
BRDA:17,1,1,0
BRDA:18,2,0,0
BRDA:18,2,1,0
BRDA:19,3,0,0
BRDA:19,3,1,0
BRDA:20,4,0,0
BRDA:20,4,1,0
BRDA:21,5,0,0
BRDA:21,5,1,0
BRDA:22,6,0,0
BRDA:22,6,1,0
BRDA:24,7,0,0
BRDA:24,7,1,0
BRDA:25,8,0,0
BRDA:25,8,1,0
BRDA:34,9,0,0
BRDA:50,10,0,0
BRDA:55,11,0,0
BRDA:60,12,0,0
BRDA:65,13,0,0
BRDA:70,14,0,0
BRDA:79,15,0,0
BRDA:86,16,0,0
BRDA:105,17,0,0
BRDA:105,17,1,0
BRF:27
BRH:0
end_of_record
TN:
SF:src/app/api/questions/[questionId]/route.ts
FN:6,GET
FN:156,(anonymous_1)
FN:162,(anonymous_2)
FN:171,(anonymous_3)
FN:181,(anonymous_4)
FN:188,(anonymous_5)
FN:210,PATCH
FN:296,(anonymous_7)
FN:361,(anonymous_8)
FN:378,DELETE
FNF:10
FNH:0
FNDA:0,GET
FNDA:0,(anonymous_1)
FNDA:0,(anonymous_2)
FNDA:0,(anonymous_3)
FNDA:0,(anonymous_4)
FNDA:0,(anonymous_5)
FNDA:0,PATCH
FNDA:0,(anonymous_7)
FNDA:0,(anonymous_8)
FNDA:0,DELETE
DA:10,0
DA:11,0
DA:13,0
DA:14,0
DA:17,0
DA:20,0
DA:105,0
DA:106,0
DA:111,0
DA:112,0
DA:113,0
DA:114,0
DA:116,0
DA:117,0
DA:124,0
DA:156,0
DA:162,0
DA:171,0
DA:181,0
DA:188,0
DA:199,0
DA:201,0
DA:202,0
DA:214,0
DA:215,0
DA:217,0
DA:218,0
DA:221,0
DA:222,0
DA:225,0
DA:241,0
DA:242,0
DA:246,0
DA:247,0
DA:248,0
DA:250,0
DA:251,0
DA:258,0
DA:259,0
DA:266,0
DA:268,0
DA:269,0
DA:270,0
DA:272,0
DA:275,0
DA:276,0
DA:281,0
DA:283,0
DA:284,0
DA:287,0
DA:289,0
DA:294,0
DA:295,0
DA:296,0
DA:305,0
DA:333,0
DA:334,0
DA:344,0
DA:361,0
DA:369,0
DA:370,0
DA:382,0
DA:383,0
DA:385,0
DA:386,0
DA:389,0
DA:392,0
DA:408,0
DA:409,0
DA:413,0
DA:414,0
DA:415,0
DA:417,0
DA:418,0
DA:425,0
DA:429,0
DA:431,0
DA:432,0
LF:78
LH:0
BRDA:13,0,0,0
BRDA:105,1,0,0
BRDA:116,2,0,0
BRDA:116,3,0,0
BRDA:116,3,1,0
BRDA:116,3,2,0
BRDA:116,3,3,0
BRDA:140,4,0,0
BRDA:140,4,1,0
BRDA:142,5,0,0
BRDA:142,5,1,0
BRDA:149,6,0,0
BRDA:149,6,1,0
BRDA:151,7,0,0
BRDA:151,7,1,0
BRDA:160,8,0,0
BRDA:160,8,1,0
BRDA:178,9,0,0
BRDA:178,9,1,0
BRDA:217,10,0,0
BRDA:241,11,0,0
BRDA:250,12,0,0
BRDA:250,13,0,0
BRDA:250,13,1,0
BRDA:250,13,2,0
BRDA:258,14,0,0
BRDA:268,15,0,0
BRDA:269,16,0,0
BRDA:270,17,0,0
BRDA:275,18,0,0
BRDA:283,19,0,0
BRDA:283,20,0,0
BRDA:283,20,1,0
BRDA:284,21,0,0
BRDA:287,22,0,0
BRDA:294,23,0,0
BRDA:333,24,0,0
BRDA:333,25,0,0
BRDA:333,25,1,0
BRDA:355,26,0,0
BRDA:355,26,1,0
BRDA:359,27,0,0
BRDA:359,27,1,0
BRDA:385,28,0,0
BRDA:408,29,0,0
BRDA:417,30,0,0
BRDA:417,31,0,0
BRDA:417,31,1,0
BRDA:417,31,2,0
BRF:49
BRH:0
end_of_record
TN:
SF:src/app/api/questions/[questionId]/answers/[answerId]/create-question/route.ts
FN:21,POST
FN:159,(anonymous_1)
FN:199,(anonymous_2)
FN:258,(anonymous_3)
FNF:4
FNH:0
FNDA:0,POST
FNDA:0,(anonymous_1)
FNDA:0,(anonymous_2)
FNDA:0,(anonymous_3)
DA:10,0
DA:25,0
DA:26,0
DA:27,0
DA:28,0
DA:31,0
DA:34,0
DA:53,0
DA:54,0
DA:60,0
DA:61,0
DA:67,0
DA:70,0
DA:71,0
DA:72,0
DA:76,0
DA:77,0
DA:78,0
DA:90,0
DA:93,0
DA:94,0
DA:95,0
DA:96,0
DA:101,0
DA:105,0
DA:106,0
DA:113,0
DA:122,0
DA:123,0
DA:130,0
DA:131,0
DA:138,0
DA:139,0
DA:147,0
DA:148,0
DA:149,0
DA:155,0
DA:159,0
DA:161,0
DA:197,0
DA:198,0
DA:200,0
DA:211,0
DA:220,0
DA:224,0
DA:256,0
DA:258,0
DA:264,0
DA:266,0
DA:267,0
LF:50
LH:0
BRDA:27,0,0,0
BRDA:53,1,0,0
BRDA:60,2,0,0
BRDA:71,3,0,0
BRDA:77,4,0,0
BRDA:88,5,0,0
BRDA:93,6,0,0
BRDA:95,7,0,0
BRDA:105,8,0,0
BRDA:122,9,0,0
BRDA:130,10,0,0
BRDA:130,11,0,0
BRDA:130,11,1,0
BRDA:138,12,0,0
BRDA:147,13,0,0
BRDA:147,13,1,0
BRDA:148,14,0,0
BRDA:150,15,0,0
BRDA:150,15,1,0
BRDA:167,16,0,0
BRDA:167,16,1,0
BRDA:197,17,0,0
BRDA:197,18,0,0
BRDA:197,18,1,0
BRF:24
BRH:0
end_of_record
TN:
SF:src/app/api/questions/[questionId]/answers/[answerId]/threads/route.ts
FN:12,GET
FN:99,(anonymous_1)
FN:121,POST
FNF:3
FNH:0
FNDA:0,GET
FNDA:0,(anonymous_1)
FNDA:0,POST
DA:7,0
DA:18,0
DA:19,0
DA:20,0
DA:21,0
DA:27,0
DA:30,0
DA:49,0
DA:50,0
DA:56,0
DA:57,0
DA:64,0
DA:65,0
DA:66,0
DA:67,0
DA:69,0
DA:70,0
DA:77,0
DA:99,0
DA:112,0
DA:113,0
DA:127,0
DA:128,0
DA:129,0
DA:130,0
DA:136,0
DA:137,0
DA:140,0
DA:143,0
DA:162,0
DA:163,0
DA:169,0
DA:170,0
DA:177,0
DA:178,0
DA:179,0
DA:180,0
DA:182,0
DA:183,0
DA:190,0
DA:214,0
DA:217,0
DA:218,0
DA:222,0
DA:223,0
DA:226,0
DA:227,0
DA:237,0
DA:250,0
DA:252,0
DA:253,0
DA:259,0
LF:52
LH:0
BRDA:20,0,0,0
BRDA:49,1,0,0
BRDA:56,2,0,0
BRDA:69,3,0,0
BRDA:69,4,0,0
BRDA:69,4,1,0
BRDA:69,4,2,0
BRDA:69,4,3,0
BRDA:106,5,0,0
BRDA:106,5,1,0
BRDA:129,6,0,0
BRDA:162,7,0,0
BRDA:169,8,0,0
BRDA:182,9,0,0
BRDA:182,10,0,0
BRDA:182,10,1,0
BRDA:182,10,2,0
BRDA:182,10,3,0
BRDA:217,11,0,0
BRDA:222,12,0,0
BRDA:244,13,0,0
BRDA:244,13,1,0
BRDA:252,14,0,0
BRF:23
BRH:0
end_of_record
TN:
SF:src/app/api/questions/[questionId]/status/route.ts
FN:12,PATCH
FN:58,(anonymous_1)
FNF:2
FNH:0
FNDA:0,PATCH
FNDA:0,(anonymous_1)
DA:7,0
DA:18,0
DA:20,0
DA:21,0
DA:22,0
DA:29,0
DA:30,0
DA:33,0
DA:36,0
DA:47,0
DA:48,0
DA:55,0
DA:56,0
DA:57,0
DA:58,0
DA:60,0
DA:62,0
DA:63,0
DA:70,0
DA:71,0
DA:74,0
DA:81,0
DA:82,0
DA:89,0
DA:120,0
DA:121,0
DA:131,0
DA:137,0
DA:139,0
DA:140,0
DA:146,0
LF:31
LH:0
BRDA:21,0,0,0
BRDA:47,1,0,0
BRDA:62,2,0,0
BRDA:62,3,0,0
BRDA:62,3,1,0
BRDA:62,3,2,0
BRDA:62,3,3,0
BRDA:81,4,0,0
BRDA:120,5,0,0
BRDA:139,6,0,0
BRF:10
BRH:0
end_of_record
TN:
SF:src/app/api/questions/assigned-to-me/route.ts
FN:6,GET
FN:32,(anonymous_1)
FN:111,(anonymous_2)
FNF:3
FNH:0
FNDA:0,GET
FNDA:0,(anonymous_1)
FNDA:0,(anonymous_2)
DA:7,0
DA:8,0
DA:9,0
DA:10,0
DA:13,0
DA:14,0
DA:15,0
DA:16,0
DA:17,0
DA:18,0
DA:19,0
DA:20,0
DA:21,0
DA:24,0
DA:30,0
DA:31,0
DA:32,0
DA:36,0
DA:41,0
DA:42,0
DA:48,0
DA:49,0
DA:52,0
DA:53,0
DA:57,0
DA:58,0
DA:59,0
DA:60,0
DA:61,0
DA:62,0
DA:64,0
DA:68,0
DA:71,0
DA:111,0
DA:127,0
DA:128,0
DA:130,0
DA:138,0
DA:140,0
DA:142,0
DA:143,0
LF:41
LH:0
BRDA:9,0,0,0
BRDA:18,1,0,0
BRDA:18,1,1,0
BRDA:19,2,0,0
BRDA:19,2,1,0
BRDA:20,3,0,0
BRDA:20,3,1,0
BRDA:21,4,0,0
BRDA:21,4,1,0
BRDA:30,5,0,0
BRDA:41,6,0,0
BRDA:48,7,0,0
BRDA:52,8,0,0
BRDA:58,9,0,0
BRDA:58,9,1,0
BRDA:60,10,0,0
BRDA:60,10,1,0
BRDA:62,11,0,0
BRDA:64,12,0,0
BRDA:64,12,1,0
BRDA:122,13,0,0
BRDA:122,13,1,0
BRF:22
BRH:0
end_of_record
TN:
SF:src/app/api/questions/created-by-me/route.ts
FN:6,GET
FN:107,(anonymous_1)
FNF:2
FNH:0
FNDA:0,GET
FNDA:0,(anonymous_1)
DA:7,0
DA:8,0
DA:10,0
DA:11,0
DA:15,0
DA:16,0
DA:17,0
DA:18,0
DA:19,0
DA:20,0
DA:21,0
DA:22,0
DA:25,0
DA:30,0
DA:31,0
DA:35,0
DA:36,0
DA:40,0
DA:41,0
DA:45,0
DA:46,0
DA:50,0
DA:56,0
DA:57,0
DA:74,0
DA:77,0
DA:107,0
DA:123,0
DA:131,0
DA:132,0
LF:30
LH:0
BRDA:10,0,0,0
BRDA:21,1,0,0
BRDA:21,1,1,0
BRDA:22,2,0,0
BRDA:22,2,1,0
BRDA:30,3,0,0
BRDA:35,4,0,0
BRDA:40,5,0,0
BRDA:45,6,0,0
BRDA:56,7,0,0
BRDA:118,8,0,0
BRDA:118,8,1,0
BRF:12
BRH:0
end_of_record
TN:
SF:src/app/api/users/route.ts
FN:9,GET
FNF:1
FNH:0
FNDA:0,GET
DA:10,0
DA:12,0
DA:13,0
DA:14,0
DA:21,0
DA:22,0
DA:23,0
DA:24,0
DA:25,0
DA:28,0
DA:38,0
DA:41,0
DA:56,0
DA:64,0
DA:65,0
LF:15
LH:0
BRDA:13,0,0,0
BRDA:22,1,0,0
BRDA:22,1,1,0
BRDA:23,2,0,0
BRDA:23,2,1,0
BRDA:24,3,0,0
BRDA:24,3,1,0
BRDA:28,4,0,0
BRDA:28,4,1,0
BRF:9
BRH:0
end_of_record
TN:
SF:src/app/api/users/[userId]/route.ts
FN:10,(anonymous_0)
FN:17,PATCH
FN:122,DELETE
FNF:3
FNH:0
FNDA:0,(anonymous_0)
FNDA:0,PATCH
FNDA:0,DELETE
DA:7,0
DA:10,0
DA:21,0
DA:23,0
DA:24,0
DA:25,0
DA:31,0
DA:35,0
DA:36,0
DA:38,0
DA:46,0
DA:47,0
DA:49,0
DA:50,0
DA:55,0
DA:59,0
DA:60,0
DA:67,0
DA:71,0
DA:72,0
DA:79,0
DA:80,0
DA:84,0
DA:85,0
DA:93,0
DA:106,0
DA:111,0
DA:112,0
DA:126,0
DA:128,0
DA:129,0
DA:130,0
DA:136,0
DA:137,0
DA:140,0
DA:141,0
DA:148,0
DA:152,0
DA:153,0
DA:160,0
DA:161,0
DA:165,0
DA:166,0
DA:174,0
DA:178,0
DA:182,0
DA:183,0
LF:47
LH:0
BRDA:24,0,0,0
BRDA:49,1,0,0
BRDA:59,2,0,0
BRDA:71,3,0,0
BRDA:79,4,0,0
BRDA:79,5,0,0
BRDA:79,5,1,0
BRDA:84,6,0,0
BRDA:129,7,0,0
BRDA:140,8,0,0
BRDA:152,9,0,0
BRDA:160,10,0,0
BRDA:165,11,0,0
BRF:13
BRH:0
end_of_record
TN:
SF:src/app/api/users/me/route.ts
FN:8,GET
FN:54,PATCH
FNF:2
FNH:0
FNDA:0,GET
FNDA:0,PATCH
DA:9,0
DA:10,0
DA:12,0
DA:13,0
DA:17,0
DA:29,0
DA:30,0
DA:36,0
DA:38,0
DA:39,0
DA:47,0
DA:55,0
DA:56,0
DA:58,0
DA:59,0
DA:64,0
DA:65,0
DA:67,0
DA:75,0
DA:76,0
DA:78,0
DA:79,0
DA:84,0
DA:88,0
DA:92,0
DA:93,0
DA:100,0
DA:103,0
DA:104,0
DA:108,0
DA:110,0
DA:111,0
DA:118,0
DA:123,0
DA:124,0
DA:131,0
DA:135,0
DA:136,0
DA:143,0
DA:156,0
DA:161,0
DA:162,0
LF:42
LH:0
BRDA:12,0,0,0
BRDA:29,1,0,0
BRDA:58,2,0,0
BRDA:78,3,0,0
BRDA:92,4,0,0
BRDA:103,5,0,0
BRDA:108,6,0,0
BRDA:110,7,0,0
BRDA:123,8,0,0
BRDA:135,9,0,0
BRF:10
BRH:0
end_of_record
TN:
SF:src/app/api/users/me/profile-image/route.ts
FN:10,POST
FN:111,DELETE
FNF:2
FNH:0
FNDA:0,POST
FNDA:0,DELETE
DA:6,0
DA:7,0
DA:11,0
DA:13,0
DA:14,0
DA:15,0
DA:18,0
DA:21,0
DA:23,0
DA:24,0
DA:27,0
DA:31,0
DA:32,0
DA:35,0
DA:36,0
DA:38,0
DA:39,0
DA:43,0
DA:44,0
DA:50,0
DA:51,0
DA:57,0
DA:62,0
DA:64,0
DA:65,0
DA:67,0
DA:71,0
DA:77,0
DA:82,0
DA:93,0
DA:98,0
DA:103,0
DA:104,0
DA:112,0
DA:114,0
DA:115,0
DA:116,0
DA:119,0
DA:122,0
DA:124,0
DA:125,0
DA:128,0
DA:132,0
DA:133,0
DA:136,0
DA:141,0
DA:142,0
DA:148,0
DA:149,0
DA:151,0
DA:155,0
DA:160,0
DA:165,0
DA:167,0
DA:168,0
LF:55
LH:0
BRDA:14,0,0,0
BRDA:14,1,0,0
BRDA:14,1,1,0
BRDA:21,2,0,0
BRDA:21,2,1,0
BRDA:23,3,0,0
BRDA:23,4,0,0
BRDA:23,4,1,0
BRDA:31,5,0,0
BRDA:38,6,0,0
BRDA:43,7,0,0
BRDA:50,8,0,0
BRDA:62,9,0,0
BRDA:115,10,0,0
BRDA:115,11,0,0
BRDA:115,11,1,0
BRDA:122,12,0,0
BRDA:122,12,1,0
BRDA:124,13,0,0
BRDA:124,14,0,0
BRDA:124,14,1,0
BRDA:132,15,0,0
BRDA:141,16,0,0
BRF:23
BRH:0
end_of_record
TN:
SF:src/app/api/users/me/projects/route.ts
FN:7,GET
FNF:1
FNH:0
FNDA:0,GET
DA:8,0
DA:9,0
DA:11,0
DA:12,0
DA:16,0
DA:17,0
DA:48,0
DA:52,0
DA:89,0
DA:91,0
DA:92,0
LF:11
LH:0
BRDA:11,0,0,0
BRDA:16,1,0,0
BRF:2
BRH:0
end_of_record
TN:
SF:src/app/hooks/useA11y.ts
FN:9,useAnnounce
FN:12,(anonymous_1)
FN:36,(anonymous_2)
FN:47,(anonymous_3)
FN:55,(anonymous_4)
FN:72,usePaginationA11y
FN:76,(anonymous_6)
FN:87,useFormA11y
FN:95,(anonymous_8)
FN:110,(anonymous_9)
FN:136,useId
FN:141,(anonymous_11)
FNF:12
FNH:0
FNDA:0,useAnnounce
FNDA:0,(anonymous_1)
FNDA:0,(anonymous_2)
FNDA:0,(anonymous_3)
FNDA:0,(anonymous_4)
FNDA:0,usePaginationA11y
FNDA:0,(anonymous_6)
FNDA:0,useFormA11y
FNDA:0,(anonymous_8)
FNDA:0,(anonymous_9)
FNDA:0,useId
FNDA:0,(anonymous_11)
DA:10,0
DA:12,0
DA:14,0
DA:15,0
DA:16,0
DA:17,0
DA:18,0
DA:19,0
DA:20,0
DA:21,0
DA:22,0
DA:23,0
DA:24,0
DA:25,0
DA:26,0
DA:27,0
DA:28,0
DA:29,0
DA:30,0
DA:31,0
DA:33,0
DA:36,0
DA:47,0
DA:48,0
DA:50,0
DA:53,0
DA:55,0
DA:56,0
DA:57,0
DA:63,0
DA:73,0
DA:76,0
DA:77,0
DA:80,0
DA:88,0
DA:95,0
DA:99,0
DA:103,0
DA:110,0
DA:113,0
DA:115,0
DA:116,0
DA:118,0
DA:121,0
DA:124,0
DA:137,0
DA:141,0
DA:142,0
DA:145,0
LF:49
LH:0
BRDA:14,0,0,0
BRDA:14,0,1,0
BRDA:47,1,0,0
BRDA:48,2,0,0
BRDA:56,3,0,0
BRDA:99,4,0,0
BRDA:99,4,1,0
BRDA:103,5,0,0
BRDA:103,5,1,0
BRDA:103,6,0,0
BRDA:103,6,1,0
BRDA:115,7,0,0
BRDA:115,7,1,0
BRDA:138,8,0,0
BRDA:138,8,1,0
BRDA:142,9,0,0
BRDA:142,9,1,0
BRF:17
BRH:0
end_of_record
TN:
SF:src/app/hooks/useAuth.ts
FN:7,(anonymous_0)
FN:16,(anonymous_1)
FN:22,(anonymous_2)
FN:30,(anonymous_3)
FN:31,(anonymous_4)
FN:41,(anonymous_5)
FN:42,(anonymous_6)
FNF:7
FNH:0
FNDA:0,(anonymous_0)
FNDA:0,(anonymous_1)
FNDA:0,(anonymous_2)
FNDA:0,(anonymous_3)
FNDA:0,(anonymous_4)
FNDA:0,(anonymous_5)
FNDA:0,(anonymous_6)
DA:7,0
DA:8,0
DA:9,0
DA:10,0
DA:13,0
DA:16,0
DA:17,0
DA:18,0
DA:22,0
DA:23,0
DA:25,0
DA:26,0
DA:30,0
DA:31,0
DA:32,0
DA:33,0
DA:37,0
DA:41,0
DA:42,0
DA:43,0
DA:44,0
DA:48,0
DA:51,0
LF:23
LH:0
BRDA:13,0,0,0
BRDA:13,0,1,0
BRDA:17,1,0,0
BRDA:23,2,0,0
BRDA:25,3,0,0
BRDA:32,4,0,0
BRDA:32,5,0,0
BRDA:32,5,1,0
BRDA:41,6,0,0
BRDA:43,7,0,0
BRDA:43,8,0,0
BRDA:43,8,1,0
BRF:12
BRH:0
end_of_record
TN:
SF:src/app/stores/authStore.ts
FN:43,(anonymous_0)
FN:51,(anonymous_1)
FN:108,(anonymous_2)
FN:121,(anonymous_3)
FN:142,(anonymous_4)
FN:162,(anonymous_5)
FN:182,(anonymous_6)
FN:191,(anonymous_7)
FN:205,(anonymous_8)
FN:273,(anonymous_9)
FN:288,(anonymous_10)
FN:295,(anonymous_11)
FN:308,(anonymous_12)
FN:317,initializeAuth
FNF:14
FNH:0
FNDA:0,(anonymous_0)
FNDA:0,(anonymous_1)
FNDA:0,(anonymous_2)
FNDA:0,(anonymous_3)
FNDA:0,(anonymous_4)
FNDA:0,(anonymous_5)
FNDA:0,(anonymous_6)
FNDA:0,(anonymous_7)
FNDA:0,(anonymous_8)
FNDA:0,(anonymous_9)
FNDA:0,(anonymous_10)
FNDA:0,(anonymous_11)
FNDA:0,(anonymous_12)
FNDA:0,initializeAuth
DA:41,0
DA:43,0
DA:52,0
DA:53,0
DA:54,0
DA:56,0
DA:61,0
DA:62,0
DA:65,0
DA:66,0
DA:67,0
DA:68,0
DA:69,0
DA:71,0
DA:72,0
DA:73,0
DA:74,0
DA:75,0
DA:78,0
DA:79,0
DA:83,0
DA:86,0
DA:87,0
DA:94,0
DA:95,0
DA:96,0
DA:98,0
DA:99,0
DA:103,0
DA:109,0
DA:112,0
DA:122,0
DA:123,0
DA:125,0
DA:131,0
DA:133,0
DA:137,0
DA:143,0
DA:144,0
DA:146,0
DA:151,0
DA:153,0
DA:157,0
DA:163,0
DA:164,0
DA:166,0
DA:171,0
DA:173,0
DA:177,0
DA:183,0
DA:184,0
DA:186,0
DA:191,0
DA:196,0
DA:200,0
DA:206,0
DA:207,0
DA:208,0
DA:209,0
DA:212,0
DA:213,0
DA:214,0
DA:217,0
DA:218,0
DA:219,0
DA:220,0
DA:223,0
DA:228,0
DA:229,0
DA:230,0
DA:231,0
DA:234,0
DA:235,0
DA:236,0
DA:241,0
DA:244,0
DA:245,0
DA:251,0
DA:252,0
DA:255,0
DA:256,0
DA:257,0
DA:258,0
DA:259,0
DA:261,0
DA:264,0
DA:265,0
DA:274,0
DA:275,0
DA:276,0
DA:278,0
DA:280,0
DA:282,0
DA:289,0
DA:292,0
DA:295,0
DA:297,0
DA:300,0
DA:303,0
DA:308,0
DA:318,0
DA:319,0
LF:102
LH:0
BRDA:67,0,0,0
BRDA:71,1,0,0
BRDA:100,2,0,0
BRDA:100,2,1,0
BRDA:134,3,0,0
BRDA:134,3,1,0
BRDA:154,4,0,0
BRDA:154,4,1,0
BRDA:174,5,0,0
BRDA:174,5,1,0
BRDA:192,6,0,0
BRDA:192,6,1,0
BRDA:197,7,0,0
BRDA:197,7,1,0
BRDA:212,8,0,0
BRDA:215,9,0,0
BRDA:215,9,1,0
BRDA:217,10,0,0
BRDA:221,11,0,0
BRDA:221,11,1,0
BRDA:234,12,0,0
BRDA:256,13,0,0
BRDA:256,14,0,0
BRDA:256,14,1,0
BRDA:266,15,0,0
BRDA:266,15,1,0
BRDA:276,16,0,0
BRDA:292,17,0,0
BRDA:297,18,0,0
BRDA:300,19,0,0
BRDA:300,20,0,0
BRDA:300,20,1,0
BRF:32
BRH:0
end_of_record
TN:
SF:src/app/stores/notificationStore.ts
FN:29,(anonymous_0)
FN:36,(anonymous_1)
FN:63,(anonymous_2)
FN:70,(anonymous_3)
FN:71,(anonymous_4)
FN:85,(anonymous_5)
FN:92,(anonymous_6)
FN:93,(anonymous_7)
FN:106,(anonymous_8)
FNF:9
FNH:0
FNDA:0,(anonymous_0)
FNDA:0,(anonymous_1)
FNDA:0,(anonymous_2)
FNDA:0,(anonymous_3)
FNDA:0,(anonymous_4)
FNDA:0,(anonymous_5)
FNDA:0,(anonymous_6)
FNDA:0,(anonymous_7)
FNDA:0,(anonymous_8)
DA:29,0
DA:37,0
DA:38,0
DA:40,0
DA:41,0
DA:42,0
DA:44,0
DA:49,0
DA:55,0
DA:64,0
DA:65,0
DA:70,0
DA:72,0
DA:79,0
DA:86,0
DA:87,0
DA:92,0
DA:93,0
DA:100,0
DA:107,0
DA:108,0
DA:112,0
DA:114,0
LF:23
LH:0
BRDA:36,0,0,0
BRDA:36,1,0,0
BRDA:41,2,0,0
BRDA:42,3,0,0
BRDA:56,4,0,0
BRDA:56,4,1,0
BRDA:72,5,0,0
BRDA:72,5,1,0
BRF:8
BRH:0
end_of_record
TN:
SF:src/app/stores/projectStore.ts
FN:73,(anonymous_0)
FN:81,(anonymous_1)
FN:107,(anonymous_2)
FN:124,(anonymous_3)
FN:134,(anonymous_4)
FN:151,(anonymous_5)
FN:161,(anonymous_6)
FN:162,(anonymous_7)
FN:180,(anonymous_8)
FN:189,(anonymous_9)
FN:190,(anonymous_10)
FN:205,(anonymous_11)
FN:210,(anonymous_12)
FN:230,(anonymous_13)
FN:238,(anonymous_14)
FN:257,(anonymous_15)
FN:265,(anonymous_16)
FN:270,(anonymous_17)
FN:286,(anonymous_18)
FN:293,(anonymous_19)
FN:298,(anonymous_20)
FN:310,(anonymous_21)
FN:325,(anonymous_22)
FN:340,(anonymous_23)
FN:348,(anonymous_24)
FN:353,(anonymous_25)
FN:367,(anonymous_26)
FN:374,(anonymous_27)
FN:379,(anonymous_28)
FNF:29
FNH:0
FNDA:0,(anonymous_0)
FNDA:0,(anonymous_1)
FNDA:0,(anonymous_2)
FNDA:0,(anonymous_3)
FNDA:0,(anonymous_4)
FNDA:0,(anonymous_5)
FNDA:0,(anonymous_6)
FNDA:0,(anonymous_7)
FNDA:0,(anonymous_8)
FNDA:0,(anonymous_9)
FNDA:0,(anonymous_10)
FNDA:0,(anonymous_11)
FNDA:0,(anonymous_12)
FNDA:0,(anonymous_13)
FNDA:0,(anonymous_14)
FNDA:0,(anonymous_15)
FNDA:0,(anonymous_16)
FNDA:0,(anonymous_17)
FNDA:0,(anonymous_18)
FNDA:0,(anonymous_19)
FNDA:0,(anonymous_20)
FNDA:0,(anonymous_21)
FNDA:0,(anonymous_22)
FNDA:0,(anonymous_23)
FNDA:0,(anonymous_24)
FNDA:0,(anonymous_25)
FNDA:0,(anonymous_26)
FNDA:0,(anonymous_27)
FNDA:0,(anonymous_28)
DA:73,0
DA:82,0
DA:83,0
DA:85,0
DA:93,0
DA:99,0
DA:108,0
DA:109,0
DA:111,0
DA:113,0
DA:115,0
DA:125,0
DA:126,0
DA:128,0
DA:134,0
DA:140,0
DA:142,0
DA:146,0
DA:152,0
DA:153,0
DA:155,0
DA:161,0
DA:163,0
DA:171,0
DA:175,0
DA:181,0
DA:182,0
DA:184,0
DA:189,0
DA:190,0
DA:196,0
DA:200,0
DA:206,0
DA:207,0
DA:210,0
DA:211,0
DA:212,0
DA:219,0
DA:222,0
DA:224,0
DA:225,0
DA:231,0
DA:232,0
DA:238,0
DA:239,0
DA:240,0
DA:247,0
DA:250,0
DA:252,0
DA:258,0
DA:259,0
DA:265,0
DA:266,0
DA:267,0
DA:271,0
DA:276,0
DA:279,0
DA:281,0
DA:287,0
DA:288,0
DA:293,0
DA:294,0
DA:295,0
DA:298,0
DA:302,0
DA:305,0
DA:311,0
DA:312,0
DA:320,0
DA:326,0
DA:327,0
DA:335,0
DA:341,0
DA:342,0
DA:348,0
DA:349,0
DA:350,0
DA:354,0
DA:359,0
DA:362,0
DA:368,0
DA:369,0
DA:374,0
DA:375,0
DA:376,0
DA:379,0
DA:384,0
DA:387,0
LF:88
LH:0
BRDA:81,0,0,0
BRDA:81,1,0,0
BRDA:81,2,0,0
BRDA:89,3,0,0
BRDA:89,3,1,0
BRDA:100,4,0,0
BRDA:100,4,1,0
BRDA:116,5,0,0
BRDA:116,5,1,0
BRDA:143,6,0,0
BRDA:143,6,1,0
BRDA:163,7,0,0
BRDA:163,7,1,0
BRDA:165,8,0,0
BRDA:165,8,1,0
BRDA:165,9,0,0
BRDA:165,9,1,0
BRDA:172,10,0,0
BRDA:172,10,1,0
BRDA:191,11,0,0
BRDA:191,11,1,0
BRDA:197,12,0,0
BRDA:197,12,1,0
BRDA:211,13,0,0
BRDA:211,14,0,0
BRDA:211,14,1,0
BRDA:239,15,0,0
BRDA:239,16,0,0
BRDA:239,16,1,0
BRDA:266,17,0,0
BRDA:266,18,0,0
BRDA:266,18,1,0
BRDA:271,19,0,0
BRDA:271,19,1,0
BRDA:294,20,0,0
BRDA:294,21,0,0
BRDA:294,21,1,0
BRDA:349,22,0,0
BRDA:349,23,0,0
BRDA:349,23,1,0
BRDA:354,24,0,0
BRDA:354,24,1,0
BRDA:375,25,0,0
BRDA:375,26,0,0
BRDA:375,26,1,0
BRF:45
BRH:0
end_of_record
TN:
SF:src/components/theme/theme.ts
FN:6,(anonymous_0)
FNF:1
FNH:0
FNDA:0,(anonymous_0)
DA:6,0
DA:7,0
DA:144,0
LF:3
LH:0
BRDA:34,0,0,0
BRDA:34,0,1,0
BRDA:134,1,0,0
BRDA:134,1,1,0
BRF:4
BRH:0
end_of_record
TN:
SF:src/hooks/useA11y.ts
FN:15,useA11y
FN:20,(anonymous_1)
FN:25,(anonymous_2)
FN:32,(anonymous_3)
FN:33,(anonymous_4)
FN:65,(anonymous_5)
FN:72,(anonymous_6)
FN:82,(anonymous_7)
FN:87,(anonymous_8)
FN:96,(anonymous_9)
FNF:10
FNH:0
FNDA:0,useA11y
FNDA:0,(anonymous_1)
FNDA:0,(anonymous_2)
FNDA:0,(anonymous_3)
FNDA:0,(anonymous_4)
FNDA:0,(anonymous_5)
FNDA:0,(anonymous_6)
FNDA:0,(anonymous_7)
FNDA:0,(anonymous_8)
FNDA:0,(anonymous_9)
DA:16,0
DA:17,0
DA:20,0
DA:21,0
DA:22,0
DA:25,0
DA:26,0
DA:31,0
DA:33,0
DA:34,0
DA:35,0
DA:36,0
DA:37,0
DA:38,0
DA:40,0
DA:41,0
DA:42,0
DA:43,0
DA:44,0
DA:46,0
DA:47,0
DA:48,0
DA:49,0
DA:50,0
DA:52,0
DA:53,0
DA:54,0
DA:55,0
DA:56,0
DA:64,0
DA:66,0
DA:67,0
DA:68,0
DA:71,0
DA:72,0
DA:73,0
DA:82,0
DA:83,0
DA:87,0
DA:88,0
DA:89,0
DA:91,0
DA:96,0
DA:97,0
DA:99,0
DA:103,0
DA:106,0
LF:47
LH:0
BRDA:20,0,0,0
BRDA:21,1,0,0
BRDA:34,2,0,0
BRDA:34,2,1,0
BRDA:34,3,0,0
BRDA:34,3,1,0
BRDA:35,4,0,0
BRDA:40,5,0,0
BRDA:40,5,1,0
BRDA:40,6,0,0
BRDA:40,6,1,0
BRDA:41,7,0,0
BRDA:46,8,0,0
BRDA:46,8,1,0
BRDA:47,9,0,0
BRDA:52,10,0,0
BRDA:53,11,0,0
BRDA:66,12,0,0
BRDA:67,13,0,0
BRDA:71,14,0,0
BRDA:88,15,0,0
BRDA:88,15,1,0
BRDA:97,16,0,0
BRDA:99,17,0,0
BRDA:99,17,1,0
BRF:25
BRH:0
end_of_record
TN:
SF:src/hooks/useAuth.ts
FN:12,useAuth
FN:17,(anonymous_1)
FN:19,(anonymous_2)
FN:40,(anonymous_3)
FNF:4
FNH:0
FNDA:0,useAuth
FNDA:0,(anonymous_1)
FNDA:0,(anonymous_2)
FNDA:0,(anonymous_3)
DA:13,0
DA:14,0
DA:15,0
DA:17,0
DA:19,0
DA:20,0
DA:22,0
DA:23,0
DA:24,0
DA:26,0
DA:29,0
DA:30,0
DA:32,0
DA:36,0
DA:40,0
DA:41,0
DA:43,0
DA:47,0
DA:48,0
DA:49,0
DA:52,0
DA:56,0
LF:22
LH:0
BRDA:23,0,0,0
BRDA:23,0,1,0
BRDA:47,1,0,0
BRF:3
BRH:0
end_of_record
TN:
SF:src/hooks/useCsrfToken.ts
FN:3,useCsrfToken
FN:7,(anonymous_1)
FN:8,(anonymous_2)
FN:29,addCsrfToken
FNF:4
FNH:0
FNDA:0,useCsrfToken
FNDA:0,(anonymous_1)
FNDA:0,(anonymous_2)
FNDA:0,addCsrfToken
DA:4,0
DA:5,0
DA:7,0
DA:8,0
DA:9,0
DA:10,0
DA:11,0
DA:12,0
DA:13,0
DA:16,0
DA:18,0
DA:22,0
DA:25,0
DA:30,0
DA:32,0
DA:33,0
DA:34,0
DA:37,0
LF:18
LH:0
BRDA:11,0,0,0
BRDA:29,1,0,0
BRDA:30,2,0,0
BRDA:32,3,0,0
BRF:4
BRH:0
end_of_record
TN:
SF:src/lib/auth/edge-jwt.ts
FN:5,getSecretKey
FN:13,verifyTokenEdge
FN:68,getTokenFromHeaderEdge
FNF:3
FNH:0
FNDA:0,getSecretKey
FNDA:0,verifyTokenEdge
FNDA:0,getTokenFromHeaderEdge
DA:6,0
DA:7,0
DA:14,0
DA:15,0
DA:18,0
DA:19,0
DA:20,0
DA:21,0
DA:23,0
DA:24,0
DA:25,0
DA:27,0
DA:28,0
DA:32,0
DA:33,0
DA:34,0
DA:37,0
DA:40,0
DA:43,0
DA:49,0
DA:52,0
DA:53,0
DA:54,0
DA:55,0
DA:56,0
DA:60,0
DA:69,0
DA:71,0
DA:73,0
DA:74,0
DA:77,0
LF:31
LH:0
BRDA:6,0,0,0
BRDA:6,0,1,0
BRDA:23,1,0,0
BRDA:27,2,0,0
BRDA:32,3,0,0
BRDA:52,4,0,0
BRDA:53,5,0,0
BRDA:53,5,1,0
BRDA:55,6,0,0
BRDA:69,7,0,0
BRDA:73,8,0,0
BRDA:73,9,0,0
BRDA:73,9,1,0
BRF:13
BRH:0
end_of_record
TN:
SF:src/lib/auth/jwt.ts
FN:24,generateToken
FN:49,generateTokenPair
FN:56,verifyToken
FN:92,getTokenFromHeader
FNF:4
FNH:0
FNDA:0,generateToken
FNDA:0,generateTokenPair
FNDA:0,verifyToken
FNDA:0,getTokenFromHeader
DA:4,0
DA:7,0
DA:10,0
DA:11,0
DA:14,0
DA:15,0
DA:25,0
DA:32,0
DA:36,0
DA:37,0
DA:39,0
DA:40,0
DA:41,0
DA:42,0
DA:43,0
DA:45,0
DA:46,0
DA:50,0
DA:57,0
DA:58,0
DA:59,0
DA:62,0
DA:63,0
DA:66,0
DA:67,0
DA:68,0
DA:69,0
DA:70,0
DA:72,0
DA:73,0
DA:77,0
DA:80,0
DA:81,0
DA:82,0
DA:85,0
DA:87,0
DA:88,0
DA:93,0
DA:95,0
DA:97,0
DA:98,0
DA:101,0
LF:42
LH:0
BRDA:4,0,0,0
BRDA:4,0,1,0
BRDA:7,1,0,0
BRDA:7,1,1,0
BRDA:10,2,0,0
BRDA:10,3,0,0
BRDA:10,3,1,0
BRDA:10,3,2,0
BRDA:10,3,3,0
BRDA:14,4,0,0
BRDA:14,4,1,0
BRDA:15,5,0,0
BRDA:15,5,1,0
BRDA:24,6,0,0
BRDA:33,7,0,0
BRDA:33,7,1,0
BRDA:45,8,0,0
BRDA:45,8,1,0
BRDA:58,9,0,0
BRDA:58,9,1,0
BRDA:59,10,0,0
BRDA:59,10,1,0
BRDA:66,11,0,0
BRDA:66,12,0,0
BRDA:66,12,1,0
BRDA:66,12,2,0
BRDA:72,13,0,0
BRDA:80,14,0,0
BRDA:80,15,0,0
BRDA:80,15,1,0
BRDA:93,16,0,0
BRDA:97,17,0,0
BRDA:97,18,0,0
BRDA:97,18,1,0
BRF:34
BRH:0
end_of_record
TN:
SF:src/lib/auth/password.ts
FN:8,hashPassword
FN:15,verifyPassword
FNF:2
FNH:0
FNDA:0,hashPassword
FNDA:0,verifyPassword
DA:3,0
DA:9,0
DA:16,0
LF:3
LH:0
BRF:0
BRH:0
end_of_record
TN:
SF:src/lib/db/index.ts
FNF:0
FNH:0
DA:5,0
DA:7,0
DA:9,0
LF:3
LH:0
BRDA:7,0,0,0
BRDA:7,0,1,0
BRDA:9,1,0,0
BRF:3
BRH:0
end_of_record
TN:
SF:src/lib/utils/api.ts
FN:7,getUserFromRequest
FN:26,isAdmin
FN:33,isAdminRequest
FN:41,validateRequest
FNF:4
FNH:0
FNDA:0,getUserFromRequest
FNDA:0,isAdmin
FNDA:0,isAdminRequest
FNDA:0,validateRequest
DA:8,0
DA:9,0
DA:10,0
DA:12,0
DA:13,0
DA:16,0
DA:27,0
DA:34,0
DA:35,0
DA:45,0
DA:46,0
DA:47,0
DA:48,0
DA:50,0
DA:51,0
DA:60,0
LF:16
LH:0
BRDA:12,0,0,0
BRDA:12,1,0,0
BRDA:12,1,1,0
BRDA:12,1,2,0
BRDA:50,2,0,0
BRF:5
BRH:0
end_of_record
TN:
SF:src/lib/utils/auth.ts
FN:15,canAccessProject
FN:76,(anonymous_1)
FN:105,canManageProject
FNF:3
FNH:0
FNDA:0,canAccessProject
FNDA:0,(anonymous_1)
FNDA:0,canManageProject
DA:22,0
DA:24,0
DA:54,0
DA:55,0
DA:65,0
DA:66,0
DA:70,0
DA:71,0
DA:75,0
DA:76,0
DA:79,0
DA:80,0
DA:89,0
DA:91,0
DA:92,0
DA:112,0
DA:114,0
DA:115,0
DA:119,0
DA:120,0
DA:124,0
DA:125,0
DA:129,0
DA:133,0
DA:137,0
LF:25
LH:0
BRDA:54,0,0,0
BRDA:65,1,0,0
BRDA:70,2,0,0
BRDA:79,3,0,0
BRDA:114,4,0,0
BRDA:119,5,0,0
BRDA:124,6,0,0
BRDA:129,7,0,0
BRDA:130,8,0,0
BRDA:130,8,1,0
BRF:10
BRH:0
end_of_record
TN:
SF:src/lib/utils/blob.ts
FN:14,uploadFile
FN:39,deleteFile
FN:54,listFiles
FN:64,getMimeType
FNF:4
FNH:0
FNDA:0,uploadFile
FNDA:0,deleteFile
FNDA:0,listFiles
FNDA:0,getMimeType
DA:4,0
DA:22,0
DA:23,0
DA:27,0
DA:31,0
DA:40,0
DA:41,0
DA:42,0
DA:44,0
DA:45,0
DA:55,0
DA:56,0
DA:65,0
DA:67,0
DA:91,0
LF:15
LH:0
BRDA:22,0,0,0
BRDA:22,0,1,0
BRDA:23,1,0,0
BRDA:23,1,1,0
BRDA:27,2,0,0
BRDA:27,2,1,0
BRDA:55,3,0,0
BRDA:55,3,1,0
BRDA:65,4,0,0
BRDA:65,4,1,0
BRDA:91,5,0,0
BRDA:91,5,1,0
BRF:12
BRH:0
end_of_record
TN:
SF:src/lib/utils/email.ts
FN:17,(anonymous_0)
FN:47,(anonymous_1)
FN:75,(anonymous_2)
FN:100,(anonymous_3)
FN:125,(anonymous_4)
FN:152,(anonymous_5)
FN:169,(anonymous_6)
FN:173,(anonymous_7)
FN:191,(anonymous_8)
FN:212,createEmailService
FN:236,sendEmail
FN:250,sendPasswordResetEmail
FN:261,sendProjectInvitationEmail
FN:277,sendNewQuestionAssignedEmail
FN:293,sendNewAnswerPostedEmail
FN:309,sendDeadlineExceededEmail
FNF:16
FNH:0
FNDA:0,(anonymous_0)
FNDA:0,(anonymous_1)
FNDA:0,(anonymous_2)
FNDA:0,(anonymous_3)
FNDA:0,(anonymous_4)
FNDA:0,(anonymous_5)
FNDA:0,(anonymous_6)
FNDA:0,(anonymous_7)
FNDA:0,(anonymous_8)
FNDA:0,createEmailService
FNDA:0,sendEmail
FNDA:0,sendPasswordResetEmail
FNDA:0,sendProjectInvitationEmail
FNDA:0,sendNewQuestionAssignedEmail
FNDA:0,sendNewAnswerPostedEmail
FNDA:0,sendDeadlineExceededEmail
DA:15,0
DA:17,0
DA:47,0
DA:75,0
DA:100,0
DA:125,0
DA:153,0
DA:154,0
DA:155,0
DA:156,0
DA:157,0
DA:158,0
DA:160,0
DA:170,0
DA:184,0
DA:207,0
DA:213,0
DA:215,0
DA:217,0
DA:218,0
DA:219,0
DA:221,0
DA:224,0
DA:228,0
DA:233,0
DA:237,0
DA:238,0
DA:240,0
DA:243,0
DA:244,0
DA:251,0
DA:252,0
DA:267,0
DA:268,0
DA:283,0
DA:284,0
DA:299,0
DA:300,0
DA:315,0
DA:316,0
LF:40
LH:0
BRDA:126,0,0,0
BRDA:126,0,1,0
BRDA:130,1,0,0
BRDA:130,1,1,0
BRDA:142,2,0,0
BRDA:142,2,1,0
BRDA:157,3,0,0
BRDA:215,4,0,0
BRDA:215,4,1,0
BRDA:215,4,2,0
BRDA:215,4,3,0
BRDA:218,5,0,0
BRDA:243,6,0,0
BRF:13
BRH:0
end_of_record
TN:
SF:src/lib/utils/fetchData.ts
FN:137,(anonymous_0)
FN:173,(anonymous_1)
FN:187,(anonymous_2)
FN:201,(anonymous_3)
FN:235,(anonymous_4)
FN:317,(anonymous_5)
FN:321,(anonymous_6)
FN:336,(anonymous_7)
FN:342,(anonymous_8)
FN:345,(anonymous_9)
FN:360,(anonymous_10)
FN:366,(anonymous_11)
FN:431,(anonymous_12)
FN:484,(anonymous_13)
FN:500,(anonymous_14)
FN:521,(anonymous_15)
FN:532,(anonymous_16)
FN:542,(anonymous_17)
FN:552,(anonymous_18)
FN:562,(anonymous_19)
FNF:20
FNH:0
FNDA:0,(anonymous_0)
FNDA:0,(anonymous_1)
FNDA:0,(anonymous_2)
FNDA:0,(anonymous_3)
FNDA:0,(anonymous_4)
FNDA:0,(anonymous_5)
FNDA:0,(anonymous_6)
FNDA:0,(anonymous_7)
FNDA:0,(anonymous_8)
FNDA:0,(anonymous_9)
FNDA:0,(anonymous_10)
FNDA:0,(anonymous_11)
FNDA:0,(anonymous_12)
FNDA:0,(anonymous_13)
FNDA:0,(anonymous_14)
FNDA:0,(anonymous_15)
FNDA:0,(anonymous_16)
FNDA:0,(anonymous_17)
FNDA:0,(anonymous_18)
FNDA:0,(anonymous_19)
DA:137,0
DA:138,0
DA:139,0
DA:141,0
DA:143,0
DA:145,0
DA:147,0
DA:149,0
DA:151,0
DA:153,0
DA:156,0
DA:157,0
DA:173,0
DA:175,0
DA:176,0
DA:179,0
DA:187,0
DA:189,0
DA:190,0
DA:193,0
DA:194,0
DA:197,0
DA:200,0
DA:201,0
DA:202,0
DA:205,0
DA:206,0
DA:209,0
DA:212,0
DA:213,0
DA:214,0
DA:215,0
DA:216,0
DA:217,0
DA:218,0
DA:219,0
DA:220,0
DA:222,0
DA:225,0
DA:228,0
DA:232,0
DA:233,0
DA:235,0
DA:238,0
DA:239,0
DA:240,0
DA:242,0
DA:248,0
DA:249,0
DA:255,0
DA:256,0
DA:261,0
DA:269,0
DA:270,0
DA:272,0
DA:273,0
DA:275,0
DA:277,0
DA:278,0
DA:280,0
DA:281,0
DA:283,0
DA:284,0
DA:287,0
DA:289,0
DA:290,0
DA:291,0
DA:292,0
DA:295,0
DA:301,0
DA:302,0
DA:304,0
DA:305,0
DA:306,0
DA:309,0
DA:310,0
DA:311,0
DA:317,0
DA:318,0
DA:321,0
DA:322,0
DA:323,0
DA:327,0
DA:328,0
DA:329,0
DA:331,0
DA:333,0
DA:334,0
DA:336,0
DA:340,0
DA:341,0
DA:342,0
DA:344,0
DA:345,0
DA:348,0
DA:351,0
DA:352,0
DA:353,0
DA:355,0
DA:357,0
DA:358,0
DA:360,0
DA:364,0
DA:365,0
DA:366,0
DA:369,0
DA:372,0
DA:373,0
DA:374,0
DA:381,0
DA:384,0
DA:385,0
DA:386,0
DA:388,0
DA:391,0
DA:392,0
DA:394,0
DA:396,0
DA:400,0
DA:401,0
DA:405,0
DA:408,0
DA:409,0
DA:410,0
DA:412,0
DA:415,0
DA:416,0
DA:417,0
DA:418,0
DA:420,0
DA:424,0
DA:425,0
DA:426,0
DA:430,0
DA:431,0
DA:434,0
DA:437,0
DA:438,0
DA:439,0
DA:441,0
DA:444,0
DA:445,0
DA:449,0
DA:450,0
DA:454,0
DA:455,0
DA:459,0
DA:460,0
DA:464,0
DA:465,0
DA:466,0
DA:470,0
DA:471,0
DA:474,0
DA:478,0
DA:484,0
DA:493,0
DA:494,0
DA:495,0
DA:498,0
DA:500,0
DA:502,0
DA:504,0
DA:505,0
DA:507,0
DA:509,0
DA:510,0
DA:511,0
DA:513,0
DA:514,0
DA:516,0
DA:521,0
DA:522,0
DA:526,0
DA:532,0
DA:533,0
DA:542,0
DA:543,0
DA:552,0
DA:553,0
DA:562,0
DA:563,0
LF:182
LH:0
BRDA:139,0,0,0
BRDA:139,0,1,0
BRDA:139,0,2,0
BRDA:139,0,3,0
BRDA:139,0,4,0
BRDA:139,0,5,0
BRDA:139,0,6,0
BRDA:179,1,0,0
BRDA:179,1,1,0
BRDA:187,2,0,0
BRDA:189,3,0,0
BRDA:194,4,0,0
BRDA:194,4,1,0
BRDA:197,5,0,0
BRDA:197,6,0,0
BRDA:197,7,0,0
BRDA:202,8,0,0
BRDA:205,9,0,0
BRDA:205,9,1,0
BRDA:212,10,0,0
BRDA:214,11,0,0
BRDA:214,11,1,0
BRDA:217,12,0,0
BRDA:217,12,1,0
BRDA:218,13,0,0
BRDA:218,13,1,0
BRDA:232,14,0,0
BRDA:238,15,0,0
BRDA:238,15,1,0
BRDA:255,16,0,0
BRDA:255,17,0,0
BRDA:255,17,1,0
BRDA:264,18,0,0
BRDA:264,18,1,0
BRDA:265,19,0,0
BRDA:265,19,1,0
BRDA:275,20,0,0
BRDA:287,21,0,0
BRDA:287,22,0,0
BRDA:287,22,1,0
BRDA:296,23,0,0
BRDA:296,23,1,0
BRDA:317,24,0,0
BRDA:318,25,0,0
BRDA:318,26,0,0
BRDA:323,27,0,0
BRDA:323,27,1,0
BRDA:327,28,0,0
BRDA:329,29,0,0
BRDA:334,30,0,0
BRDA:336,31,0,0
BRDA:336,31,1,0
BRDA:341,32,0,0
BRDA:341,33,0,0
BRDA:341,33,1,0
BRDA:344,34,0,0
BRDA:344,35,0,0
BRDA:344,35,1,0
BRDA:351,36,0,0
BRDA:353,37,0,0
BRDA:358,38,0,0
BRDA:360,39,0,0
BRDA:360,39,1,0
BRDA:365,40,0,0
BRDA:365,41,0,0
BRDA:365,41,1,0
BRDA:372,42,0,0
BRDA:374,43,0,0
BRDA:384,44,0,0
BRDA:386,45,0,0
BRDA:391,46,0,0
BRDA:392,47,0,0
BRDA:392,48,0,0
BRDA:392,48,1,0
BRDA:400,49,0,0
BRDA:408,50,0,0
BRDA:410,51,0,0
BRDA:415,52,0,0
BRDA:416,53,0,0
BRDA:416,53,1,0
BRDA:417,54,0,0
BRDA:417,54,1,0
BRDA:424,55,0,0
BRDA:424,56,0,0
BRDA:424,56,1,0
BRDA:430,57,0,0
BRDA:430,58,0,0
BRDA:430,58,1,0
BRDA:437,59,0,0
BRDA:439,60,0,0
BRDA:444,61,0,0
BRDA:444,62,0,0
BRDA:444,62,1,0
BRDA:444,62,2,0
BRDA:449,63,0,0
BRDA:449,64,0,0
BRDA:449,64,1,0
BRDA:449,64,2,0
BRDA:454,65,0,0
BRDA:454,66,0,0
BRDA:454,66,1,0
BRDA:454,66,2,0
BRDA:459,67,0,0
BRDA:459,68,0,0
BRDA:459,68,1,0
BRDA:459,68,2,0
BRDA:464,69,0,0
BRDA:466,70,0,0
BRDA:466,70,1,0
BRDA:470,71,0,0
BRDA:470,72,0,0
BRDA:470,72,1,0
BRDA:504,73,0,0
BRDA:513,74,0,0
BRDA:513,74,1,0
BRF:115
BRH:0
end_of_record
TN:
SF:src/lib/utils/fileValidation.ts
FN:37,sanitizeFileName
FN:63,getFileCategory
FN:72,getFileSizeLimit
FN:88,validateFile
FN:158,validateFileContent
FN:169,validateImageContent
FN:170,(anonymous_6)
FN:175,(anonymous_7)
FN:180,(anonymous_8)
FN:185,(anonymous_9)
FN:191,(anonymous_10)
FN:201,validateFileMagicNumber
FN:221,(anonymous_12)
FN:222,(anonymous_13)
FNF:14
FNH:0
FNDA:0,sanitizeFileName
FNDA:0,getFileCategory
FNDA:0,getFileSizeLimit
FNDA:0,validateFile
FNDA:0,validateFileContent
FNDA:0,validateImageContent
FNDA:0,(anonymous_6)
FNDA:0,(anonymous_7)
FNDA:0,(anonymous_8)
FNDA:0,(anonymous_9)
FNDA:0,(anonymous_10)
FNDA:0,validateFileMagicNumber
FNDA:0,(anonymous_12)
FNDA:0,(anonymous_13)
DA:4,0
DA:20,0
DA:28,0
DA:39,0
DA:42,0
DA:43,0
DA:46,0
DA:47,0
DA:48,0
DA:49,0
DA:50,0
DA:51,0
DA:55,0
DA:56,0
DA:59,0
DA:64,0
DA:65,0
DA:66,0
DA:67,0
DA:68,0
DA:73,0
DA:74,0
DA:75,0
DA:77,0
DA:102,0
DA:105,0
DA:108,0
DA:110,0
DA:111,0
DA:112,0
DA:120,0
DA:121,0
DA:122,0
DA:123,0
DA:124,0
DA:132,0
DA:133,0
DA:134,0
DA:135,0
DA:136,0
DA:142,0
DA:144,0
DA:151,0
DA:160,0
DA:161,0
DA:165,0
DA:170,0
DA:171,0
DA:172,0
DA:175,0
DA:176,0
DA:177,0
DA:180,0
DA:181,0
DA:182,0
DA:185,0
DA:186,0
DA:187,0
DA:191,0
DA:192,0
DA:193,0
DA:196,0
DA:203,0
DA:204,0
DA:207,0
DA:214,0
DA:215,0
DA:217,0
DA:221,0
DA:222,0
LF:70
LH:0
BRDA:47,0,0,0
BRDA:48,1,0,0
BRDA:48,1,1,0
BRDA:55,2,0,0
BRDA:55,3,0,0
BRDA:55,3,1,0
BRDA:64,4,0,0
BRDA:65,5,0,0
BRDA:66,6,0,0
BRDA:67,7,0,0
BRDA:74,8,0,0
BRDA:90,9,0,0
BRDA:98,10,0,0
BRDA:100,11,0,0
BRDA:101,12,0,0
BRDA:108,13,0,0
BRDA:111,14,0,0
BRDA:120,15,0,0
BRDA:121,16,0,0
BRDA:121,16,1,0
BRDA:122,17,0,0
BRDA:132,18,0,0
BRDA:132,19,0,0
BRDA:132,19,1,0
BRDA:135,20,0,0
BRDA:160,21,0,0
BRDA:215,22,0,0
BRF:27
BRH:0
end_of_record
TN:
SF:src/lib/utils/format.ts
FN:6,formatDate
FNF:1
FNH:0
FNDA:0,formatDate
DA:7,0
DA:9,0
DA:10,0
DA:12,0
LF:4
LH:0
BRDA:7,0,0,0
BRDA:10,1,0,0
BRF:2
BRH:0
end_of_record
TN:
SF:src/lib/utils/logger.ts
FN:14,(anonymous_0)
FN:48,extractRequestInfo
FN:62,logApiResponse
FN:86,logAuditEvent
FN:106,logError
FN:120,withLogging
FN:121,(anonymous_6)
FNF:7
FNH:0
FNDA:0,(anonymous_0)
FNDA:0,extractRequestInfo
FNDA:0,logApiResponse
FNDA:0,logAuditEvent
FNDA:0,logError
FNDA:0,withLogging
FNDA:0,(anonymous_6)
DA:5,0
DA:6,0
DA:7,0
DA:10,0
DA:15,0
DA:21,0
DA:34,0
DA:40,0
DA:43,0
DA:44,0
DA:45,0
DA:49,0
DA:69,0
DA:76,0
DA:77,0
DA:78,0
DA:79,0
DA:81,0
DA:94,0
DA:107,0
DA:114,0
DA:121,0
DA:122,0
DA:123,0
DA:126,0
DA:127,0
DA:130,0
DA:131,0
DA:135,0
DA:136,0
DA:137,0
DA:138,0
DA:141,0
DA:142,0
DA:144,0
DA:145,0
DA:146,0
LF:37
LH:0
BRDA:6,0,0,0
BRDA:6,0,1,0
BRDA:6,1,0,0
BRDA:6,1,1,0
BRDA:7,2,0,0
BRDA:7,2,1,0
BRDA:40,3,0,0
BRDA:40,3,1,0
BRDA:57,4,0,0
BRDA:57,4,1,0
BRDA:57,4,2,0
BRDA:76,5,0,0
BRDA:76,5,1,0
BRDA:78,6,0,0
BRDA:78,6,1,0
BRDA:92,7,0,0
BRDA:108,8,0,0
BRDA:108,8,1,0
BRDA:130,9,0,0
BRDA:130,10,0,0
BRDA:130,10,1,0
BRF:21
BRH:0
end_of_record
TN:
SF:src/lib/utils/muiHelpers.ts
FN:7,getChipColor
FN:18,getStatusChipColor
FN:38,getPriorityChipColor
FN:57,getProjectStatusChipColor
FNF:4
FNH:0
FNDA:0,getChipColor
FNDA:0,getStatusChipColor
FNDA:0,getPriorityChipColor
FNDA:0,getProjectStatusChipColor
DA:8,0
DA:10,0
DA:11,0
DA:14,0
DA:19,0
DA:22,0
DA:25,0
DA:28,0
DA:31,0
DA:33,0
DA:39,0
DA:44,0
DA:47,0
DA:50,0
DA:52,0
DA:58,0
DA:61,0
DA:64,0
DA:67,0
DA:69,0
LF:20
LH:0
BRDA:10,0,0,0
BRDA:19,1,0,0
BRDA:19,1,1,0
BRDA:19,1,2,0
BRDA:19,1,3,0
BRDA:19,1,4,0
BRDA:19,1,5,0
BRDA:19,1,6,0
BRDA:19,1,7,0
BRDA:19,1,8,0
BRDA:39,2,0,0
BRDA:39,2,1,0
BRDA:39,2,2,0
BRDA:39,2,3,0
BRDA:39,2,4,0
BRDA:39,2,5,0
BRDA:39,2,6,0
BRDA:39,2,7,0
BRDA:39,2,8,0
BRDA:58,3,0,0
BRDA:58,3,1,0
BRDA:58,3,2,0
BRDA:58,3,3,0
BRDA:58,3,4,0
BRDA:58,3,5,0
BRDA:58,3,6,0
BRF:26
BRH:0
end_of_record
TN:
SF:src/lib/utils/responsive.ts
FN:7,useBreakpoints
FN:25,responsive
FN:34,(anonymous_2)
FNF:3
FNH:0
FNDA:0,useBreakpoints
FNDA:0,responsive
FNDA:0,(anonymous_2)
DA:8,0
DA:9,0
DA:10,0
DA:11,0
DA:13,0
DA:33,0
DA:34,0
DA:39,0
DA:40,0
DA:44,0
DA:48,0
LF:11
LH:0
BRDA:40,0,0,0
BRDA:41,1,0,0
BRDA:41,1,1,0
BRF:3
BRH:0
end_of_record
TN:
SF:src/lib/utils/security.ts
FN:8,generateCSRFToken
FN:18,(anonymous_1)
FN:32,escapeHtml
FN:34,(anonymous_3)
FN:38,sanitizeInput
FN:45,(anonymous_5)
FN:69,sanitizeObject
FN:78,(anonymous_7)
FN:88,sanitizeUrlParam
FN:93,escapeSqlString
FN:95,(anonymous_10)
FNF:11
FNH:0
FNDA:0,generateCSRFToken
FNDA:0,(anonymous_1)
FNDA:0,escapeHtml
FNDA:0,(anonymous_3)
FNDA:0,sanitizeInput
FNDA:0,(anonymous_5)
FNDA:0,sanitizeObject
FNDA:0,(anonymous_7)
FNDA:0,sanitizeUrlParam
FNDA:0,escapeSqlString
FNDA:0,(anonymous_10)
DA:10,0
DA:11,0
DA:12,0
DA:16,0
DA:17,0
DA:18,0
DA:22,0
DA:33,0
DA:34,0
DA:39,0
DA:42,0
DA:43,0
DA:45,0
DA:46,0
DA:48,0
DA:49,0
DA:51,0
DA:53,0
DA:57,0
DA:60,0
DA:63,0
DA:65,0
DA:70,0
DA:72,0
DA:73,0
DA:74,0
DA:75,0
DA:76,0
DA:77,0
DA:78,0
DA:79,0
DA:84,0
DA:89,0
DA:94,0
DA:95,0
DA:96,0
DA:97,0
DA:98,0
DA:99,0
DA:100,0
DA:101,0
DA:102,0
DA:103,0
DA:104,0
LF:44
LH:0
BRDA:10,0,0,0
BRDA:10,1,0,0
BRDA:10,1,1,0
BRDA:33,2,0,0
BRDA:34,3,0,0
BRDA:34,3,1,0
BRDA:39,4,0,0
BRDA:46,5,0,0
BRDA:48,6,0,0
BRDA:73,7,0,0
BRDA:73,7,1,0
BRDA:75,8,0,0
BRDA:75,8,1,0
BRDA:75,9,0,0
BRDA:75,9,1,0
BRDA:75,9,2,0
BRDA:77,10,0,0
BRDA:79,11,0,0
BRDA:79,11,1,0
BRDA:94,12,0,0
BRDA:96,13,0,0
BRDA:96,13,1,0
BRDA:96,13,2,0
BRDA:96,13,3,0
BRDA:96,13,4,0
BRDA:96,13,5,0
BRDA:96,13,6,0
BRDA:96,13,7,0
BRF:28
BRH:0
end_of_record
TN:
SF:src/lib/utils/statusHelpers.ts
FN:4,(anonymous_0)
FN:20,(anonymous_1)
FN:41,(anonymous_2)
FN:93,(anonymous_3)
FNF:4
FNH:0
FNDA:0,(anonymous_0)
FNDA:0,(anonymous_1)
FNDA:0,(anonymous_2)
FNDA:0,(anonymous_3)
DA:4,0
DA:5,0
DA:7,0
DA:9,0
DA:11,0
DA:13,0
DA:15,0
DA:20,0
DA:21,0
DA:23,0
DA:25,0
DA:27,0
DA:29,0
DA:31,0
DA:41,0
DA:47,0
DA:48,0
DA:49,0
DA:52,0
DA:55,0
DA:56,0
DA:57,0
DA:60,0
DA:61,0
DA:62,0
DA:65,0
DA:66,0
DA:67,0
DA:68,0
DA:70,0
DA:75,0
DA:76,0
DA:77,0
DA:78,0
DA:79,0
DA:80,0
DA:84,0
DA:85,0
DA:86,0
DA:89,0
DA:93,0
DA:94,0
DA:96,0
DA:98,0
DA:100,0
DA:102,0
LF:46
LH:0
BRDA:5,0,0,0
BRDA:5,0,1,0
BRDA:5,0,2,0
BRDA:5,0,3,0
BRDA:5,0,4,0
BRDA:21,1,0,0
BRDA:21,1,1,0
BRDA:21,1,2,0
BRDA:21,1,3,0
BRDA:21,1,4,0
BRDA:52,2,0,0
BRDA:52,2,1,0
BRDA:55,3,0,0
BRDA:55,3,1,0
BRDA:55,4,0,0
BRDA:55,4,1,0
BRDA:55,4,2,0
BRDA:60,5,0,0
BRDA:60,5,1,0
BRDA:60,6,0,0
BRDA:60,6,1,0
BRDA:65,7,0,0
BRDA:67,8,0,0
BRDA:67,9,0,0
BRDA:67,9,1,0
BRDA:75,10,0,0
BRDA:75,10,1,0
BRDA:75,11,0,0
BRDA:75,11,1,0
BRDA:78,12,0,0
BRDA:78,13,0,0
BRDA:78,13,1,0
BRDA:84,14,0,0
BRDA:84,15,0,0
BRDA:84,15,1,0
BRDA:94,16,0,0
BRDA:94,16,1,0
BRDA:94,16,2,0
BRDA:94,16,3,0
BRF:39
BRH:0
end_of_record
TN:
SF:src/lib/validations/media.ts
FNF:0
FNH:0
DA:4,0
DA:12,0
LF:2
LH:0
BRF:0
BRH:0
end_of_record
TN:
SF:src/lib/validations/project.ts
FN:20,(anonymous_0)
FN:27,(anonymous_1)
FNF:2
FNH:0
FNDA:0,(anonymous_0)
FNDA:0,(anonymous_1)
DA:5,0
DA:11,0
DA:17,0
DA:20,0
DA:25,0
DA:27,0
DA:32,0
DA:37,0
LF:8
LH:0
BRF:0
BRH:0
end_of_record
TN:
SF:src/lib/validations/question.ts
FN:26,(anonymous_0)
FN:43,(anonymous_1)
FN:51,(anonymous_2)
FNF:3
FNH:0
FNDA:0,(anonymous_0)
FNDA:0,(anonymous_1)
FNDA:0,(anonymous_2)
DA:5,0
DA:15,0
DA:20,0
DA:26,0
DA:37,0
DA:43,0
DA:49,0
DA:51,0
DA:56,0
DA:69,0
DA:82,0
DA:91,0
LF:12
LH:0
BRF:0
BRH:0
end_of_record
TN:
SF:src/mocks/auth.ts
FN:15,(anonymous_0)
FN:27,(anonymous_1)
FN:46,(anonymous_2)
FN:58,(anonymous_3)
FN:78,(anonymous_4)
FN:92,(anonymous_5)
FNF:6
FNH:0
FNDA:0,(anonymous_0)
FNDA:0,(anonymous_1)
FNDA:0,(anonymous_2)
FNDA:0,(anonymous_3)
FNDA:0,(anonymous_4)
FNDA:0,(anonymous_5)
DA:12,0
DA:15,0
DA:17,0
DA:18,0
DA:22,0
DA:23,0
DA:27,0
DA:29,0
DA:30,0
DA:35,0
DA:36,0
DA:39,0
DA:46,0
DA:48,0
DA:49,0
DA:53,0
DA:54,0
DA:58,0
DA:59,0
DA:63,0
DA:71,0
DA:78,0
DA:80,0
DA:81,0
DA:85,0
DA:92,0
DA:94,0
DA:95,0
DA:99,0
DA:100,0
DA:103,0
LF:31
LH:0
BRDA:17,0,0,0
BRDA:17,1,0,0
BRDA:17,1,1,0
BRDA:22,2,0,0
BRDA:22,3,0,0
BRDA:22,3,1,0
BRDA:29,4,0,0
BRDA:35,5,0,0
BRDA:48,6,0,0
BRDA:48,7,0,0
BRDA:48,7,1,0
BRDA:53,8,0,0
BRDA:53,9,0,0
BRDA:53,9,1,0
BRDA:58,10,0,0
BRDA:66,11,0,0
BRDA:66,11,1,0
BRDA:80,12,0,0
BRDA:80,13,0,0
BRDA:80,13,1,0
BRDA:94,14,0,0
BRDA:94,15,0,0
BRDA:94,15,1,0
BRDA:99,16,0,0
BRDA:99,17,0,0
BRDA:99,17,1,0
BRF:26
BRH:0
end_of_record
TN:
SF:src/mocks/dashboard.ts
FNF:0
FNH:0
DA:39,0
LF:1
LH:0
BRF:0
BRH:0
end_of_record
TN:
SF:src/mocks/notifications.ts
FN:1,(anonymous_0)
FN:20,(anonymous_1)
FN:93,(anonymous_2)
FN:102,(anonymous_3)
FN:111,(anonymous_4)
FNF:5
FNH:0
FNDA:0,(anonymous_0)
FNDA:0,(anonymous_1)
FNDA:0,(anonymous_2)
FNDA:0,(anonymous_3)
FNDA:0,(anonymous_4)
DA:1,0
DA:2,0
DA:3,0
DA:4,0
DA:5,0
DA:6,0
DA:20,0
DA:21,0
DA:22,0
DA:23,0
DA:26,0
DA:93,0
DA:98,0
DA:101,0
DA:102,0
DA:106,0
DA:107,0
DA:108,0
DA:111,0
DA:113,0
LF:20
LH:0
BRDA:1,0,0,0
BRDA:1,0,1,0
BRDA:94,1,0,0
BRDA:95,2,0,0
BRDA:96,3,0,0
BRDA:101,4,0,0
BRF:6
BRH:0
end_of_record
TN:
SF:src/mocks/projects.ts
FNF:0
FNH:0
DA:26,0
LF:1
LH:0
BRF:0
BRH:0
end_of_record
TN:
SF:src/mocks/questions.ts
FNF:0
FNH:0
DA:49,0
LF:1
LH:0
BRF:0
BRH:0
end_of_record
TN:
SF:src/mocks/users.ts
FNF:0
FNH:0
DA:10,0
DA:54,0
DA:57,0
LF:3
LH:0
BRF:0
BRH:0
end_of_record
